



   ---------------------------------------------------------------------------
     START OF THE SEQUENTIAL LEAST SQUARES PROGRAMMING ALGORIT  
   ---------------------------------------------------------------------------

     PARAMETERS:
        ACC =   0.1000D-02
        MAXITER =500
        IPRINT =   1
IOUT =   6


     ITER =    1     OBJ =  0.23825638E+00
     ITER =    2     OBJ =  0.23899305E+00
     ITER =    3     OBJ =  0.23983593E+00
     ITER =    4     OBJ =  0.26273315E+00
     ITER =    5     OBJ =  0.27685636E+00
     ITER =    6     OBJ =  0.28380073E+00
     ITER =    7     OBJ =  0.28375163E+00
     ITER =    8     OBJ =  0.28189825E+00
     ITER =    9     OBJ =  0.28239606E+00
     ITER =   10     OBJ =  0.28472046E+00
     ITER =   11     OBJ =  0.28496164E+00
     ITER =   12     OBJ =  0.28496164E+00
     ITER =   13     OBJ =  0.28510621E+00
     ITER =   14     OBJ =  0.28522029E+00
     ITER =   15     OBJ =  0.28522029E+00
     ITER =   16     OBJ =  0.28522029E+00
     ITER =   17     OBJ =  0.28522029E+00
     ITER =   18     OBJ =  0.28522029E+00
     ITER =   19     OBJ =  0.28499009E+00
     ITER =   20     OBJ =  0.28531175E+00
     ITER =   21     OBJ =  0.28538235E+00
     ITER =   22     OBJ =  0.28538235E+00
     ITER =   23     OBJ =  0.28538235E+00
     ITER =   24     OBJ =  0.28538235E+00
     ITER =   25     OBJ =  0.28538235E+00
     ITER =   26     OBJ =  0.28538235E+00
     ITER =   27     OBJ =  0.28538235E+00
     ITER =   28     OBJ =  0.28538235E+00
     ITER =   29     OBJ =  0.28538235E+00
     ITER =   30     OBJ =  0.28538235E+00
     ITER =   31     OBJ =  0.28538235E+00
     ITER =   32     OBJ =  0.28538235E+00
     ITER =   33     OBJ =  0.28538235E+00
     ITER =   34     OBJ =  0.28538243E+00
     ITER =   35     OBJ =  0.28538240E+00
     ITER =   36     OBJ =  0.28538238E+00
     ITER =   37     OBJ =  0.28538237E+00
     ITER =   38     OBJ =  0.28538237E+00
     ITER =   39     OBJ =  0.28538237E+00
     ITER =   40     OBJ =  0.28538237E+00
     ITER =   41     OBJ =  0.28538237E+00
