



   ---------------------------------------------------------------------------
     START OF THE SEQUENTIAL LEAST SQUARES PROGRAMMING ALGORIT  
   ---------------------------------------------------------------------------

     PARAMETERS:
        ACC =   0.1000D-02
        MAXITER =500
        IPRINT =   1
IOUT =   6


     ITER =    1     OBJ =  0.20728610E+00
     ITER =    2     OBJ =  0.22805746E+00
     ITER =    3     OBJ =  0.22074536E+00
     ITER =    4     OBJ =  0.25724933E+00
     ITER =    5     OBJ =  0.26332801E+00
     ITER =    6     OBJ =  0.25125409E+00
     ITER =    7     OBJ =  0.22811743E+00
     ITER =    8     OBJ =  0.23142567E+00
     ITER =    9     OBJ =  0.23069136E+00
     ITER =   10     OBJ =  0.22585215E+00
     ITER =   11     OBJ =  0.22621626E+00
     ITER =   12     OBJ =  0.22464927E+00
     ITER =   13     OBJ =  0.22444316E+00
     ITER =   14     OBJ =  0.22411771E+00
     ITER =   15     OBJ =  0.22413020E+00
     ITER =   16     OBJ =  0.22413020E+00
     ITER =   17     OBJ =  0.22413020E+00
     ITER =   18     OBJ =  0.22413020E+00
        NUMBER OF FUNC-CALLS:  NFUNC =  62
        NUMBER OF GRAD-CALLS:  NGRAD =  19
