



   ---------------------------------------------------------------------------
     START OF THE SEQUENTIAL LEAST SQUARES PROGRAMMING ALGORIT  
   ---------------------------------------------------------------------------

     PARAMETERS:
        ACC =   0.1000D-02
        MAXITER =500
        IPRINT =   1
IOUT =   6


     ITER =    1     OBJ =  0.73357113E+00
     ITER =    2     OBJ =  0.69724674E+00
     ITER =    3     OBJ =  0.80757782E+00
     ITER =    4     OBJ =  0.80972044E+00
     ITER =    5     OBJ =  0.90175221E+00
     ITER =    6     OBJ =  0.92352586E+00
     ITER =    7     OBJ =  0.11230744E+01
     ITER =    8     OBJ =  0.11795533E+01
     ITER =    9     OBJ =  0.11485622E+01
     ITER =   10     OBJ =  0.11381790E+01
     ITER =   11     OBJ =  0.11411183E+01
     ITER =   12     OBJ =  0.11451219E+01
     ITER =   13     OBJ =  0.11438605E+01
     ITER =   14     OBJ =  0.11433999E+01
     ITER =   15     OBJ =  0.11406287E+01
     ITER =   16     OBJ =  0.11417130E+01
     ITER =   17     OBJ =  0.11304991E+01
     ITER =   18     OBJ =  0.11330965E+01
     ITER =   19     OBJ =  0.10372732E+01
     ITER =   20     OBJ =  0.10321275E+01
     ITER =   21     OBJ =  0.10254297E+01
     ITER =   22     OBJ =  0.10240368E+01
     ITER =   23     OBJ =  0.10234490E+01
     ITER =   24     OBJ =  0.10266300E+01
        NUMBER OF FUNC-CALLS:  NFUNC =  57
        NUMBER OF GRAD-CALLS:  NGRAD =  25
