



   ---------------------------------------------------------------------------
     START OF THE SEQUENTIAL LEAST SQUARES PROGRAMMING ALGORIT  
   ---------------------------------------------------------------------------

     PARAMETERS:
        ACC =   0.1000D-02
        MAXITER =500
        IPRINT =   1
IOUT =   6


     ITER =    1     OBJ =  0.54284154E+00
     ITER =    2     OBJ =  0.57950202E+00
     ITER =    3     OBJ =  0.63199280E+00
     ITER =    4     OBJ =  0.63550649E+00
     ITER =    5     OBJ =  0.71189489E+00
     ITER =    6     OBJ =  0.71515599E+00
     ITER =    7     OBJ =  0.72592289E+00
     ITER =    8     OBJ =  0.72531985E+00
     ITER =    9     OBJ =  0.72504356E+00
     ITER =   10     OBJ =  0.72636845E+00
     ITER =   11     OBJ =  0.72533858E+00
     ITER =   12     OBJ =  0.72456613E+00
     ITER =   13     OBJ =  0.72454070E+00
     ITER =   14     OBJ =  0.72454070E+00
     ITER =   15     OBJ =  0.72454070E+00
     ITER =   16     OBJ =  0.72454070E+00
     ITER =   17     OBJ =  0.72454070E+00
        NUMBER OF FUNC-CALLS:  NFUNC =  84
        NUMBER OF GRAD-CALLS:  NGRAD =  18
