



   ---------------------------------------------------------------------------
     START OF THE SEQUENTIAL LEAST SQUARES PROGRAMMING ALGORIT  
   ---------------------------------------------------------------------------

     PARAMETERS:
        ACC =   0.1000D-01
        MAXITER =500
        IPRINT =   1
IOUT =   6


     ITER =    1     OBJ =  0.49250792E+00
     ITER =    2     OBJ =  0.41000967E+00
     ITER =    3     OBJ =  0.37203300E+00
     ITER =    4     OBJ =  0.38808804E+00
     ITER =    5     OBJ =  0.39173770E+00
     ITER =    6     OBJ =  0.46109261E+00
     ITER =    7     OBJ =  0.44917589E+00
     ITER =    8     OBJ =  0.44401730E+00
     ITER =    9     OBJ =  0.44465587E+00
     ITER =   10     OBJ =  0.44389718E+00
     ITER =   11     OBJ =  0.44360875E+00
     ITER =   12     OBJ =  0.44329782E+00
     ITER =   13     OBJ =  0.44506041E+00
     ITER =   14     OBJ =  0.44509692E+00
     ITER =   15     OBJ =  0.44509692E+00
     ITER =   16     OBJ =  0.44502065E+00
     ITER =   17     OBJ =  0.44505611E+00
     ITER =   18     OBJ =  0.44505611E+00
     ITER =   19     OBJ =  0.44491921E+00
     ITER =   20     OBJ =  0.44498639E+00
     ITER =   21     OBJ =  0.44496905E+00
     ITER =   22     OBJ =  0.44497049E+00
     ITER =   23     OBJ =  0.44497065E+00
     ITER =   24     OBJ =  0.44497066E+00
     ITER =   25     OBJ =  0.44497067E+00
     ITER =   26     OBJ =  0.44497070E+00
        NUMBER OF FUNC-CALLS:  NFUNC = 148
        NUMBER OF GRAD-CALLS:  NGRAD =  27
