



   ---------------------------------------------------------------------------
     START OF THE SEQUENTIAL LEAST SQUARES PROGRAMMING ALGORIT  
   ---------------------------------------------------------------------------

     PARAMETERS:
        ACC =   0.1000D-02
        MAXITER =500
        IPRINT =   1
IOUT =   6


     ITER =    1     OBJ =  0.22214265E+00
     ITER =    2     OBJ =  0.21862735E+00
     ITER =    3     OBJ =  0.20167913E+00
     ITER =    4     OBJ =  0.21979503E+00
     ITER =    5     OBJ =  0.21523222E+00
     ITER =    6     OBJ =  0.23410989E+00
     ITER =    7     OBJ =  0.21982156E+00
     ITER =    8     OBJ =  0.21311302E+00
     ITER =    9     OBJ =  0.21233653E+00
     ITER =   10     OBJ =  0.21097357E+00
     ITER =   11     OBJ =  0.21023029E+00
     ITER =   12     OBJ =  0.20977291E+00
     ITER =   13     OBJ =  0.20951771E+00
     ITER =   14     OBJ =  0.20951513E+00
     ITER =   15     OBJ =  0.20951513E+00
     ITER =   16     OBJ =  0.20941131E+00
     ITER =   17     OBJ =  0.20944730E+00
     ITER =   18     OBJ =  0.20944724E+00
     ITER =   19     OBJ =  0.21005470E+00
     ITER =   20     OBJ =  0.21008855E+00
     ITER =   21     OBJ =  0.21008855E+00
     ITER =   22     OBJ =  0.21008855E+00
     ITER =   23     OBJ =  0.21034672E+00
        NUMBER OF FUNC-CALLS:  NFUNC =  96
        NUMBER OF GRAD-CALLS:  NGRAD =  24
