



   ---------------------------------------------------------------------------
     START OF THE SEQUENTIAL LEAST SQUARES PROGRAMMING ALGORIT  
   ---------------------------------------------------------------------------

     PARAMETERS:
        ACC =   0.1000D-02
        MAXITER =500
        IPRINT =   1
IOUT =   6


     ITER =    1     OBJ =  0.84785742E+00
     ITER =    2     OBJ =  0.84091193E+00
     ITER =    3     OBJ =  0.89997035E+00
     ITER =    4     OBJ =  0.87881078E+00
     ITER =    5     OBJ =  0.88504485E+00
     ITER =    6     OBJ =  0.88776248E+00
     ITER =    7     OBJ =  0.89046741E+00
     ITER =    8     OBJ =  0.98701533E+00
     ITER =    9     OBJ =  0.10841760E+01
     ITER =   10     OBJ =  0.11143010E+01
     ITER =   11     OBJ =  0.12031929E+01
     ITER =   12     OBJ =  0.13136391E+01
     ITER =   13     OBJ =  0.11408485E+01
     ITER =   14     OBJ =  0.11083674E+01
     ITER =   15     OBJ =  0.10940396E+01
     ITER =   16     OBJ =  0.10991838E+01
     ITER =   17     OBJ =  0.10992044E+01
     ITER =   18     OBJ =  0.10903253E+01
     ITER =   19     OBJ =  0.10726446E+01
     ITER =   20     OBJ =  0.10744025E+01
     ITER =   21     OBJ =  0.10547295E+01
     ITER =   22     OBJ =  0.10411143E+01
     ITER =   23     OBJ =  0.10297999E+01
     ITER =   24     OBJ =  0.10087970E+01
     ITER =   25     OBJ =  0.10160487E+01
     ITER =   26     OBJ =  0.10107927E+01
     ITER =   27     OBJ =  0.10128219E+01
        NUMBER OF FUNC-CALLS:  NFUNC =  57
        NUMBER OF GRAD-CALLS:  NGRAD =  28
