



   ---------------------------------------------------------------------------
     START OF THE SEQUENTIAL LEAST SQUARES PROGRAMMING ALGORIT  
   ---------------------------------------------------------------------------

     PARAMETERS:
        ACC =   0.1000D-02
        MAXITER =500
        IPRINT =   1
IOUT =   6


     ITER =    1     OBJ =  0.72308229E+00
     ITER =    2     OBJ =  0.82501234E+00
     ITER =    3     OBJ =  0.10713128E+01
     ITER =    4     OBJ =  0.10628665E+01
     ITER =    5     OBJ =  0.11977239E+01
     ITER =    6     OBJ =  0.11729943E+01
     ITER =    7     OBJ =  0.11984858E+01
     ITER =    8     OBJ =  0.11960377E+01
     ITER =    9     OBJ =  0.11951948E+01
     ITER =   10     OBJ =  0.11970504E+01
     ITER =   11     OBJ =  0.11960794E+01
     ITER =   12     OBJ =  0.11934402E+01
     ITER =   13     OBJ =  0.11933391E+01
     ITER =   14     OBJ =  0.11933391E+01
     ITER =   15     OBJ =  0.11940944E+01
     ITER =   16     OBJ =  0.11943588E+01
     ITER =   17     OBJ =  0.11944320E+01
     ITER =   18     OBJ =  0.11944720E+01
     ITER =   19     OBJ =  0.11945006E+01
     ITER =   20     OBJ =  0.11945151E+01
        NUMBER OF FUNC-CALLS:  NFUNC =  63
        NUMBER OF GRAD-CALLS:  NGRAD =  21
