



   ---------------------------------------------------------------------------
     START OF THE SEQUENTIAL LEAST SQUARES PROGRAMMING ALGORIT  
   ---------------------------------------------------------------------------

     PARAMETERS:
        ACC =   0.1000D-01
        MAXITER =500
        IPRINT =   1
IOUT =   6


     ITER =    1     OBJ =  0.22116038E+01
     ITER =    2     OBJ =  0.21177430E+01
     ITER =    3     OBJ =  0.19892134E+01
     ITER =    4     OBJ =  0.21530515E+01
     ITER =    5     OBJ =  0.22703734E+01
     ITER =    6     OBJ =  0.22873064E+01
     ITER =    7     OBJ =  0.24311541E+01
     ITER =    8     OBJ =  0.25207220E+01
     ITER =    9     OBJ =  0.26974239E+01
     ITER =   10     OBJ =  0.30529141E+01
     ITER =   11     OBJ =  0.30741648E+01
     ITER =   12     OBJ =  0.30860723E+01
     ITER =   13     OBJ =  0.30591872E+01
     ITER =   14     OBJ =  0.30597165E+01
     ITER =   15     OBJ =  0.30498833E+01
     ITER =   16     OBJ =  0.30586249E+01
     ITER =   17     OBJ =  0.30710497E+01
        NUMBER OF FUNC-CALLS:  NFUNC =  55
        NUMBER OF GRAD-CALLS:  NGRAD =  18
