



   ---------------------------------------------------------------------------
     START OF THE SEQUENTIAL LEAST SQUARES PROGRAMMING ALGORIT  
   ---------------------------------------------------------------------------

     PARAMETERS:
        ACC =   0.1000D-02
        MAXITER =500
        IPRINT =   1
IOUT =   6


     ITER =    1     OBJ =  0.52446964E+00
     ITER =    2     OBJ =  0.49844743E+00
     ITER =    3     OBJ =  0.51375767E+00
     ITER =    4     OBJ =  0.54697787E+00
     ITER =    5     OBJ =  0.52487406E+00
     ITER =    6     OBJ =  0.54031810E+00
     ITER =    7     OBJ =  0.50787744E+00
     ITER =    8     OBJ =  0.50704626E+00
     ITER =    9     OBJ =  0.52925357E+00
     ITER =   10     OBJ =  0.53795255E+00
     ITER =   11     OBJ =  0.53490327E+00
     ITER =   12     OBJ =  0.53481217E+00
     ITER =   13     OBJ =  0.53438654E+00
     ITER =   14     OBJ =  0.53435474E+00
     ITER =   15     OBJ =  0.53449589E+00
     ITER =   16     OBJ =  0.53444890E+00
     ITER =   17     OBJ =  0.53447406E+00
     ITER =   18     OBJ =  0.53444272E+00
     ITER =   19     OBJ =  0.53447078E+00
     ITER =   20     OBJ =  0.53444044E+00
     ITER =   21     OBJ =  0.53446887E+00
     ITER =   22     OBJ =  0.53444042E+00
     ITER =   23     OBJ =  0.53446907E+00
     ITER =   24     OBJ =  0.53444180E+00
     ITER =   25     OBJ =  0.53447068E+00
     ITER =   26     OBJ =  0.53444422E+00
     ITER =   27     OBJ =  0.53447339E+00
     ITER =   28     OBJ =  0.53444749E+00
     ITER =   29     OBJ =  0.53447705E+00
     ITER =   30     OBJ =  0.53445153E+00
     ITER =   31     OBJ =  0.53448157E+00
     ITER =   32     OBJ =  0.53445628E+00
     ITER =   33     OBJ =  0.53448678E+00
     ITER =   34     OBJ =  0.53446172E+00
     ITER =   35     OBJ =  0.53449192E+00
     ITER =   36     OBJ =  0.53446773E+00
     ITER =   37     OBJ =  0.53449429E+00
     ITER =   38     OBJ =  0.53447378E+00
     ITER =   39     OBJ =  0.53449325E+00
     ITER =   40     OBJ =  0.53447908E+00
     ITER =   41     OBJ =  0.53450119E+00
     ITER =   42     OBJ =  0.53448453E+00
     ITER =   43     OBJ =  0.53450799E+00
     ITER =   44     OBJ =  0.53449377E+00
     ITER =   45     OBJ =  0.53451585E+00
     ITER =   46     OBJ =  0.53449925E+00
     ITER =   47     OBJ =  0.53452214E+00
     ITER =   48     OBJ =  0.53450779E+00
     ITER =   49     OBJ =  0.53452936E+00
     ITER =   50     OBJ =  0.53451314E+00
     ITER =   51     OBJ =  0.53453475E+00
     ITER =   52     OBJ =  0.53451961E+00
     ITER =   53     OBJ =  0.53454064E+00
     ITER =   54     OBJ =  0.53452535E+00
     ITER =   55     OBJ =  0.53454636E+00
     ITER =   56     OBJ =  0.53453202E+00
     ITER =   57     OBJ =  0.53455208E+00
     ITER =   58     OBJ =  0.53453724E+00
     ITER =   59     OBJ =  0.53455772E+00
     ITER =   60     OBJ =  0.53454481E+00
     ITER =   61     OBJ =  0.53456368E+00
     ITER =   62     OBJ =  0.53454988E+00
     ITER =   63     OBJ =  0.53456879E+00
     ITER =   64     OBJ =  0.53455607E+00
     ITER =   65     OBJ =  0.53457407E+00
     ITER =   66     OBJ =  0.53456144E+00
     ITER =   67     OBJ =  0.53457938E+00
     ITER =   68     OBJ =  0.53456778E+00
     ITER =   69     OBJ =  0.53458444E+00
     ITER =   70     OBJ =  0.53457262E+00
     ITER =   71     OBJ =  0.53482811E+00
     ITER =   72     OBJ =  0.53480393E+00
        NUMBER OF FUNC-CALLS:  NFUNC = 422
        NUMBER OF GRAD-CALLS:  NGRAD =  73
