



   ---------------------------------------------------------------------------
     START OF THE SEQUENTIAL LEAST SQUARES PROGRAMMING ALGORIT  
   ---------------------------------------------------------------------------

     PARAMETERS:
        ACC =   0.1000D-02
        MAXITER =500
        IPRINT =   1
IOUT =   6


     ITER =    1     OBJ =  0.16954476E+01
     ITER =    2     OBJ =  0.14783852E+01
     ITER =    3     OBJ =  0.14997341E+01
     ITER =    4     OBJ =  0.15191585E+01
     ITER =    5     OBJ =  0.18432627E+01
     ITER =    6     OBJ =  0.18854800E+01
     ITER =    7     OBJ =  0.21019650E+01
     ITER =    8     OBJ =  0.24192899E+01
     ITER =    9     OBJ =  0.23510794E+01
     ITER =   10     OBJ =  0.23519684E+01
     ITER =   11     OBJ =  0.24862910E+01
     ITER =   12     OBJ =  0.24876400E+01
     ITER =   13     OBJ =  0.24876400E+01
     ITER =   14     OBJ =  0.24876400E+01
     ITER =   15     OBJ =  0.25491765E+01
     ITER =   16     OBJ =  0.25506670E+01
     ITER =   17     OBJ =  0.25514850E+01
     ITER =   18     OBJ =  0.25514896E+01
     ITER =   19     OBJ =  0.25539572E+01
     ITER =   20     OBJ =  0.25563872E+01
     ITER =   21     OBJ =  0.25564038E+01
     ITER =   22     OBJ =  0.25563374E+01
     ITER =   23     OBJ =  0.25565948E+01
     ITER =   24     OBJ =  0.25565934E+01
     ITER =   25     OBJ =  0.25566138E+01
     ITER =   26     OBJ =  0.25567284E+01
     ITER =   27     OBJ =  0.25567918E+01
     ITER =   28     OBJ =  0.25422408E+01
     ITER =   29     OBJ =  0.25532096E+01
     ITER =   30     OBJ =  0.25543567E+01
     ITER =   31     OBJ =  0.25548186E+01
     ITER =   32     OBJ =  0.25557175E+01
     ITER =   33     OBJ =  0.25594262E+01
     ITER =   34     OBJ =  0.25607462E+01
     ITER =   35     OBJ =  0.25612531E+01
     ITER =   36     OBJ =  0.25615310E+01
     ITER =   37     OBJ =  0.25616807E+01
     ITER =   38     OBJ =  0.25617587E+01
     ITER =   39     OBJ =  0.25617986E+01
     ITER =   40     OBJ =  0.25618366E+01
     ITER =   41     OBJ =  0.25618748E+01
     ITER =   42     OBJ =  0.25619128E+01
     ITER =   43     OBJ =  0.25619505E+01
     ITER =   44     OBJ =  0.25619877E+01
     ITER =   45     OBJ =  0.25620244E+01
     ITER =   46     OBJ =  0.25620606E+01
     ITER =   47     OBJ =  0.25620963E+01
     ITER =   48     OBJ =  0.25621316E+01
     ITER =   49     OBJ =  0.25621664E+01
     ITER =   50     OBJ =  0.25622007E+01
     ITER =   51     OBJ =  0.25622346E+01
     ITER =   52     OBJ =  0.25622681E+01
     ITER =   53     OBJ =  0.25623011E+01
     ITER =   54     OBJ =  0.25623337E+01
     ITER =   55     OBJ =  0.25623659E+01
     ITER =   56     OBJ =  0.25623977E+01
     ITER =   57     OBJ =  0.25624292E+01
     ITER =   58     OBJ =  0.25624602E+01
     ITER =   59     OBJ =  0.25624909E+01
     ITER =   60     OBJ =  0.25625212E+01
     ITER =   61     OBJ =  0.25625512E+01
     ITER =   62     OBJ =  0.25625808E+01
     ITER =   63     OBJ =  0.25626100E+01
     ITER =   64     OBJ =  0.25626390E+01
     ITER =   65     OBJ =  0.25626676E+01
     ITER =   66     OBJ =  0.25626958E+01
     ITER =   67     OBJ =  0.25627238E+01
     ITER =   68     OBJ =  0.25627515E+01
     ITER =   69     OBJ =  0.25627788E+01
     ITER =   70     OBJ =  0.25628059E+01
     ITER =   71     OBJ =  0.25628325E+01
     ITER =   72     OBJ =  0.25628591E+01
     ITER =   73     OBJ =  0.25628854E+01
     ITER =   74     OBJ =  0.25629114E+01
     ITER =   75     OBJ =  0.25629371E+01
     ITER =   76     OBJ =  0.25629625E+01
     ITER =   77     OBJ =  0.25629877E+01
     ITER =   78     OBJ =  0.25630126E+01
     ITER =   79     OBJ =  0.25630372E+01
     ITER =   80     OBJ =  0.25630616E+01
     ITER =   81     OBJ =  0.25630857E+01
     ITER =   82     OBJ =  0.25631096E+01
     ITER =   83     OBJ =  0.25631333E+01
     ITER =   84     OBJ =  0.25631568E+01
     ITER =   85     OBJ =  0.25631800E+01
     ITER =   86     OBJ =  0.25632030E+01
     ITER =   87     OBJ =  0.25632258E+01
     ITER =   88     OBJ =  0.25632483E+01
     ITER =   89     OBJ =  0.25632707E+01
     ITER =   90     OBJ =  0.25632928E+01
     ITER =   91     OBJ =  0.25633148E+01
     ITER =   92     OBJ =  0.25633365E+01
     ITER =   93     OBJ =  0.25633581E+01
     ITER =   94     OBJ =  0.25633794E+01
     ITER =   95     OBJ =  0.25634006E+01
     ITER =   96     OBJ =  0.25634216E+01
     ITER =   97     OBJ =  0.25634424E+01
     ITER =   98     OBJ =  0.25634630E+01
     ITER =   99     OBJ =  0.25634834E+01
     ITER =  100     OBJ =  0.25635037E+01
     ITER =  101     OBJ =  0.25635238E+01
     ITER =  102     OBJ =  0.25635437E+01
     ITER =  103     OBJ =  0.25635634E+01
     ITER =  104     OBJ =  0.25635829E+01
     ITER =  105     OBJ =  0.25636023E+01
     ITER =  106     OBJ =  0.25636216E+01
     ITER =  107     OBJ =  0.25636407E+01
     ITER =  108     OBJ =  0.25636597E+01
     ITER =  109     OBJ =  0.25636784E+01
     ITER =  110     OBJ =  0.25636970E+01
     ITER =  111     OBJ =  0.25637155E+01
     ITER =  112     OBJ =  0.25637339E+01
     ITER =  113     OBJ =  0.25637520E+01
     ITER =  114     OBJ =  0.25637701E+01
     ITER =  115     OBJ =  0.25637880E+01
     ITER =  116     OBJ =  0.25638058E+01
     ITER =  117     OBJ =  0.25638234E+01
     ITER =  118     OBJ =  0.25638409E+01
     ITER =  119     OBJ =  0.25638582E+01
     ITER =  120     OBJ =  0.25638754E+01
     ITER =  121     OBJ =  0.25638925E+01
     ITER =  122     OBJ =  0.25639095E+01
     ITER =  123     OBJ =  0.25639264E+01
     ITER =  124     OBJ =  0.25639430E+01
     ITER =  125     OBJ =  0.25639596E+01
     ITER =  126     OBJ =  0.25639761E+01
     ITER =  127     OBJ =  0.25639924E+01
     ITER =  128     OBJ =  0.25640086E+01
     ITER =  129     OBJ =  0.25640247E+01
     ITER =  130     OBJ =  0.25640407E+01
     ITER =  131     OBJ =  0.25640566E+01
     ITER =  132     OBJ =  0.25640723E+01
     ITER =  133     OBJ =  0.25640880E+01
     ITER =  134     OBJ =  0.25641035E+01
     ITER =  135     OBJ =  0.25641189E+01
     ITER =  136     OBJ =  0.25641342E+01
     ITER =  137     OBJ =  0.25641495E+01
     ITER =  138     OBJ =  0.25641646E+01
     ITER =  139     OBJ =  0.25641796E+01
     ITER =  140     OBJ =  0.25641945E+01
     ITER =  141     OBJ =  0.25642093E+01
     ITER =  142     OBJ =  0.25642240E+01
     ITER =  143     OBJ =  0.25642386E+01
     ITER =  144     OBJ =  0.25642531E+01
     ITER =  145     OBJ =  0.25642675E+01
     ITER =  146     OBJ =  0.25642818E+01
     ITER =  147     OBJ =  0.25642960E+01
     ITER =  148     OBJ =  0.25643101E+01
     ITER =  149     OBJ =  0.25643241E+01
     ITER =  150     OBJ =  0.25643381E+01
     ITER =  151     OBJ =  0.25643519E+01
     ITER =  152     OBJ =  0.25643657E+01
     ITER =  153     OBJ =  0.25643793E+01
     ITER =  154     OBJ =  0.25643929E+01
     ITER =  155     OBJ =  0.25644064E+01
     ITER =  156     OBJ =  0.25644198E+01
     ITER =  157     OBJ =  0.25644331E+01
     ITER =  158     OBJ =  0.25644464E+01
     ITER =  159     OBJ =  0.25644595E+01
     ITER =  160     OBJ =  0.25644726E+01
     ITER =  161     OBJ =  0.25644856E+01
     ITER =  162     OBJ =  0.25644985E+01
     ITER =  163     OBJ =  0.25645113E+01
     ITER =  164     OBJ =  0.25645241E+01
     ITER =  165     OBJ =  0.25645368E+01
     ITER =  166     OBJ =  0.25645494E+01
     ITER =  167     OBJ =  0.25645619E+01
     ITER =  168     OBJ =  0.25645744E+01
     ITER =  169     OBJ =  0.25645867E+01
     ITER =  170     OBJ =  0.25645990E+01
     ITER =  171     OBJ =  0.25646113E+01
     ITER =  172     OBJ =  0.25646234E+01
     ITER =  173     OBJ =  0.25646355E+01
     ITER =  174     OBJ =  0.25646475E+01
     ITER =  175     OBJ =  0.25646595E+01
     ITER =  176     OBJ =  0.25646714E+01
     ITER =  177     OBJ =  0.25646832E+01
     ITER =  178     OBJ =  0.25646949E+01
     ITER =  179     OBJ =  0.25647066E+01
     ITER =  180     OBJ =  0.25647182E+01
     ITER =  181     OBJ =  0.25647297E+01
     ITER =  182     OBJ =  0.25647412E+01
     ITER =  183     OBJ =  0.25647526E+01
     ITER =  184     OBJ =  0.25647640E+01
     ITER =  185     OBJ =  0.25647752E+01
     ITER =  186     OBJ =  0.25647865E+01
     ITER =  187     OBJ =  0.25647976E+01
     ITER =  188     OBJ =  0.25648087E+01
     ITER =  189     OBJ =  0.25648198E+01
     ITER =  190     OBJ =  0.25648307E+01
     ITER =  191     OBJ =  0.25648417E+01
     ITER =  192     OBJ =  0.25648525E+01
     ITER =  193     OBJ =  0.25648633E+01
     ITER =  194     OBJ =  0.25648741E+01
     ITER =  195     OBJ =  0.25648847E+01
     ITER =  196     OBJ =  0.25648954E+01
     ITER =  197     OBJ =  0.25649059E+01
     ITER =  198     OBJ =  0.25649165E+01
     ITER =  199     OBJ =  0.25649269E+01
     ITER =  200     OBJ =  0.25649373E+01
     ITER =  201     OBJ =  0.25649477E+01
     ITER =  202     OBJ =  0.25649580E+01
     ITER =  203     OBJ =  0.25649682E+01
     ITER =  204     OBJ =  0.25649784E+01
     ITER =  205     OBJ =  0.25649885E+01
     ITER =  206     OBJ =  0.25649986E+01
     ITER =  207     OBJ =  0.25650087E+01
     ITER =  208     OBJ =  0.25650186E+01
     ITER =  209     OBJ =  0.25650285E+01
     ITER =  210     OBJ =  0.25650384E+01
     ITER =  211     OBJ =  0.25650482E+01
     ITER =  212     OBJ =  0.25650580E+01
     ITER =  213     OBJ =  0.25650677E+01
     ITER =  214     OBJ =  0.25650774E+01
     ITER =  215     OBJ =  0.25650870E+01
     ITER =  216     OBJ =  0.25650966E+01
     ITER =  217     OBJ =  0.25651062E+01
     ITER =  218     OBJ =  0.25651156E+01
     ITER =  219     OBJ =  0.25651251E+01
     ITER =  220     OBJ =  0.25651345E+01
     ITER =  221     OBJ =  0.25651439E+01
     ITER =  222     OBJ =  0.25651532E+01
     ITER =  223     OBJ =  0.25651624E+01
     ITER =  224     OBJ =  0.25651717E+01
     ITER =  225     OBJ =  0.25651808E+01
     ITER =  226     OBJ =  0.25651900E+01
     ITER =  227     OBJ =  0.25651991E+01
     ITER =  228     OBJ =  0.25652081E+01
     ITER =  229     OBJ =  0.25652171E+01
     ITER =  230     OBJ =  0.25652261E+01
