



   ---------------------------------------------------------------------------
     START OF THE SEQUENTIAL LEAST SQUARES PROGRAMMING ALGORIT  
   ---------------------------------------------------------------------------

     PARAMETERS:
        ACC =   0.1000D-02
        MAXITER =500
        IPRINT =   1
IOUT =   6


     ITER =    1     OBJ =  0.50031609E+00
     ITER =    2     OBJ =  0.58434490E+00
     ITER =    3     OBJ =  0.65992218E+00
     ITER =    4     OBJ =  0.68528700E+00
     ITER =    5     OBJ =  0.69906331E+00
     ITER =    6     OBJ =  0.73927185E+00
     ITER =    7     OBJ =  0.85102036E+00
     ITER =    8     OBJ =  0.83660304E+00
     ITER =    9     OBJ =  0.85285681E+00
     ITER =   10     OBJ =  0.85631809E+00
     ITER =   11     OBJ =  0.85522817E+00
     ITER =   12     OBJ =  0.84960631E+00
     ITER =   13     OBJ =  0.84327255E+00
     ITER =   14     OBJ =  0.84247042E+00
     ITER =   15     OBJ =  0.84383291E+00
     ITER =   16     OBJ =  0.84169262E+00
     ITER =   17     OBJ =  0.84461160E+00
     ITER =   18     OBJ =  0.84356166E+00
     ITER =   19     OBJ =  0.84375941E+00
     ITER =   20     OBJ =  0.84417413E+00
     ITER =   21     OBJ =  0.84395284E+00
     ITER =   22     OBJ =  0.84377157E+00
     ITER =   23     OBJ =  0.84376374E+00
     ITER =   24     OBJ =  0.84336408E+00
        NUMBER OF FUNC-CALLS:  NFUNC =  51
        NUMBER OF GRAD-CALLS:  NGRAD =  25
