



   ---------------------------------------------------------------------------
     START OF THE SEQUENTIAL LEAST SQUARES PROGRAMMING ALGORIT  
   ---------------------------------------------------------------------------

     PARAMETERS:
        ACC =   0.1000D-02
        MAXITER =500
        IPRINT =   1
IOUT =   6


     ITER =    1     OBJ =  0.61987176E+00
     ITER =    2     OBJ =  0.62971017E+00
     ITER =    3     OBJ =  0.63265316E+00
     ITER =    4     OBJ =  0.64367631E+00
     ITER =    5     OBJ =  0.82496794E+00
     ITER =    6     OBJ =  0.84250230E+00
     ITER =    7     OBJ =  0.84183438E+00
     ITER =    8     OBJ =  0.87646295E+00
     ITER =    9     OBJ =  0.86454584E+00
     ITER =   10     OBJ =  0.85510625E+00
     ITER =   11     OBJ =  0.84711771E+00
     ITER =   12     OBJ =  0.85178248E+00
     ITER =   13     OBJ =  0.84737063E+00
     ITER =   14     OBJ =  0.85034886E+00
     ITER =   15     OBJ =  0.84925220E+00
     ITER =   16     OBJ =  0.84944487E+00
     ITER =   17     OBJ =  0.84944486E+00
     ITER =   18     OBJ =  0.84944486E+00
     ITER =   19     OBJ =  0.84944275E+00
     ITER =   20     OBJ =  0.84944074E+00
     ITER =   21     OBJ =  0.84943143E+00
     ITER =   22     OBJ =  0.84938232E+00
     ITER =   23     OBJ =  0.84926373E+00
     ITER =   24     OBJ =  0.84904425E+00
     ITER =   25     OBJ =  0.84892338E+00
     ITER =   26     OBJ =  0.84820045E+00
     ITER =   27     OBJ =  0.84851429E+00
     ITER =   28     OBJ =  0.85016336E+00
        NUMBER OF FUNC-CALLS:  NFUNC = 132
        NUMBER OF GRAD-CALLS:  NGRAD =  29
