



   ---------------------------------------------------------------------------
     START OF THE SEQUENTIAL LEAST SQUARES PROGRAMMING ALGORIT  
   ---------------------------------------------------------------------------

     PARAMETERS:
        ACC =   0.1000D-02
        MAXITER =500
        IPRINT =   1
IOUT =   6


     ITER =    1     OBJ =  0.81757354E+00
     ITER =    2     OBJ =  0.75378503E+00
     ITER =    3     OBJ =  0.86791644E+00
     ITER =    4     OBJ =  0.10588014E+01
     ITER =    5     OBJ =  0.10178156E+01
     ITER =    6     OBJ =  0.10077008E+01
     ITER =    7     OBJ =  0.99801606E+00
     ITER =    8     OBJ =  0.93396444E+00
     ITER =    9     OBJ =  0.10337831E+01
     ITER =   10     OBJ =  0.10282485E+01
     ITER =   11     OBJ =  0.97539010E+00
     ITER =   12     OBJ =  0.10007250E+01
     ITER =   13     OBJ =  0.10085562E+01
     ITER =   14     OBJ =  0.99208599E+00
     ITER =   15     OBJ =  0.96711104E+00
     ITER =   16     OBJ =  0.96660590E+00
     ITER =   17     OBJ =  0.97631726E+00
     ITER =   18     OBJ =  0.98114079E+00
     ITER =   19     OBJ =  0.98236145E+00
     ITER =   20     OBJ =  0.98059192E+00
     ITER =   21     OBJ =  0.98303366E+00
     ITER =   22     OBJ =  0.98342431E+00
     ITER =   23     OBJ =  0.98405167E+00
     ITER =   24     OBJ =  0.98448898E+00
     ITER =   25     OBJ =  0.98531719E+00
     ITER =   26     OBJ =  0.98556991E+00
     ITER =   27     OBJ =  0.98556984E+00
     ITER =   28     OBJ =  0.98620446E+00
     ITER =   29     OBJ =  0.98638234E+00
     ITER =   30     OBJ =  0.98638233E+00
     ITER =   31     OBJ =  0.98680833E+00
     ITER =   32     OBJ =  0.98695252E+00
     ITER =   33     OBJ =  0.98695252E+00
     ITER =   34     OBJ =  0.98724932E+00
     ITER =   35     OBJ =  0.98738875E+00
     ITER =   36     OBJ =  0.98707209E+00
     ITER =   37     OBJ =  0.98766461E+00
     ITER =   38     OBJ =  0.98789151E+00
     ITER =   39     OBJ =  0.98797932E+00
     ITER =   40     OBJ =  0.98797932E+00
     ITER =   41     OBJ =  0.98815692E+00
     ITER =   42     OBJ =  0.98821495E+00
     ITER =   43     OBJ =  0.98821495E+00
     ITER =   44     OBJ =  0.98821495E+00
     ITER =   45     OBJ =  0.98829546E+00
     ITER =   46     OBJ =  0.98834780E+00
     ITER =   47     OBJ =  0.98834780E+00
     ITER =   48     OBJ =  0.98834786E+00
     ITER =   49     OBJ =  0.98834788E+00
     ITER =   50     OBJ =  0.98834788E+00
     ITER =   51     OBJ =  0.98834787E+00
     ITER =   52     OBJ =  0.98834788E+00
     ITER =   53     OBJ =  0.98834788E+00
     ITER =   54     OBJ =  0.98834789E+00
     ITER =   55     OBJ =  0.98834789E+00
     ITER =   56     OBJ =  0.98834789E+00
     ITER =   57     OBJ =  0.98834789E+00
     ITER =   58     OBJ =  0.98834789E+00
     ITER =   60     OBJ =  0.98834719E+00
     ITER =   61     OBJ =  0.98834507E+00
     ITER =   62     OBJ =  0.98833935E+00
     ITER =   63     OBJ =  0.98831394E+00
     ITER =   64     OBJ =  0.98819249E+00
     ITER =   65     OBJ =  0.98701803E+00
