



   ---------------------------------------------------------------------------
     START OF THE SEQUENTIAL LEAST SQUARES PROGRAMMING ALGORIT  
   ---------------------------------------------------------------------------

     PARAMETERS:
        ACC =   0.1000D-02
        MAXITER =500
        IPRINT =   1
IOUT =   6


     ITER =    1     OBJ =  0.34077355E+00
     ITER =    2     OBJ =  0.40670392E+00
     ITER =    3     OBJ =  0.39757280E+00
     ITER =    4     OBJ =  0.43026051E+00
     ITER =    5     OBJ =  0.42668293E+00
     ITER =    6     OBJ =  0.41841460E+00
     ITER =    7     OBJ =  0.41721520E+00
     ITER =    8     OBJ =  0.41836165E+00
     ITER =    9     OBJ =  0.41422165E+00
     ITER =   10     OBJ =  0.41421124E+00
     ITER =   11     OBJ =  0.41589374E+00
     ITER =   12     OBJ =  0.41366930E+00
     ITER =   13     OBJ =  0.41365900E+00
     ITER =   14     OBJ =  0.41837360E+00
     ITER =   15     OBJ =  0.41842012E+00
     ITER =   16     OBJ =  0.41867378E+00
     ITER =   17     OBJ =  0.41865219E+00
     ITER =   18     OBJ =  0.41861572E+00
     ITER =   19     OBJ =  0.41841710E+00
     ITER =   20     OBJ =  0.41859136E+00
     ITER =   21     OBJ =  0.41860782E+00
     ITER =   22     OBJ =  0.41860782E+00
     ITER =   23     OBJ =  0.41835584E+00
     ITER =   24     OBJ =  0.41844480E+00
     ITER =   25     OBJ =  0.42049086E+00
        NUMBER OF FUNC-CALLS:  NFUNC = 107
        NUMBER OF GRAD-CALLS:  NGRAD =  26
