



   ---------------------------------------------------------------------------
     START OF THE SEQUENTIAL LEAST SQUARES PROGRAMMING ALGORIT  
   ---------------------------------------------------------------------------

     PARAMETERS:
        ACC =   0.1000D-02
        MAXITER =500
        IPRINT =   1
IOUT =   6


     ITER =    1     OBJ =  0.78210968E+00
     ITER =    2     OBJ =  0.72609069E+00
     ITER =    3     OBJ =  0.69574634E+00
     ITER =    4     OBJ =  0.53155095E+00
     ITER =    5     OBJ =  0.54947223E+00
     ITER =    6     OBJ =  0.83990352E+00
     ITER =    7     OBJ =  0.79595856E+00
     ITER =    8     OBJ =  0.83109327E+00
     ITER =    9     OBJ =  0.99499591E+00
     ITER =   10     OBJ =  0.94436010E+00
     ITER =   11     OBJ =  0.89828980E+00
     ITER =   12     OBJ =  0.97169800E+00
     ITER =   13     OBJ =  0.10051392E+01
     ITER =   14     OBJ =  0.99054281E+00
     ITER =   15     OBJ =  0.99069605E+00
     ITER =   16     OBJ =  0.98560885E+00
     ITER =   17     OBJ =  0.99484777E+00
     ITER =   18     OBJ =  0.99437878E+00
        NUMBER OF FUNC-CALLS:  NFUNC =  49
        NUMBER OF GRAD-CALLS:  NGRAD =  19
