



   ---------------------------------------------------------------------------
     START OF THE SEQUENTIAL LEAST SQUARES PROGRAMMING ALGORIT  
   ---------------------------------------------------------------------------

     PARAMETERS:
        ACC =   0.1000D-02
        MAXITER =500
        IPRINT =   1
IOUT =   6


     ITER =    1     OBJ =  0.87561713E+00
     ITER =    2     OBJ =  0.93486895E+00
     ITER =    3     OBJ =  0.93535473E+00
     ITER =    4     OBJ =  0.96131622E+00
     ITER =    5     OBJ =  0.10687329E+01
     ITER =    6     OBJ =  0.10315647E+01
     ITER =    7     OBJ =  0.96605087E+00
     ITER =    8     OBJ =  0.10101079E+01
     ITER =    9     OBJ =  0.10220672E+01
     ITER =   10     OBJ =  0.10225132E+01
     ITER =   11     OBJ =  0.10186880E+01
     ITER =   12     OBJ =  0.10228488E+01
     ITER =   13     OBJ =  0.10215914E+01
     ITER =   14     OBJ =  0.10129074E+01
     ITER =   15     OBJ =  0.10073989E+01
     ITER =   16     OBJ =  0.10094925E+01
     ITER =   17     OBJ =  0.10094925E+01
     ITER =   18     OBJ =  0.10123620E+01
     ITER =   19     OBJ =  0.10123780E+01
     ITER =   20     OBJ =  0.10124042E+01
     ITER =   21     OBJ =  0.10125585E+01
     ITER =   22     OBJ =  0.10125279E+01
     ITER =   23     OBJ =  0.10124344E+01
     ITER =   24     OBJ =  0.10122969E+01
        NUMBER OF FUNC-CALLS:  NFUNC =  81
        NUMBER OF GRAD-CALLS:  NGRAD =  25
