



   ---------------------------------------------------------------------------
     START OF THE SEQUENTIAL LEAST SQUARES PROGRAMMING ALGORIT  
   ---------------------------------------------------------------------------

     PARAMETERS:
        ACC =   0.1000D-02
        MAXITER =500
        IPRINT =   1
IOUT =   6


     ITER =    1     OBJ =  0.42635260E+00
     ITER =    2     OBJ =  0.43313327E+00
     ITER =    3     OBJ =  0.43779599E+00
     ITER =    4     OBJ =  0.52176855E+00
     ITER =    5     OBJ =  0.52379450E+00
     ITER =    6     OBJ =  0.53124491E+00
     ITER =    7     OBJ =  0.52444306E+00
     ITER =    8     OBJ =  0.52190676E+00
     ITER =    9     OBJ =  0.52292746E+00
     ITER =   10     OBJ =  0.52025172E+00
     ITER =   11     OBJ =  0.51233084E+00
     ITER =   12     OBJ =  0.51269291E+00
     ITER =   13     OBJ =  0.50941350E+00
     ITER =   14     OBJ =  0.50876013E+00
     ITER =   15     OBJ =  0.50540101E+00
     ITER =   16     OBJ =  0.50620457E+00
     ITER =   17     OBJ =  0.50561681E+00
     ITER =   18     OBJ =  0.50325907E+00
     ITER =   19     OBJ =  0.50343627E+00
     ITER =   20     OBJ =  0.50278594E+00
     ITER =   21     OBJ =  0.50242298E+00
        NUMBER OF FUNC-CALLS:  NFUNC =  44
        NUMBER OF GRAD-CALLS:  NGRAD =  22
