



   ---------------------------------------------------------------------------
     START OF THE SEQUENTIAL LEAST SQUARES PROGRAMMING ALGORIT  
   ---------------------------------------------------------------------------

     PARAMETERS:
        ACC =   0.1000D-01
        MAXITER =500
        IPRINT =   1
IOUT =   6


     ITER =    1     OBJ =  0.42886528E+00
     ITER =    2     OBJ =  0.50909330E+00
     ITER =    3     OBJ =  0.50393074E+00
     ITER =    4     OBJ =  0.50663786E+00
     ITER =    5     OBJ =  0.56837294E+00
     ITER =    6     OBJ =  0.57307804E+00
     ITER =    7     OBJ =  0.53066293E+00
     ITER =    8     OBJ =  0.61922400E+00
     ITER =    9     OBJ =  0.62141672E+00
     ITER =   10     OBJ =  0.60741601E+00
     ITER =   11     OBJ =  0.60816306E+00
     ITER =   12     OBJ =  0.60484497E+00
     ITER =   13     OBJ =  0.60605678E+00
     ITER =   14     OBJ =  0.60569930E+00
     ITER =   15     OBJ =  0.60537238E+00
     ITER =   16     OBJ =  0.60547510E+00
     ITER =   17     OBJ =  0.60547510E+00
     ITER =   18     OBJ =  0.60547510E+00
     ITER =   19     OBJ =  0.60547510E+00
     ITER =   20     OBJ =  0.60547510E+00
     ITER =   21     OBJ =  0.60547510E+00
     ITER =   22     OBJ =  0.60547510E+00
     ITER =   23     OBJ =  0.60547510E+00
     ITER =   24     OBJ =  0.60547511E+00
     ITER =   25     OBJ =  0.60547512E+00
     ITER =   26     OBJ =  0.60547514E+00
     ITER =   27     OBJ =  0.60547517E+00
     ITER =   28     OBJ =  0.60547524E+00
     ITER =   29     OBJ =  0.60547532E+00
     ITER =   30     OBJ =  0.60547541E+00
     ITER =   31     OBJ =  0.60547564E+00
     ITER =   32     OBJ =  0.60547686E+00
     ITER =   33     OBJ =  0.60548487E+00
     ITER =   34     OBJ =  0.60556053E+00
     ITER =   35     OBJ =  0.60569483E+00
     ITER =   36     OBJ =  0.60576229E+00
     ITER =   37     OBJ =  0.60593223E+00
     ITER =   38     OBJ =  0.60613529E+00
     ITER =   39     OBJ =  0.60629010E+00
     ITER =   40     OBJ =  0.60640174E+00
     ITER =   41     OBJ =  0.60645357E+00
        NUMBER OF FUNC-CALLS:  NFUNC = 237
        NUMBER OF GRAD-CALLS:  NGRAD =  42
