



   ---------------------------------------------------------------------------
     START OF THE SEQUENTIAL LEAST SQUARES PROGRAMMING ALGORIT  
   ---------------------------------------------------------------------------

     PARAMETERS:
        ACC =   0.1000D-02
        MAXITER =500
        IPRINT =   1
IOUT =   6


     ITER =    1     OBJ =  0.17524634E+00
     ITER =    2     OBJ =  0.14471014E+00
     ITER =    3     OBJ =  0.14609090E+00
     ITER =    4     OBJ =  0.14893216E+00
     ITER =    5     OBJ =  0.15170266E+00
     ITER =    6     OBJ =  0.15069083E+00
     ITER =    7     OBJ =  0.15446530E+00
     ITER =    8     OBJ =  0.15344275E+00
     ITER =    9     OBJ =  0.15260724E+00
     ITER =   10     OBJ =  0.15263341E+00
     ITER =   11     OBJ =  0.15222527E+00
     ITER =   12     OBJ =  0.15208541E+00
     ITER =   13     OBJ =  0.15055790E+00
     ITER =   14     OBJ =  0.15070314E+00
     ITER =   15     OBJ =  0.15059585E+00
     ITER =   16     OBJ =  0.15059622E+00
     ITER =   17     OBJ =  0.15049606E+00
     ITER =   18     OBJ =  0.15049775E+00
     ITER =   19     OBJ =  0.15056119E+00
     ITER =   20     OBJ =  0.15056807E+00
     ITER =   21     OBJ =  0.15062812E+00
     ITER =   22     OBJ =  0.15076561E+00
     ITER =   23     OBJ =  0.15088903E+00
     ITER =   24     OBJ =  0.15099016E+00
        NUMBER OF FUNC-CALLS:  NFUNC =  51
        NUMBER OF GRAD-CALLS:  NGRAD =  25
