



   ---------------------------------------------------------------------------
     START OF THE SEQUENTIAL LEAST SQUARES PROGRAMMING ALGORIT  
   ---------------------------------------------------------------------------

     PARAMETERS:
        ACC =   0.1000D-01
        MAXITER =500
        IPRINT =   1
IOUT =   6


     ITER =    1     OBJ =  0.49685452E+00
     ITER =    2     OBJ =  0.59122689E+00
     ITER =    3     OBJ =  0.60274352E+00
     ITER =    4     OBJ =  0.68184408E+00
     ITER =    5     OBJ =  0.71529710E+00
     ITER =    6     OBJ =  0.75983923E+00
     ITER =    7     OBJ =  0.75757178E+00
     ITER =    8     OBJ =  0.76326148E+00
     ITER =    9     OBJ =  0.76984310E+00
     ITER =   10     OBJ =  0.77832814E+00
     ITER =   11     OBJ =  0.81559982E+00
     ITER =   12     OBJ =  0.82016148E+00
     ITER =   13     OBJ =  0.80690120E+00
     ITER =   14     OBJ =  0.88661134E+00
     ITER =   15     OBJ =  0.88699260E+00
     ITER =   16     OBJ =  0.94059299E+00
     ITER =   17     OBJ =  0.98646964E+00
     ITER =   18     OBJ =  0.11401227E+01
     ITER =   19     OBJ =  0.11264578E+01
     ITER =   20     OBJ =  0.96675012E+00
     ITER =   21     OBJ =  0.90287329E+00
     ITER =   22     OBJ =  0.88675911E+00
     ITER =   23     OBJ =  0.88273125E+00
        NUMBER OF FUNC-CALLS:  NFUNC =  67
        NUMBER OF GRAD-CALLS:  NGRAD =  24
