



   ---------------------------------------------------------------------------
     START OF THE SEQUENTIAL LEAST SQUARES PROGRAMMING ALGORIT  
   ---------------------------------------------------------------------------

     PARAMETERS:
        ACC =   0.1000D-02
        MAXITER =500
        IPRINT =   1
IOUT =   6


     ITER =    1     OBJ =  0.10577485E+00
     ITER =    2     OBJ =  0.94006858E-01
     ITER =    3     OBJ =  0.10353085E+00
     ITER =    4     OBJ =  0.11054985E+00
     ITER =    5     OBJ =  0.11641988E+00
     ITER =    6     OBJ =  0.11558480E+00
     ITER =    7     OBJ =  0.11152102E+00
     ITER =    8     OBJ =  0.11262796E+00
     ITER =    9     OBJ =  0.11276460E+00
     ITER =   10     OBJ =  0.11293673E+00
     ITER =   11     OBJ =  0.11199657E+00
     ITER =   12     OBJ =  0.11158282E+00
     ITER =   13     OBJ =  0.11076851E+00
     ITER =   14     OBJ =  0.11064890E+00
     ITER =   15     OBJ =  0.11035249E+00
     ITER =   16     OBJ =  0.10985525E+00
     ITER =   17     OBJ =  0.10965646E+00
     ITER =   18     OBJ =  0.11016275E+00
     ITER =   19     OBJ =  0.11008342E+00
     ITER =   20     OBJ =  0.11009577E+00
     ITER =   21     OBJ =  0.10989252E+00
     ITER =   22     OBJ =  0.10999877E+00
     ITER =   23     OBJ =  0.11013956E+00
     ITER =   24     OBJ =  0.11013739E+00
     ITER =   25     OBJ =  0.11013739E+00
     ITER =   26     OBJ =  0.11013739E+00
     ITER =   27     OBJ =  0.11013739E+00
     ITER =   28     OBJ =  0.11004667E+00
     ITER =   29     OBJ =  0.11003563E+00
     ITER =   30     OBJ =  0.11003563E+00
     ITER =   31     OBJ =  0.11003563E+00
        NUMBER OF FUNC-CALLS:  NFUNC = 128
        NUMBER OF GRAD-CALLS:  NGRAD =  32
