



   ---------------------------------------------------------------------------
     START OF THE SEQUENTIAL LEAST SQUARES PROGRAMMING ALGORIT  
   ---------------------------------------------------------------------------

     PARAMETERS:
        ACC =   0.1000D-02
        MAXITER =500
        IPRINT =   1
IOUT =   6


     ITER =    1     OBJ =  0.21545319E+01
     ITER =    2     OBJ =  0.18925859E+01
     ITER =    3     OBJ =  0.19014311E+01
     ITER =    4     OBJ =  0.17842747E+01
     ITER =    5     OBJ =  0.17871935E+01
     ITER =    6     OBJ =  0.17871945E+01
     ITER =    7     OBJ =  0.17872202E+01
     ITER =    8     OBJ =  0.18785291E+01
     ITER =    9     OBJ =  0.19824415E+01
     ITER =   10     OBJ =  0.18976288E+01
     ITER =   11     OBJ =  0.19092671E+01
     ITER =   12     OBJ =  0.19467169E+01
     ITER =   13     OBJ =  0.19777237E+01
     ITER =   14     OBJ =  0.20872227E+01
     ITER =   15     OBJ =  0.20859042E+01
     ITER =   16     OBJ =  0.20924193E+01
     ITER =   17     OBJ =  0.20462867E+01
     ITER =   18     OBJ =  0.20556962E+01
     ITER =   19     OBJ =  0.20556962E+01
     ITER =   20     OBJ =  0.20587266E+01
     ITER =   21     OBJ =  0.20581479E+01
     ITER =   22     OBJ =  0.20570283E+01
     ITER =   23     OBJ =  0.20568336E+01
     ITER =   24     OBJ =  0.20568191E+01
     ITER =   25     OBJ =  0.20567760E+01
     ITER =   26     OBJ =  0.20090948E+01
     ITER =   27     OBJ =  0.20268401E+01
     ITER =   28     OBJ =  0.20268401E+01
     ITER =   29     OBJ =  0.21373215E+01
     ITER =   30     OBJ =  0.21229304E+01
     ITER =   31     OBJ =  0.21543914E+01
     ITER =   32     OBJ =  0.21533091E+01
     ITER =   33     OBJ =  0.21830771E+01
     ITER =   34     OBJ =  0.21707603E+01
     ITER =   35     OBJ =  0.21906023E+01
     ITER =   36     OBJ =  0.21905792E+01
     ITER =   37     OBJ =  0.21908214E+01
     ITER =   38     OBJ =  0.21871325E+01
     ITER =   39     OBJ =  0.21748535E+01
     ITER =   40     OBJ =  0.21749944E+01
     ITER =   41     OBJ =  0.21598907E+01
     ITER =   42     OBJ =  0.21210063E+01
     ITER =   43     OBJ =  0.20719956E+01
     ITER =   44     OBJ =  0.20330362E+01
     ITER =   45     OBJ =  0.20305661E+01
     ITER =   46     OBJ =  0.20316922E+01
        NUMBER OF FUNC-CALLS:  NFUNC = 212
        NUMBER OF GRAD-CALLS:  NGRAD =  47
