



   ---------------------------------------------------------------------------
     START OF THE SEQUENTIAL LEAST SQUARES PROGRAMMING ALGORIT  
   ---------------------------------------------------------------------------

     PARAMETERS:
        ACC =   0.1000D-01
        MAXITER =500
        IPRINT =   1
IOUT =   6


     ITER =    1     OBJ =  0.56851275E+00
     ITER =    2     OBJ =  0.67871068E+00
     ITER =    3     OBJ =  0.69218618E+00
     ITER =    4     OBJ =  0.78829721E+00
     ITER =    5     OBJ =  0.78914386E+00
     ITER =    6     OBJ =  0.96800326E+00
     ITER =    7     OBJ =  0.12580814E+01
     ITER =    8     OBJ =  0.12532479E+01
     ITER =    9     OBJ =  0.11432854E+01
     ITER =   10     OBJ =  0.95408131E+00
     ITER =   11     OBJ =  0.10557023E+01
     ITER =   12     OBJ =  0.10249159E+01
     ITER =   13     OBJ =  0.11554145E+01
     ITER =   14     OBJ =  0.11524514E+01
     ITER =   15     OBJ =  0.11497556E+01
     ITER =   16     OBJ =  0.11462808E+01
     ITER =   17     OBJ =  0.10402662E+01
     ITER =   18     OBJ =  0.10439967E+01
     ITER =   19     OBJ =  0.10455434E+01
     ITER =   20     OBJ =  0.10748549E+01
     ITER =   21     OBJ =  0.10722466E+01
     ITER =   22     OBJ =  0.10643704E+01
     ITER =   23     OBJ =  0.10521902E+01
     ITER =   24     OBJ =  0.10498420E+01
     ITER =   25     OBJ =  0.10310803E+01
     ITER =   26     OBJ =  0.10102641E+01
     ITER =   27     OBJ =  0.99225525E+00
     ITER =   28     OBJ =  0.98482326E+00
     ITER =   29     OBJ =  0.98483925E+00
     ITER =   30     OBJ =  0.98501016E+00
     ITER =   31     OBJ =  0.98521821E+00
     ITER =   32     OBJ =  0.98534340E+00
     ITER =   33     OBJ =  0.98541877E+00
     ITER =   34     OBJ =  0.98547399E+00
     ITER =   35     OBJ =  0.98550853E+00
     ITER =   36     OBJ =  0.98552241E+00
     ITER =   37     OBJ =  0.98551546E+00
     ITER =   38     OBJ =  0.98566051E+00
     ITER =   39     OBJ =  0.98550659E+00
     ITER =   40     OBJ =  0.98550286E+00
        NUMBER OF FUNC-CALLS:  NFUNC = 122
        NUMBER OF GRAD-CALLS:  NGRAD =  41
