



   ---------------------------------------------------------------------------
     START OF THE SEQUENTIAL LEAST SQUARES PROGRAMMING ALGORIT  
   ---------------------------------------------------------------------------

     PARAMETERS:
        ACC =   0.1000D-05
        MAXITER =500
        IPRINT =   1
IOUT =   6


     ITER =    1     OBJ =  0.13184236E+01
     ITER =    2     OBJ =  0.11018283E+01
     ITER =    3     OBJ =  0.10788092E+01
     ITER =    4     OBJ =  0.10755565E+01
     ITER =    5     OBJ =  0.11688000E+01
     ITER =    6     OBJ =  0.11961031E+01
     ITER =    7     OBJ =  0.11993382E+01
     ITER =    8     OBJ =  0.12007523E+01
     ITER =    9     OBJ =  0.12161240E+01
     ITER =   10     OBJ =  0.12165622E+01
     ITER =   11     OBJ =  0.12153700E+01
     ITER =   12     OBJ =  0.12162232E+01
     ITER =   13     OBJ =  0.12157816E+01
     ITER =   14     OBJ =  0.12156031E+01
     ITER =   15     OBJ =  0.12157303E+01
     ITER =   16     OBJ =  0.12156077E+01
     ITER =   17     OBJ =  0.12155736E+01
     ITER =   18     OBJ =  0.12155948E+01
     ITER =   19     OBJ =  0.12155994E+01
     ITER =   20     OBJ =  0.12155985E+01
     ITER =   21     OBJ =  0.12155985E+01
     ITER =   22     OBJ =  0.12155949E+01
     ITER =   23     OBJ =  0.12155977E+01
     ITER =   24     OBJ =  0.12155928E+01
     ITER =   25     OBJ =  0.12155934E+01
     ITER =   26     OBJ =  0.12156013E+01
     ITER =   27     OBJ =  0.12156093E+01
     ITER =   28     OBJ =  0.12155956E+01
     ITER =   29     OBJ =  0.12156079E+01
     ITER =   30     OBJ =  0.12156040E+01
     ITER =   31     OBJ =  0.12156012E+01
     ITER =   32     OBJ =  0.12156001E+01
     ITER =   33     OBJ =  0.12155996E+01
     ITER =   34     OBJ =  0.12156019E+01
     ITER =   35     OBJ =  0.12156029E+01
     ITER =   36     OBJ =  0.12156024E+01
     ITER =   37     OBJ =  0.12156009E+01
     ITER =   38     OBJ =  0.12156004E+01
     ITER =   39     OBJ =  0.12156002E+01
     ITER =   40     OBJ =  0.12156001E+01
     ITER =   41     OBJ =  0.12156003E+01
     ITER =   42     OBJ =  0.12155954E+01
     ITER =   43     OBJ =  0.12156001E+01
     ITER =   44     OBJ =  0.12155997E+01
     ITER =   45     OBJ =  0.12155950E+01
     ITER =   46     OBJ =  0.12156000E+01
     ITER =   48     OBJ =  0.12156000E+01
     ITER =   49     OBJ =  0.12156000E+01
     ITER =   50     OBJ =  0.12156000E+01
     ITER =   51     OBJ =  0.12156000E+01
     ITER =   52     OBJ =  0.12156000E+01
     ITER =   53     OBJ =  0.12138650E+01
     ITER =   54     OBJ =  0.12160631E+01
     ITER =   55     OBJ =  0.12160664E+01
     ITER =   56     OBJ =  0.12155039E+01
     ITER =   57     OBJ =  0.12151368E+01
     ITER =   58     OBJ =  0.12151217E+01
     ITER =   59     OBJ =  0.12151503E+01
     ITER =   60     OBJ =  0.12152157E+01
     ITER =   61     OBJ =  0.12152185E+01
     ITER =   62     OBJ =  0.12152674E+01
     ITER =   63     OBJ =  0.12152674E+01
     ITER =   64     OBJ =  0.12152674E+01
     ITER =   65     OBJ =  0.12152674E+01
     ITER =   66     OBJ =  0.12152674E+01
     ITER =   67     OBJ =  0.12152674E+01
     ITER =   68     OBJ =  0.12152674E+01
     ITER =   69     OBJ =  0.12152793E+01
     ITER =   70     OBJ =  0.12153680E+01
     ITER =   71     OBJ =  0.12152647E+01
     ITER =   72     OBJ =  0.12152994E+01
     ITER =   73     OBJ =  0.12152904E+01
     ITER =   74     OBJ =  0.12152839E+01
     ITER =   75     OBJ =  0.12152827E+01
     ITER =   76     OBJ =  0.12152824E+01
     ITER =   77     OBJ =  0.12151455E+01
     ITER =   78     OBJ =  0.12152530E+01
     ITER =   79     OBJ =  0.12155246E+01
     ITER =   80     OBJ =  0.12156576E+01
     ITER =   81     OBJ =  0.12150228E+01
     ITER =   82     OBJ =  0.12150896E+01
     ITER =   83     OBJ =  0.12150896E+01
     ITER =   84     OBJ =  0.12150896E+01
     ITER =   85     OBJ =  0.12151909E+01
     ITER =   86     OBJ =  0.12153819E+01
     ITER =   87     OBJ =  0.12152333E+01
     ITER =   88     OBJ =  0.12152845E+01
     ITER =   89     OBJ =  0.12152228E+01
     ITER =   90     OBJ =  0.12152424E+01
     ITER =   91     OBJ =  0.12152404E+01
     ITER =   92     OBJ =  0.12152491E+01
     ITER =   93     OBJ =  0.12151520E+01
     ITER =   94     OBJ =  0.12152735E+01
     ITER =   95     OBJ =  0.12152735E+01
     ITER =   96     OBJ =  0.12152735E+01
     ITER =   97     OBJ =  0.12152735E+01
     ITER =   98     OBJ =  0.12152779E+01
     ITER =   99     OBJ =  0.12154333E+01
     ITER =  100     OBJ =  0.12153693E+01
     ITER =  101     OBJ =  0.12153744E+01
        NUMBER OF FUNC-CALLS:  NFUNC = 482
        NUMBER OF GRAD-CALLS:  NGRAD = 101
