



   ---------------------------------------------------------------------------
     START OF THE SEQUENTIAL LEAST SQUARES PROGRAMMING ALGORIT  
   ---------------------------------------------------------------------------

     PARAMETERS:
        ACC =   0.1000D-01
        MAXITER =500
        IPRINT =   1
IOUT =   6


     ITER =    1     OBJ =  0.17666017E+01
     ITER =    2     OBJ =  0.16332493E+01
     ITER =    3     OBJ =  0.12373834E+01
     ITER =    4     OBJ =  0.12869670E+01
     ITER =    5     OBJ =  0.16379206E+01
     ITER =    6     OBJ =  0.17078613E+01
     ITER =    7     OBJ =  0.16707226E+01
     ITER =    8     OBJ =  0.17001288E+01
     ITER =    9     OBJ =  0.17092138E+01
     ITER =   10     OBJ =  0.17354474E+01
     ITER =   11     OBJ =  0.18360755E+01
     ITER =   12     OBJ =  0.19182651E+01
     ITER =   13     OBJ =  0.19313977E+01
     ITER =   14     OBJ =  0.19328033E+01
     ITER =   15     OBJ =  0.20294387E+01
     ITER =   16     OBJ =  0.20200078E+01
     ITER =   17     OBJ =  0.20214504E+01
     ITER =   18     OBJ =  0.20306109E+01
     ITER =   19     OBJ =  0.20199571E+01
     ITER =   20     OBJ =  0.20218966E+01
        NUMBER OF FUNC-CALLS:  NFUNC =  81
        NUMBER OF GRAD-CALLS:  NGRAD =  21
