



   ---------------------------------------------------------------------------
     START OF THE SEQUENTIAL LEAST SQUARES PROGRAMMING ALGORIT  
   ---------------------------------------------------------------------------

     PARAMETERS:
        ACC =   0.1000D-02
        MAXITER =500
        IPRINT =   1
IOUT =   6


     ITER =    1     OBJ =  0.39845797E+00
     ITER =    2     OBJ =  0.44483811E+00
     ITER =    3     OBJ =  0.43597435E+00
     ITER =    4     OBJ =  0.47037341E+00
     ITER =    5     OBJ =  0.46253120E+00
     ITER =    6     OBJ =  0.47766350E+00
     ITER =    7     OBJ =  0.47067559E+00
     ITER =    8     OBJ =  0.46498111E+00
     ITER =    9     OBJ =  0.46371050E+00
     ITER =   10     OBJ =  0.46167788E+00
     ITER =   11     OBJ =  0.46139483E+00
     ITER =   12     OBJ =  0.46573631E+00
     ITER =   13     OBJ =  0.46547516E+00
     ITER =   14     OBJ =  0.46544217E+00
     ITER =   15     OBJ =  0.46546789E+00
     ITER =   16     OBJ =  0.47025115E+00
     ITER =   17     OBJ =  0.46995304E+00
     ITER =   18     OBJ =  0.46977959E+00
     ITER =   19     OBJ =  0.46960313E+00
     ITER =   20     OBJ =  0.46959318E+00
     ITER =   21     OBJ =  0.46966870E+00
     ITER =   22     OBJ =  0.46970186E+00
     ITER =   23     OBJ =  0.46930974E+00
     ITER =   24     OBJ =  0.46923469E+00
     ITER =   25     OBJ =  0.46917129E+00
     ITER =   26     OBJ =  0.46894261E+00
     ITER =   27     OBJ =  0.46987583E+00
     ITER =   28     OBJ =  0.46892519E+00
        NUMBER OF FUNC-CALLS:  NFUNC =  96
        NUMBER OF GRAD-CALLS:  NGRAD =  29
