



   ---------------------------------------------------------------------------
     START OF THE SEQUENTIAL LEAST SQUARES PROGRAMMING ALGORIT  
   ---------------------------------------------------------------------------

     PARAMETERS:
        ACC =   0.1000D-02
        MAXITER =500
        IPRINT =   1
IOUT =   6


     ITER =    1     OBJ =  0.52664388E+00
     ITER =    2     OBJ =  0.45628016E+00
     ITER =    3     OBJ =  0.46004159E+00
     ITER =    4     OBJ =  0.42709878E+00
     ITER =    5     OBJ =  0.43555177E+00
     ITER =    6     OBJ =  0.56811957E+00
     ITER =    7     OBJ =  0.57199967E+00
     ITER =    8     OBJ =  0.59987470E+00
     ITER =    9     OBJ =  0.68747018E+00
     ITER =   10     OBJ =  0.69324249E+00
     ITER =   11     OBJ =  0.67861052E+00
     ITER =   12     OBJ =  0.68062168E+00
     ITER =   13     OBJ =  0.68077354E+00
     ITER =   14     OBJ =  0.68228461E+00
     ITER =   15     OBJ =  0.68249143E+00
     ITER =   16     OBJ =  0.68200815E+00
     ITER =   17     OBJ =  0.68164625E+00
     ITER =   18     OBJ =  0.68227497E+00
     ITER =   19     OBJ =  0.68230167E+00
     ITER =   20     OBJ =  0.68152429E+00
     ITER =   21     OBJ =  0.68196422E+00
     ITER =   22     OBJ =  0.68033901E+00
     ITER =   23     OBJ =  0.68101771E+00
     ITER =   24     OBJ =  0.68128600E+00
        NUMBER OF FUNC-CALLS:  NFUNC = 102
        NUMBER OF GRAD-CALLS:  NGRAD =  25
