



   ---------------------------------------------------------------------------
     START OF THE SEQUENTIAL LEAST SQUARES PROGRAMMING ALGORIT  
   ---------------------------------------------------------------------------

     PARAMETERS:
        ACC =   0.1000D-01
        MAXITER =500
        IPRINT =   1
IOUT =   6


     ITER =    1     OBJ =  0.11888541E+01
     ITER =    2     OBJ =  0.11844784E+01
     ITER =    3     OBJ =  0.12912544E+01
     ITER =    4     OBJ =  0.15241340E+01
     ITER =    5     OBJ =  0.16184755E+01
     ITER =    6     OBJ =  0.18563613E+01
     ITER =    7     OBJ =  0.22732917E+01
     ITER =    8     OBJ =  0.22183316E+01
     ITER =    9     OBJ =  0.21891161E+01
     ITER =   10     OBJ =  0.21924526E+01
     ITER =   11     OBJ =  0.22752839E+01
     ITER =   12     OBJ =  0.22374119E+01
     ITER =   13     OBJ =  0.22292786E+01
     ITER =   14     OBJ =  0.22189142E+01
     ITER =   15     OBJ =  0.22190246E+01
     ITER =   16     OBJ =  0.22199854E+01
     ITER =   17     OBJ =  0.22199237E+01
     ITER =   18     OBJ =  0.22211299E+01
     ITER =   19     OBJ =  0.22214275E+01
     ITER =   20     OBJ =  0.22213263E+01
     ITER =   21     OBJ =  0.22215526E+01
     ITER =   22     OBJ =  0.22214318E+01
     ITER =   23     OBJ =  0.22216521E+01
     ITER =   24     OBJ =  0.22215297E+01
     ITER =   25     OBJ =  0.22217377E+01
     ITER =   26     OBJ =  0.22216217E+01
     ITER =   27     OBJ =  0.22218129E+01
     ITER =   28     OBJ =  0.22217076E+01
     ITER =   29     OBJ =  0.22218839E+01
     ITER =   30     OBJ =  0.22217926E+01
     ITER =   31     OBJ =  0.22219857E+01
     ITER =   32     OBJ =  0.22219100E+01
     ITER =   33     OBJ =  0.22220973E+01
     ITER =   34     OBJ =  0.22220450E+01
     ITER =   35     OBJ =  0.22222146E+01
     ITER =   36     OBJ =  0.22221916E+01
     ITER =   37     OBJ =  0.22223258E+01
     ITER =   38     OBJ =  0.22223475E+01
     ITER =   39     OBJ =  0.22223475E+01
        NUMBER OF FUNC-CALLS:  NFUNC = 198
        NUMBER OF GRAD-CALLS:  NGRAD =  40
