



   ---------------------------------------------------------------------------
     START OF THE SEQUENTIAL LEAST SQUARES PROGRAMMING ALGORIT  
   ---------------------------------------------------------------------------

     PARAMETERS:
        ACC =   0.1000D-01
        MAXITER =500
        IPRINT =   1
IOUT =   6


     ITER =    1     OBJ =  0.16786577E+01
     ITER =    2     OBJ =  0.15385033E+01
     ITER =    3     OBJ =  0.14451362E+01
     ITER =    4     OBJ =  0.15272441E+01
     ITER =    5     OBJ =  0.16297752E+01
     ITER =    6     OBJ =  0.16958959E+01
     ITER =    7     OBJ =  0.17983994E+01
     ITER =    8     OBJ =  0.18075446E+01
     ITER =    9     OBJ =  0.18510146E+01
     ITER =   10     OBJ =  0.22670457E+01
     ITER =   11     OBJ =  0.23068307E+01
     ITER =   12     OBJ =  0.23119249E+01
     ITER =   13     OBJ =  0.23119249E+01
     ITER =   14     OBJ =  0.23119249E+01
     ITER =   15     OBJ =  0.23553970E+01
     ITER =   16     OBJ =  0.23557670E+01
     ITER =   17     OBJ =  0.23557670E+01
     ITER =   18     OBJ =  0.23723550E+01
        NUMBER OF FUNC-CALLS:  NFUNC =  88
        NUMBER OF GRAD-CALLS:  NGRAD =  19
