



   ---------------------------------------------------------------------------
     START OF THE SEQUENTIAL LEAST SQUARES PROGRAMMING ALGORIT  
   ---------------------------------------------------------------------------

     PARAMETERS:
        ACC =   0.1000D-03
        MAXITER =500
        IPRINT =   1
IOUT =   6


     ITER =    1     OBJ =  0.81681106E+00
     ITER =    2     OBJ =  0.83128894E+00
     ITER =    3     OBJ =  0.43709580E+00
     ITER =    4     OBJ =  0.44044867E+00
     ITER =    5     OBJ =  0.52646244E+00
     ITER =    6     OBJ =  0.51744893E+00
     ITER =    7     OBJ =  0.59764477E+00
     ITER =    8     OBJ =  0.58278134E+00
     ITER =    9     OBJ =  0.57392028E+00
     ITER =   10     OBJ =  0.57391564E+00
     ITER =   11     OBJ =  0.58041141E+00
     ITER =   12     OBJ =  0.56925981E+00
     ITER =   13     OBJ =  0.56982427E+00
     ITER =   14     OBJ =  0.57006634E+00
     ITER =   15     OBJ =  0.57025944E+00
     ITER =   16     OBJ =  0.56922925E+00
     ITER =   17     OBJ =  0.56990900E+00
