
 ==============================
 S N O P T  7.6.0    (Jan 2017)
 ==============================
 
 SNMEMB EXIT 100 -- finished successfully
 SNMEMB INFO 104 -- memory requirements estimated

 ==============================
 S N O P T  7.6.0    (Jan 2017)
 ==============================
 
 

 Nonlinear constraints      11     Linear constraints       0
 Nonlinear variables        15     Linear variables         0
 Jacobian  variables        15     Objective variables     15
 Total constraints          11     Total variables         15
 

 
 The user has defined     165   out of     165   constraint gradients.
 The user has defined      15   out of      15   objective  gradients.
 

 Major Minors     Step   nCon Feasible  Optimal  MeritFunction     nS Penalty
     0     14               1  1.5E+01  5.1E-02  9.4506478E-01      9           r
     1     14  1.0E+00      2  4.4E+00  4.9E-02  3.7472144E-01     11 1.8E-02   r
     2      8  1.0E+00      3  2.4E+00  2.5E-01  1.3527354E+00     12 4.0E-02 s
     2      7               9  2.4E+00  1.5E+01  1.2052633E+00     10         s R
     3      7  1.0E+00     10  3.5E-01  1.3E+00  7.0950958E+00     12 5.0E+00 s
     4      2  1.0E+00     11  4.0E-01  1.4E+00  1.1066125E+00     13 2.3E+00
     4      3              17  4.0E-01  3.0E+00  1.1010057E+00     13           R
     4      4              23  4.0E-01  2.9E-02  1.1010057E+00     12           r
     5      6  1.0E+00     25  5.3E+00  2.5E-02  6.4569479E-01     10         sm
     6      7  7.1E-01     27  3.4E-01  7.7E+00  7.8978344E-01      6 3.8E-03
     7      3  2.5E-01     31  2.1E+00  6.3E-01  6.8005286E-01      8 3.8E-03
     8      4  1.0E+00     32  4.8E-01  2.2E+00  5.2691113E-01      9 3.8E-03
     8      4              37  4.8E-01  1.1E+00  5.2585731E-01     11           R
     9      2  1.0E+00     38  1.1E-01  1.6E+00  2.7213801E+00     12 7.1E+01 s

 Major Minors     Step   nCon Feasible  Optimal  MeritFunction     nS Penalty
    10      1  1.0E+00     40  9.7E-03  2.5E-01  5.4876748E-01     12 1.1E+01  M
    11      1  5.2E-01     45  4.7E-03  9.4E-02  5.4835087E-01     12 1.1E+01  m
    12      1  2.9E-01     48  3.4E-03  1.1E-01  5.4823966E-01     12 1.1E+01
    13      2  1.0E+00     54  2.8E-04  6.5E-02  5.4762587E-01     11 1.1E+01
    13      2              58  2.8E-04  7.0E-02  5.4762547E-01     12           R
    14      2  1.0E+00     59  3.9E-04  1.3E-01  5.4760356E-01     11         s
    15      7  1.0E+00     61  7.4E-03  1.2E-01  5.4421813E-01     10          m
    16      3  1.0E+00     63  8.4E-02  1.0E-02  5.4054384E-01      8          m
    17      2  1.0E+00     65  1.5E-01  4.0E-01  5.3682301E-01      9          m
    17      6              71  1.5E-01  1.9E-01  5.3682301E-01     12          mR
    17      2              77  1.5E-01  1.8E-02  5.3682301E-01     11          mr
    18     14  1.0E+00     79  2.1E-01  3.8E-01  5.2989023E-01      8         sm
    19      4  1.0E+00     81  2.1E-01  5.8E-02  5.4068310E-01      8 3.3E-03  m
    19      3              87  2.1E-01  3.4E-02  5.4067562E-01      8          mR
    19      1              93  2.1E-01  1.7E-02  5.4067562E-01      8          mr

 Major Minors     Step   nCon Feasible  Optimal  MeritFunction     nS Penalty
    20      4  1.0E+00     95  3.8E-01  3.7E-01  5.3097997E-01     10 2.7E-02 sm

 Major Minors     Step   nCon Feasible  Optimal  MeritFunction     nS Penalty
    20      3             101  3.8E-01  8.6E-01  5.2965054E-01      8         smR
    21      2  9.6E-01    104  2.9E-01  4.8E-01  5.4062074E-01      8 9.0E-03 s
    22      1  1.0E+00    105  9.5E-03  5.3E-02  5.4093259E-01      8 1.0E-02
    23      2  1.0E+00    106  5.1E-02  6.5E-01  5.4020943E-01      7 1.0E-02
    24      1  1.0E+00    112  3.4E-02  4.7E-01  5.3139808E-01      7 1.0E-02
    24      7             117  3.4E-02  7.4E-01  5.3135509E-01     13           R
    25      7  1.0E+00    118  1.5E-02  2.7E-01  5.4990609E-01     10 2.6E+00 s
    26      5  1.0E+00    119  1.7E-03  2.4E-01  5.3401673E-01     14 2.6E+00
    27      3  1.0E+00    120 (0.0E+00) 3.1E-01  5.3358006E-01     12 2.6E+00
    28      2  1.0E+00    121 (0.0E+00) 8.7E-02  5.3328701E-01     11 2.6E+00
    29      4  1.0E+00    122 (9.8E-05) 8.9E-02  5.3319518E-01      9 2.6E+00

 Major Minors     Step   nCon Feasible  Optimal  MeritFunction     nS Penalty
    30      2  1.0E+00    124 (4.3E-05) 9.4E-02  5.3308945E-01      8 2.6E+00  m
    31      5  1.0E+00    126 (5.7E-07) 1.4E-01  5.3290528E-01     10 2.6E+00  m
    32      1  1.0E+00    128  6.1E-04  4.7E-01  5.3287681E-01     10 2.6E+00  m
    33      3  1.0E+00    129  2.8E-04  3.3E-01  5.3285858E-01     10 2.6E+00
    34      3  1.0E+00    135  6.1E-03  3.8E-01  5.3273693E-01      9 2.6E+00
    35      5  1.0E+00    136  2.3E-03  8.3E-02  5.3271722E-01      8 2.6E+00
    36      1  1.0E+00    137 (6.0E-05) 1.0E-01  5.3267587E-01      8 2.6E+00
    37      3  1.0E+00    138 (2.5E-05) 6.9E-02  5.3266162E-01      7 2.6E+00
    38      4  1.0E+00    139 (4.3E-05) 3.5E-01  5.3264566E-01      8 2.6E+00
    39      2  1.0E+00    140  1.5E-03  4.2E-01  5.3142815E-01      9 2.6E+00
    39      4             145  1.5E-03  7.0E-01  5.3139366E-01     12           R
    39     10             150  1.5E-03  3.6E-02  5.3139366E-01     10           r

 Major Minors     Step   nCon Feasible  Optimal  MeritFunction     nS Penalty
    40     15  1.0E+00    152  3.6E+00  2.1E-02  5.0028147E-01     11         sm
    41      8  1.0E+00    154  5.6E+01  1.3E-02  1.7597201E-01     10          m
    42     32  3.3E-03    165  5.4E+01  1.6E-01  3.6880792E-01      8 4.6E-05
    43     11  1.7E-08    175  5.4E+01  5.7E-02  5.0310592E-01      8 7.7E-05
    44     24  7.1E-01    178  1.8E+01  1.1E+00  4.6604067E-01      8 7.7E-05
    44      8             184  1.8E+01  2.5E+00  4.4773973E-01     10           R
    45      7  1.0E+00    186  1.6E+01  4.2E+00  1.8929751E+04      9 7.7E+01 sm
    46      7  1.0E+00    188  4.8E+00  2.3E+01  5.4668035E+02     10 1.1E+01  m
    47      6  1.0E+00    190  1.4E+00  7.9E+00  5.2085631E+02     12 8.3E+00  m
    48     12  1.0E+00    192  1.7E+00  1.3E+01  4.4868426E+01      7 8.3E+00  M
    49      6  1.0E+00    193  4.0E-01  3.0E+01  5.0218508E+02     11 3.0E+02

 Major Minors     Step   nCon Feasible  Optimal  MeritFunction     nS Penalty
    50      3  1.0E+00    194  3.1E-01  4.9E+00  1.6331243E+01     11 5.0E+01
    51      2  1.0E+00    195  1.2E-01  1.0E+00  1.6600136E+00     11 5.0E+01
    52     11  1.0E+00    196  3.9E-02  6.6E-01  5.5596648E-01     14 5.0E+01
    53      4  1.0E+00    197 (1.5E-05) 9.9E-01  5.3827208E-01     12 5.0E+01
    54      2  1.0E+00    198  3.3E-04  8.7E-01  5.3816253E-01     12 5.0E+01
    55      8  2.4E-01    200 (0.0E+00) 4.0E-01  5.3815230E-01     12 5.0E+01
    55      6             205 (0.0E+00) 1.9E-01  5.3815230E-01     15           R
    55      5             208 (0.0E+00) 4.0E-02  5.3815230E-01     11           r
    56      7  1.0E+00    210  2.6E-02  9.4E-02  5.3162086E-01      6         sM
    57      2  1.0E+00    212  4.4E-01  9.8E-02  5.2558645E-01      5          m
    58      2  1.0E+00    214  2.8E-01  1.4E-01  5.1093407E-01      4          M
    59      5  9.1E-02    220  2.9E-01  1.4E+00  5.0181655E-01      6
    59     10             225  2.9E-01  2.1E+00  5.0181655E-01     11           R

 Major Minors     Step   nCon Feasible  Optimal  MeritFunction     nS Penalty
    60      9  5.2E-02    234  4.0E-01  3.1E-01  2.7631305E+00      7 3.2E+01 s
    61      6  1.0E+00    235  7.5E-03  8.1E+00  1.4011235E+00     12 5.8E+01
    62      3  1.0E+00    236 (0.0E+00) 3.7E-01  5.1043437E-01     13 8.9E+00
    62      3             240 (0.0E+00) 1.8E-01  5.1040599E-01     15           R
    62      7             244 (0.0E+00) 5.6E-02  5.1040599E-01     10           r
 
 SNOPTC EXIT  40 -- terminated after numerical difficulties
 SNOPTC INFO  41 -- current point cannot be improved

 Problem name                 S
 No. of iterations                 451   Objective            5.1108662514E-01
 No. of major iterations            62   Linear    obj. term  0.0000000000E+00
 Penalty parameter           4.233E+01   Nonlinear obj. term  5.1108662514E-01
 User function calls (total)       250
 No. of superbasics                 10   No. of basic nonlinears             6
 No. of degenerate steps            19   Percentage                       4.21
 Max x                       5 1.5E+00   Max pi                      1 7.6E-02
 Max Primal infeas           0 0.0E+00   Max Dual infeas             7 1.1E-01
 Nonlinear constraint violn    0.0E+00
 
 

 Solution printed on file  18
 
 Time for MPS input                             0.00 seconds
 Time for solving problem                   89940.20 seconds
 Time for solution output                       0.00 seconds
 Time for constraint functions              89963.31 seconds
 Time for objective function                    0.00 seconds
