



   ---------------------------------------------------------------------------
     START OF THE SEQUENTIAL LEAST SQUARES PROGRAMMING ALGORIT  
   ---------------------------------------------------------------------------

     PARAMETERS:
        ACC =   0.1000D-01
        MAXITER =500
        IPRINT =   1
IOUT =   6


     ITER =    1     OBJ =  0.79862657E+00
     ITER =    2     OBJ =  0.77868594E+00
     ITER =    3     OBJ =  0.79094329E+00
     ITER =    4     OBJ =  0.81578802E+00
     ITER =    5     OBJ =  0.89833896E+00
     ITER =    6     OBJ =  0.96390220E+00
     ITER =    7     OBJ =  0.99602842E+00
     ITER =    8     OBJ =  0.10384069E+01
     ITER =    9     OBJ =  0.10391239E+01
     ITER =   10     OBJ =  0.10915383E+01
     ITER =   11     OBJ =  0.10951427E+01
     ITER =   12     OBJ =  0.10951427E+01
     ITER =   13     OBJ =  0.10951427E+01
     ITER =   14     OBJ =  0.10951427E+01
     ITER =   15     OBJ =  0.10951736E+01
     ITER =   16     OBJ =  0.10951774E+01
     ITER =   17     OBJ =  0.12581267E+01
     ITER =   18     OBJ =  0.12582805E+01
     ITER =   19     OBJ =  0.12586741E+01
     ITER =   20     OBJ =  0.12588389E+01
     ITER =   21     OBJ =  0.12695744E+01
     ITER =   22     OBJ =  0.12702382E+01
     ITER =   23     OBJ =  0.12843562E+01
     ITER =   24     OBJ =  0.12780961E+01
     ITER =   25     OBJ =  0.12821481E+01
     ITER =   26     OBJ =  0.12794874E+01
     ITER =   27     OBJ =  0.12772736E+01
     ITER =   28     OBJ =  0.12773364E+01
        NUMBER OF FUNC-CALLS:  NFUNC = 151
        NUMBER OF GRAD-CALLS:  NGRAD =  29
