



   ---------------------------------------------------------------------------
     START OF THE SEQUENTIAL LEAST SQUARES PROGRAMMING ALGORIT  
   ---------------------------------------------------------------------------

     PARAMETERS:
        ACC =   0.1000D-02
        MAXITER =500
        IPRINT =   1
IOUT =   6


     ITER =    1     OBJ =  0.55658494E+00
     ITER =    2     OBJ =  0.66270425E+00
     ITER =    3     OBJ =  0.65852268E+00
     ITER =    4     OBJ =  0.71206447E+00
     ITER =    5     OBJ =  0.71580960E+00
     ITER =    6     OBJ =  0.74381887E+00
     ITER =    7     OBJ =  0.73435576E+00
     ITER =    8     OBJ =  0.72888512E+00
     ITER =    9     OBJ =  0.72849692E+00
     ITER =   10     OBJ =  0.72858012E+00
     ITER =   11     OBJ =  0.72825517E+00
     ITER =   12     OBJ =  0.72716512E+00
     ITER =   13     OBJ =  0.72611871E+00
     ITER =   14     OBJ =  0.72820553E+00
     ITER =   15     OBJ =  0.72915281E+00
     ITER =   16     OBJ =  0.72679376E+00
     ITER =   17     OBJ =  0.72764034E+00
     ITER =   18     OBJ =  0.72751552E+00
     ITER =   19     OBJ =  0.72744502E+00
        NUMBER OF FUNC-CALLS:  NFUNC =  52
        NUMBER OF GRAD-CALLS:  NGRAD =  20
