



   ---------------------------------------------------------------------------
     START OF THE SEQUENTIAL LEAST SQUARES PROGRAMMING ALGORIT  
   ---------------------------------------------------------------------------

     PARAMETERS:
        ACC =   0.1000D-02
        MAXITER =500
        IPRINT =   1
IOUT =   6


     ITER =    1     OBJ =  0.63811752E+00
     ITER =    2     OBJ =  0.76644696E+00
     ITER =    3     OBJ =  0.64162982E+00
     ITER =    4     OBJ =  0.91883580E+00
     ITER =    5     OBJ =  0.89765975E+00
     ITER =    6     OBJ =  0.85452909E+00
     ITER =    7     OBJ =  0.92092549E+00
     ITER =    8     OBJ =  0.89914848E+00
     ITER =    9     OBJ =  0.90803009E+00
     ITER =   10     OBJ =  0.99302035E+00
     ITER =   11     OBJ =  0.93763835E+00
     ITER =   12     OBJ =  0.93879747E+00
     ITER =   13     OBJ =  0.98531731E+00
     ITER =   15     OBJ =  0.81537455E+00
     ITER =   16     OBJ =  0.70681188E+00
     ITER =   17     OBJ =  0.70543453E+00
     ITER =   18     OBJ =  0.80859104E+00
     ITER =   19     OBJ =  0.93972969E+00
     ITER =   20     OBJ =  0.96862430E+00
     ITER =   21     OBJ =  0.97297459E+00
     ITER =   22     OBJ =  0.97302225E+00
     ITER =   23     OBJ =  0.97059858E+00
     ITER =   24     OBJ =  0.97792946E+00
     ITER =   25     OBJ =  0.97762342E+00
        NUMBER OF FUNC-CALLS:  NFUNC =  61
        NUMBER OF GRAD-CALLS:  NGRAD =  25
