



   ---------------------------------------------------------------------------
     START OF THE SEQUENTIAL LEAST SQUARES PROGRAMMING ALGORIT  
   ---------------------------------------------------------------------------

     PARAMETERS:
        ACC =   0.1000D-02
        MAXITER =500
        IPRINT =   1
IOUT =   6


     ITER =    1     OBJ =  0.10550799E+01
     ITER =    2     OBJ =  0.97317483E+00
     ITER =    3     OBJ =  0.98011183E+00
     ITER =    4     OBJ =  0.11757586E+01
     ITER =    5     OBJ =  0.12076731E+01
     ITER =    6     OBJ =  0.12261512E+01
     ITER =    7     OBJ =  0.12671534E+01
     ITER =    8     OBJ =  0.14591156E+01
     ITER =    9     OBJ =  0.14095137E+01
     ITER =   10     OBJ =  0.13014788E+01
     ITER =   11     OBJ =  0.13291235E+01
     ITER =   12     OBJ =  0.13294584E+01
     ITER =   13     OBJ =  0.13341478E+01
     ITER =   14     OBJ =  0.13293533E+01
     ITER =   15     OBJ =  0.13121949E+01
     ITER =   16     OBJ =  0.13084100E+01
     ITER =   17     OBJ =  0.13084394E+01
     ITER =   18     OBJ =  0.13152657E+01
     ITER =   19     OBJ =  0.13146203E+01
        NUMBER OF FUNC-CALLS:  NFUNC =  59
        NUMBER OF GRAD-CALLS:  NGRAD =  20
