



   ---------------------------------------------------------------------------
     START OF THE SEQUENTIAL LEAST SQUARES PROGRAMMING ALGORIT  
   ---------------------------------------------------------------------------

     PARAMETERS:
        ACC =   0.1000D-01
        MAXITER =500
        IPRINT =   1
IOUT =   6


     ITER =    1     OBJ =  0.44974060E+00
     ITER =    2     OBJ =  0.46347511E+00
     ITER =    3     OBJ =  0.46260480E+00
     ITER =    4     OBJ =  0.46835840E+00
     ITER =    5     OBJ =  0.54940321E+00
     ITER =    6     OBJ =  0.64956287E+00
     ITER =    7     OBJ =  0.64031967E+00
     ITER =    8     OBJ =  0.63932270E+00
     ITER =    9     OBJ =  0.62900614E+00
     ITER =   10     OBJ =  0.63165767E+00
     ITER =   11     OBJ =  0.63233424E+00
     ITER =   12     OBJ =  0.63366841E+00
     ITER =   13     OBJ =  0.63424739E+00
     ITER =   14     OBJ =  0.63535272E+00
     ITER =   15     OBJ =  0.63535272E+00
     ITER =   16     OBJ =  0.63535273E+00
     ITER =   17     OBJ =  0.64008530E+00
     ITER =   18     OBJ =  0.64012590E+00
     ITER =   19     OBJ =  0.63859379E+00
     ITER =   20     OBJ =  0.63931505E+00
     ITER =   21     OBJ =  0.64081216E+00
     ITER =   22     OBJ =  0.64085129E+00
     ITER =   23     OBJ =  0.64073908E+00
     ITER =   24     OBJ =  0.64074118E+00
     ITER =   25     OBJ =  0.64074118E+00
        NUMBER OF FUNC-CALLS:  NFUNC = 141
        NUMBER OF GRAD-CALLS:  NGRAD =  26
