



   ---------------------------------------------------------------------------
     START OF THE SEQUENTIAL LEAST SQUARES PROGRAMMING ALGORIT  
   ---------------------------------------------------------------------------

     PARAMETERS:
        ACC =   0.1000D-02
        MAXITER =500
        IPRINT =   1
IOUT =   6


     ITER =    1     OBJ =  0.77748520E+00
     ITER =    2     OBJ =  0.72636379E+00
     ITER =    3     OBJ =  0.72666161E+00
     ITER =    4     OBJ =  0.82297555E+00
     ITER =    5     OBJ =  0.91435031E+00
     ITER =    6     OBJ =  0.92399563E+00
     ITER =    7     OBJ =  0.12619420E+01
     ITER =    8     OBJ =  0.12560007E+01
     ITER =    9     OBJ =  0.12922645E+01
     ITER =   10     OBJ =  0.11965013E+01
     ITER =   11     OBJ =  0.11803224E+01
     ITER =   12     OBJ =  0.13062666E+01
     ITER =   13     OBJ =  0.12047364E+01
     ITER =   14     OBJ =  0.12182975E+01
     ITER =   15     OBJ =  0.14073349E+01
     ITER =   16     OBJ =  0.14213893E+01
     ITER =   17     OBJ =  0.14236710E+01
     ITER =   18     OBJ =  0.14254625E+01
     ITER =   19     OBJ =  0.14266205E+01
     ITER =   20     OBJ =  0.14272884E+01
     ITER =   21     OBJ =  0.14275714E+01
     ITER =   22     OBJ =  0.14277682E+01
     ITER =   23     OBJ =  0.14278670E+01
     ITER =   24     OBJ =  0.14279290E+01
     ITER =   25     OBJ =  0.14279631E+01
     ITER =   26     OBJ =  0.14279877E+01
     ITER =   27     OBJ =  0.14280045E+01
     ITER =   28     OBJ =  0.14280162E+01
     ITER =   29     OBJ =  0.14280195E+01
     ITER =   30     OBJ =  0.14280238E+01
     ITER =   31     OBJ =  0.14280270E+01
     ITER =   32     OBJ =  0.14280721E+01
     ITER =   33     OBJ =  0.14281749E+01
     ITER =   34     OBJ =  0.14282549E+01
     ITER =   35     OBJ =  0.14283987E+01
     ITER =   36     OBJ =  0.14285186E+01
     ITER =   37     OBJ =  0.14311634E+01
     ITER =   38     OBJ =  0.14333339E+01
     ITER =   39     OBJ =  0.14331679E+01
     ITER =   40     OBJ =  0.14369224E+01
     ITER =   41     OBJ =  0.14393430E+01
     ITER =   42     OBJ =  0.14426685E+01
     ITER =   43     OBJ =  0.14431407E+01
     ITER =   44     OBJ =  0.14435418E+01
     ITER =   45     OBJ =  0.14436471E+01
     ITER =   46     OBJ =  0.14438037E+01
     ITER =   47     OBJ =  0.14438959E+01
     ITER =   48     OBJ =  0.14439467E+01
     ITER =   49     OBJ =  0.14439778E+01
     ITER =   50     OBJ =  0.14440178E+01
     ITER =   51     OBJ =  0.14440722E+01
     ITER =   52     OBJ =  0.15275819E+01
     ITER =   53     OBJ =  0.15279294E+01
     ITER =   54     OBJ =  0.15466693E+01
     ITER =   55     OBJ =  0.15466208E+01
     ITER =   56     OBJ =  0.15466209E+01
     ITER =   57     OBJ =  0.15614552E+01
     ITER =   58     OBJ =  0.15614292E+01
     ITER =   59     OBJ =  0.15628064E+01
     ITER =   60     OBJ =  0.15628599E+01
     ITER =   61     OBJ =  0.15790742E+01
     ITER =   62     OBJ =  0.15794535E+01
     ITER =   63     OBJ =  0.15960772E+01
     ITER =   64     OBJ =  0.15964755E+01
     ITER =   65     OBJ =  0.16112404E+01
     ITER =   66     OBJ =  0.16117318E+01
     ITER =   67     OBJ =  0.16275073E+01
     ITER =   68     OBJ =  0.16278945E+01
     ITER =   69     OBJ =  0.16281811E+01
     ITER =   70     OBJ =  0.16281885E+01
     ITER =   71     OBJ =  0.16282049E+01
     ITER =   72     OBJ =  0.16437529E+01
     ITER =   73     OBJ =  0.16441577E+01
     ITER =   74     OBJ =  0.16596850E+01
     ITER =   75     OBJ =  0.16600493E+01
     ITER =   76     OBJ =  0.16605259E+01
     ITER =   77     OBJ =  0.16605378E+01
     ITER =   78     OBJ =  0.16609452E+01
     ITER =   79     OBJ =  0.16609560E+01
     ITER =   80     OBJ =  0.16613576E+01
     ITER =   81     OBJ =  0.16613684E+01
     ITER =   82     OBJ =  0.16616884E+01
     ITER =   83     OBJ =  0.16616865E+01
     ITER =   84     OBJ =  0.16621456E+01
     ITER =   85     OBJ =  0.16621508E+01
     ITER =   86     OBJ =  0.16626952E+01
     ITER =   87     OBJ =  0.16627067E+01
     ITER =   88     OBJ =  0.16627069E+01
     ITER =   89     OBJ =  0.16627072E+01
     ITER =   90     OBJ =  0.16627073E+01
     ITER =   91     OBJ =  0.16627074E+01
     ITER =   92     OBJ =  0.16627075E+01
     ITER =   93     OBJ =  0.16627076E+01
     ITER =   94     OBJ =  0.16627077E+01
     ITER =   95     OBJ =  0.16627078E+01
     ITER =   96     OBJ =  0.16627079E+01
     ITER =   97     OBJ =  0.16627080E+01
     ITER =   98     OBJ =  0.16627081E+01
     ITER =   99     OBJ =  0.16627082E+01
     ITER =  100     OBJ =  0.16627083E+01
     ITER =  101     OBJ =  0.16627084E+01
     ITER =  102     OBJ =  0.16627085E+01
     ITER =  103     OBJ =  0.16627086E+01
     ITER =  104     OBJ =  0.16627087E+01
     ITER =  105     OBJ =  0.16627088E+01
     ITER =  106     OBJ =  0.16627089E+01
     ITER =  107     OBJ =  0.16627090E+01
     ITER =  108     OBJ =  0.16627091E+01
     ITER =  109     OBJ =  0.16627091E+01
     ITER =  110     OBJ =  0.16627092E+01
     ITER =  111     OBJ =  0.16627093E+01
     ITER =  112     OBJ =  0.16627094E+01
     ITER =  113     OBJ =  0.16627095E+01
     ITER =  114     OBJ =  0.16627096E+01
     ITER =  115     OBJ =  0.16627097E+01
     ITER =  116     OBJ =  0.16627098E+01
     ITER =  117     OBJ =  0.16627099E+01
     ITER =  118     OBJ =  0.16627100E+01
     ITER =  119     OBJ =  0.16627101E+01
     ITER =  120     OBJ =  0.16627102E+01
     ITER =  121     OBJ =  0.16627103E+01
     ITER =  122     OBJ =  0.16627104E+01
     ITER =  123     OBJ =  0.16627105E+01
     ITER =  124     OBJ =  0.16627105E+01
     ITER =  125     OBJ =  0.16627106E+01
     ITER =  126     OBJ =  0.16627107E+01
     ITER =  127     OBJ =  0.16627108E+01
     ITER =  128     OBJ =  0.16627109E+01
     ITER =  129     OBJ =  0.16627110E+01
     ITER =  130     OBJ =  0.16627111E+01
     ITER =  131     OBJ =  0.16627112E+01
     ITER =  132     OBJ =  0.16627113E+01
     ITER =  133     OBJ =  0.16627114E+01
     ITER =  134     OBJ =  0.16627114E+01
     ITER =  135     OBJ =  0.16627115E+01
     ITER =  136     OBJ =  0.16627116E+01
     ITER =  137     OBJ =  0.16627117E+01
     ITER =  138     OBJ =  0.16627118E+01
     ITER =  139     OBJ =  0.16627119E+01
     ITER =  140     OBJ =  0.16627120E+01
     ITER =  141     OBJ =  0.16627120E+01
     ITER =  142     OBJ =  0.16627121E+01
     ITER =  143     OBJ =  0.16627122E+01
     ITER =  144     OBJ =  0.16627123E+01
     ITER =  145     OBJ =  0.16627124E+01
     ITER =  146     OBJ =  0.16627125E+01
     ITER =  147     OBJ =  0.16627126E+01
     ITER =  148     OBJ =  0.16627126E+01
     ITER =  149     OBJ =  0.16627127E+01
     ITER =  150     OBJ =  0.16627128E+01
     ITER =  151     OBJ =  0.16627129E+01
     ITER =  152     OBJ =  0.16627130E+01
     ITER =  153     OBJ =  0.16627131E+01
     ITER =  154     OBJ =  0.16627131E+01
     ITER =  155     OBJ =  0.16627132E+01
     ITER =  156     OBJ =  0.16627133E+01
     ITER =  157     OBJ =  0.16627134E+01
     ITER =  158     OBJ =  0.16627135E+01
     ITER =  159     OBJ =  0.16627135E+01
     ITER =  160     OBJ =  0.16627136E+01
     ITER =  161     OBJ =  0.16627137E+01
     ITER =  162     OBJ =  0.16627138E+01
     ITER =  163     OBJ =  0.16627139E+01
     ITER =  164     OBJ =  0.16627139E+01
     ITER =  165     OBJ =  0.16627140E+01
     ITER =  166     OBJ =  0.16627141E+01
     ITER =  167     OBJ =  0.16627142E+01
     ITER =  168     OBJ =  0.16627143E+01
     ITER =  169     OBJ =  0.16627143E+01
     ITER =  170     OBJ =  0.16627144E+01
     ITER =  171     OBJ =  0.16627145E+01
     ITER =  172     OBJ =  0.16627146E+01
     ITER =  173     OBJ =  0.16627146E+01
     ITER =  174     OBJ =  0.16627147E+01
     ITER =  175     OBJ =  0.16627148E+01
     ITER =  176     OBJ =  0.16627149E+01
     ITER =  177     OBJ =  0.16627150E+01
     ITER =  178     OBJ =  0.16627150E+01
     ITER =  179     OBJ =  0.16627151E+01
     ITER =  180     OBJ =  0.16627152E+01
     ITER =  181     OBJ =  0.16627153E+01
     ITER =  182     OBJ =  0.16627153E+01
     ITER =  183     OBJ =  0.16627154E+01
     ITER =  184     OBJ =  0.16627155E+01
     ITER =  185     OBJ =  0.16627156E+01
     ITER =  186     OBJ =  0.16627156E+01
     ITER =  187     OBJ =  0.16627157E+01
     ITER =  188     OBJ =  0.16627158E+01
     ITER =  189     OBJ =  0.16627159E+01
     ITER =  190     OBJ =  0.16627159E+01
     ITER =  191     OBJ =  0.16627160E+01
     ITER =  192     OBJ =  0.16627161E+01
     ITER =  193     OBJ =  0.16627161E+01
     ITER =  194     OBJ =  0.16627162E+01
     ITER =  195     OBJ =  0.16627163E+01
     ITER =  196     OBJ =  0.16627164E+01
     ITER =  197     OBJ =  0.16627164E+01
     ITER =  198     OBJ =  0.16627165E+01
     ITER =  199     OBJ =  0.16627166E+01
     ITER =  200     OBJ =  0.16627166E+01
     ITER =  201     OBJ =  0.16627167E+01
     ITER =  202     OBJ =  0.16627168E+01
     ITER =  203     OBJ =  0.16627169E+01
     ITER =  204     OBJ =  0.16627169E+01
     ITER =  205     OBJ =  0.16627170E+01
     ITER =  206     OBJ =  0.16627171E+01
     ITER =  207     OBJ =  0.16627171E+01
     ITER =  208     OBJ =  0.16627172E+01
     ITER =  209     OBJ =  0.16627173E+01
     ITER =  210     OBJ =  0.16627173E+01
     ITER =  211     OBJ =  0.16627174E+01
     ITER =  212     OBJ =  0.16627175E+01
     ITER =  213     OBJ =  0.16627175E+01
     ITER =  214     OBJ =  0.16627176E+01
     ITER =  215     OBJ =  0.16627177E+01
     ITER =  216     OBJ =  0.16627177E+01
     ITER =  217     OBJ =  0.16627178E+01
     ITER =  218     OBJ =  0.16627179E+01
     ITER =  219     OBJ =  0.16627179E+01
     ITER =  220     OBJ =  0.16627180E+01
     ITER =  221     OBJ =  0.16627181E+01
     ITER =  222     OBJ =  0.16627181E+01
     ITER =  223     OBJ =  0.16627182E+01
     ITER =  224     OBJ =  0.16627183E+01
     ITER =  225     OBJ =  0.16627183E+01
     ITER =  226     OBJ =  0.16627184E+01
     ITER =  227     OBJ =  0.16627185E+01
     ITER =  228     OBJ =  0.16627185E+01
     ITER =  229     OBJ =  0.16627186E+01
     ITER =  230     OBJ =  0.16627187E+01
     ITER =  231     OBJ =  0.16627187E+01
     ITER =  232     OBJ =  0.16627188E+01
     ITER =  233     OBJ =  0.16627189E+01
     ITER =  234     OBJ =  0.16627189E+01
     ITER =  235     OBJ =  0.16627190E+01
     ITER =  236     OBJ =  0.16627190E+01
     ITER =  237     OBJ =  0.16627191E+01
     ITER =  238     OBJ =  0.16627192E+01
     ITER =  239     OBJ =  0.16627192E+01
     ITER =  240     OBJ =  0.16627193E+01
     ITER =  241     OBJ =  0.16627194E+01
     ITER =  242     OBJ =  0.16627194E+01
     ITER =  243     OBJ =  0.16627195E+01
     ITER =  244     OBJ =  0.16627195E+01
     ITER =  245     OBJ =  0.16627196E+01
     ITER =  246     OBJ =  0.16627197E+01
     ITER =  247     OBJ =  0.16627197E+01
     ITER =  248     OBJ =  0.16627198E+01
     ITER =  249     OBJ =  0.16627199E+01
     ITER =  250     OBJ =  0.16627199E+01
     ITER =  251     OBJ =  0.16627200E+01
     ITER =  252     OBJ =  0.16627200E+01
     ITER =  253     OBJ =  0.16627201E+01
     ITER =  254     OBJ =  0.16627202E+01
     ITER =  255     OBJ =  0.16627202E+01
     ITER =  256     OBJ =  0.16627203E+01
     ITER =  257     OBJ =  0.16627203E+01
     ITER =  258     OBJ =  0.16627204E+01
     ITER =  259     OBJ =  0.16627204E+01
     ITER =  260     OBJ =  0.16627205E+01
     ITER =  261     OBJ =  0.16627206E+01
     ITER =  262     OBJ =  0.16627206E+01
     ITER =  263     OBJ =  0.16627207E+01
     ITER =  264     OBJ =  0.16627207E+01
     ITER =  265     OBJ =  0.16627208E+01
     ITER =  266     OBJ =  0.16627209E+01
     ITER =  267     OBJ =  0.16627209E+01
     ITER =  268     OBJ =  0.16627210E+01
     ITER =  269     OBJ =  0.16627210E+01
     ITER =  270     OBJ =  0.16627211E+01
     ITER =  271     OBJ =  0.16627211E+01
     ITER =  272     OBJ =  0.16627212E+01
     ITER =  273     OBJ =  0.16627213E+01
     ITER =  274     OBJ =  0.16627213E+01
     ITER =  275     OBJ =  0.16627214E+01
     ITER =  276     OBJ =  0.16627214E+01
     ITER =  277     OBJ =  0.16627215E+01
     ITER =  278     OBJ =  0.16627215E+01
     ITER =  279     OBJ =  0.16627216E+01
     ITER =  280     OBJ =  0.16627216E+01
     ITER =  281     OBJ =  0.16627217E+01
     ITER =  282     OBJ =  0.16627218E+01
     ITER =  283     OBJ =  0.16627218E+01
     ITER =  284     OBJ =  0.16627219E+01
     ITER =  285     OBJ =  0.16627219E+01
     ITER =  286     OBJ =  0.16627220E+01
     ITER =  287     OBJ =  0.16627220E+01
     ITER =  288     OBJ =  0.16627221E+01
     ITER =  289     OBJ =  0.16627221E+01
