



   ---------------------------------------------------------------------------
     START OF THE SEQUENTIAL LEAST SQUARES PROGRAMMING ALGORIT  
   ---------------------------------------------------------------------------

     PARAMETERS:
        ACC =   0.1000D-01
        MAXITER =500
        IPRINT =   1
IOUT =   6


     ITER =    1     OBJ =  0.28680326E+00
     ITER =    2     OBJ =  0.30597595E+00
     ITER =    3     OBJ =  0.30632561E+00
     ITER =    4     OBJ =  0.32529046E+00
     ITER =    5     OBJ =  0.32235969E+00
     ITER =    6     OBJ =  0.32722753E+00
     ITER =    7     OBJ =  0.32658229E+00
     ITER =    8     OBJ =  0.31971468E+00
     ITER =    9     OBJ =  0.30796527E+00
     ITER =   10     OBJ =  0.30913912E+00
     ITER =   11     OBJ =  0.31230273E+00
     ITER =   12     OBJ =  0.31323954E+00
     ITER =   13     OBJ =  0.31230063E+00
     ITER =   14     OBJ =  0.31255371E+00
     ITER =   15     OBJ =  0.31154296E+00
     ITER =   16     OBJ =  0.31147204E+00
     ITER =   17     OBJ =  0.31138954E+00
     ITER =   18     OBJ =  0.31144367E+00
     ITER =   19     OBJ =  0.31275030E+00
     ITER =   20     OBJ =  0.31275021E+00
     ITER =   21     OBJ =  0.31397225E+00
     ITER =   22     OBJ =  0.31397352E+00
     ITER =   23     OBJ =  0.31187786E+00
     ITER =   24     OBJ =  0.31389258E+00
     ITER =   25     OBJ =  0.31388724E+00
     ITER =   26     OBJ =  0.31393801E+00
     ITER =   27     OBJ =  0.31394983E+00
     ITER =   28     OBJ =  0.31409444E+00
     ITER =   29     OBJ =  0.31411300E+00
        NUMBER OF FUNC-CALLS:  NFUNC = 123
        NUMBER OF GRAD-CALLS:  NGRAD =  30
