



   ---------------------------------------------------------------------------
     START OF THE SEQUENTIAL LEAST SQUARES PROGRAMMING ALGORIT  
   ---------------------------------------------------------------------------

     PARAMETERS:
        ACC =   0.1000D-02
        MAXITER =500
        IPRINT =   1
IOUT =   6


     ITER =    1     OBJ =  0.25886937E+00
     ITER =    2     OBJ =  0.30559313E+00
     ITER =    3     OBJ =  0.32246907E+00
     ITER =    4     OBJ =  0.33664847E+00
     ITER =    5     OBJ =  0.32637987E+00
     ITER =    6     OBJ =  0.32722325E+00
     ITER =    7     OBJ =  0.32315954E+00
     ITER =    8     OBJ =  0.32449215E+00
     ITER =    9     OBJ =  0.32139041E+00
     ITER =   10     OBJ =  0.32277308E+00
     ITER =   11     OBJ =  0.31915015E+00
     ITER =   12     OBJ =  0.32088041E+00
     ITER =   13     OBJ =  0.31797070E+00
     ITER =   14     OBJ =  0.31793608E+00
     ITER =   15     OBJ =  0.31585066E+00
     ITER =   16     OBJ =  0.31257721E+00
     ITER =   17     OBJ =  0.31168628E+00
     ITER =   18     OBJ =  0.31157899E+00
     ITER =   19     OBJ =  0.31347401E+00
     ITER =   20     OBJ =  0.31347089E+00
     ITER =   21     OBJ =  0.31347089E+00
     ITER =   22     OBJ =  0.31388060E+00
     ITER =   23     OBJ =  0.31385256E+00
     ITER =   24     OBJ =  0.31489048E+00
        NUMBER OF FUNC-CALLS:  NFUNC = 101
        NUMBER OF GRAD-CALLS:  NGRAD =  25
