



   ---------------------------------------------------------------------------
     START OF THE SEQUENTIAL LEAST SQUARES PROGRAMMING ALGORIT  
   ---------------------------------------------------------------------------

     PARAMETERS:
        ACC =   0.1000D-01
        MAXITER =500
        IPRINT =   1
IOUT =   6


     ITER =    1     OBJ =  0.43104465E+00
     ITER =    2     OBJ =  0.54930397E+00
     ITER =    3     OBJ =  0.54696483E+00
     ITER =    4     OBJ =  0.54987018E+00
     ITER =    5     OBJ =  0.55086370E+00
     ITER =    6     OBJ =  0.55354692E+00
     ITER =    7     OBJ =  0.55661663E+00
     ITER =    8     OBJ =  0.55964973E+00
     ITER =    9     OBJ =  0.56262472E+00
     ITER =   10     OBJ =  0.56322374E+00
     ITER =   11     OBJ =  0.56372033E+00
     ITER =   12     OBJ =  0.56443791E+00
     ITER =   13     OBJ =  0.56518618E+00
     ITER =   14     OBJ =  0.56593905E+00
     ITER =   15     OBJ =  0.56589292E+00
     ITER =   16     OBJ =  0.56597242E+00
     ITER =   17     OBJ =  0.56605662E+00
     ITER =   18     OBJ =  0.56612113E+00
     ITER =   19     OBJ =  0.56619205E+00
     ITER =   20     OBJ =  0.56626092E+00
     ITER =   21     OBJ =  0.56632741E+00
     ITER =   22     OBJ =  0.56639272E+00
     ITER =   23     OBJ =  0.56644751E+00
     ITER =   24     OBJ =  0.56644682E+00
     ITER =   25     OBJ =  0.56643324E+00
     ITER =   26     OBJ =  0.56649431E+00
     ITER =   27     OBJ =  0.56649335E+00
     ITER =   28     OBJ =  0.56649457E+00
     ITER =   29     OBJ =  0.56649415E+00
     ITER =   30     OBJ =  0.56649440E+00
     ITER =   31     OBJ =  0.56649548E+00
     ITER =   32     OBJ =  0.56649497E+00
     ITER =   33     OBJ =  0.56649502E+00
     ITER =   34     OBJ =  0.56649620E+00
     ITER =   35     OBJ =  0.56649569E+00
     ITER =   36     OBJ =  0.56649588E+00
     ITER =   37     OBJ =  0.56649697E+00
     ITER =   38     OBJ =  0.56649642E+00
     ITER =   39     OBJ =  0.56649685E+00
     ITER =   40     OBJ =  0.56649743E+00
     ITER =   41     OBJ =  0.56649833E+00
     ITER =   42     OBJ =  0.56649832E+00
     ITER =   43     OBJ =  0.56649833E+00
     ITER =   44     OBJ =  0.56649832E+00
     ITER =   45     OBJ =  0.56649833E+00
     ITER =   46     OBJ =  0.56649835E+00
     ITER =   47     OBJ =  0.56649835E+00
     ITER =   48     OBJ =  0.56649835E+00
     ITER =   49     OBJ =  0.56649879E+00
     ITER =   50     OBJ =  0.56649941E+00
     ITER =   51     OBJ =  0.56649941E+00
     ITER =   52     OBJ =  0.56649941E+00
     ITER =   53     OBJ =  0.56649942E+00
     ITER =   54     OBJ =  0.56649943E+00
     ITER =   55     OBJ =  0.56649943E+00
     ITER =   56     OBJ =  0.56500123E+00
     ITER =   57     OBJ =  0.56343240E+00
     ITER =   58     OBJ =  0.52973076E+00
     ITER =   59     OBJ =  0.61944998E+00
     ITER =   60     OBJ =  0.64702276E+00
     ITER =   61     OBJ =  0.65385635E+00
     ITER =   62     OBJ =  0.65527826E+00
     ITER =   63     OBJ =  0.65444104E+00
     ITER =   64     OBJ =  0.65385439E+00
     ITER =   65     OBJ =  0.65087049E+00
     ITER =   66     OBJ =  0.64943950E+00
     ITER =   67     OBJ =  0.64460764E+00
     ITER =   68     OBJ =  0.64393569E+00
     ITER =   69     OBJ =  0.64393316E+00
     ITER =   70     OBJ =  0.64387681E+00
     ITER =   71     OBJ =  0.64379940E+00
     ITER =   72     OBJ =  0.64382227E+00
     ITER =   73     OBJ =  0.64381774E+00
     ITER =   74     OBJ =  0.64381547E+00
     ITER =   75     OBJ =  0.64380428E+00
     ITER =   76     OBJ =  0.64380351E+00
     ITER =   77     OBJ =  0.64380147E+00
     ITER =   78     OBJ =  0.64379965E+00
     ITER =   79     OBJ =  0.64380079E+00
     ITER =   80     OBJ =  0.64380077E+00
     ITER =   81     OBJ =  0.64380078E+00
     ITER =   82     OBJ =  0.64380078E+00
     ITER =   83     OBJ =  0.64380078E+00
     ITER =   84     OBJ =  0.64380078E+00
     ITER =   85     OBJ =  0.64380078E+00
     ITER =   86     OBJ =  0.64380078E+00
     ITER =   87     OBJ =  0.64380078E+00
     ITER =   88     OBJ =  0.64380078E+00
     ITER =   89     OBJ =  0.64380078E+00
     ITER =   90     OBJ =  0.64380078E+00
     ITER =   91     OBJ =  0.64380078E+00
     ITER =   92     OBJ =  0.64380078E+00
     ITER =   93     OBJ =  0.64380078E+00
     ITER =   94     OBJ =  0.64380078E+00
     ITER =   95     OBJ =  0.64161289E+00
     ITER =   96     OBJ =  0.64339352E+00
     ITER =   97     OBJ =  0.64324081E+00
     ITER =   98     OBJ =  0.64319436E+00
     ITER =   99     OBJ =  0.64355841E+00
     ITER =  100     OBJ =  0.64355925E+00
     ITER =  101     OBJ =  0.64355313E+00
     ITER =  102     OBJ =  0.64356187E+00
     ITER =  103     OBJ =  0.64350703E+00
     ITER =  104     OBJ =  0.64352968E+00
     ITER =  105     OBJ =  0.64347899E+00
     ITER =  106     OBJ =  0.64348871E+00
     ITER =  107     OBJ =  0.64346366E+00
     ITER =  108     OBJ =  0.64345073E+00
     ITER =  109     OBJ =  0.64345391E+00
     ITER =  110     OBJ =  0.64343460E+00
     ITER =  111     OBJ =  0.64343576E+00
     ITER =  112     OBJ =  0.64342563E+00
     ITER =  113     OBJ =  0.64342947E+00
     ITER =  114     OBJ =  0.64341769E+00
     ITER =  115     OBJ =  0.64342288E+00
     ITER =  116     OBJ =  0.64340993E+00
     ITER =  117     OBJ =  0.64341602E+00
     ITER =  118     OBJ =  0.64340163E+00
     ITER =  119     OBJ =  0.64340870E+00
     ITER =  120     OBJ =  0.64339290E+00
     ITER =  121     OBJ =  0.64340086E+00
     ITER =  122     OBJ =  0.64338372E+00
     ITER =  123     OBJ =  0.64339251E+00
     ITER =  124     OBJ =  0.64339217E+00
     ITER =  125     OBJ =  0.64339237E+00
     ITER =  126     OBJ =  0.64339202E+00
     ITER =  127     OBJ =  0.64339222E+00
     ITER =  128     OBJ =  0.64339185E+00
     ITER =  129     OBJ =  0.64339206E+00
     ITER =  130     OBJ =  0.64339173E+00
     ITER =  131     OBJ =  0.64339196E+00
     ITER =  132     OBJ =  0.64339163E+00
     ITER =  133     OBJ =  0.64339185E+00
     ITER =  134     OBJ =  0.64339150E+00
     ITER =  135     OBJ =  0.64339173E+00
     ITER =  136     OBJ =  0.64339137E+00
     ITER =  137     OBJ =  0.64339161E+00
     ITER =  138     OBJ =  0.64339123E+00
     ITER =  139     OBJ =  0.64339148E+00
     ITER =  140     OBJ =  0.64339109E+00
     ITER =  141     OBJ =  0.64339134E+00
     ITER =  142     OBJ =  0.64339094E+00
     ITER =  143     OBJ =  0.64339120E+00
     ITER =  144     OBJ =  0.64339076E+00
     ITER =  145     OBJ =  0.64339104E+00
     ITER =  146     OBJ =  0.64339104E+00
     ITER =  147     OBJ =  0.64339098E+00
     ITER =  148     OBJ =  0.64339101E+00
     ITER =  149     OBJ =  0.64339100E+00
     ITER =  150     OBJ =  0.64339101E+00
     ITER =  151     OBJ =  0.64339098E+00
     ITER =  152     OBJ =  0.64339101E+00
     ITER =  153     OBJ =  0.64339100E+00
     ITER =  154     OBJ =  0.64339100E+00
     ITER =  155     OBJ =  0.64339100E+00
     ITER =  156     OBJ =  0.64339100E+00
     ITER =  157     OBJ =  0.64339099E+00
     ITER =  158     OBJ =  0.64339100E+00
     ITER =  159     OBJ =  0.64339099E+00
     ITER =  160     OBJ =  0.64339100E+00
     ITER =  161     OBJ =  0.64339099E+00
     ITER =  162     OBJ =  0.64339100E+00
     ITER =  163     OBJ =  0.64339100E+00
     ITER =  164     OBJ =  0.64339100E+00
     ITER =  165     OBJ =  0.64339100E+00
     ITER =  166     OBJ =  0.64339099E+00
     ITER =  167     OBJ =  0.64339099E+00
     ITER =  168     OBJ =  0.64339099E+00
     ITER =  169     OBJ =  0.64339099E+00
     ITER =  170     OBJ =  0.64339099E+00
     ITER =  171     OBJ =  0.64339099E+00
     ITER =  172     OBJ =  0.64339099E+00
     ITER =  173     OBJ =  0.64339099E+00
     ITER =  174     OBJ =  0.64339099E+00
     ITER =  175     OBJ =  0.64339099E+00
     ITER =  176     OBJ =  0.64339099E+00
     ITER =  177     OBJ =  0.64339099E+00
     ITER =  178     OBJ =  0.64339099E+00
     ITER =  179     OBJ =  0.64339099E+00
     ITER =  180     OBJ =  0.64339099E+00
