



   ---------------------------------------------------------------------------
     START OF THE SEQUENTIAL LEAST SQUARES PROGRAMMING ALGORIT  
   ---------------------------------------------------------------------------

     PARAMETERS:
        ACC =   0.1000D-02
        MAXITER =500
        IPRINT =   1
IOUT =   6


     ITER =    1     OBJ =  0.68967503E+00
     ITER =    2     OBJ =  0.78081163E+00
     ITER =    3     OBJ =  0.98137501E+00
     ITER =    4     OBJ =  0.97786466E+00
     ITER =    5     OBJ =  0.11136848E+01
     ITER =    6     OBJ =  0.11138328E+01
     ITER =    7     OBJ =  0.11134102E+01
     ITER =    8     OBJ =  0.11236783E+01
     ITER =    9     OBJ =  0.11248652E+01
     ITER =   10     OBJ =  0.11217398E+01
     ITER =   11     OBJ =  0.11216640E+01
     ITER =   12     OBJ =  0.11219851E+01
     ITER =   13     OBJ =  0.11220293E+01
     ITER =   14     OBJ =  0.11220818E+01
     ITER =   15     OBJ =  0.11222576E+01
     ITER =   16     OBJ =  0.11222827E+01
     ITER =   17     OBJ =  0.11222827E+01
     ITER =   18     OBJ =  0.11224555E+01
        NUMBER OF FUNC-CALLS:  NFUNC =  78
        NUMBER OF GRAD-CALLS:  NGRAD =  19
