



   ---------------------------------------------------------------------------
     START OF THE SEQUENTIAL LEAST SQUARES PROGRAMMING ALGORIT  
   ---------------------------------------------------------------------------

     PARAMETERS:
        ACC =   0.1000D+00
        MAXITER =500
        IPRINT =   1
IOUT =   6


     ITER =    1     OBJ =  0.36103342E+00
     ITER =    2     OBJ =  0.42309917E+00
     ITER =    3     OBJ =  0.58925078E+00
     ITER =    4     OBJ =  0.57214220E+00
     ITER =    5     OBJ =  0.58058121E+00
     ITER =    6     OBJ =  0.64476481E+00
     ITER =    7     OBJ =  0.61289790E+00
     ITER =    8     OBJ =  0.58327290E+00
     ITER =    9     OBJ =  0.58478602E+00
     ITER =   10     OBJ =  0.60309152E+00
     ITER =   11     OBJ =  0.64955881E+00
     ITER =   12     OBJ =  0.64994587E+00
     ITER =   13     OBJ =  0.64994591E+00
     ITER =   14     OBJ =  0.64994602E+00
     ITER =   15     OBJ =  0.64994838E+00
     ITER =   16     OBJ =  0.64994879E+00
     ITER =   17     OBJ =  0.64995685E+00
     ITER =   18     OBJ =  0.64995708E+00
     ITER =   19     OBJ =  0.64999255E+00
     ITER =   20     OBJ =  0.65001693E+00
     ITER =   21     OBJ =  0.65016741E+00
     ITER =   22     OBJ =  0.65043136E+00
     ITER =   23     OBJ =  0.65094648E+00
     ITER =   24     OBJ =  0.65200432E+00
     ITER =   25     OBJ =  0.65421221E+00
     ITER =   26     OBJ =  0.65949617E+00
     ITER =   27     OBJ =  0.67309007E+00
     ITER =   28     OBJ =  0.67303407E+00
     ITER =   29     OBJ =  0.67303445E+00
     ITER =   30     OBJ =  0.67303449E+00
     ITER =   31     OBJ =  0.67303452E+00
     ITER =   32     OBJ =  0.67306586E+00
     ITER =   33     OBJ =  0.69134575E+00
     ITER =   34     OBJ =  0.69283535E+00
     ITER =   35     OBJ =  0.69283535E+00
     ITER =   36     OBJ =  0.69353488E+00
     ITER =   37     OBJ =  0.69366216E+00
     ITER =   38     OBJ =  0.70924933E+00
     ITER =   39     OBJ =  0.71234114E+00
     ITER =   40     OBJ =  0.71439408E+00
     ITER =   41     OBJ =  0.81957183E+00
     ITER =   42     OBJ =  0.82163020E+00
     ITER =   43     OBJ =  0.82156945E+00
     ITER =   44     OBJ =  0.82264305E+00
     ITER =   45     OBJ =  0.83865405E+00
     ITER =   46     OBJ =  0.82369102E+00
     ITER =   47     OBJ =  0.10431335E+01
     ITER =   48     OBJ =  0.10235664E+01
     ITER =   49     OBJ =  0.98977013E+00
     ITER =   50     OBJ =  0.98378445E+00
     ITER =   51     OBJ =  0.98494702E+00
     ITER =   52     OBJ =  0.98494703E+00
     ITER =   53     OBJ =  0.98494704E+00
     ITER =   54     OBJ =  0.98494695E+00
     ITER =   55     OBJ =  0.98494683E+00
     ITER =   56     OBJ =  0.98494671E+00
     ITER =   57     OBJ =  0.98494658E+00
     ITER =   58     OBJ =  0.98494646E+00
     ITER =   59     OBJ =  0.98494633E+00
     ITER =   60     OBJ =  0.98494621E+00
     ITER =   61     OBJ =  0.98494605E+00
     ITER =   62     OBJ =  0.98494575E+00
     ITER =   63     OBJ =  0.98494477E+00
     ITER =   64     OBJ =  0.98493999E+00
     ITER =   65     OBJ =  0.98491413E+00
     ITER =   66     OBJ =  0.98480740E+00
     ITER =   67     OBJ =  0.97668170E+00
     ITER =   68     OBJ =  0.97398809E+00
     ITER =   69     OBJ =  0.97352905E+00
     ITER =   70     OBJ =  0.97345830E+00
     ITER =   71     OBJ =  0.97343695E+00
     ITER =   72     OBJ =  0.97341675E+00
     ITER =   73     OBJ =  0.97339379E+00
     ITER =   74     OBJ =  0.97336831E+00
     ITER =   75     OBJ =  0.97334024E+00
     ITER =   76     OBJ =  0.97330996E+00
     ITER =   77     OBJ =  0.97327755E+00
     ITER =   78     OBJ =  0.97324301E+00
     ITER =   79     OBJ =  0.97320631E+00
     ITER =   80     OBJ =  0.97316737E+00
     ITER =   81     OBJ =  0.97312610E+00
     ITER =   82     OBJ =  0.97308239E+00
     ITER =   83     OBJ =  0.97303615E+00
     ITER =   84     OBJ =  0.97298758E+00
     ITER =   85     OBJ =  0.97293633E+00
     ITER =   86     OBJ =  0.97288111E+00
     ITER =   87     OBJ =  0.97282317E+00
     ITER =   88     OBJ =  0.97276254E+00
     ITER =   89     OBJ =  0.97269912E+00
     ITER =   90     OBJ =  0.97263216E+00
     ITER =   91     OBJ =  0.97256166E+00
     ITER =   92     OBJ =  0.97248798E+00
     ITER =   93     OBJ =  0.97240958E+00
     ITER =   94     OBJ =  0.97232853E+00
     ITER =   95     OBJ =  0.97224370E+00
     ITER =   96     OBJ =  0.97215501E+00
     ITER =   97     OBJ =  0.97206239E+00
     ITER =   98     OBJ =  0.97196578E+00
     ITER =   99     OBJ =  0.97186510E+00
     ITER =  100     OBJ =  0.97176040E+00
     ITER =  101     OBJ =  0.97165155E+00
     ITER =  102     OBJ =  0.97153863E+00
     ITER =  103     OBJ =  0.97142191E+00
     ITER =  104     OBJ =  0.97130115E+00
     ITER =  105     OBJ =  0.97117616E+00
     ITER =  106     OBJ =  0.97104722E+00
     ITER =  107     OBJ =  0.97091445E+00
     ITER =  108     OBJ =  0.97077775E+00
     ITER =  109     OBJ =  0.97063728E+00
     ITER =  110     OBJ =  0.97049287E+00
     ITER =  111     OBJ =  0.97034466E+00
     ITER =  112     OBJ =  0.97007208E+00
     ITER =  113     OBJ =  0.96955902E+00
     ITER =  114     OBJ =  0.96904984E+00
     ITER =  115     OBJ =  0.96858303E+00
     ITER =  116     OBJ =  0.96815588E+00
     ITER =  117     OBJ =  0.96776096E+00
     ITER =  118     OBJ =  0.96755589E+00
     ITER =  119     OBJ =  0.96745784E+00
     ITER =  120     OBJ =  0.96736891E+00
     ITER =  121     OBJ =  0.96727551E+00
     ITER =  122     OBJ =  0.96717618E+00
     ITER =  123     OBJ =  0.96707077E+00
     ITER =  124     OBJ =  0.96695930E+00
     ITER =  125     OBJ =  0.96684198E+00
     ITER =  126     OBJ =  0.96671898E+00
     ITER =  127     OBJ =  0.96659044E+00
     ITER =  128     OBJ =  0.96645646E+00
     ITER =  129     OBJ =  0.96631720E+00
     ITER =  130     OBJ =  0.96617287E+00
     ITER =  131     OBJ =  0.96590479E+00
     ITER =  132     OBJ =  0.96539656E+00
     ITER =  133     OBJ =  0.96488797E+00
     ITER =  134     OBJ =  0.96441864E+00
     ITER =  135     OBJ =  0.96398805E+00
     ITER =  136     OBJ =  0.96358951E+00
     ITER =  137     OBJ =  0.96321691E+00
     ITER =  138     OBJ =  0.96302196E+00
     ITER =  139     OBJ =  0.96292834E+00
     ITER =  140     OBJ =  0.96284309E+00
     ITER =  141     OBJ =  0.96275319E+00
     ITER =  142     OBJ =  0.96265682E+00
     ITER =  143     OBJ =  0.96255376E+00
     ITER =  144     OBJ =  0.96244414E+00
     ITER =  145     OBJ =  0.96232805E+00
     ITER =  146     OBJ =  0.96220539E+00
     ITER =  147     OBJ =  0.96207631E+00
     ITER =  148     OBJ =  0.96194104E+00
     ITER =  149     OBJ =  0.96179975E+00
     ITER =  150     OBJ =  0.96153632E+00
     ITER =  151     OBJ =  0.96103474E+00
     ITER =  152     OBJ =  0.96012916E+00
     ITER =  153     OBJ =  0.95930122E+00
     ITER =  154     OBJ =  0.95860124E+00
     ITER =  155     OBJ =  0.95827354E+00
     ITER =  156     OBJ =  0.95813118E+00
     ITER =  157     OBJ =  0.95806576E+00
     ITER =  158     OBJ =  0.95800573E+00
     ITER =  159     OBJ =  0.95794142E+00
     ITER =  160     OBJ =  0.95787126E+00
     ITER =  161     OBJ =  0.95779478E+00
     ITER =  162     OBJ =  0.95771171E+00
     ITER =  163     OBJ =  0.95762191E+00
     ITER =  164     OBJ =  0.95752532E+00
     ITER =  165     OBJ =  0.95742189E+00
     ITER =  166     OBJ =  0.95731162E+00
     ITER =  167     OBJ =  0.95719456E+00
     ITER =  168     OBJ =  0.95707075E+00
     ITER =  169     OBJ =  0.95694033E+00
     ITER =  170     OBJ =  0.95680351E+00
     ITER =  171     OBJ =  0.95654702E+00
     ITER =  172     OBJ =  0.95605916E+00
     ITER =  173     OBJ =  0.95517791E+00
     ITER =  174     OBJ =  0.95437003E+00
     ITER =  175     OBJ =  0.95368641E+00
     ITER =  176     OBJ =  0.95336676E+00
     ITER =  177     OBJ =  0.95322762E+00
     ITER =  178     OBJ =  0.95316376E+00
     ITER =  179     OBJ =  0.95310533E+00
     ITER =  180     OBJ =  0.95304305E+00
     ITER =  181     OBJ =  0.95297527E+00
     ITER =  182     OBJ =  0.95290155E+00
     ITER =  183     OBJ =  0.95282133E+00
     ITER =  184     OBJ =  0.95273453E+00
     ITER =  185     OBJ =  0.95264109E+00
     ITER =  186     OBJ =  0.95254092E+00
     ITER =  187     OBJ =  0.95243396E+00
     ITER =  188     OBJ =  0.95232025E+00
     ITER =  189     OBJ =  0.95219997E+00
     ITER =  190     OBJ =  0.95207331E+00
     ITER =  191     OBJ =  0.95183534E+00
     ITER =  192     OBJ =  0.95138229E+00
     ITER =  193     OBJ =  0.95056386E+00
     ITER =  194     OBJ =  0.94981271E+00
     ITER =  195     OBJ =  0.94918100E+00
     ITER =  196     OBJ =  0.94889186E+00
     ITER =  197     OBJ =  0.94876850E+00
     ITER =  198     OBJ =  0.94871351E+00
     ITER =  199     OBJ =  0.94866523E+00
     ITER =  200     OBJ =  0.94861639E+00
     ITER =  201     OBJ =  0.94856330E+00
     ITER =  202     OBJ =  0.94850543E+00
     ITER =  203     OBJ =  0.94844240E+00
     ITER =  204     OBJ =  0.94837391E+00
     ITER =  205     OBJ =  0.94829976E+00
     ITER =  206     OBJ =  0.94821976E+00
     ITER =  207     OBJ =  0.94813379E+00
     ITER =  208     OBJ =  0.94804178E+00
     ITER =  209     OBJ =  0.94794368E+00
     ITER =  210     OBJ =  0.94783947E+00
     ITER =  211     OBJ =  0.94772922E+00
     ITER =  212     OBJ =  0.94761298E+00
     ITER =  213     OBJ =  0.94749090E+00
     ITER =  214     OBJ =  0.94736313E+00
     ITER =  215     OBJ =  0.94722987E+00
     ITER =  216     OBJ =  0.94709134E+00
     ITER =  217     OBJ =  0.94694781E+00
     ITER =  218     OBJ =  0.94679950E+00
     ITER =  219     OBJ =  0.94664671E+00
     ITER =  220     OBJ =  0.94648978E+00
     ITER =  221     OBJ =  0.94620128E+00
     ITER =  222     OBJ =  0.94566997E+00
     ITER =  223     OBJ =  0.94515227E+00
     ITER =  224     OBJ =  0.94468030E+00
     ITER =  225     OBJ =  0.94444372E+00
     ITER =  226     OBJ =  0.94433050E+00
     ITER =  227     OBJ =  0.94422766E+00
     ITER =  228     OBJ =  0.94412334E+00
     ITER =  229     OBJ =  0.94401546E+00
     ITER =  230     OBJ =  0.94390332E+00
     ITER =  231     OBJ =  0.94378650E+00
     ITER =  232     OBJ =  0.94366476E+00
     ITER =  233     OBJ =  0.94353803E+00
     ITER =  234     OBJ =  0.94340632E+00
     ITER =  235     OBJ =  0.94326976E+00
     ITER =  236     OBJ =  0.94312851E+00
     ITER =  237     OBJ =  0.94298281E+00
     ITER =  238     OBJ =  0.94283291E+00
     ITER =  239     OBJ =  0.94255636E+00
     ITER =  240     OBJ =  0.94204623E+00
     ITER =  241     OBJ =  0.94154881E+00
     ITER =  242     OBJ =  0.94109409E+00
     ITER =  243     OBJ =  0.94086660E+00
     ITER =  244     OBJ =  0.94075771E+00
     ITER =  245     OBJ =  0.94065862E+00
     ITER =  246     OBJ =  0.94055840E+00
     ITER =  247     OBJ =  0.94045507E+00
     ITER =  248     OBJ =  0.94034788E+00
     ITER =  249     OBJ =  0.94023637E+00
     ITER =  250     OBJ =  0.94012024E+00
     ITER =  251     OBJ =  0.93999937E+00
     ITER =  252     OBJ =  0.93987377E+00
     ITER =  253     OBJ =  0.93974347E+00
     ITER =  254     OBJ =  0.93960860E+00
     ITER =  255     OBJ =  0.93946933E+00
     ITER =  256     OBJ =  0.93932595E+00
     ITER =  257     OBJ =  0.93917872E+00
     ITER =  258     OBJ =  0.93890788E+00
     ITER =  259     OBJ =  0.93841061E+00
     ITER =  260     OBJ =  0.93792747E+00
     ITER =  261     OBJ =  0.93748676E+00
     ITER =  262     OBJ =  0.93726727E+00
     ITER =  263     OBJ =  0.93716252E+00
     ITER =  264     OBJ =  0.93706710E+00
     ITER =  265     OBJ =  0.93697105E+00
     ITER =  266     OBJ =  0.93687242E+00
     ITER =  267     OBJ =  0.93677039E+00
     ITER =  268     OBJ =  0.93666474E+00
     ITER =  269     OBJ =  0.93655501E+00
     ITER =  270     OBJ =  0.93644077E+00
     ITER =  271     OBJ =  0.93632207E+00
     ITER =  272     OBJ =  0.93619899E+00
     ITER =  273     OBJ =  0.93607154E+00
     ITER =  274     OBJ =  0.93593997E+00
     ITER =  275     OBJ =  0.93580451E+00
     ITER =  276     OBJ =  0.93566538E+00
     ITER =  277     OBJ =  0.93552297E+00
     ITER =  278     OBJ =  0.93526097E+00
     ITER =  279     OBJ =  0.93499512E+00
     ITER =  280     OBJ =  0.93473320E+00
     ITER =  281     OBJ =  0.93448009E+00
     ITER =  282     OBJ =  0.93423681E+00
     ITER =  283     OBJ =  0.93400289E+00
     ITER =  284     OBJ =  0.93387797E+00
     ITER =  285     OBJ =  0.93376136E+00
     ITER =  286     OBJ =  0.93364472E+00
     ITER =  287     OBJ =  0.93352638E+00
     ITER =  288     OBJ =  0.93340582E+00
     ITER =  289     OBJ =  0.93328268E+00
     ITER =  290     OBJ =  0.93315677E+00
     ITER =  291     OBJ =  0.93302800E+00
     ITER =  292     OBJ =  0.93289637E+00
     ITER =  293     OBJ =  0.93276196E+00
     ITER =  294     OBJ =  0.93262491E+00
     ITER =  295     OBJ =  0.93248540E+00
     ITER =  296     OBJ =  0.93234363E+00
     ITER =  297     OBJ =  0.93208517E+00
     ITER =  298     OBJ =  0.93182472E+00
     ITER =  299     OBJ =  0.93157002E+00
     ITER =  300     OBJ =  0.93132514E+00
     ITER =  301     OBJ =  0.93109116E+00
     ITER =  302     OBJ =  0.93096663E+00
     ITER =  303     OBJ =  0.93085038E+00
     ITER =  304     OBJ =  0.93073477E+00
     ITER =  305     OBJ =  0.93061799E+00
     ITER =  306     OBJ =  0.93049981E+00
     ITER =  307     OBJ =  0.93037977E+00
     ITER =  308     OBJ =  0.93025767E+00
     ITER =  309     OBJ =  0.93013332E+00
     ITER =  310     OBJ =  0.93000666E+00
     ITER =  311     OBJ =  0.92987772E+00
     ITER =  312     OBJ =  0.92048088E+00
     ITER =  313     OBJ =  0.92060250E+00
     ITER =  314     OBJ =  0.92005508E+00
     ITER =  315     OBJ =  0.92042332E+00
     ITER =  316     OBJ =  0.92042310E+00
     ITER =  317     OBJ =  0.89321260E+00
     ITER =  318     OBJ =  0.89895518E+00
     ITER =  319     OBJ =  0.88434810E+00
     ITER =  320     OBJ =  0.88873126E+00
     ITER =  321     OBJ =  0.88595451E+00
     ITER =  322     OBJ =  0.88616528E+00
     ITER =  323     OBJ =  0.88768967E+00
     ITER =  324     OBJ =  0.89446830E+00
     ITER =  325     OBJ =  0.89635427E+00
     ITER =  326     OBJ =  0.90534793E+00
     ITER =  327     OBJ =  0.90380370E+00
     ITER =  328     OBJ =  0.91241884E+00
     ITER =  329     OBJ =  0.92429004E+00
     ITER =  330     OBJ =  0.92200412E+00
     ITER =  331     OBJ =  0.94151944E+00
     ITER =  332     OBJ =  0.93111460E+00
     ITER =  333     OBJ =  0.93828191E+00
     ITER =  334     OBJ =  0.95485821E+00
     ITER =  335     OBJ =  0.95710739E+00
     ITER =  336     OBJ =  0.94820471E+00
     ITER =  337     OBJ =  0.95498878E+00
     ITER =  338     OBJ =  0.91972998E+00
     ITER =  339     OBJ =  0.93707887E+00
     ITER =  340     OBJ =  0.93385501E+00
     ITER =  341     OBJ =  0.98115755E+00
     ITER =  342     OBJ =  0.96632679E+00
     ITER =  343     OBJ =  0.97229244E+00
     ITER =  344     OBJ =  0.97592741E+00
