
 ==============================
 S N O P T  7.6.0    (Jan 2017)
 ==============================
 
 SNMEMB EXIT 100 -- finished successfully
 SNMEMB INFO 104 -- memory requirements estimated

 ==============================
 S N O P T  7.6.0    (Jan 2017)
 ==============================
 
 

 Nonlinear constraints      11     Linear constraints       0
 Nonlinear variables        15     Linear variables         0
 Jacobian  variables        15     Objective variables     15
 Total constraints          11     Total variables         15
 

 
 The user has defined     165   out of     165   constraint gradients.
 The user has defined      15   out of      15   objective  gradients.
 

 Major Minors     Step   nCon Feasible  Optimal  MeritFunction     nS Penalty
     0     16               1  1.4E+01  2.8E-01  4.5962314E-01      7           r
     1     11  6.6E-01      3  3.5E+01  1.6E-01  4.4243317E-01      5 5.9E-04   r
     1      0              10  3.5E+01  1.6E-01  3.9738341E-01      5           r
     2     12  1.1E-01     14  2.7E+01  4.1E-01  4.6826624E-01      5 5.9E-05 s
     3     15  2.2E-01     24  2.0E+01  3.2E-01  2.3985093E+00      6 3.8E-03
     4     12  1.0E+00     26  2.3E+00  1.1E-01  1.5284585E+00     10 3.8E-03  M
     5     28  4.9E-02     29  2.4E+00  3.7E-01  1.3075239E+00      9 3.8E-03
     6     19  5.5E-01     31  1.9E+00  3.3E-01  8.4262556E-01      5 3.8E-03
     7      2  3.9E-02     33  1.5E+00  1.5E+00  1.1109828E+00      6 6.3E-02
     8      3  9.3E-02     35  1.3E+00  1.1E+00  1.0548297E+00      6 6.3E-02
     9      2  4.0E-02     37  1.2E+00  1.6E+00  1.0444191E+00      5 6.7E-02
     9      8              42  1.2E+00  9.9E-01  8.0835915E-01     12           R
     9      9              47  1.2E+00  1.4E-01  8.0835915E-01      9           r

 Major Minors     Step   nCon Feasible  Optimal  MeritFunction     nS Penalty
    10     17  1.0E+00     49  6.7E+01  5.3E-01 -3.8134766E-01      4         sm
    11     33  1.4E-01     54  5.6E+01  1.3E-01  2.6570741E-01     10 6.4E-05
    12      5  3.6E-02     58  5.4E+01  1.9E-01  4.2415133E-01      7 8.7E-05  M
    13     11  8.5E-02     66  5.1E+01  4.1E-01  4.4253187E-01      5 9.2E-05  M
    13      8              72  5.1E+01  3.0E-01  4.9022517E-02      8          MR
    14     11  5.0E-01     74  3.4E+01  7.6E-01  8.5722870E+00      8 2.1E-03 s
    15     12  1.0E+00     75  1.9E+01  7.4E-01  4.8749969E+00      6 2.1E-03
    16     15  1.0E+00     77  5.1E+00  2.4E+00  8.5205816E+00      7 1.3E-02  M
    17     22  2.1E-03     87  4.5E+00  2.0E-01  7.4391360E+00      4 1.3E-02
    18     11  4.6E-01     94  1.8E+00  3.3E+00  3.7320813E+00      9 2.6E-02
    19      7  3.3E-01     96  1.5E+00  2.6E+00  2.9308674E+00      7 2.6E-02
    19      7             102  1.5E+00  1.8E+00  2.8055719E+00     12           R
    19      3             107  1.5E+00  2.0E-01  2.8055719E+00     13           r

 Major Minors     Step   nCon Feasible  Optimal  MeritFunction     nS Penalty
    20      6  1.0E+00    108  1.8E+00  3.8E-01  5.7872929E-01     10         s

 Major Minors     Step   nCon Feasible  Optimal  MeritFunction     nS Penalty
    20      4             114  1.8E+00  4.0E-01  5.7872929E-01      9         s R

 Major Minors     Step   nCon Feasible  Optimal  MeritFunction     nS Penalty
    20      1             120  1.8E+00  4.0E-01  5.7872929E-01      9         s r
 
 SNOPTC EXIT  40 -- terminated after numerical difficulties
 SNOPTC INFO  41 -- current point cannot be improved

 Problem name                 S
 No. of iterations                 310   Objective            6.2617975514E-01
 No. of major iterations            20   Linear    obj. term  0.0000000000E+00
 Penalty parameter           6.568E-02   Nonlinear obj. term  6.2617975514E-01
 User function calls (total)       127
 No. of superbasics                  9   No. of basic nonlinears             5
 No. of degenerate steps             3   Percentage                       0.97
 Max x                       2 2.1E+00   Max pi                      1 3.6E+00
 Max Primal infeas           0 0.0E+00   Max Dual infeas            16 3.6E+00
 Nonlinear constraint violn    3.8E+00
 
 

 Solution printed on file  18
 
 Time for MPS input                             0.00 seconds
 Time for solving problem                   52605.63 seconds
 Time for solution output                       0.00 seconds
 Time for constraint functions              52633.19 seconds
 Time for objective function                    0.00 seconds
