



   ---------------------------------------------------------------------------
     START OF THE SEQUENTIAL LEAST SQUARES PROGRAMMING ALGORIT  
   ---------------------------------------------------------------------------

     PARAMETERS:
        ACC =   0.1000D-02
        MAXITER =500
        IPRINT =   1
IOUT =   6


     ITER =    1     OBJ =  0.55931582E+00
     ITER =    2     OBJ =  0.43637700E+00
     ITER =    3     OBJ =  0.42295534E+00
     ITER =    4     OBJ =  0.48411086E+00
     ITER =    5     OBJ =  0.59685258E+00
     ITER =    6     OBJ =  0.57425032E+00
     ITER =    7     OBJ =  0.60229093E+00
     ITER =    8     OBJ =  0.59846397E+00
     ITER =    9     OBJ =  0.59791341E+00
     ITER =   10     OBJ =  0.58727830E+00
     ITER =   11     OBJ =  0.58991887E+00
     ITER =   12     OBJ =  0.57721015E+00
     ITER =   13     OBJ =  0.57802582E+00
     ITER =   14     OBJ =  0.58196174E+00
     ITER =   15     OBJ =  0.57693458E+00
     ITER =   16     OBJ =  0.57580616E+00
     ITER =   17     OBJ =  0.57099892E+00
     ITER =   18     OBJ =  0.57109542E+00
     ITER =   19     OBJ =  0.56841082E+00
     ITER =   20     OBJ =  0.57461466E+00
     ITER =   21     OBJ =  0.57206585E+00
     ITER =   22     OBJ =  0.57119832E+00
     ITER =   23     OBJ =  0.57115681E+00
     ITER =   24     OBJ =  0.57149694E+00
     ITER =   25     OBJ =  0.57052908E+00
     ITER =   26     OBJ =  0.57072437E+00
     ITER =   27     OBJ =  0.56973902E+00
     ITER =   28     OBJ =  0.56964510E+00
     ITER =   29     OBJ =  0.56970477E+00
     ITER =   30     OBJ =  0.56960379E+00
     ITER =   31     OBJ =  0.56960420E+00
     ITER =   32     OBJ =  0.56960420E+00
     ITER =   33     OBJ =  0.56940854E+00
     ITER =   34     OBJ =  0.56941731E+00
     ITER =   35     OBJ =  0.56941731E+00
     ITER =   36     OBJ =  0.56941731E+00
     ITER =   37     OBJ =  0.56941731E+00
     ITER =   38     OBJ =  0.56941731E+00
     ITER =   39     OBJ =  0.56941731E+00
     ITER =   40     OBJ =  0.56941731E+00
        NUMBER OF FUNC-CALLS:  NFUNC = 174
        NUMBER OF GRAD-CALLS:  NGRAD =  41
