



   ---------------------------------------------------------------------------
     START OF THE SEQUENTIAL LEAST SQUARES PROGRAMMING ALGORIT  
   ---------------------------------------------------------------------------

     PARAMETERS:
        ACC =   0.1000D-02
        MAXITER =500
        IPRINT =   1
IOUT =   6


     ITER =    1     OBJ =  0.44315524E+00
     ITER =    2     OBJ =  0.51240442E+00
     ITER =    3     OBJ =  0.44924464E+00
     ITER =    4     OBJ =  0.44731996E+00
     ITER =    5     OBJ =  0.53761654E+00
     ITER =    6     OBJ =  0.54994876E+00
     ITER =    7     OBJ =  0.53427152E+00
     ITER =    8     OBJ =  0.53845271E+00
     ITER =    9     OBJ =  0.53840961E+00
     ITER =   10     OBJ =  0.54038011E+00
     ITER =   11     OBJ =  0.53774053E+00
     ITER =   12     OBJ =  0.53773133E+00
     ITER =   13     OBJ =  0.53938819E+00
     ITER =   14     OBJ =  0.53828104E+00
     ITER =   15     OBJ =  0.53827032E+00
     ITER =   16     OBJ =  0.53834519E+00
     ITER =   17     OBJ =  0.53832675E+00
     ITER =   18     OBJ =  0.53898987E+00
     ITER =   19     OBJ =  0.53897865E+00
     ITER =   20     OBJ =  0.53892316E+00
     ITER =   21     OBJ =  0.53893126E+00
     ITER =   22     OBJ =  0.53893126E+00
     ITER =   23     OBJ =  0.53889817E+00
     ITER =   24     OBJ =  0.53894762E+00
     ITER =   25     OBJ =  0.53895919E+00
     ITER =   26     OBJ =  0.53894229E+00
     ITER =   27     OBJ =  0.53898524E+00
     ITER =   28     OBJ =  0.53889681E+00
     ITER =   29     OBJ =  0.53897984E+00
     ITER =   30     OBJ =  0.53897984E+00
     ITER =   31     OBJ =  0.53897984E+00
     ITER =   32     OBJ =  0.53897984E+00
        NUMBER OF FUNC-CALLS:  NFUNC = 171
        NUMBER OF GRAD-CALLS:  NGRAD =  33
