



   ---------------------------------------------------------------------------
     START OF THE SEQUENTIAL LEAST SQUARES PROGRAMMING ALGORIT  
   ---------------------------------------------------------------------------

     PARAMETERS:
        ACC =   0.1000D-01
        MAXITER =500
        IPRINT =   1
IOUT =   6


     ITER =    1     OBJ =  0.18050172E+01
     ITER =    2     OBJ =  0.18749849E+01
     ITER =    3     OBJ =  0.14683955E+01
     ITER =    4     OBJ =  0.20894526E+01
     ITER =    5     OBJ =  0.18125955E+01
     ITER =    6     OBJ =  0.18026035E+01
     ITER =    7     OBJ =  0.17761648E+01
     ITER =    8     OBJ =  0.17707441E+01
     ITER =    9     OBJ =  0.19325973E+01
     ITER =   10     OBJ =  0.20835105E+01
     ITER =   11     OBJ =  0.23136580E+01
     ITER =   12     OBJ =  0.22245912E+01
     ITER =   13     OBJ =  0.22268648E+01
     ITER =   14     OBJ =  0.22860963E+01
     ITER =   15     OBJ =  0.22852964E+01
     ITER =   16     OBJ =  0.22617574E+01
     ITER =   17     OBJ =  0.22698241E+01
        NUMBER OF FUNC-CALLS:  NFUNC =  40
        NUMBER OF GRAD-CALLS:  NGRAD =  18
