



   ---------------------------------------------------------------------------
     START OF THE SEQUENTIAL LEAST SQUARES PROGRAMMING ALGORIT  
   ---------------------------------------------------------------------------

     PARAMETERS:
        ACC =   0.1000D-02
        MAXITER =500
        IPRINT =   1
IOUT =   6


     ITER =    1     OBJ =  0.14402716E+00
     ITER =    2     OBJ =  0.15687380E+00
     ITER =    3     OBJ =  0.15052049E+00
     ITER =    4     OBJ =  0.14938641E+00
     ITER =    5     OBJ =  0.14619809E+00
     ITER =    6     OBJ =  0.14859937E+00
     ITER =    7     OBJ =  0.14354373E+00
     ITER =    8     OBJ =  0.14317681E+00
     ITER =    9     OBJ =  0.14197215E+00
     ITER =   10     OBJ =  0.14184663E+00
     ITER =   11     OBJ =  0.14238424E+00
     ITER =   12     OBJ =  0.14208651E+00
     ITER =   13     OBJ =  0.14195582E+00
     ITER =   14     OBJ =  0.14196936E+00
     ITER =   15     OBJ =  0.14207398E+00
     ITER =   16     OBJ =  0.14181111E+00
     ITER =   17     OBJ =  0.14181744E+00
        NUMBER OF FUNC-CALLS:  NFUNC =  49
        NUMBER OF GRAD-CALLS:  NGRAD =  18
