



   ---------------------------------------------------------------------------
     START OF THE SEQUENTIAL LEAST SQUARES PROGRAMMING ALGORIT  
   ---------------------------------------------------------------------------

     PARAMETERS:
        ACC =   0.1000D-02
        MAXITER =500
        IPRINT =   1
IOUT =   6


     ITER =    1     OBJ =  0.38589256E+00
     ITER =    2     OBJ =  0.35995494E+00
     ITER =    3     OBJ =  0.36771756E+00
     ITER =    4     OBJ =  0.41624233E+00
     ITER =    5     OBJ =  0.41331155E+00
     ITER =    6     OBJ =  0.41570473E+00
     ITER =    7     OBJ =  0.41884924E+00
     ITER =    8     OBJ =  0.41702250E+00
     ITER =    9     OBJ =  0.41651290E+00
     ITER =   10     OBJ =  0.41597847E+00
     ITER =   11     OBJ =  0.41500516E+00
     ITER =   12     OBJ =  0.41490123E+00
     ITER =   13     OBJ =  0.41604685E+00
     ITER =   14     OBJ =  0.41434388E+00
     ITER =   15     OBJ =  0.41390303E+00
     ITER =   16     OBJ =  0.41536521E+00
     ITER =   17     OBJ =  0.41539846E+00
     ITER =   18     OBJ =  0.41539958E+00
     ITER =   19     OBJ =  0.41539975E+00
     ITER =   20     OBJ =  0.41539977E+00
     ITER =   21     OBJ =  0.41539978E+00
     ITER =   22     OBJ =  0.41539978E+00
     ITER =   23     OBJ =  0.41539978E+00
     ITER =   24     OBJ =  0.41539978E+00
     ITER =   25     OBJ =  0.41539978E+00
     ITER =   26     OBJ =  0.41539978E+00
     ITER =   27     OBJ =  0.41672005E+00
     ITER =   28     OBJ =  0.41621469E+00
        NUMBER OF FUNC-CALLS:  NFUNC = 125
        NUMBER OF GRAD-CALLS:  NGRAD =  29
