



   ---------------------------------------------------------------------------
     START OF THE SEQUENTIAL LEAST SQUARES PROGRAMMING ALGORIT  
   ---------------------------------------------------------------------------

     PARAMETERS:
        ACC =   0.1000D-05
        MAXITER =500
        IPRINT =   1
IOUT =   6


     ITER =    1     OBJ =  0.25569339E+00
     ITER =    2     OBJ =  0.25646733E+00
     ITER =    3     OBJ =  0.26095207E+00
     ITER =    4     OBJ =  0.26318907E+00
     ITER =    5     OBJ =  0.26419738E+00
     ITER =    6     OBJ =  0.26491671E+00
     ITER =    7     OBJ =  0.27959048E+00
     ITER =    8     OBJ =  0.28497129E+00
     ITER =    9     OBJ =  0.28311044E+00
     ITER =   10     OBJ =  0.27764068E+00
     ITER =   11     OBJ =  0.27905162E+00
     ITER =   12     OBJ =  0.27744810E+00
     ITER =   13     OBJ =  0.27790587E+00
     ITER =   14     OBJ =  0.27875023E+00
     ITER =   15     OBJ =  0.27866195E+00
     ITER =   16     OBJ =  0.27861553E+00
     ITER =   17     OBJ =  0.27859407E+00
     ITER =   18     OBJ =  0.27858839E+00
     ITER =   19     OBJ =  0.27857896E+00
     ITER =   20     OBJ =  0.27856481E+00
     ITER =   21     OBJ =  0.27856541E+00
     ITER =   22     OBJ =  0.27856541E+00
     ITER =   23     OBJ =  0.27856541E+00
     ITER =   24     OBJ =  0.27856541E+00
     ITER =   25     OBJ =  0.27856541E+00
     ITER =   26     OBJ =  0.27856541E+00
     ITER =   27     OBJ =  0.27856359E+00
     ITER =   28     OBJ =  0.27856363E+00
     ITER =   29     OBJ =  0.27856363E+00
        NUMBER OF FUNC-CALLS:  NFUNC = 135
        NUMBER OF GRAD-CALLS:  NGRAD =  30
