



   ---------------------------------------------------------------------------
     START OF THE SEQUENTIAL LEAST SQUARES PROGRAMMING ALGORIT  
   ---------------------------------------------------------------------------

     PARAMETERS:
        ACC =   0.1000D-05
        MAXITER =500
        IPRINT =   1
IOUT =   6


     ITER =    1     OBJ =  0.11024547E+01
     ITER =    2     OBJ =  0.97497172E+00
     ITER =    3     OBJ =  0.92372019E+00
     ITER =    4     OBJ =  0.91043395E+00
     ITER =    5     OBJ =  0.91659904E+00
     ITER =    6     OBJ =  0.94672694E+00
     ITER =    7     OBJ =  0.96275470E+00
     ITER =    8     OBJ =  0.93737949E+00
     ITER =    9     OBJ =  0.91035215E+00
     ITER =   10     OBJ =  0.91966431E+00
     ITER =   11     OBJ =  0.92001154E+00
     ITER =   12     OBJ =  0.93192393E+00
     ITER =   13     OBJ =  0.93526484E+00
     ITER =   14     OBJ =  0.93562788E+00
     ITER =   15     OBJ =  0.93360362E+00
     ITER =   16     OBJ =  0.93053058E+00
     ITER =   17     OBJ =  0.92449617E+00
     ITER =   18     OBJ =  0.92172852E+00
     ITER =   19     OBJ =  0.92220998E+00
     ITER =   20     OBJ =  0.92241570E+00
     ITER =   21     OBJ =  0.92436218E+00
     ITER =   22     OBJ =  0.92436218E+00
     ITER =   23     OBJ =  0.92517810E+00
     ITER =   24     OBJ =  0.92398779E+00
     ITER =   25     OBJ =  0.92366505E+00
     ITER =   26     OBJ =  0.92421575E+00
     ITER =   27     OBJ =  0.92458649E+00
     ITER =   28     OBJ =  0.92469518E+00
     ITER =   29     OBJ =  0.92469518E+00
     ITER =   30     OBJ =  0.92469518E+00
     ITER =   31     OBJ =  0.92470244E+00
     ITER =   32     OBJ =  0.92469832E+00
     ITER =   33     OBJ =  0.92483454E+00
     ITER =   34     OBJ =  0.92483454E+00
     ITER =   35     OBJ =  0.92483454E+00
     ITER =   36     OBJ =  0.92483454E+00
     ITER =   37     OBJ =  0.92489089E+00
     ITER =   38     OBJ =  0.92495246E+00
     ITER =   39     OBJ =  0.92495246E+00
     ITER =   40     OBJ =  0.92496920E+00
     ITER =   41     OBJ =  0.92496213E+00
     ITER =   42     OBJ =  0.92497605E+00
     ITER =   43     OBJ =  0.92498025E+00
     ITER =   44     OBJ =  0.92501464E+00
     ITER =   45     OBJ =  0.92502843E+00
     ITER =   46     OBJ =  0.92503176E+00
        NUMBER OF FUNC-CALLS:  NFUNC = 254
        NUMBER OF GRAD-CALLS:  NGRAD =  47
