



   ---------------------------------------------------------------------------
     START OF THE SEQUENTIAL LEAST SQUARES PROGRAMMING ALGORIT  
   ---------------------------------------------------------------------------

     PARAMETERS:
        ACC =   0.1000D-02
        MAXITER =500
        IPRINT =   1
IOUT =   6


     ITER =    1     OBJ =  0.52431852E+00
     ITER =    2     OBJ =  0.50640359E+00
     ITER =    3     OBJ =  0.51805464E+00
     ITER =    4     OBJ =  0.55112770E+00
     ITER =    5     OBJ =  0.52302508E+00
     ITER =    6     OBJ =  0.55156413E+00
     ITER =    7     OBJ =  0.52713910E+00
     ITER =    8     OBJ =  0.52019037E+00
     ITER =    9     OBJ =  0.53397241E+00
     ITER =   10     OBJ =  0.53344798E+00
     ITER =   11     OBJ =  0.53783119E+00
     ITER =   12     OBJ =  0.53443268E+00
     ITER =   13     OBJ =  0.53470798E+00
     ITER =   14     OBJ =  0.53467223E+00
     ITER =   15     OBJ =  0.53471613E+00
     ITER =   16     OBJ =  0.53469039E+00
     ITER =   17     OBJ =  0.53467865E+00
     ITER =   18     OBJ =  0.53468159E+00
        NUMBER OF FUNC-CALLS:  NFUNC =  50
        NUMBER OF GRAD-CALLS:  NGRAD =  19
