



   ---------------------------------------------------------------------------
     START OF THE SEQUENTIAL LEAST SQUARES PROGRAMMING ALGORIT  
   ---------------------------------------------------------------------------

     PARAMETERS:
        ACC =   0.1000D-01
        MAXITER =500
        IPRINT =   1
IOUT =   6


     ITER =    1     OBJ =  0.16704062E+01
     ITER =    2     OBJ =  0.17175235E+01
     ITER =    3     OBJ =  0.15408995E+01
     ITER =    4     OBJ =  0.17891812E+01
     ITER =    5     OBJ =  0.18681408E+01
     ITER =    6     OBJ =  0.19724192E+01
     ITER =    7     OBJ =  0.20663113E+01
     ITER =    8     OBJ =  0.21544113E+01
     ITER =    9     OBJ =  0.21683199E+01
     ITER =   10     OBJ =  0.26965732E+01
     ITER =   11     OBJ =  0.26487483E+01
     ITER =   12     OBJ =  0.25922087E+01
     ITER =   13     OBJ =  0.26162047E+01
     ITER =   14     OBJ =  0.26461490E+01
     ITER =   15     OBJ =  0.26433202E+01
     ITER =   16     OBJ =  0.26240193E+01
     ITER =   17     OBJ =  0.26372786E+01
     ITER =   18     OBJ =  0.26888886E+01
     ITER =   19     OBJ =  0.26776255E+01
     ITER =   20     OBJ =  0.26776822E+01
        NUMBER OF FUNC-CALLS:  NFUNC =  73
        NUMBER OF GRAD-CALLS:  NGRAD =  21
