



   ---------------------------------------------------------------------------
     START OF THE SEQUENTIAL LEAST SQUARES PROGRAMMING ALGORIT  
   ---------------------------------------------------------------------------

     PARAMETERS:
        ACC =   0.1000D-02
        MAXITER =500
        IPRINT =   1
IOUT =   6


     ITER =    1     OBJ =  0.24634725E+00
     ITER =    2     OBJ =  0.24920203E+00
     ITER =    3     OBJ =  0.28073291E+00
     ITER =    4     OBJ =  0.28254398E+00
     ITER =    5     OBJ =  0.28110519E+00
     ITER =    6     OBJ =  0.28347196E+00
     ITER =    7     OBJ =  0.28748390E+00
     ITER =    8     OBJ =  0.30316958E+00
     ITER =    9     OBJ =  0.29559055E+00
     ITER =   10     OBJ =  0.28603992E+00
     ITER =   11     OBJ =  0.28464226E+00
     ITER =   12     OBJ =  0.28464932E+00
     ITER =   13     OBJ =  0.28395399E+00
     ITER =   14     OBJ =  0.28287981E+00
     ITER =   15     OBJ =  0.28310746E+00
     ITER =   16     OBJ =  0.28397130E+00
     ITER =   17     OBJ =  0.28311825E+00
     ITER =   18     OBJ =  0.28238844E+00
        NUMBER OF FUNC-CALLS:  NFUNC =  44
        NUMBER OF GRAD-CALLS:  NGRAD =  19
