



   ---------------------------------------------------------------------------
     START OF THE SEQUENTIAL LEAST SQUARES PROGRAMMING ALGORIT  
   ---------------------------------------------------------------------------

     PARAMETERS:
        ACC =   0.1000D-01
        MAXITER =500
        IPRINT =   1
IOUT =   6


     ITER =    1     OBJ =  0.29459207E+00
     ITER =    2     OBJ =  0.27005581E+00
     ITER =    3     OBJ =  0.29115225E+00
     ITER =    4     OBJ =  0.30239944E+00
     ITER =    5     OBJ =  0.30103392E+00
     ITER =    6     OBJ =  0.30764483E+00
     ITER =    7     OBJ =  0.30881740E+00
     ITER =    8     OBJ =  0.31054485E+00
     ITER =    9     OBJ =  0.31053667E+00
     ITER =   10     OBJ =  0.31053601E+00
     ITER =   11     OBJ =  0.31058354E+00
     ITER =   12     OBJ =  0.31013732E+00
     ITER =   13     OBJ =  0.31011881E+00
     ITER =   14     OBJ =  0.30923851E+00
     ITER =   15     OBJ =  0.30992292E+00
     ITER =   16     OBJ =  0.31115082E+00
     ITER =   17     OBJ =  0.31113196E+00
     ITER =   18     OBJ =  0.31109612E+00
        NUMBER OF FUNC-CALLS:  NFUNC =  66
        NUMBER OF GRAD-CALLS:  NGRAD =  19
