



   ---------------------------------------------------------------------------
     START OF THE SEQUENTIAL LEAST SQUARES PROGRAMMING ALGORIT  
   ---------------------------------------------------------------------------

     PARAMETERS:
        ACC =   0.1000D-02
        MAXITER =500
        IPRINT =   1
IOUT =   6


     ITER =    1     OBJ =  0.14813022E+00
     ITER =    2     OBJ =  0.16352919E+00
     ITER =    3     OBJ =  0.16091267E+00
     ITER =    4     OBJ =  0.18571251E+00
     ITER =    5     OBJ =  0.18068677E+00
     ITER =    6     OBJ =  0.15762528E+00
     ITER =    7     OBJ =  0.15683802E+00
     ITER =    8     OBJ =  0.15811700E+00
     ITER =    9     OBJ =  0.15624463E+00
     ITER =   10     OBJ =  0.15464544E+00
     ITER =   11     OBJ =  0.15396612E+00
     ITER =   12     OBJ =  0.15245780E+00
     ITER =   13     OBJ =  0.15236731E+00
     ITER =   14     OBJ =  0.15226837E+00
     ITER =   15     OBJ =  0.15228594E+00
     ITER =   16     OBJ =  0.15228594E+00
     ITER =   17     OBJ =  0.15228594E+00
     ITER =   18     OBJ =  0.15228594E+00
     ITER =   19     OBJ =  0.15228594E+00
     ITER =   20     OBJ =  0.15228594E+00
     ITER =   21     OBJ =  0.15227038E+00
     ITER =   22     OBJ =  0.15230689E+00
        NUMBER OF FUNC-CALLS:  NFUNC =  95
        NUMBER OF GRAD-CALLS:  NGRAD =  23
