



   ---------------------------------------------------------------------------
     START OF THE SEQUENTIAL LEAST SQUARES PROGRAMMING ALGORIT  
   ---------------------------------------------------------------------------

     PARAMETERS:
        ACC =   0.1000D-02
        MAXITER =500
        IPRINT =   1
IOUT =   6


     ITER =    1     OBJ =  0.26576464E+00
     ITER =    2     OBJ =  0.22304452E+00
     ITER =    3     OBJ =  0.22106873E+00
     ITER =    4     OBJ =  0.21964041E+00
     ITER =    5     OBJ =  0.21587935E+00
     ITER =    6     OBJ =  0.21724786E+00
     ITER =    7     OBJ =  0.21452889E+00
     ITER =    8     OBJ =  0.21501047E+00
     ITER =    9     OBJ =  0.21392991E+00
     ITER =   10     OBJ =  0.21471165E+00
     ITER =   11     OBJ =  0.21225523E+00
     ITER =   12     OBJ =  0.21248835E+00
     ITER =   13     OBJ =  0.21207038E+00
     ITER =   14     OBJ =  0.21097002E+00
     ITER =   15     OBJ =  0.21064226E+00
     ITER =   16     OBJ =  0.20998982E+00
     ITER =   17     OBJ =  0.20998588E+00
     ITER =   18     OBJ =  0.20959618E+00
     ITER =   19     OBJ =  0.20911599E+00
     ITER =   20     OBJ =  0.20917516E+00
     ITER =   21     OBJ =  0.20869115E+00
     ITER =   22     OBJ =  0.20872268E+00
        NUMBER OF FUNC-CALLS:  NFUNC =  45
        NUMBER OF GRAD-CALLS:  NGRAD =  23
