



   ---------------------------------------------------------------------------
     START OF THE SEQUENTIAL LEAST SQUARES PROGRAMMING ALGORIT  
   ---------------------------------------------------------------------------

     PARAMETERS:
        ACC =   0.1000D-01
        MAXITER =500
        IPRINT =   1
IOUT =   6


     ITER =    1     OBJ =  0.54350058E+00
     ITER =    2     OBJ =  0.57212224E+00
     ITER =    3     OBJ =  0.55896284E+00
     ITER =    4     OBJ =  0.62653054E+00
     ITER =    5     OBJ =  0.67300921E+00
     ITER =    6     OBJ =  0.69483292E+00
     ITER =    7     OBJ =  0.74709898E+00
     ITER =    8     OBJ =  0.75236589E+00
     ITER =    9     OBJ =  0.84020641E+00
     ITER =   10     OBJ =  0.75690646E+00
     ITER =   11     OBJ =  0.76221026E+00
     ITER =   12     OBJ =  0.82149365E+00
     ITER =   13     OBJ =  0.85937083E+00
     ITER =   14     OBJ =  0.85527606E+00
     ITER =   15     OBJ =  0.86157177E+00
     ITER =   16     OBJ =  0.84233626E+00
     ITER =   17     OBJ =  0.85127426E+00
     ITER =   18     OBJ =  0.87823466E+00
     ITER =   19     OBJ =  0.89926653E+00
     ITER =   20     OBJ =  0.90325149E+00
     ITER =   21     OBJ =  0.91048593E+00
     ITER =   22     OBJ =  0.91431562E+00
     ITER =   23     OBJ =  0.92102541E+00
     ITER =   24     OBJ =  0.94514546E+00
     ITER =   25     OBJ =  0.94859954E+00
     ITER =   26     OBJ =  0.95546775E+00
     ITER =   27     OBJ =  0.11623238E+01
     ITER =   28     OBJ =  0.11366197E+01
     ITER =   29     OBJ =  0.11568663E+01
     ITER =   30     OBJ =  0.11887307E+01
     ITER =   31     OBJ =  0.11876677E+01
     ITER =   32     OBJ =  0.11061532E+01
     ITER =   33     OBJ =  0.10915832E+01
     ITER =   34     OBJ =  0.10728309E+01
     ITER =   35     OBJ =  0.10558834E+01
     ITER =   36     OBJ =  0.10415323E+01
     ITER =   37     OBJ =  0.10296383E+01
     ITER =   38     OBJ =  0.10198531E+01
     ITER =   39     OBJ =  0.10118138E+01
     ITER =   40     OBJ =  0.10051983E+01
     ITER =   41     OBJ =  0.98969729E+00
     ITER =   42     OBJ =  0.97855011E+00
     ITER =   43     OBJ =  0.96870646E+00
     ITER =   44     OBJ =  0.96253009E+00
     ITER =   45     OBJ =  0.95817844E+00
        NUMBER OF FUNC-CALLS:  NFUNC = 136
        NUMBER OF GRAD-CALLS:  NGRAD =  46
