



   ---------------------------------------------------------------------------
     START OF THE SEQUENTIAL LEAST SQUARES PROGRAMMING ALGORIT  
   ---------------------------------------------------------------------------

     PARAMETERS:
        ACC =   0.1000D-01
        MAXITER =500
        IPRINT =   1
IOUT =   6


     ITER =    1     OBJ =  0.96313006E+00
     ITER =    2     OBJ =  0.97661444E+00
     ITER =    3     OBJ =  0.78851462E+00
     ITER =    4     OBJ =  0.92706663E+00
     ITER =    5     OBJ =  0.98661515E+00
     ITER =    6     OBJ =  0.10162634E+01
     ITER =    7     OBJ =  0.10197412E+01
     ITER =    8     OBJ =  0.10890969E+01
     ITER =    9     OBJ =  0.10900058E+01
     ITER =   10     OBJ =  0.10900059E+01
     ITER =   11     OBJ =  0.11416794E+01
     ITER =   12     OBJ =  0.12038029E+01
     ITER =   13     OBJ =  0.12029672E+01
     ITER =   14     OBJ =  0.12029672E+01
     ITER =   15     OBJ =  0.12029729E+01
     ITER =   16     OBJ =  0.12703924E+01
     ITER =   17     OBJ =  0.12784451E+01
     ITER =   18     OBJ =  0.12783437E+01
     ITER =   19     OBJ =  0.12783437E+01
        NUMBER OF FUNC-CALLS:  NFUNC = 110
        NUMBER OF GRAD-CALLS:  NGRAD =  20
