



   ---------------------------------------------------------------------------
     START OF THE SEQUENTIAL LEAST SQUARES PROGRAMMING ALGORIT  
   ---------------------------------------------------------------------------

     PARAMETERS:
        ACC =   0.1000D-03
        MAXITER =500
        IPRINT =   1
IOUT =   6


     ITER =    1     OBJ =  0.85599858E+00
     ITER =    2     OBJ =  0.83542529E+00
     ITER =    3     OBJ =  0.82953915E+00
     ITER =    4     OBJ =  0.93931628E+00
     ITER =    5     OBJ =  0.12914252E+01
     ITER =    6     OBJ =  0.12914303E+01
     ITER =    7     OBJ =  0.13992554E+01
     ITER =    8     OBJ =  0.15049418E+01
     ITER =    9     OBJ =  0.15200067E+01
     ITER =   10     OBJ =  0.15210944E+01
     ITER =   11     OBJ =  0.16364620E+01
     ITER =   12     OBJ =  0.17615159E+01
     ITER =   13     OBJ =  0.17574502E+01
     ITER =   14     OBJ =  0.17678938E+01
     ITER =   15     OBJ =  0.17630587E+01
     ITER =   16     OBJ =  0.17642866E+01
     ITER =   17     OBJ =  0.17639304E+01
     ITER =   18     OBJ =  0.17638074E+01
     ITER =   19     OBJ =  0.17599992E+01
     ITER =   20     OBJ =  0.17581564E+01
     ITER =   21     OBJ =  0.17578978E+01
     ITER =   22     OBJ =  0.17581879E+01
     ITER =   23     OBJ =  0.17574586E+01
     ITER =   24     OBJ =  0.17574662E+01
     ITER =   25     OBJ =  0.17573277E+01
     ITER =   26     OBJ =  0.17571469E+01
     ITER =   27     OBJ =  0.17570950E+01
     ITER =   28     OBJ =  0.17567374E+01
     ITER =   29     OBJ =  0.17566330E+01
     ITER =   30     OBJ =  0.17569370E+01
     ITER =   31     OBJ =  0.17570017E+01
     ITER =   32     OBJ =  0.17570016E+01
        NUMBER OF FUNC-CALLS:  NFUNC = 114
        NUMBER OF GRAD-CALLS:  NGRAD =  33
