



   ---------------------------------------------------------------------------
     START OF THE SEQUENTIAL LEAST SQUARES PROGRAMMING ALGORIT  
   ---------------------------------------------------------------------------

     PARAMETERS:
        ACC =   0.1000D-02
        MAXITER =500
        IPRINT =   1
IOUT =   6


     ITER =    1     OBJ =  0.18285726E+01
     ITER =    2     OBJ =  0.16077774E+01
     ITER =    3     OBJ =  0.15639932E+01
     ITER =    4     OBJ =  0.17268841E+01
     ITER =    5     OBJ =  0.17403831E+01
     ITER =    6     OBJ =  0.18164116E+01
     ITER =    7     OBJ =  0.18131163E+01
     ITER =    8     OBJ =  0.18147710E+01
     ITER =    9     OBJ =  0.18293395E+01
     ITER =   10     OBJ =  0.18287478E+01
     ITER =   11     OBJ =  0.18298820E+01
     ITER =   12     OBJ =  0.18298820E+01
     ITER =   13     OBJ =  0.18298820E+01
     ITER =   14     OBJ =  0.18298820E+01
     ITER =   15     OBJ =  0.18303975E+01
     ITER =   16     OBJ =  0.18313382E+01
     ITER =   17     OBJ =  0.18313382E+01
     ITER =   18     OBJ =  0.18313382E+01
     ITER =   19     OBJ =  0.18313382E+01
     ITER =   20     OBJ =  0.18313382E+01
     ITER =   21     OBJ =  0.18336016E+01
        NUMBER OF FUNC-CALLS:  NFUNC = 127
        NUMBER OF GRAD-CALLS:  NGRAD =  22
