



   ---------------------------------------------------------------------------
     START OF THE SEQUENTIAL LEAST SQUARES PROGRAMMING ALGORIT  
   ---------------------------------------------------------------------------

     PARAMETERS:
        ACC =   0.1000D-02
        MAXITER =500
        IPRINT =   1
IOUT =   6


     ITER =    1     OBJ =  0.46589607E+00
     ITER =    2     OBJ =  0.39164751E+00
     ITER =    3     OBJ =  0.41646846E+00
     ITER =    4     OBJ =  0.47725951E+00
     ITER =    5     OBJ =  0.47489264E+00
     ITER =    6     OBJ =  0.59486555E+00
     ITER =    7     OBJ =  0.61462242E+00
     ITER =    8     OBJ =  0.61675461E+00
     ITER =    9     OBJ =  0.59553180E+00
     ITER =   10     OBJ =  0.58773035E+00
     ITER =   11     OBJ =  0.54499906E+00
     ITER =   12     OBJ =  0.57643075E+00
     ITER =   13     OBJ =  0.57068505E+00
     ITER =   14     OBJ =  0.57503378E+00
     ITER =   15     OBJ =  0.57498454E+00
     ITER =   16     OBJ =  0.57559802E+00
     ITER =   17     OBJ =  0.57567989E+00
     ITER =   18     OBJ =  0.57567989E+00
     ITER =   19     OBJ =  0.57567989E+00
        NUMBER OF FUNC-CALLS:  NFUNC =  65
        NUMBER OF GRAD-CALLS:  NGRAD =  20
