



   ---------------------------------------------------------------------------
     START OF THE SEQUENTIAL LEAST SQUARES PROGRAMMING ALGORIT  
   ---------------------------------------------------------------------------

     PARAMETERS:
        ACC =   0.1000D-01
        MAXITER =500
        IPRINT =   1
IOUT =   6


     ITER =    1     OBJ =  0.56565092E+00
     ITER =    2     OBJ =  0.54282154E+00
     ITER =    3     OBJ =  0.54724202E+00
     ITER =    4     OBJ =  0.59459229E+00
     ITER =    5     OBJ =  0.66418554E+00
     ITER =    6     OBJ =  0.76311774E+00
     ITER =    7     OBJ =  0.83734971E+00
     ITER =    8     OBJ =  0.88256513E+00
     ITER =    9     OBJ =  0.94169809E+00
     ITER =   10     OBJ =  0.93237817E+00
     ITER =   11     OBJ =  0.90678630E+00
     ITER =   12     OBJ =  0.89267082E+00
     ITER =   13     OBJ =  0.89462618E+00
     ITER =   14     OBJ =  0.89337868E+00
     ITER =   15     OBJ =  0.89296664E+00
     ITER =   16     OBJ =  0.89314429E+00
     ITER =   17     OBJ =  0.89297210E+00
     ITER =   18     OBJ =  0.89247459E+00
     ITER =   19     OBJ =  0.89269737E+00
     ITER =   20     OBJ =  0.89244193E+00
     ITER =   21     OBJ =  0.89260917E+00
     ITER =   22     OBJ =  0.89223279E+00
     ITER =   23     OBJ =  0.89256046E+00
     ITER =   24     OBJ =  0.89258724E+00
     ITER =   25     OBJ =  0.89263182E+00
        NUMBER OF FUNC-CALLS:  NFUNC =  78
        NUMBER OF GRAD-CALLS:  NGRAD =  26
