



   ---------------------------------------------------------------------------
     START OF THE SEQUENTIAL LEAST SQUARES PROGRAMMING ALGORIT  
   ---------------------------------------------------------------------------

     PARAMETERS:
        ACC =   0.1000D-02
        MAXITER =500
        IPRINT =   1
IOUT =   6


     ITER =    1     OBJ =  0.12555019E+01
     ITER =    2     OBJ =  0.11471255E+01
     ITER =    3     OBJ =  0.11840307E+01
     ITER =    4     OBJ =  0.11778406E+01
     ITER =    5     OBJ =  0.11925529E+01
     ITER =    6     OBJ =  0.12268231E+01
     ITER =    7     OBJ =  0.12434483E+01
     ITER =    8     OBJ =  0.13335827E+01
     ITER =    9     OBJ =  0.17895653E+01
     ITER =   10     OBJ =  0.18886394E+01
     ITER =   11     OBJ =  0.20287004E+01
     ITER =   12     OBJ =  0.20293623E+01
     ITER =   13     OBJ =  0.20301002E+01
     ITER =   14     OBJ =  0.20267254E+01
     ITER =   15     OBJ =  0.20319046E+01
     ITER =   16     OBJ =  0.20327181E+01
     ITER =   17     OBJ =  0.20331959E+01
     ITER =   18     OBJ =  0.20330797E+01
     ITER =   19     OBJ =  0.20335709E+01
     ITER =   20     OBJ =  0.20333671E+01
     ITER =   21     OBJ =  0.20340071E+01
     ITER =   22     OBJ =  0.20335624E+01
     ITER =   23     OBJ =  0.20349336E+01
        NUMBER OF FUNC-CALLS:  NFUNC =  86
        NUMBER OF GRAD-CALLS:  NGRAD =  24
