



   ---------------------------------------------------------------------------
     START OF THE SEQUENTIAL LEAST SQUARES PROGRAMMING ALGORIT  
   ---------------------------------------------------------------------------

     PARAMETERS:
        ACC =   0.1000D-05
        MAXITER =500
        IPRINT =   1
IOUT =   6


     ITER =    1     OBJ =  0.27673446E+00
     ITER =    2     OBJ =  0.28200486E+00
     ITER =    3     OBJ =  0.28170424E+00
     ITER =    4     OBJ =  0.30407519E+00
     ITER =    5     OBJ =  0.31377363E+00
     ITER =    6     OBJ =  0.30833594E+00
     ITER =    7     OBJ =  0.32406094E+00
     ITER =    8     OBJ =  0.32046326E+00
     ITER =    9     OBJ =  0.32051227E+00
     ITER =   10     OBJ =  0.31954282E+00
     ITER =   11     OBJ =  0.31430765E+00
     ITER =   12     OBJ =  0.31487690E+00
     ITER =   13     OBJ =  0.31704154E+00
     ITER =   14     OBJ =  0.31734166E+00
     ITER =   15     OBJ =  0.31735521E+00
     ITER =   16     OBJ =  0.31732456E+00
     ITER =   17     OBJ =  0.31729787E+00
     ITER =   18     OBJ =  0.31728932E+00
     ITER =   19     OBJ =  0.31726201E+00
     ITER =   20     OBJ =  0.31715243E+00
     ITER =   21     OBJ =  0.31710798E+00
     ITER =   22     OBJ =  0.31711025E+00
     ITER =   23     OBJ =  0.31711025E+00
     ITER =   24     OBJ =  0.31711025E+00
     ITER =   25     OBJ =  0.31711025E+00
     ITER =   26     OBJ =  0.31711025E+00
     ITER =   27     OBJ =  0.31711025E+00
     ITER =   28     OBJ =  0.31711025E+00
     ITER =   29     OBJ =  0.31711025E+00
     ITER =   30     OBJ =  0.31711025E+00
     ITER =   31     OBJ =  0.31711025E+00
     ITER =   32     OBJ =  0.31711025E+00
     ITER =   33     OBJ =  0.31711025E+00
     ITER =   34     OBJ =  0.31712238E+00
     ITER =   35     OBJ =  0.31712900E+00
     ITER =   36     OBJ =  0.31712958E+00
     ITER =   37     OBJ =  0.31712958E+00
     ITER =   38     OBJ =  0.31712958E+00
     ITER =   39     OBJ =  0.31712958E+00
     ITER =   40     OBJ =  0.31712958E+00
     ITER =   41     OBJ =  0.31712958E+00
     ITER =   42     OBJ =  0.31712958E+00
     ITER =   43     OBJ =  0.31712958E+00
     ITER =   44     OBJ =  0.31712958E+00
     ITER =   45     OBJ =  0.31712958E+00
     ITER =   46     OBJ =  0.31712948E+00
     ITER =   47     OBJ =  0.31712923E+00
     ITER =   48     OBJ =  0.31712977E+00
     ITER =   49     OBJ =  0.31712952E+00
     ITER =   50     OBJ =  0.31712994E+00
     ITER =   51     OBJ =  0.31712974E+00
     ITER =   52     OBJ =  0.31713013E+00
     ITER =   53     OBJ =  0.31712997E+00
     ITER =   54     OBJ =  0.31713033E+00
     ITER =   55     OBJ =  0.31713019E+00
     ITER =   56     OBJ =  0.31713053E+00
     ITER =   57     OBJ =  0.31713041E+00
     ITER =   58     OBJ =  0.31713072E+00
     ITER =   59     OBJ =  0.31713060E+00
     ITER =   60     OBJ =  0.31713091E+00
     ITER =   61     OBJ =  0.31713075E+00
     ITER =   62     OBJ =  0.31713049E+00
     ITER =   63     OBJ =  0.31712897E+00
     ITER =   64     OBJ =  0.31712135E+00
     ITER =   65     OBJ =  0.31711288E+00
     ITER =   66     OBJ =  0.31710711E+00
     ITER =   67     OBJ =  0.31709490E+00
     ITER =   68     OBJ =  0.31708080E+00
     ITER =   69     OBJ =  0.31705590E+00
     ITER =   70     OBJ =  0.31680812E+00
     ITER =   71     OBJ =  0.31693597E+00
     ITER =   72     OBJ =  0.31676114E+00
     ITER =   73     OBJ =  0.31666617E+00
     ITER =   74     OBJ =  0.31665347E+00
     ITER =   75     OBJ =  0.31665327E+00
     ITER =   76     OBJ =  0.31664964E+00
     ITER =   77     OBJ =  0.31663955E+00
     ITER =   78     OBJ =  0.31662646E+00
     ITER =   79     OBJ =  0.31661769E+00
     ITER =   80     OBJ =  0.31661696E+00
     ITER =   81     OBJ =  0.31661712E+00
     ITER =   82     OBJ =  0.31661022E+00
     ITER =   83     OBJ =  0.31662471E+00
     ITER =   84     OBJ =  0.31662471E+00
     ITER =   85     OBJ =  0.31665443E+00
     ITER =   86     OBJ =  0.31666241E+00
     ITER =   87     OBJ =  0.31665645E+00
     ITER =   88     OBJ =  0.31664666E+00
     ITER =   89     OBJ =  0.31664477E+00
     ITER =   90     OBJ =  0.31664187E+00
     ITER =   91     OBJ =  0.31662904E+00
     ITER =   92     OBJ =  0.31662261E+00
     ITER =   93     OBJ =  0.31662341E+00
     ITER =   94     OBJ =  0.31662268E+00
     ITER =   95     OBJ =  0.31662110E+00
     ITER =   96     OBJ =  0.31662158E+00
     ITER =   97     OBJ =  0.31662157E+00
     ITER =   98     OBJ =  0.31662157E+00
     ITER =   99     OBJ =  0.31662157E+00
     ITER =  100     OBJ =  0.31662157E+00
     ITER =  101     OBJ =  0.31662157E+00
     ITER =  102     OBJ =  0.31662156E+00
     ITER =  103     OBJ =  0.31662156E+00
     ITER =  104     OBJ =  0.31662156E+00
     ITER =  105     OBJ =  0.31662156E+00
     ITER =  106     OBJ =  0.31662156E+00
     ITER =  107     OBJ =  0.31662155E+00
     ITER =  108     OBJ =  0.31662155E+00
     ITER =  109     OBJ =  0.31662155E+00
     ITER =  110     OBJ =  0.31662155E+00
     ITER =  111     OBJ =  0.31662154E+00
     ITER =  112     OBJ =  0.31662154E+00
     ITER =  113     OBJ =  0.31662154E+00
     ITER =  114     OBJ =  0.31662153E+00
     ITER =  115     OBJ =  0.31662153E+00
     ITER =  116     OBJ =  0.31662153E+00
     ITER =  117     OBJ =  0.31662153E+00
     ITER =  118     OBJ =  0.31662152E+00
     ITER =  119     OBJ =  0.31662152E+00
     ITER =  120     OBJ =  0.31662152E+00
     ITER =  121     OBJ =  0.31662151E+00
     ITER =  122     OBJ =  0.31662151E+00
     ITER =  123     OBJ =  0.31662151E+00
     ITER =  124     OBJ =  0.31662150E+00
     ITER =  125     OBJ =  0.31662150E+00
     ITER =  126     OBJ =  0.31662150E+00
     ITER =  127     OBJ =  0.31662143E+00
     ITER =  128     OBJ =  0.31662146E+00
     ITER =  129     OBJ =  0.31662146E+00
     ITER =  130     OBJ =  0.31662145E+00
     ITER =  131     OBJ =  0.31662145E+00
     ITER =  132     OBJ =  0.31662145E+00
     ITER =  133     OBJ =  0.31662144E+00
     ITER =  134     OBJ =  0.31662144E+00
     ITER =  135     OBJ =  0.31662144E+00
     ITER =  136     OBJ =  0.31662143E+00
     ITER =  137     OBJ =  0.31662143E+00
     ITER =  138     OBJ =  0.31662136E+00
     ITER =  139     OBJ =  0.31662140E+00
     ITER =  140     OBJ =  0.31662139E+00
     ITER =  141     OBJ =  0.31662139E+00
     ITER =  142     OBJ =  0.31662139E+00
     ITER =  143     OBJ =  0.31662139E+00
     ITER =  144     OBJ =  0.31662138E+00
     ITER =  145     OBJ =  0.31662138E+00
     ITER =  146     OBJ =  0.31662138E+00
     ITER =  147     OBJ =  0.31662137E+00
     ITER =  148     OBJ =  0.31662131E+00
     ITER =  149     OBJ =  0.31662134E+00
     ITER =  150     OBJ =  0.31662134E+00
     ITER =  151     OBJ =  0.31662134E+00
     ITER =  152     OBJ =  0.31662133E+00
     ITER =  153     OBJ =  0.31662133E+00
     ITER =  154     OBJ =  0.31662133E+00
     ITER =  155     OBJ =  0.31662133E+00
     ITER =  156     OBJ =  0.31662132E+00
     ITER =  157     OBJ =  0.31662132E+00
     ITER =  158     OBJ =  0.31662126E+00
     ITER =  159     OBJ =  0.31662130E+00
     ITER =  160     OBJ =  0.31662129E+00
     ITER =  161     OBJ =  0.31662129E+00
     ITER =  162     OBJ =  0.31662129E+00
     ITER =  163     OBJ =  0.31662129E+00
     ITER =  164     OBJ =  0.31662128E+00
     ITER =  165     OBJ =  0.31662128E+00
     ITER =  166     OBJ =  0.31662128E+00
     ITER =  167     OBJ =  0.31662121E+00
     ITER =  168     OBJ =  0.31662125E+00
     ITER =  169     OBJ =  0.31662125E+00
     ITER =  170     OBJ =  0.31662125E+00
     ITER =  171     OBJ =  0.31662124E+00
     ITER =  172     OBJ =  0.31662124E+00
     ITER =  173     OBJ =  0.31662124E+00
     ITER =  174     OBJ =  0.31662124E+00
     ITER =  175     OBJ =  0.31662118E+00
     ITER =  176     OBJ =  0.31662121E+00
     ITER =  177     OBJ =  0.31662121E+00
     ITER =  178     OBJ =  0.31662121E+00
     ITER =  179     OBJ =  0.31662121E+00
     ITER =  180     OBJ =  0.31662121E+00
     ITER =  181     OBJ =  0.31662120E+00
     ITER =  182     OBJ =  0.31662120E+00
     ITER =  183     OBJ =  0.31662120E+00
     ITER =  184     OBJ =  0.31662114E+00
     ITER =  185     OBJ =  0.31662118E+00
     ITER =  186     OBJ =  0.31662118E+00
     ITER =  187     OBJ =  0.31662117E+00
     ITER =  188     OBJ =  0.31662117E+00
     ITER =  189     OBJ =  0.31662117E+00
     ITER =  190     OBJ =  0.31662117E+00
     ITER =  191     OBJ =  0.31662111E+00
     ITER =  192     OBJ =  0.31662115E+00
     ITER =  193     OBJ =  0.31662115E+00
     ITER =  194     OBJ =  0.31662115E+00
     ITER =  195     OBJ =  0.31662114E+00
     ITER =  196     OBJ =  0.31662114E+00
     ITER =  197     OBJ =  0.31662114E+00
     ITER =  198     OBJ =  0.31662114E+00
     ITER =  199     OBJ =  0.31662108E+00
     ITER =  200     OBJ =  0.31662112E+00
     ITER =  201     OBJ =  0.31662112E+00
     ITER =  202     OBJ =  0.31662112E+00
     ITER =  203     OBJ =  0.31662112E+00
     ITER =  204     OBJ =  0.31662111E+00
     ITER =  205     OBJ =  0.31662111E+00
     ITER =  206     OBJ =  0.31662106E+00
     ITER =  207     OBJ =  0.31662110E+00
     ITER =  208     OBJ =  0.31662110E+00
     ITER =  209     OBJ =  0.31662109E+00
     ITER =  210     OBJ =  0.31662109E+00
     ITER =  211     OBJ =  0.31662109E+00
     ITER =  212     OBJ =  0.31662109E+00
     ITER =  213     OBJ =  0.31662103E+00
     ITER =  214     OBJ =  0.31662108E+00
     ITER =  215     OBJ =  0.31662107E+00
     ITER =  216     OBJ =  0.31662107E+00
     ITER =  217     OBJ =  0.31662107E+00
     ITER =  218     OBJ =  0.31662107E+00
     ITER =  219     OBJ =  0.31662102E+00
     ITER =  220     OBJ =  0.31662106E+00
     ITER =  221     OBJ =  0.31662106E+00
     ITER =  222     OBJ =  0.31662106E+00
     ITER =  223     OBJ =  0.31662106E+00
     ITER =  224     OBJ =  0.31662106E+00
     ITER =  225     OBJ =  0.31662105E+00
     ITER =  226     OBJ =  0.31662100E+00
     ITER =  227     OBJ =  0.31662104E+00
     ITER =  228     OBJ =  0.31662104E+00
     ITER =  229     OBJ =  0.31662104E+00
     ITER =  230     OBJ =  0.31662104E+00
     ITER =  231     OBJ =  0.31662104E+00
     ITER =  232     OBJ =  0.31662099E+00
     ITER =  233     OBJ =  0.31662103E+00
     ITER =  234     OBJ =  0.31662103E+00
     ITER =  235     OBJ =  0.31662103E+00
     ITER =  236     OBJ =  0.31662103E+00
     ITER =  237     OBJ =  0.31662098E+00
     ITER =  238     OBJ =  0.31662102E+00
     ITER =  239     OBJ =  0.31662102E+00
     ITER =  240     OBJ =  0.31662102E+00
     ITER =  241     OBJ =  0.31662102E+00
     ITER =  242     OBJ =  0.31662102E+00
     ITER =  243     OBJ =  0.31662097E+00
     ITER =  244     OBJ =  0.31662101E+00
     ITER =  245     OBJ =  0.31662101E+00
     ITER =  246     OBJ =  0.31662101E+00
     ITER =  247     OBJ =  0.31662101E+00
     ITER =  248     OBJ =  0.31662096E+00
     ITER =  249     OBJ =  0.31662101E+00
     ITER =  250     OBJ =  0.31662101E+00
     ITER =  251     OBJ =  0.31662101E+00
     ITER =  252     OBJ =  0.31662101E+00
     ITER =  253     OBJ =  0.31662093E+00
     ITER =  254     OBJ =  0.31662004E+00
     ITER =  255     OBJ =  0.31662224E+00
     ITER =  256     OBJ =  0.31662469E+00
     ITER =  257     OBJ =  0.31662843E+00
     ITER =  258     OBJ =  0.31663108E+00
        NUMBER OF FUNC-CALLS:  NFUNC =2178
        NUMBER OF GRAD-CALLS:  NGRAD = 259
