



   ---------------------------------------------------------------------------
     START OF THE SEQUENTIAL LEAST SQUARES PROGRAMMING ALGORIT  
   ---------------------------------------------------------------------------

     PARAMETERS:
        ACC =   0.1000D-01
        MAXITER =500
        IPRINT =   1
IOUT =   6


     ITER =    1     OBJ =  0.90802774E+00
     ITER =    2     OBJ =  0.93583005E+00
     ITER =    3     OBJ =  0.68225688E+00
     ITER =    4     OBJ =  0.69075723E+00
     ITER =    5     OBJ =  0.72598611E+00
     ITER =    6     OBJ =  0.84123197E+00
     ITER =    7     OBJ =  0.94973059E+00
     ITER =    8     OBJ =  0.99323617E+00
     ITER =    9     OBJ =  0.10849058E+01
     ITER =   10     OBJ =  0.12148166E+01
     ITER =   11     OBJ =  0.12392329E+01
     ITER =   12     OBJ =  0.12370737E+01
     ITER =   13     OBJ =  0.12274007E+01
     ITER =   14     OBJ =  0.12282460E+01
     ITER =   15     OBJ =  0.12267203E+01
     ITER =   16     OBJ =  0.12262539E+01
     ITER =   17     OBJ =  0.12176762E+01
     ITER =   18     OBJ =  0.12223477E+01
     ITER =   19     OBJ =  0.12225353E+01
     ITER =   20     OBJ =  0.12196392E+01
     ITER =   21     OBJ =  0.12197730E+01
        NUMBER OF FUNC-CALLS:  NFUNC =  61
        NUMBER OF GRAD-CALLS:  NGRAD =  22
