



   ---------------------------------------------------------------------------
     START OF THE SEQUENTIAL LEAST SQUARES PROGRAMMING ALGORIT  
   ---------------------------------------------------------------------------

     PARAMETERS:
        ACC =   0.1000D-01
        MAXITER =500
        IPRINT =   1
IOUT =   6


     ITER =    1     OBJ =  0.10488270E+01
     ITER =    2     OBJ =  0.10882774E+01
     ITER =    3     OBJ =  0.10215795E+01
     ITER =    4     OBJ =  0.97005950E+00
     ITER =    5     OBJ =  0.10419508E+01
     ITER =    6     OBJ =  0.15555221E+01
     ITER =    7     OBJ =  0.15141464E+01
     ITER =    8     OBJ =  0.15160205E+01
     ITER =    9     OBJ =  0.14831437E+01
     ITER =   10     OBJ =  0.15344390E+01
     ITER =   11     OBJ =  0.16478465E+01
     ITER =   12     OBJ =  0.17149856E+01
     ITER =   13     OBJ =  0.18486308E+01
     ITER =   14     OBJ =  0.18332863E+01
     ITER =   15     OBJ =  0.18286411E+01
     ITER =   16     OBJ =  0.18259539E+01
     ITER =   17     OBJ =  0.18250355E+01
     ITER =   18     OBJ =  0.18127919E+01
     ITER =   19     OBJ =  0.17924652E+01
     ITER =   20     OBJ =  0.17810726E+01
     ITER =   21     OBJ =  0.17948860E+01
     ITER =   22     OBJ =  0.17832916E+01
     ITER =   23     OBJ =  0.17742593E+01
     ITER =   24     OBJ =  0.17753007E+01
     ITER =   25     OBJ =  0.17750571E+01
     ITER =   26     OBJ =  0.17670941E+01
     ITER =   27     OBJ =  0.17691571E+01
     ITER =   28     OBJ =  0.17709719E+01
     ITER =   29     OBJ =  0.17706409E+01
     ITER =   30     OBJ =  0.17706112E+01
     ITER =   31     OBJ =  0.17706735E+01
     ITER =   32     OBJ =  0.17716014E+01
     ITER =   33     OBJ =  0.17710151E+01
        NUMBER OF FUNC-CALLS:  NFUNC =  92
        NUMBER OF GRAD-CALLS:  NGRAD =  34
