



   ---------------------------------------------------------------------------
     START OF THE SEQUENTIAL LEAST SQUARES PROGRAMMING ALGORIT  
   ---------------------------------------------------------------------------

     PARAMETERS:
        ACC =   0.1000D-01
        MAXITER =500
        IPRINT =   1
IOUT =   6


     ITER =    1     OBJ =  0.14805834E+01
     ITER =    2     OBJ =  0.15059829E+01
     ITER =    3     OBJ =  0.14233548E+01
     ITER =    4     OBJ =  0.13745710E+01
     ITER =    5     OBJ =  0.14798510E+01
     ITER =    6     OBJ =  0.15724773E+01
     ITER =    7     OBJ =  0.17101252E+01
     ITER =    8     OBJ =  0.18542295E+01
     ITER =    9     OBJ =  0.20277592E+01
     ITER =   10     OBJ =  0.22975336E+01
     ITER =   11     OBJ =  0.24619327E+01
     ITER =   12     OBJ =  0.25889763E+01
     ITER =   13     OBJ =  0.28676536E+01
     ITER =   14     OBJ =  0.28358311E+01
     ITER =   15     OBJ =  0.28338314E+01
     ITER =   16     OBJ =  0.28338314E+01
     ITER =   17     OBJ =  0.28353721E+01
     ITER =   18     OBJ =  0.28332369E+01
     ITER =   19     OBJ =  0.28336559E+01
     ITER =   20     OBJ =  0.28325517E+01
     ITER =   21     OBJ =  0.28327022E+01
     ITER =   22     OBJ =  0.28405578E+01
     ITER =   23     OBJ =  0.28402866E+01
     ITER =   24     OBJ =  0.28402866E+01
     ITER =   25     OBJ =  0.28409979E+01
     ITER =   26     OBJ =  0.28400357E+01
     ITER =   27     OBJ =  0.28400357E+01
     ITER =   28     OBJ =  0.28400357E+01
     ITER =   29     OBJ =  0.28400357E+01
     ITER =   30     OBJ =  0.28401929E+01
     ITER =   31     OBJ =  0.28401494E+01
     ITER =   32     OBJ =  0.28401493E+01
     ITER =   33     OBJ =  0.28401495E+01
     ITER =   34     OBJ =  0.28401497E+01
     ITER =   35     OBJ =  0.28401497E+01
     ITER =   36     OBJ =  0.28402694E+01
        NUMBER OF FUNC-CALLS:  NFUNC = 200
        NUMBER OF GRAD-CALLS:  NGRAD =  37
