



   ---------------------------------------------------------------------------
     START OF THE SEQUENTIAL LEAST SQUARES PROGRAMMING ALGORIT  
   ---------------------------------------------------------------------------

     PARAMETERS:
        ACC =   0.1000D+00
        MAXITER =500
        IPRINT =   1
IOUT =   6


     ITER =    1     OBJ =  0.49682122E+00
     ITER =    2     OBJ =  0.52450710E+00
     ITER =    3     OBJ =  0.73799215E+00
     ITER =    4     OBJ =  0.68309701E+00
     ITER =    5     OBJ =  0.68744076E+00
     ITER =    6     OBJ =  0.68775330E+00
     ITER =    7     OBJ =  0.68676590E+00
     ITER =    8     OBJ =  0.68624030E+00
     ITER =    9     OBJ =  0.68617247E+00
     ITER =   10     OBJ =  0.68614865E+00
     ITER =   11     OBJ =  0.68614834E+00
     ITER =   12     OBJ =  0.68614813E+00
     ITER =   13     OBJ =  0.68614790E+00
     ITER =   14     OBJ =  0.68614764E+00
     ITER =   15     OBJ =  0.68614736E+00
     ITER =   17     OBJ =  0.68614702E+00
     ITER =   18     OBJ =  0.68614699E+00
     ITER =   19     OBJ =  0.68614699E+00
     ITER =   20     OBJ =  0.68614698E+00
     ITER =   21     OBJ =  0.68614698E+00
     ITER =   22     OBJ =  0.67514185E+00
     ITER =   23     OBJ =  0.66619837E+00
     ITER =   24     OBJ =  0.66193974E+00
     ITER =   25     OBJ =  0.65915352E+00
     ITER =   26     OBJ =  0.65874667E+00
     ITER =   27     OBJ =  0.65860917E+00
     ITER =   28     OBJ =  0.65788395E+00
     ITER =   29     OBJ =  0.65776927E+00
     ITER =   30     OBJ =  0.65766223E+00
     ITER =   31     OBJ =  0.65754586E+00
     ITER =   32     OBJ =  0.65742226E+00
     ITER =   33     OBJ =  0.65730388E+00
     ITER =   34     OBJ =  0.65726969E+00
     ITER =   35     OBJ =  0.65722761E+00
     ITER =   36     OBJ =  0.65717708E+00
     ITER =   37     OBJ =  0.65709781E+00
     ITER =   38     OBJ =  0.65702633E+00
     ITER =   39     OBJ =  0.65700643E+00
     ITER =   40     OBJ =  0.65698979E+00
     ITER =   41     OBJ =  0.65697727E+00
     ITER =   42     OBJ =  0.65696921E+00
     ITER =   43     OBJ =  0.65696965E+00
     ITER =   44     OBJ =  0.65696863E+00
     ITER =   45     OBJ =  0.65696806E+00
     ITER =   46     OBJ =  0.65696776E+00
     ITER =   47     OBJ =  0.65696743E+00
     ITER =   48     OBJ =  0.65696710E+00
     ITER =   49     OBJ =  0.65696680E+00
     ITER =   50     OBJ =  0.65696646E+00
     ITER =   51     OBJ =  0.65696667E+00
     ITER =   52     OBJ =  0.65696661E+00
     ITER =   53     OBJ =  0.65696660E+00
     ITER =   54     OBJ =  0.65696660E+00
     ITER =   55     OBJ =  0.65696660E+00
     ITER =   56     OBJ =  0.65696660E+00
     ITER =   57     OBJ =  0.65696660E+00
     ITER =   58     OBJ =  0.65696660E+00
     ITER =   59     OBJ =  0.65696660E+00
     ITER =   60     OBJ =  0.65696660E+00
     ITER =   61     OBJ =  0.65696660E+00
     ITER =   62     OBJ =  0.65696660E+00
     ITER =   63     OBJ =  0.65696660E+00
     ITER =   64     OBJ =  0.65696660E+00
     ITER =   65     OBJ =  0.65696660E+00
     ITER =   66     OBJ =  0.65696660E+00
     ITER =   67     OBJ =  0.65696660E+00
     ITER =   68     OBJ =  0.65696660E+00
     ITER =   69     OBJ =  0.65696660E+00
     ITER =   70     OBJ =  0.53356625E+00
     ITER =   71     OBJ =  0.53439842E+00
     ITER =   72     OBJ =  0.53439840E+00
     ITER =   73     OBJ =  0.53439838E+00
     ITER =   75     OBJ =  0.43064009E+00
     ITER =   76     OBJ =  0.50163347E+00
     ITER =   77     OBJ =  0.51785029E+00
     ITER =   78     OBJ =  0.52221951E+00
     ITER =   79     OBJ =  0.54493803E+00
     ITER =   80     OBJ =  0.62574825E+00
     ITER =   81     OBJ =  0.64699247E+00
     ITER =   82     OBJ =  0.65663801E+00
     ITER =   83     OBJ =  0.66063132E+00
     ITER =   84     OBJ =  0.66080220E+00
