



   ---------------------------------------------------------------------------
     START OF THE SEQUENTIAL LEAST SQUARES PROGRAMMING ALGORIT  
   ---------------------------------------------------------------------------

     PARAMETERS:
        ACC =   0.1000D-02
        MAXITER =500
        IPRINT =   1
IOUT =   6


     ITER =    1     OBJ =  0.29884433E+00
     ITER =    2     OBJ =  0.34172372E+00
     ITER =    3     OBJ =  0.32968331E+00
     ITER =    4     OBJ =  0.34162535E+00
     ITER =    5     OBJ =  0.35028696E+00
     ITER =    6     OBJ =  0.33879816E+00
     ITER =    7     OBJ =  0.33827249E+00
     ITER =    8     OBJ =  0.33948193E+00
     ITER =    9     OBJ =  0.33899053E+00
     ITER =   10     OBJ =  0.33789392E+00
     ITER =   11     OBJ =  0.33723583E+00
     ITER =   12     OBJ =  0.33679551E+00
     ITER =   13     OBJ =  0.33573871E+00
     ITER =   14     OBJ =  0.33555524E+00
     ITER =   15     OBJ =  0.33603968E+00
     ITER =   16     OBJ =  0.33594585E+00
     ITER =   17     OBJ =  0.33594585E+00
     ITER =   18     OBJ =  0.33519402E+00
     ITER =   19     OBJ =  0.33524802E+00
     ITER =   20     OBJ =  0.33727330E+00
     ITER =   21     OBJ =  0.33729520E+00
     ITER =   22     OBJ =  0.33729520E+00
     ITER =   23     OBJ =  0.33729520E+00
     ITER =   24     OBJ =  0.33851214E+00
     ITER =   25     OBJ =  0.33852297E+00
     ITER =   26     OBJ =  0.33852297E+00
     ITER =   27     OBJ =  0.33852297E+00
        NUMBER OF FUNC-CALLS:  NFUNC = 129
        NUMBER OF GRAD-CALLS:  NGRAD =  28
