



   ---------------------------------------------------------------------------
     START OF THE SEQUENTIAL LEAST SQUARES PROGRAMMING ALGORIT  
   ---------------------------------------------------------------------------

     PARAMETERS:
        ACC =   0.1000D-02
        MAXITER =500
        IPRINT =   1
IOUT =   6


     ITER =    1     OBJ =  0.46049401E+00
     ITER =    2     OBJ =  0.36367181E+00
     ITER =    3     OBJ =  0.34635511E+00
     ITER =    4     OBJ =  0.41214974E+00
     ITER =    5     OBJ =  0.39569608E+00
     ITER =    6     OBJ =  0.41386883E+00
     ITER =    7     OBJ =  0.44636860E+00
     ITER =    8     OBJ =  0.44269231E+00
     ITER =    9     OBJ =  0.45274621E+00
     ITER =   10     OBJ =  0.44930999E+00
     ITER =   11     OBJ =  0.44828592E+00
     ITER =   12     OBJ =  0.44651168E+00
     ITER =   13     OBJ =  0.44643864E+00
     ITER =   14     OBJ =  0.44752478E+00
     ITER =   15     OBJ =  0.44761103E+00
     ITER =   16     OBJ =  0.44745158E+00
     ITER =   17     OBJ =  0.44802326E+00
     ITER =   18     OBJ =  0.44762541E+00
     ITER =   19     OBJ =  0.44760315E+00
     ITER =   20     OBJ =  0.44741495E+00
     ITER =   21     OBJ =  0.44734496E+00
     ITER =   22     OBJ =  0.44701615E+00
     ITER =   23     OBJ =  0.44671957E+00
     ITER =   24     OBJ =  0.44714638E+00
     ITER =   25     OBJ =  0.44720570E+00
     ITER =   26     OBJ =  0.44854540E+00
        NUMBER OF FUNC-CALLS:  NFUNC =  83
        NUMBER OF GRAD-CALLS:  NGRAD =  27
