



   ---------------------------------------------------------------------------
     START OF THE SEQUENTIAL LEAST SQUARES PROGRAMMING ALGORIT  
   ---------------------------------------------------------------------------

     PARAMETERS:
        ACC =   0.1000D-01
        MAXITER =500
        IPRINT =   1
IOUT =   6


     ITER =    1     OBJ =  0.65523960E+00
     ITER =    2     OBJ =  0.65091618E+00
     ITER =    3     OBJ =  0.63496525E+00
     ITER =    4     OBJ =  0.75691455E+00
     ITER =    5     OBJ =  0.76100854E+00
     ITER =    6     OBJ =  0.76677189E+00
     ITER =    7     OBJ =  0.79984330E+00
     ITER =    8     OBJ =  0.82030638E+00
     ITER =    9     OBJ =  0.91833270E+00
     ITER =   10     OBJ =  0.93687197E+00
     ITER =   11     OBJ =  0.93755471E+00
     ITER =   12     OBJ =  0.93492057E+00
     ITER =   13     OBJ =  0.93235942E+00
     ITER =   14     OBJ =  0.93413577E+00
     ITER =   15     OBJ =  0.93311616E+00
     ITER =   16     OBJ =  0.93112753E+00
     ITER =   17     OBJ =  0.92390463E+00
     ITER =   18     OBJ =  0.91476167E+00
     ITER =   19     OBJ =  0.91188783E+00
     ITER =   20     OBJ =  0.90293181E+00
     ITER =   21     OBJ =  0.89719923E+00
     ITER =   22     OBJ =  0.89703163E+00
     ITER =   23     OBJ =  0.89621290E+00
     ITER =   24     OBJ =  0.89480849E+00
     ITER =   25     OBJ =  0.90111096E+00
     ITER =   26     OBJ =  0.90159571E+00
     ITER =   27     OBJ =  0.89860823E+00
     ITER =   28     OBJ =  0.90107392E+00
     ITER =   29     OBJ =  0.90275583E+00
        NUMBER OF FUNC-CALLS:  NFUNC = 100
        NUMBER OF GRAD-CALLS:  NGRAD =  30
