



   ---------------------------------------------------------------------------
     START OF THE SEQUENTIAL LEAST SQUARES PROGRAMMING ALGORIT  
   ---------------------------------------------------------------------------

     PARAMETERS:
        ACC =   0.1000D-02
        MAXITER =500
        IPRINT =   1
IOUT =   6


     ITER =    1     OBJ =  0.88137185E+00
     ITER =    2     OBJ =  0.86821337E+00
     ITER =    3     OBJ =  0.85365217E+00
     ITER =    4     OBJ =  0.85286093E+00
     ITER =    5     OBJ =  0.85821414E+00
     ITER =    6     OBJ =  0.85573345E+00
     ITER =    7     OBJ =  0.85161273E+00
     ITER =    8     OBJ =  0.85255834E+00
     ITER =    9     OBJ =  0.85001208E+00
     ITER =   10     OBJ =  0.84496814E+00
     ITER =   11     OBJ =  0.84051203E+00
     ITER =   12     OBJ =  0.83334704E+00
     ITER =   13     OBJ =  0.82792575E+00
     ITER =   14     OBJ =  0.82889375E+00
     ITER =   15     OBJ =  0.83122440E+00
     ITER =   16     OBJ =  0.83167245E+00
     ITER =   17     OBJ =  0.83167245E+00
     ITER =   18     OBJ =  0.83167245E+00
     ITER =   19     OBJ =  0.83167245E+00
     ITER =   20     OBJ =  0.83167245E+00
     ITER =   21     OBJ =  0.83167245E+00
     ITER =   22     OBJ =  0.83196686E+00
     ITER =   23     OBJ =  0.83208942E+00
     ITER =   24     OBJ =  0.83208942E+00
     ITER =   25     OBJ =  0.83221625E+00
     ITER =   26     OBJ =  0.83214616E+00
     ITER =   27     OBJ =  0.83221551E+00
     ITER =   28     OBJ =  0.83226113E+00
     ITER =   29     OBJ =  0.83233791E+00
     ITER =   30     OBJ =  0.83233452E+00
     ITER =   31     OBJ =  0.83233808E+00
        NUMBER OF FUNC-CALLS:  NFUNC = 147
        NUMBER OF GRAD-CALLS:  NGRAD =  32
