



   ---------------------------------------------------------------------------
     START OF THE SEQUENTIAL LEAST SQUARES PROGRAMMING ALGORIT  
   ---------------------------------------------------------------------------

     PARAMETERS:
        ACC =   0.1000D-01
        MAXITER =500
        IPRINT =   1
IOUT =   6


     ITER =    1     OBJ =  0.64956492E+00
     ITER =    2     OBJ =  0.65910556E+00
     ITER =    3     OBJ =  0.80783416E+00
     ITER =    4     OBJ =  0.96215699E+00
     ITER =    5     OBJ =  0.10138967E+01
     ITER =    6     OBJ =  0.10490376E+01
     ITER =    7     OBJ =  0.10563130E+01
     ITER =    8     OBJ =  0.11519668E+01
     ITER =    9     OBJ =  0.12926165E+01
     ITER =   10     OBJ =  0.13039967E+01
     ITER =   11     OBJ =  0.13041351E+01
     ITER =   12     OBJ =  0.13065249E+01
     ITER =   13     OBJ =  0.13080067E+01
     ITER =   14     OBJ =  0.13084405E+01
     ITER =   15     OBJ =  0.13085292E+01
     ITER =   16     OBJ =  0.13086737E+01
     ITER =   17     OBJ =  0.13087392E+01
     ITER =   18     OBJ =  0.13088059E+01
     ITER =   19     OBJ =  0.13088780E+01
     ITER =   20     OBJ =  0.13087759E+01
     ITER =   21     OBJ =  0.13126025E+01
     ITER =   22     OBJ =  0.13123274E+01
     ITER =   23     OBJ =  0.13091583E+01
     ITER =   24     OBJ =  0.13093370E+01
        NUMBER OF FUNC-CALLS:  NFUNC =  78
        NUMBER OF GRAD-CALLS:  NGRAD =  25
