



   ---------------------------------------------------------------------------
     START OF THE SEQUENTIAL LEAST SQUARES PROGRAMMING ALGORIT  
   ---------------------------------------------------------------------------

     PARAMETERS:
        ACC =   0.1000D-01
        MAXITER =500
        IPRINT =   1
IOUT =   6


     ITER =    1     OBJ =  0.74289590E+00
     ITER =    2     OBJ =  0.80050297E+00
     ITER =    3     OBJ =  0.74516410E+00
     ITER =    4     OBJ =  0.87509994E+00
     ITER =    5     OBJ =  0.96413511E+00
     ITER =    6     OBJ =  0.10878365E+01
     ITER =    7     OBJ =  0.10644824E+01
     ITER =    8     OBJ =  0.10261936E+01
     ITER =    9     OBJ =  0.10645150E+01
     ITER =   10     OBJ =  0.10643665E+01
     ITER =   11     OBJ =  0.10647303E+01
     ITER =   12     OBJ =  0.11355571E+01
     ITER =   13     OBJ =  0.11371109E+01
     ITER =   14     OBJ =  0.11320009E+01
     ITER =   15     OBJ =  0.11345355E+01
     ITER =   16     OBJ =  0.11323981E+01
     ITER =   17     OBJ =  0.11329512E+01
     ITER =   18     OBJ =  0.11317472E+01
     ITER =   19     OBJ =  0.11320844E+01
     ITER =   20     OBJ =  0.11319807E+01
     ITER =   21     OBJ =  0.11318072E+01
     ITER =   22     OBJ =  0.11315752E+01
     ITER =   23     OBJ =  0.11315017E+01
     ITER =   24     OBJ =  0.11315534E+01
        NUMBER OF FUNC-CALLS:  NFUNC =  50
        NUMBER OF GRAD-CALLS:  NGRAD =  25
