



   ---------------------------------------------------------------------------
     START OF THE SEQUENTIAL LEAST SQUARES PROGRAMMING ALGORIT  
   ---------------------------------------------------------------------------

     PARAMETERS:
        ACC =   0.1000D-02
        MAXITER =500
        IPRINT =   1
IOUT =   6


     ITER =    1     OBJ =  0.21019631E+00
     ITER =    2     OBJ =  0.14466678E+00
     ITER =    3     OBJ =  0.14004466E+00
     ITER =    4     OBJ =  0.15908606E+00
     ITER =    5     OBJ =  0.16005527E+00
     ITER =    6     OBJ =  0.15779390E+00
     ITER =    7     OBJ =  0.15636728E+00
     ITER =    8     OBJ =  0.15649832E+00
     ITER =    9     OBJ =  0.15687054E+00
     ITER =   10     OBJ =  0.15490563E+00
     ITER =   11     OBJ =  0.15277634E+00
     ITER =   12     OBJ =  0.15204157E+00
     ITER =   13     OBJ =  0.15166652E+00
     ITER =   14     OBJ =  0.15010942E+00
     ITER =   15     OBJ =  0.14956362E+00
     ITER =   16     OBJ =  0.14943299E+00
     ITER =   17     OBJ =  0.14947100E+00
     ITER =   18     OBJ =  0.14950638E+00
     ITER =   19     OBJ =  0.14950480E+00
        NUMBER OF FUNC-CALLS:  NFUNC =  52
        NUMBER OF GRAD-CALLS:  NGRAD =  20
