



   ---------------------------------------------------------------------------
     START OF THE SEQUENTIAL LEAST SQUARES PROGRAMMING ALGORIT  
   ---------------------------------------------------------------------------

     PARAMETERS:
        ACC =   0.1000D-02
        MAXITER =500
        IPRINT =   1
IOUT =   6


     ITER =    1     OBJ =  0.38608475E+00
     ITER =    2     OBJ =  0.39085058E+00
     ITER =    3     OBJ =  0.45740062E+00
     ITER =    4     OBJ =  0.66887504E+00
     ITER =    5     OBJ =  0.67131548E+00
     ITER =    6     OBJ =  0.63462589E+00
     ITER =    7     OBJ =  0.69434637E+00
     ITER =    8     OBJ =  0.78894497E+00
     ITER =    9     OBJ =  0.82379231E+00
     ITER =   10     OBJ =  0.82921519E+00
     ITER =   11     OBJ =  0.84558072E+00
     ITER =   12     OBJ =  0.11100543E+01
     ITER =   13     OBJ =  0.10980063E+01
     ITER =   14     OBJ =  0.11023441E+01
     ITER =   15     OBJ =  0.11094934E+01
     ITER =   16     OBJ =  0.10983411E+01
     ITER =   17     OBJ =  0.10932084E+01
     ITER =   18     OBJ =  0.10895451E+01
     ITER =   19     OBJ =  0.10896568E+01
     ITER =   20     OBJ =  0.10860222E+01
     ITER =   21     OBJ =  0.10865127E+01
