



   ---------------------------------------------------------------------------
     START OF THE SEQUENTIAL LEAST SQUARES PROGRAMMING ALGORIT  
   ---------------------------------------------------------------------------

     PARAMETERS:
        ACC =   0.1000D-02
        MAXITER =500
        IPRINT =   1
IOUT =   6


     ITER =    1     OBJ =  0.91288849E+00
     ITER =    2     OBJ =  0.91061268E+00
     ITER =    3     OBJ =  0.10436582E+01
     ITER =    4     OBJ =  0.99161928E+00
     ITER =    5     OBJ =  0.98117920E+00
     ITER =    6     OBJ =  0.98824912E+00
     ITER =    7     OBJ =  0.98858709E+00
     ITER =    8     OBJ =  0.11628462E+01
     ITER =    9     OBJ =  0.11640498E+01
     ITER =   10     OBJ =  0.11640502E+01
     ITER =   11     OBJ =  0.11640469E+01
     ITER =   12     OBJ =  0.11781710E+01
     ITER =   13     OBJ =  0.11720090E+01
     ITER =   14     OBJ =  0.11511085E+01
     ITER =   15     OBJ =  0.11495126E+01
     ITER =   16     OBJ =  0.10324909E+01
     ITER =   17     OBJ =  0.99301137E+00
     ITER =   18     OBJ =  0.99838359E+00
     ITER =   19     OBJ =  0.10022112E+01
     ITER =   20     OBJ =  0.10126807E+01
     ITER =   21     OBJ =  0.10189125E+01
     ITER =   22     OBJ =  0.10223611E+01
     ITER =   23     OBJ =  0.10227937E+01
     ITER =   24     OBJ =  0.10246576E+01
     ITER =   25     OBJ =  0.99747418E+00
     ITER =   26     OBJ =             NaN
     ITER =   27     OBJ =             NaN
     ITER =   28     OBJ =             NaN
     ITER =   29     OBJ =             NaN
     ITER =   30     OBJ =             NaN
     ITER =   31     OBJ =             NaN
     ITER =   32     OBJ =             NaN
     ITER =   33     OBJ =             NaN
     ITER =   34     OBJ =             NaN
     ITER =   35     OBJ =             NaN
     ITER =   36     OBJ =             NaN
     ITER =   37     OBJ =             NaN
     ITER =   38     OBJ =             NaN
     ITER =   39     OBJ =             NaN
     ITER =   40     OBJ =             NaN
     ITER =   41     OBJ =             NaN
     ITER =   42     OBJ =             NaN
     ITER =   43     OBJ =             NaN
     ITER =   44     OBJ =             NaN
     ITER =   45     OBJ =             NaN
     ITER =   46     OBJ =             NaN
     ITER =   47     OBJ =             NaN
     ITER =   48     OBJ =             NaN
     ITER =   49     OBJ =             NaN
     ITER =   50     OBJ =             NaN
     ITER =   51     OBJ =             NaN
     ITER =   52     OBJ =             NaN
     ITER =   53     OBJ =             NaN
     ITER =   54     OBJ =             NaN
     ITER =   55     OBJ =             NaN
     ITER =   56     OBJ =             NaN
     ITER =   57     OBJ =             NaN
     ITER =   58     OBJ =             NaN
     ITER =   59     OBJ =             NaN
     ITER =   60     OBJ =             NaN
     ITER =   61     OBJ =             NaN
     ITER =   62     OBJ =             NaN
     ITER =   63     OBJ =             NaN
     ITER =   64     OBJ =             NaN
     ITER =   65     OBJ =             NaN
     ITER =   66     OBJ =             NaN
     ITER =   67     OBJ =             NaN
     ITER =   68     OBJ =             NaN
     ITER =   69     OBJ =             NaN
     ITER =   70     OBJ =             NaN
     ITER =   71     OBJ =             NaN
     ITER =   72     OBJ =             NaN
     ITER =   73     OBJ =             NaN
     ITER =   74     OBJ =             NaN
     ITER =   75     OBJ =             NaN
     ITER =   76     OBJ =             NaN
     ITER =   77     OBJ =             NaN
     ITER =   78     OBJ =             NaN
     ITER =   79     OBJ =             NaN
     ITER =   80     OBJ =             NaN
     ITER =   81     OBJ =             NaN
     ITER =   82     OBJ =             NaN
     ITER =   83     OBJ =             NaN
     ITER =   84     OBJ =             NaN
     ITER =   85     OBJ =             NaN
     ITER =   86     OBJ =             NaN
     ITER =   87     OBJ =             NaN
     ITER =   88     OBJ =             NaN
     ITER =   89     OBJ =             NaN
     ITER =   90     OBJ =             NaN
     ITER =   91     OBJ =             NaN
     ITER =   92     OBJ =             NaN
     ITER =   93     OBJ =             NaN
     ITER =   94     OBJ =             NaN
     ITER =   95     OBJ =             NaN
     ITER =   96     OBJ =             NaN
     ITER =   97     OBJ =             NaN
     ITER =   98     OBJ =             NaN
     ITER =   99     OBJ =             NaN
     ITER =  100     OBJ =             NaN
     ITER =  101     OBJ =             NaN
     ITER =  102     OBJ =             NaN
     ITER =  103     OBJ =             NaN
     ITER =  104     OBJ =             NaN
     ITER =  105     OBJ =             NaN
     ITER =  106     OBJ =             NaN
     ITER =  107     OBJ =             NaN
     ITER =  108     OBJ =             NaN
     ITER =  109     OBJ =             NaN
     ITER =  110     OBJ =             NaN
     ITER =  111     OBJ =             NaN
     ITER =  112     OBJ =             NaN
     ITER =  113     OBJ =             NaN
     ITER =  114     OBJ =             NaN
     ITER =  115     OBJ =             NaN
     ITER =  116     OBJ =             NaN
     ITER =  117     OBJ =             NaN
     ITER =  118     OBJ =             NaN
     ITER =  119     OBJ =             NaN
     ITER =  120     OBJ =             NaN
     ITER =  121     OBJ =             NaN
     ITER =  122     OBJ =             NaN
     ITER =  123     OBJ =             NaN
     ITER =  124     OBJ =             NaN
     ITER =  125     OBJ =             NaN
     ITER =  126     OBJ =             NaN
     ITER =  127     OBJ =             NaN
     ITER =  128     OBJ =             NaN
     ITER =  129     OBJ =             NaN
     ITER =  130     OBJ =             NaN
     ITER =  131     OBJ =             NaN
     ITER =  132     OBJ =             NaN
     ITER =  133     OBJ =             NaN
     ITER =  134     OBJ =             NaN
     ITER =  135     OBJ =             NaN
     ITER =  136     OBJ =             NaN
     ITER =  137     OBJ =             NaN
     ITER =  138     OBJ =             NaN
     ITER =  139     OBJ =             NaN
     ITER =  140     OBJ =             NaN
     ITER =  141     OBJ =             NaN
     ITER =  142     OBJ =             NaN
     ITER =  143     OBJ =             NaN
     ITER =  144     OBJ =             NaN
     ITER =  145     OBJ =             NaN
     ITER =  146     OBJ =             NaN
     ITER =  147     OBJ =             NaN
     ITER =  148     OBJ =             NaN
     ITER =  149     OBJ =             NaN
     ITER =  150     OBJ =             NaN
     ITER =  151     OBJ =             NaN
     ITER =  152     OBJ =             NaN
     ITER =  153     OBJ =             NaN
     ITER =  154     OBJ =             NaN
     ITER =  155     OBJ =             NaN
     ITER =  156     OBJ =             NaN
     ITER =  157     OBJ =             NaN
     ITER =  158     OBJ =             NaN
     ITER =  159     OBJ =             NaN
     ITER =  160     OBJ =             NaN
     ITER =  161     OBJ =             NaN
     ITER =  162     OBJ =             NaN
     ITER =  163     OBJ =             NaN
     ITER =  164     OBJ =             NaN
     ITER =  165     OBJ =             NaN
     ITER =  166     OBJ =             NaN
     ITER =  167     OBJ =             NaN
     ITER =  168     OBJ =             NaN
     ITER =  169     OBJ =             NaN
     ITER =  170     OBJ =             NaN
     ITER =  171     OBJ =             NaN
     ITER =  172     OBJ =             NaN
     ITER =  173     OBJ =             NaN
     ITER =  174     OBJ =             NaN
     ITER =  175     OBJ =             NaN
     ITER =  176     OBJ =             NaN
     ITER =  177     OBJ =             NaN
     ITER =  178     OBJ =             NaN
     ITER =  179     OBJ =             NaN
     ITER =  180     OBJ =             NaN
     ITER =  181     OBJ =             NaN
     ITER =  182     OBJ =             NaN
     ITER =  183     OBJ =             NaN
     ITER =  184     OBJ =             NaN
     ITER =  185     OBJ =             NaN
     ITER =  186     OBJ =             NaN
     ITER =  187     OBJ =             NaN
     ITER =  188     OBJ =             NaN
     ITER =  189     OBJ =             NaN
     ITER =  190     OBJ =             NaN
     ITER =  191     OBJ =             NaN
     ITER =  192     OBJ =             NaN
     ITER =  193     OBJ =             NaN
     ITER =  194     OBJ =             NaN
     ITER =  195     OBJ =             NaN
     ITER =  196     OBJ =             NaN
     ITER =  197     OBJ =             NaN
     ITER =  198     OBJ =             NaN
     ITER =  199     OBJ =             NaN
     ITER =  200     OBJ =             NaN
     ITER =  201     OBJ =             NaN
     ITER =  202     OBJ =             NaN
     ITER =  203     OBJ =             NaN
     ITER =  204     OBJ =             NaN
     ITER =  205     OBJ =             NaN
     ITER =  206     OBJ =             NaN
     ITER =  207     OBJ =             NaN
     ITER =  208     OBJ =             NaN
     ITER =  209     OBJ =             NaN
     ITER =  210     OBJ =             NaN
     ITER =  211     OBJ =             NaN
     ITER =  212     OBJ =             NaN
     ITER =  213     OBJ =             NaN
     ITER =  214     OBJ =             NaN
     ITER =  215     OBJ =             NaN
     ITER =  216     OBJ =             NaN
     ITER =  217     OBJ =             NaN
     ITER =  218     OBJ =             NaN
     ITER =  219     OBJ =             NaN
     ITER =  220     OBJ =             NaN
     ITER =  221     OBJ =             NaN
     ITER =  222     OBJ =             NaN
     ITER =  223     OBJ =             NaN
     ITER =  224     OBJ =             NaN
     ITER =  225     OBJ =             NaN
     ITER =  226     OBJ =             NaN
     ITER =  227     OBJ =             NaN
     ITER =  228     OBJ =             NaN
     ITER =  229     OBJ =             NaN
     ITER =  230     OBJ =             NaN
     ITER =  231     OBJ =             NaN
     ITER =  232     OBJ =             NaN
     ITER =  233     OBJ =             NaN
     ITER =  234     OBJ =             NaN
     ITER =  235     OBJ =             NaN
     ITER =  236     OBJ =             NaN
     ITER =  237     OBJ =             NaN
     ITER =  238     OBJ =             NaN
     ITER =  239     OBJ =             NaN
     ITER =  240     OBJ =             NaN
     ITER =  241     OBJ =             NaN
     ITER =  242     OBJ =             NaN
     ITER =  243     OBJ =             NaN
     ITER =  244     OBJ =             NaN
     ITER =  245     OBJ =             NaN
     ITER =  246     OBJ =             NaN
     ITER =  247     OBJ =             NaN
     ITER =  248     OBJ =             NaN
     ITER =  249     OBJ =             NaN
     ITER =  250     OBJ =             NaN
     ITER =  251     OBJ =             NaN
     ITER =  252     OBJ =             NaN
     ITER =  253     OBJ =             NaN
     ITER =  254     OBJ =             NaN
     ITER =  255     OBJ =             NaN
     ITER =  256     OBJ =             NaN
     ITER =  257     OBJ =             NaN
     ITER =  258     OBJ =             NaN
     ITER =  259     OBJ =             NaN
     ITER =  260     OBJ =             NaN
     ITER =  261     OBJ =             NaN
     ITER =  262     OBJ =             NaN
     ITER =  263     OBJ =             NaN
     ITER =  264     OBJ =             NaN
     ITER =  265     OBJ =             NaN
     ITER =  266     OBJ =             NaN
     ITER =  267     OBJ =             NaN
     ITER =  268     OBJ =             NaN
     ITER =  269     OBJ =             NaN
     ITER =  270     OBJ =             NaN
     ITER =  271     OBJ =             NaN
     ITER =  272     OBJ =             NaN
     ITER =  273     OBJ =             NaN
     ITER =  274     OBJ =             NaN
     ITER =  275     OBJ =             NaN
     ITER =  276     OBJ =             NaN
     ITER =  277     OBJ =             NaN
     ITER =  278     OBJ =             NaN
     ITER =  279     OBJ =             NaN
     ITER =  280     OBJ =             NaN
     ITER =  281     OBJ =             NaN
     ITER =  282     OBJ =             NaN
     ITER =  283     OBJ =             NaN
     ITER =  284     OBJ =             NaN
     ITER =  285     OBJ =             NaN
     ITER =  286     OBJ =             NaN
     ITER =  287     OBJ =             NaN
     ITER =  288     OBJ =             NaN
     ITER =  289     OBJ =             NaN
     ITER =  290     OBJ =             NaN
     ITER =  291     OBJ =             NaN
     ITER =  292     OBJ =             NaN
     ITER =  293     OBJ =             NaN
     ITER =  294     OBJ =             NaN
     ITER =  295     OBJ =             NaN
     ITER =  296     OBJ =             NaN
     ITER =  297     OBJ =             NaN
     ITER =  298     OBJ =             NaN
     ITER =  299     OBJ =             NaN
     ITER =  300     OBJ =             NaN
     ITER =  301     OBJ =             NaN
     ITER =  302     OBJ =             NaN
     ITER =  303     OBJ =             NaN
     ITER =  304     OBJ =             NaN
     ITER =  305     OBJ =             NaN
     ITER =  306     OBJ =             NaN
     ITER =  307     OBJ =             NaN
     ITER =  308     OBJ =             NaN
     ITER =  309     OBJ =             NaN
     ITER =  310     OBJ =             NaN
     ITER =  311     OBJ =             NaN
     ITER =  312     OBJ =             NaN
     ITER =  313     OBJ =             NaN
     ITER =  314     OBJ =             NaN
     ITER =  315     OBJ =             NaN
     ITER =  316     OBJ =             NaN
     ITER =  317     OBJ =             NaN
     ITER =  318     OBJ =             NaN
     ITER =  319     OBJ =             NaN
     ITER =  320     OBJ =             NaN
     ITER =  321     OBJ =             NaN
     ITER =  322     OBJ =             NaN
     ITER =  323     OBJ =             NaN
     ITER =  324     OBJ =             NaN
     ITER =  325     OBJ =             NaN
     ITER =  326     OBJ =             NaN
     ITER =  327     OBJ =             NaN
     ITER =  328     OBJ =             NaN
     ITER =  329     OBJ =             NaN
     ITER =  330     OBJ =             NaN
     ITER =  331     OBJ =             NaN
     ITER =  332     OBJ =             NaN
     ITER =  333     OBJ =             NaN
     ITER =  334     OBJ =             NaN
     ITER =  335     OBJ =             NaN
     ITER =  336     OBJ =             NaN
     ITER =  337     OBJ =             NaN
     ITER =  338     OBJ =             NaN
     ITER =  339     OBJ =             NaN
     ITER =  340     OBJ =             NaN
     ITER =  341     OBJ =             NaN
     ITER =  342     OBJ =             NaN
     ITER =  343     OBJ =             NaN
     ITER =  344     OBJ =             NaN
     ITER =  345     OBJ =             NaN
     ITER =  346     OBJ =             NaN
     ITER =  347     OBJ =             NaN
     ITER =  348     OBJ =             NaN
     ITER =  349     OBJ =             NaN
     ITER =  350     OBJ =             NaN
     ITER =  351     OBJ =             NaN
     ITER =  352     OBJ =             NaN
     ITER =  353     OBJ =             NaN
     ITER =  354     OBJ =             NaN
     ITER =  355     OBJ =             NaN
     ITER =  356     OBJ =             NaN
     ITER =  357     OBJ =             NaN
     ITER =  358     OBJ =             NaN
     ITER =  359     OBJ =             NaN
     ITER =  360     OBJ =             NaN
     ITER =  361     OBJ =             NaN
     ITER =  362     OBJ =             NaN
     ITER =  363     OBJ =             NaN
     ITER =  364     OBJ =             NaN
     ITER =  365     OBJ =             NaN
     ITER =  366     OBJ =             NaN
     ITER =  367     OBJ =             NaN
     ITER =  368     OBJ =             NaN
     ITER =  369     OBJ =             NaN
     ITER =  370     OBJ =             NaN
     ITER =  371     OBJ =             NaN
     ITER =  372     OBJ =             NaN
     ITER =  373     OBJ =             NaN
     ITER =  374     OBJ =             NaN
     ITER =  375     OBJ =             NaN
     ITER =  376     OBJ =             NaN
     ITER =  377     OBJ =             NaN
     ITER =  378     OBJ =             NaN
     ITER =  379     OBJ =             NaN
     ITER =  380     OBJ =             NaN
     ITER =  381     OBJ =             NaN
     ITER =  382     OBJ =             NaN
     ITER =  383     OBJ =             NaN
     ITER =  384     OBJ =             NaN
     ITER =  385     OBJ =             NaN
     ITER =  386     OBJ =             NaN
     ITER =  387     OBJ =             NaN
     ITER =  388     OBJ =             NaN
     ITER =  389     OBJ =             NaN
     ITER =  390     OBJ =             NaN
     ITER =  391     OBJ =             NaN
     ITER =  392     OBJ =             NaN
     ITER =  393     OBJ =             NaN
     ITER =  394     OBJ =             NaN
     ITER =  395     OBJ =             NaN
     ITER =  396     OBJ =             NaN
     ITER =  397     OBJ =             NaN
     ITER =  398     OBJ =             NaN
     ITER =  399     OBJ =             NaN
     ITER =  400     OBJ =             NaN
     ITER =  401     OBJ =             NaN
     ITER =  402     OBJ =             NaN
     ITER =  403     OBJ =             NaN
     ITER =  404     OBJ =             NaN
     ITER =  405     OBJ =             NaN
     ITER =  406     OBJ =             NaN
     ITER =  407     OBJ =             NaN
     ITER =  408     OBJ =             NaN
     ITER =  409     OBJ =             NaN
     ITER =  410     OBJ =             NaN
     ITER =  411     OBJ =             NaN
     ITER =  412     OBJ =             NaN
     ITER =  413     OBJ =             NaN
     ITER =  414     OBJ =             NaN
     ITER =  415     OBJ =             NaN
     ITER =  416     OBJ =             NaN
     ITER =  417     OBJ =             NaN
     ITER =  418     OBJ =             NaN
     ITER =  419     OBJ =             NaN
     ITER =  420     OBJ =             NaN
     ITER =  421     OBJ =             NaN
     ITER =  422     OBJ =             NaN
     ITER =  423     OBJ =             NaN
     ITER =  424     OBJ =             NaN
     ITER =  425     OBJ =             NaN
     ITER =  426     OBJ =             NaN
     ITER =  427     OBJ =             NaN
     ITER =  428     OBJ =             NaN
     ITER =  429     OBJ =             NaN
     ITER =  430     OBJ =             NaN
     ITER =  431     OBJ =             NaN
     ITER =  432     OBJ =             NaN
     ITER =  433     OBJ =             NaN
     ITER =  434     OBJ =             NaN
     ITER =  435     OBJ =             NaN
     ITER =  436     OBJ =             NaN
     ITER =  437     OBJ =             NaN
     ITER =  438     OBJ =             NaN
     ITER =  439     OBJ =             NaN
     ITER =  440     OBJ =             NaN
     ITER =  441     OBJ =             NaN
     ITER =  442     OBJ =             NaN
     ITER =  443     OBJ =             NaN
     ITER =  444     OBJ =             NaN
     ITER =  445     OBJ =             NaN
     ITER =  446     OBJ =             NaN
     ITER =  447     OBJ =             NaN
     ITER =  448     OBJ =             NaN
     ITER =  449     OBJ =             NaN
     ITER =  450     OBJ =             NaN
     ITER =  451     OBJ =             NaN
     ITER =  452     OBJ =             NaN
     ITER =  453     OBJ =             NaN
     ITER =  454     OBJ =             NaN
     ITER =  455     OBJ =             NaN
     ITER =  456     OBJ =             NaN
     ITER =  457     OBJ =             NaN
     ITER =  458     OBJ =             NaN
     ITER =  459     OBJ =             NaN
     ITER =  460     OBJ =             NaN
     ITER =  461     OBJ =             NaN
     ITER =  462     OBJ =             NaN
     ITER =  463     OBJ =             NaN
     ITER =  464     OBJ =             NaN
     ITER =  465     OBJ =             NaN
     ITER =  466     OBJ =             NaN
     ITER =  467     OBJ =             NaN
     ITER =  468     OBJ =             NaN
     ITER =  469     OBJ =             NaN
     ITER =  470     OBJ =             NaN
     ITER =  471     OBJ =             NaN
     ITER =  472     OBJ =             NaN
     ITER =  473     OBJ =             NaN
     ITER =  474     OBJ =             NaN
     ITER =  475     OBJ =             NaN
     ITER =  476     OBJ =             NaN
     ITER =  477     OBJ =             NaN
     ITER =  478     OBJ =             NaN
     ITER =  479     OBJ =             NaN
     ITER =  480     OBJ =             NaN
     ITER =  481     OBJ =             NaN
     ITER =  482     OBJ =             NaN
     ITER =  483     OBJ =             NaN
     ITER =  484     OBJ =             NaN
     ITER =  485     OBJ =             NaN
     ITER =  486     OBJ =             NaN
     ITER =  487     OBJ =             NaN
     ITER =  488     OBJ =             NaN
     ITER =  489     OBJ =             NaN
     ITER =  490     OBJ =             NaN
     ITER =  491     OBJ =             NaN
     ITER =  492     OBJ =             NaN
     ITER =  493     OBJ =             NaN
     ITER =  494     OBJ =             NaN
     ITER =  495     OBJ =             NaN
     ITER =  496     OBJ =             NaN
     ITER =  497     OBJ =             NaN
     ITER =  498     OBJ =             NaN
     ITER =  499     OBJ =             NaN
     ITER =  500     OBJ =             NaN
        NUMBER OF FUNC-CALLS:  NFUNC =5326
        NUMBER OF GRAD-CALLS:  NGRAD = 501
