



   ---------------------------------------------------------------------------
     START OF THE SEQUENTIAL LEAST SQUARES PROGRAMMING ALGORIT  
   ---------------------------------------------------------------------------

     PARAMETERS:
        ACC =   0.1000D-02
        MAXITER =500
        IPRINT =   1
IOUT =   6


     ITER =    1     OBJ =  0.39248920E+00
     ITER =    2     OBJ =  0.31867412E+00
     ITER =    3     OBJ =  0.38859198E+00
     ITER =    4     OBJ =  0.37530409E+00
     ITER =    5     OBJ =  0.46982974E+00
     ITER =    6     OBJ =  0.44396540E+00
     ITER =    7     OBJ =  0.43270162E+00
     ITER =    8     OBJ =  0.45423754E+00
     ITER =    9     OBJ =  0.45556521E+00
     ITER =   10     OBJ =  0.50526806E+00
     ITER =   11     OBJ =  0.55742725E+00
     ITER =   12     OBJ =  0.56017086E+00
     ITER =   13     OBJ =  0.60738536E+00
     ITER =   14     OBJ =  0.63404513E+00
     ITER =   15     OBJ =  0.63729444E+00
     ITER =   16     OBJ =  0.65751945E+00
     ITER =   17     OBJ =  0.68027569E+00
     ITER =   18     OBJ =  0.68388752E+00
     ITER =   19     OBJ =  0.70513247E+00
     ITER =   20     OBJ =  0.72368622E+00
     ITER =   21     OBJ =  0.73048264E+00
     ITER =   22     OBJ =  0.73259765E+00
     ITER =   23     OBJ =  0.73746984E+00
     ITER =   24     OBJ =  0.74006852E+00
     ITER =   25     OBJ =  0.74328245E+00
     ITER =   26     OBJ =  0.74630496E+00
     ITER =   27     OBJ =  0.75008021E+00
     ITER =   28     OBJ =  0.75376137E+00
     ITER =   29     OBJ =  0.75520556E+00
     ITER =   30     OBJ =  0.76010218E+00
     ITER =   31     OBJ =  0.76149684E+00
     ITER =   32     OBJ =  0.76495394E+00
     ITER =   33     OBJ =  0.76604545E+00
     ITER =   34     OBJ =  0.76884716E+00
     ITER =   35     OBJ =  0.76970489E+00
     ITER =   36     OBJ =  0.77210415E+00
     ITER =   37     OBJ =  0.77280511E+00
     ITER =   38     OBJ =  0.77480909E+00
     ITER =   39     OBJ =  0.77538438E+00
     ITER =   40     OBJ =  0.77712160E+00
     ITER =   41     OBJ =  0.77760045E+00
     ITER =   42     OBJ =  0.77906432E+00
     ITER =   43     OBJ =  0.77945994E+00
     ITER =   44     OBJ =  0.78086006E+00
     ITER =   45     OBJ =  0.78117216E+00
     ITER =   46     OBJ =  0.78233709E+00
     ITER =   47     OBJ =  0.78259611E+00
     ITER =   48     OBJ =  0.78368805E+00
     ITER =   49     OBJ =  0.78385789E+00
     ITER =   50     OBJ =  0.78596859E+00
     ITER =   51     OBJ =  0.78606637E+00
     ITER =   52     OBJ =  0.78785831E+00
     ITER =   53     OBJ =  0.78790458E+00
     ITER =   54     OBJ =  0.78790459E+00
     ITER =   55     OBJ =  0.78855442E+00
     ITER =   56     OBJ =  0.78861801E+00
     ITER =   57     OBJ =  0.78922746E+00
     ITER =   58     OBJ =  0.78926563E+00
     ITER =   59     OBJ =  0.78927126E+00
     ITER =   60     OBJ =  0.78927152E+00
     ITER =   61     OBJ =  0.78934535E+00
     ITER =   62     OBJ =  0.78935102E+00
     ITER =   63     OBJ =  0.78935115E+00
     ITER =   64     OBJ =  0.78936642E+00
     ITER =   65     OBJ =  0.78937249E+00
     ITER =   66     OBJ =  0.78937163E+00
     ITER =   67     OBJ =  0.78937344E+00
     ITER =   68     OBJ =  0.78911976E+00
     ITER =   69     OBJ =  0.78938319E+00
     ITER =   70     OBJ =  0.78938051E+00
     ITER =   71     OBJ =  0.78938408E+00
     ITER =   72     OBJ =  0.78938408E+00
     ITER =   73     OBJ =  0.78993628E+00
     ITER =   74     OBJ =  0.79052737E+00
     ITER =   75     OBJ =  0.78838890E+00
     ITER =   76     OBJ =  0.78936078E+00
     ITER =   77     OBJ =  0.79155817E+00
     ITER =   78     OBJ =  0.79215168E+00
     ITER =   79     OBJ =  0.79384049E+00
        NUMBER OF FUNC-CALLS:  NFUNC = 467
        NUMBER OF GRAD-CALLS:  NGRAD =  80
