



   ---------------------------------------------------------------------------
     START OF THE SEQUENTIAL LEAST SQUARES PROGRAMMING ALGORIT  
   ---------------------------------------------------------------------------

     PARAMETERS:
        ACC =   0.1000D-02
        MAXITER =500
        IPRINT =   1
IOUT =   6


     ITER =    1     OBJ =  0.24604155E+00
     ITER =    2     OBJ =  0.27410865E+00
     ITER =    3     OBJ =  0.26399209E+00
     ITER =    4     OBJ =  0.27250066E+00
     ITER =    5     OBJ =  0.28294405E+00
     ITER =    6     OBJ =  0.27113251E+00
     ITER =    7     OBJ =  0.26632374E+00
     ITER =    8     OBJ =  0.26562144E+00
     ITER =    9     OBJ =  0.26175870E+00
     ITER =   10     OBJ =  0.26238783E+00
     ITER =   11     OBJ =  0.26221882E+00
     ITER =   12     OBJ =  0.26450000E+00
     ITER =   13     OBJ =  0.26352687E+00
     ITER =   14     OBJ =  0.26350879E+00
     ITER =   15     OBJ =  0.26350879E+00
     ITER =   16     OBJ =  0.26231381E+00
     ITER =   17     OBJ =  0.26235367E+00
     ITER =   18     OBJ =  0.26675111E+00
        NUMBER OF FUNC-CALLS:  NFUNC =  60
        NUMBER OF GRAD-CALLS:  NGRAD =  19
