



   ---------------------------------------------------------------------------
     START OF THE SEQUENTIAL LEAST SQUARES PROGRAMMING ALGORIT  
   ---------------------------------------------------------------------------

     PARAMETERS:
        ACC =   0.1000D-02
        MAXITER =500
        IPRINT =   1
IOUT =   6


     ITER =    1     OBJ =  0.31932405E+00
     ITER =    2     OBJ =  0.27724091E+00
     ITER =    3     OBJ =  0.27123696E+00
     ITER =    4     OBJ =  0.27133837E+00
     ITER =    5     OBJ =  0.27169645E+00
     ITER =    6     OBJ =  0.27045027E+00
     ITER =    7     OBJ =  0.26403022E+00
     ITER =    8     OBJ =  0.26273146E+00
     ITER =    9     OBJ =  0.26512232E+00
     ITER =   10     OBJ =  0.26325131E+00
     ITER =   11     OBJ =  0.26242339E+00
     ITER =   12     OBJ =  0.26228541E+00
     ITER =   13     OBJ =  0.26269360E+00
     ITER =   14     OBJ =  0.26265462E+00
     ITER =   15     OBJ =  0.26224363E+00
     ITER =   16     OBJ =  0.26214408E+00
     ITER =   17     OBJ =  0.26206727E+00
        NUMBER OF FUNC-CALLS:  NFUNC =  30
        NUMBER OF GRAD-CALLS:  NGRAD =  18
