



   ---------------------------------------------------------------------------
     START OF THE SEQUENTIAL LEAST SQUARES PROGRAMMING ALGORIT  
   ---------------------------------------------------------------------------

     PARAMETERS:
        ACC =   0.1000D-02
        MAXITER =500
        IPRINT =   1
IOUT =   6


     ITER =    1     OBJ =  0.31932405E+00
     ITER =    2     OBJ =  0.27156372E+00
     ITER =    3     OBJ =  0.26509614E+00
     ITER =    4     OBJ =  0.25891383E+00
     ITER =    5     OBJ =  0.25299544E+00
     ITER =    6     OBJ =  0.24935136E+00
     ITER =    7     OBJ =  0.24856968E+00
     ITER =    8     OBJ =  0.24705380E+00
     ITER =    9     OBJ =  0.24594108E+00
     ITER =   10     OBJ =  0.24387440E+00
     ITER =   11     OBJ =  0.24430062E+00
     ITER =   12     OBJ =  0.24293172E+00
     ITER =   13     OBJ =  0.24069418E+00
     ITER =   14     OBJ =  0.24048764E+00
     ITER =   15     OBJ =  0.24023461E+00
     ITER =   16     OBJ =  0.24002006E+00
     ITER =   17     OBJ =  0.23997030E+00
     ITER =   18     OBJ =  0.24013069E+00
     ITER =   19     OBJ =  0.24005491E+00
     ITER =   20     OBJ =  0.23996928E+00
     ITER =   21     OBJ =  0.24001023E+00
     ITER =   22     OBJ =  0.23991415E+00
     ITER =   23     OBJ =  0.23975620E+00
        NUMBER OF FUNC-CALLS:  NFUNC =  37
        NUMBER OF GRAD-CALLS:  NGRAD =  24
