



   ---------------------------------------------------------------------------
     START OF THE SEQUENTIAL LEAST SQUARES PROGRAMMING ALGORIT  
   ---------------------------------------------------------------------------

     PARAMETERS:
        ACC =   0.1000D-02
        MAXITER =500
        IPRINT =   1
IOUT =   6


     ITER =    1     OBJ =  0.32198001E+00
     ITER =    2     OBJ =  0.35076969E+00
     ITER =    3     OBJ =  0.47167613E+00
     ITER =    4     OBJ =  0.46728705E+00
     ITER =    5     OBJ =  0.43300020E+00
     ITER =    6     OBJ =  0.43565036E+00
     ITER =    7     OBJ =  0.50540805E+00
     ITER =    8     OBJ =  0.51196920E+00
     ITER =    9     OBJ =  0.48157337E+00
     ITER =   10     OBJ =  0.48310224E+00
     ITER =   11     OBJ =  0.49382875E+00
     ITER =   12     OBJ =  0.49781738E+00
     ITER =   13     OBJ =  0.49990429E+00
     ITER =   14     OBJ =  0.49516231E+00
     ITER =   15     OBJ =  0.48633636E+00
     ITER =   16     OBJ =  0.47962987E+00
     ITER =   17     OBJ =  0.48307737E+00
     ITER =   18     OBJ =  0.48330297E+00
     ITER =   19     OBJ =  0.48164328E+00
        NUMBER OF FUNC-CALLS:  NFUNC =  33
        NUMBER OF GRAD-CALLS:  NGRAD =  20
