



   ---------------------------------------------------------------------------
     START OF THE SEQUENTIAL LEAST SQUARES PROGRAMMING ALGORIT  
   ---------------------------------------------------------------------------

     PARAMETERS:
        ACC =   0.1000D-02
        MAXITER =500
        IPRINT =   1
IOUT =   6


     ITER =    1     OBJ =  0.25248553E+01
     ITER =    2     OBJ =  0.23968811E+01
     ITER =    3     OBJ =  0.24218198E+01
     ITER =    4     OBJ =  0.23721830E+01
     ITER =    5     OBJ =  0.22826554E+01
     ITER =    6     OBJ =  0.23482193E+01
     ITER =    7     OBJ =  0.25676674E+01
     ITER =    8     OBJ =  0.26130388E+01
     ITER =    9     OBJ =  0.27150796E+01
     ITER =   10     OBJ =  0.26739924E+01
     ITER =   11     OBJ =  0.26796461E+01
     ITER =   12     OBJ =  0.26755890E+01
     ITER =   13     OBJ =  0.26774011E+01
     ITER =   14     OBJ =  0.26774007E+01
     ITER =   15     OBJ =  0.26774157E+01
     ITER =   16     OBJ =  0.26774156E+01
     ITER =   17     OBJ =  0.26774056E+01
     ITER =   18     OBJ =  0.26773889E+01
     ITER =   19     OBJ =  0.26773847E+01
     ITER =   20     OBJ =  0.26773843E+01
     ITER =   21     OBJ =  0.26773842E+01
     ITER =   22     OBJ =  0.26773842E+01
     ITER =   23     OBJ =  0.26773842E+01
