



   ---------------------------------------------------------------------------
     START OF THE SEQUENTIAL LEAST SQUARES PROGRAMMING ALGORIT  
   ---------------------------------------------------------------------------

     PARAMETERS:
        ACC =   0.1000D-01
        MAXITER =500
        IPRINT =   1
IOUT =   6


     ITER =    1     OBJ =  0.14384025E+01
     ITER =    2     OBJ =  0.14640237E+01
     ITER =    3     OBJ =  0.14090885E+01
     ITER =    4     OBJ =  0.16249613E+01
     ITER =    5     OBJ =  0.18958382E+01
     ITER =    6     OBJ =  0.19270537E+01
     ITER =    7     OBJ =  0.19392350E+01
     ITER =    8     OBJ =  0.19694967E+01
     ITER =    9     OBJ =  0.19837698E+01
     ITER =   10     OBJ =  0.19892291E+01
     ITER =   11     OBJ =  0.20316481E+01
     ITER =   12     OBJ =  0.20478453E+01
     ITER =   13     OBJ =  0.22322466E+01
     ITER =   14     OBJ =  0.24728877E+01
     ITER =   15     OBJ =  0.23809543E+01
     ITER =   16     OBJ =  0.23836319E+01
     ITER =   17     OBJ =  0.23805345E+01
     ITER =   18     OBJ =  0.23732664E+01
     ITER =   19     OBJ =  0.23723922E+01
     ITER =   20     OBJ =  0.23723609E+01
     ITER =   21     OBJ =  0.23723566E+01
     ITER =   22     OBJ =  0.23723569E+01
     ITER =   23     OBJ =  0.23723569E+01
     ITER =   24     OBJ =  0.23723569E+01
     ITER =   25     OBJ =  0.23723569E+01
     ITER =   26     OBJ =  0.23723569E+01
     ITER =   27     OBJ =  0.23723569E+01
     ITER =   28     OBJ =  0.23723568E+01
     ITER =   29     OBJ =  0.23723568E+01
     ITER =   30     OBJ =  0.23723568E+01
     ITER =   31     OBJ =  0.23723568E+01
     ITER =   32     OBJ =  0.23723568E+01
     ITER =   33     OBJ =  0.23723568E+01
     ITER =   34     OBJ =  0.23723568E+01
     ITER =   35     OBJ =  0.23723568E+01
     ITER =   36     OBJ =  0.23723568E+01
     ITER =   37     OBJ =  0.23723567E+01
     ITER =   38     OBJ =  0.23723567E+01
     ITER =   39     OBJ =  0.23723567E+01
     ITER =   40     OBJ =  0.23723567E+01
     ITER =   41     OBJ =  0.23723567E+01
     ITER =   42     OBJ =  0.23723566E+01
     ITER =   43     OBJ =  0.23723566E+01
     ITER =   44     OBJ =  0.23723566E+01
     ITER =   45     OBJ =  0.23723565E+01
     ITER =   46     OBJ =  0.23723565E+01
     ITER =   47     OBJ =  0.23723564E+01
     ITER =   48     OBJ =  0.23723564E+01
     ITER =   49     OBJ =  0.23723563E+01
     ITER =   50     OBJ =  0.23723563E+01
     ITER =   51     OBJ =  0.23723562E+01
     ITER =   52     OBJ =  0.23723562E+01
     ITER =   53     OBJ =  0.23723561E+01
     ITER =   54     OBJ =  0.23723560E+01
     ITER =   55     OBJ =  0.23723559E+01
     ITER =   56     OBJ =  0.23723558E+01
     ITER =   57     OBJ =  0.23723558E+01
     ITER =   58     OBJ =  0.23723557E+01
     ITER =   59     OBJ =  0.23723556E+01
     ITER =   60     OBJ =  0.23723555E+01
     ITER =   61     OBJ =  0.23723554E+01
     ITER =   62     OBJ =  0.23723553E+01
     ITER =   63     OBJ =  0.23723551E+01
     ITER =   64     OBJ =  0.23723550E+01
     ITER =   65     OBJ =  0.23723549E+01
     ITER =   66     OBJ =  0.23723547E+01
     ITER =   67     OBJ =  0.23723546E+01
     ITER =   68     OBJ =  0.23723545E+01
     ITER =   69     OBJ =  0.23723543E+01
     ITER =   70     OBJ =  0.23723542E+01
     ITER =   71     OBJ =  0.23723540E+01
     ITER =   72     OBJ =  0.23723538E+01
     ITER =   73     OBJ =  0.23723536E+01
     ITER =   74     OBJ =  0.23723535E+01
     ITER =   75     OBJ =  0.23723533E+01
     ITER =   76     OBJ =  0.23723531E+01
     ITER =   77     OBJ =  0.23723529E+01
     ITER =   78     OBJ =  0.23723527E+01
     ITER =   79     OBJ =  0.23723524E+01
     ITER =   80     OBJ =  0.23723522E+01
     ITER =   81     OBJ =  0.23723520E+01
     ITER =   82     OBJ =  0.23723517E+01
     ITER =   83     OBJ =  0.23723515E+01
     ITER =   84     OBJ =  0.23723512E+01
     ITER =   85     OBJ =  0.23723509E+01
     ITER =   86     OBJ =  0.23723507E+01
     ITER =   87     OBJ =  0.23723504E+01
     ITER =   88     OBJ =  0.23723501E+01
     ITER =   89     OBJ =  0.23723498E+01
     ITER =   90     OBJ =  0.23723494E+01
     ITER =   91     OBJ =  0.23723491E+01
     ITER =   92     OBJ =  0.23723488E+01
     ITER =   93     OBJ =  0.23723484E+01
     ITER =   94     OBJ =  0.23723481E+01
     ITER =   95     OBJ =  0.23723477E+01
     ITER =   96     OBJ =  0.23723473E+01
     ITER =   97     OBJ =  0.23723469E+01
     ITER =   98     OBJ =  0.23723465E+01
     ITER =   99     OBJ =  0.23723461E+01
     ITER =  100     OBJ =  0.23723456E+01
     ITER =  101     OBJ =  0.23723452E+01
     ITER =  102     OBJ =  0.23723447E+01
     ITER =  103     OBJ =  0.23723442E+01
     ITER =  104     OBJ =  0.23723437E+01
     ITER =  105     OBJ =  0.23723432E+01
     ITER =  106     OBJ =  0.23723427E+01
     ITER =  107     OBJ =  0.23723422E+01
     ITER =  108     OBJ =  0.23723416E+01
     ITER =  109     OBJ =  0.23723410E+01
     ITER =  110     OBJ =  0.23723404E+01
     ITER =  111     OBJ =  0.23723398E+01
     ITER =  112     OBJ =  0.23723392E+01
     ITER =  113     OBJ =  0.23723386E+01
     ITER =  114     OBJ =  0.23723380E+01
     ITER =  115     OBJ =  0.23723373E+01
     ITER =  116     OBJ =  0.23723366E+01
     ITER =  117     OBJ =  0.23723359E+01
     ITER =  118     OBJ =  0.23723352E+01
     ITER =  119     OBJ =  0.23723344E+01
     ITER =  120     OBJ =  0.23723336E+01
     ITER =  121     OBJ =  0.23723328E+01
     ITER =  122     OBJ =  0.23723319E+01
     ITER =  123     OBJ =  0.23723311E+01
     ITER =  124     OBJ =  0.23723302E+01
     ITER =  125     OBJ =  0.23723292E+01
     ITER =  126     OBJ =  0.23723283E+01
     ITER =  127     OBJ =  0.23723273E+01
     ITER =  128     OBJ =  0.23723263E+01
     ITER =  129     OBJ =  0.23723253E+01
     ITER =  130     OBJ =  0.23723242E+01
     ITER =  131     OBJ =  0.23723232E+01
     ITER =  132     OBJ =  0.23723221E+01
     ITER =  133     OBJ =  0.23723209E+01
     ITER =  134     OBJ =  0.23723197E+01
     ITER =  135     OBJ =  0.23723185E+01
     ITER =  136     OBJ =  0.23723173E+01
     ITER =  137     OBJ =  0.23723160E+01
     ITER =  138     OBJ =  0.23723147E+01
     ITER =  139     OBJ =  0.23723134E+01
     ITER =  140     OBJ =  0.23723120E+01
     ITER =  141     OBJ =  0.23723106E+01
     ITER =  142     OBJ =  0.23723091E+01
     ITER =  143     OBJ =  0.23723076E+01
     ITER =  144     OBJ =  0.23723061E+01
     ITER =  145     OBJ =  0.23723045E+01
     ITER =  146     OBJ =  0.23723029E+01
     ITER =  147     OBJ =  0.23723012E+01
     ITER =  148     OBJ =  0.23722995E+01
     ITER =  149     OBJ =  0.23722976E+01
     ITER =  150     OBJ =  0.23722958E+01
     ITER =  151     OBJ =  0.23722940E+01
     ITER =  152     OBJ =  0.23722921E+01
     ITER =  153     OBJ =  0.23722902E+01
     ITER =  154     OBJ =  0.23722882E+01
     ITER =  155     OBJ =  0.23722862E+01
     ITER =  156     OBJ =  0.23722841E+01
     ITER =  157     OBJ =  0.23722820E+01
     ITER =  158     OBJ =  0.23722799E+01
     ITER =  159     OBJ =  0.23722776E+01
     ITER =  160     OBJ =  0.23722754E+01
     ITER =  161     OBJ =  0.23722730E+01
     ITER =  162     OBJ =  0.23722706E+01
     ITER =  163     OBJ =  0.23722682E+01
     ITER =  164     OBJ =  0.23722657E+01
     ITER =  165     OBJ =  0.23722631E+01
     ITER =  166     OBJ =  0.23722605E+01
     ITER =  167     OBJ =  0.23722578E+01
     ITER =  168     OBJ =  0.23722550E+01
     ITER =  169     OBJ =  0.23722522E+01
     ITER =  170     OBJ =  0.23722494E+01
     ITER =  171     OBJ =  0.23722464E+01
     ITER =  172     OBJ =  0.23722434E+01
     ITER =  173     OBJ =  0.23722403E+01
     ITER =  174     OBJ =  0.23722371E+01
     ITER =  175     OBJ =  0.23722339E+01
     ITER =  176     OBJ =  0.23722306E+01
     ITER =  177     OBJ =  0.23722273E+01
     ITER =  178     OBJ =  0.23722238E+01
     ITER =  179     OBJ =  0.23722203E+01
     ITER =  180     OBJ =  0.23722167E+01
     ITER =  181     OBJ =  0.23722131E+01
     ITER =  182     OBJ =  0.23722093E+01
     ITER =  183     OBJ =  0.23722055E+01
     ITER =  184     OBJ =  0.23722017E+01
     ITER =  185     OBJ =  0.23721979E+01
     ITER =  186     OBJ =  0.23721930E+01
     ITER =  187     OBJ =  0.23721888E+01
     ITER =  188     OBJ =  0.23721849E+01
     ITER =  189     OBJ =  0.23721809E+01
     ITER =  190     OBJ =  0.23721767E+01
     ITER =  191     OBJ =  0.23721724E+01
     ITER =  192     OBJ =  0.23721678E+01
     ITER =  193     OBJ =  0.23721632E+01
     ITER =  194     OBJ =  0.23721585E+01
     ITER =  195     OBJ =  0.23721537E+01
     ITER =  196     OBJ =  0.23721488E+01
     ITER =  197     OBJ =  0.23721438E+01
     ITER =  198     OBJ =  0.23721388E+01
     ITER =  199     OBJ =  0.23721336E+01
     ITER =  200     OBJ =  0.23721283E+01
     ITER =  201     OBJ =  0.23721230E+01
     ITER =  202     OBJ =  0.23721175E+01
     ITER =  203     OBJ =  0.23721120E+01
     ITER =  204     OBJ =  0.23721064E+01
     ITER =  205     OBJ =  0.23721006E+01
     ITER =  206     OBJ =  0.23720948E+01
     ITER =  207     OBJ =  0.23720889E+01
     ITER =  208     OBJ =  0.23720829E+01
     ITER =  209     OBJ =  0.23720767E+01
     ITER =  210     OBJ =  0.23720705E+01
     ITER =  211     OBJ =  0.23720642E+01
     ITER =  212     OBJ =  0.23720578E+01
     ITER =  213     OBJ =  0.23720513E+01
     ITER =  214     OBJ =  0.23720447E+01
     ITER =  215     OBJ =  0.23720380E+01
     ITER =  216     OBJ =  0.23720312E+01
     ITER =  217     OBJ =  0.23720243E+01
     ITER =  218     OBJ =  0.23720173E+01
     ITER =  219     OBJ =  0.23720102E+01
     ITER =  220     OBJ =  0.23720030E+01
     ITER =  221     OBJ =  0.23719958E+01
     ITER =  222     OBJ =  0.23719884E+01
     ITER =  223     OBJ =  0.23719809E+01
     ITER =  224     OBJ =  0.23719733E+01
     ITER =  225     OBJ =  0.23719656E+01
     ITER =  226     OBJ =  0.23719578E+01
     ITER =  227     OBJ =  0.23719499E+01
     ITER =  228     OBJ =  0.23719419E+01
     ITER =  229     OBJ =  0.23719338E+01
     ITER =  230     OBJ =  0.23719257E+01
     ITER =  231     OBJ =  0.23719174E+01
     ITER =  232     OBJ =  0.23719090E+01
     ITER =  233     OBJ =  0.23719005E+01
     ITER =  234     OBJ =  0.23718920E+01
     ITER =  235     OBJ =  0.23718833E+01
     ITER =  236     OBJ =  0.23718745E+01
     ITER =  237     OBJ =  0.23718657E+01
     ITER =  238     OBJ =  0.23718567E+01
     ITER =  239     OBJ =  0.23718477E+01
     ITER =  240     OBJ =  0.23718385E+01
     ITER =  241     OBJ =  0.23718293E+01
     ITER =  242     OBJ =  0.23718200E+01
     ITER =  243     OBJ =  0.23718106E+01
     ITER =  244     OBJ =  0.23718011E+01
     ITER =  245     OBJ =  0.23717915E+01
     ITER =  246     OBJ =  0.23717818E+01
     ITER =  247     OBJ =  0.23717720E+01
     ITER =  248     OBJ =  0.23717621E+01
     ITER =  249     OBJ =  0.23717521E+01
     ITER =  250     OBJ =  0.23717421E+01
     ITER =  251     OBJ =  0.23717320E+01
     ITER =  252     OBJ =  0.23717217E+01
     ITER =  253     OBJ =  0.23717114E+01
     ITER =  254     OBJ =  0.23717010E+01
     ITER =  255     OBJ =  0.23716906E+01
     ITER =  256     OBJ =  0.23716800E+01
     ITER =  257     OBJ =  0.23716694E+01
     ITER =  258     OBJ =  0.23716587E+01
     ITER =  259     OBJ =  0.23716479E+01
     ITER =  260     OBJ =  0.23716370E+01
     ITER =  261     OBJ =  0.23716261E+01
     ITER =  262     OBJ =  0.23716150E+01
     ITER =  263     OBJ =  0.23716039E+01
     ITER =  264     OBJ =  0.23715927E+01
     ITER =  265     OBJ =  0.23715814E+01
     ITER =  266     OBJ =  0.23715701E+01
     ITER =  267     OBJ =  0.23715587E+01
     ITER =  268     OBJ =  0.23715472E+01
     ITER =  269     OBJ =  0.23715356E+01
     ITER =  270     OBJ =  0.23715239E+01
     ITER =  271     OBJ =  0.23715122E+01
     ITER =  272     OBJ =  0.23715004E+01
     ITER =  273     OBJ =  0.23714885E+01
     ITER =  274     OBJ =  0.23714766E+01
     ITER =  275     OBJ =  0.23714645E+01
     ITER =  276     OBJ =  0.23714525E+01
     ITER =  277     OBJ =  0.23714403E+01
     ITER =  278     OBJ =  0.23714281E+01
     ITER =  279     OBJ =  0.23714159E+01
     ITER =  280     OBJ =  0.23714035E+01
     ITER =  281     OBJ =  0.23713912E+01
     ITER =  282     OBJ =  0.23713787E+01
     ITER =  283     OBJ =  0.23713662E+01
     ITER =  284     OBJ =  0.23713536E+01
     ITER =  285     OBJ =  0.23713410E+01
     ITER =  286     OBJ =  0.23713283E+01
     ITER =  287     OBJ =  0.23713155E+01
     ITER =  288     OBJ =  0.23713027E+01
     ITER =  289     OBJ =  0.23712898E+01
     ITER =  290     OBJ =  0.23712769E+01
     ITER =  291     OBJ =  0.23712640E+01
     ITER =  292     OBJ =  0.23712510E+01
     ITER =  293     OBJ =  0.23712379E+01
     ITER =  294     OBJ =  0.23712248E+01
     ITER =  295     OBJ =  0.23712116E+01
     ITER =  296     OBJ =  0.23711984E+01
     ITER =  297     OBJ =  0.23711851E+01
     ITER =  298     OBJ =  0.23711718E+01
     ITER =  299     OBJ =  0.23711584E+01
     ITER =  300     OBJ =  0.23711450E+01
     ITER =  301     OBJ =  0.23711315E+01
     ITER =  302     OBJ =  0.23711180E+01
     ITER =  303     OBJ =  0.23711044E+01
     ITER =  304     OBJ =  0.23710908E+01
     ITER =  305     OBJ =  0.23710772E+01
     ITER =  306     OBJ =  0.23710636E+01
     ITER =  307     OBJ =  0.23710500E+01
     ITER =  308     OBJ =  0.23710363E+01
     ITER =  309     OBJ =  0.23710225E+01
     ITER =  310     OBJ =  0.23710086E+01
     ITER =  311     OBJ =  0.23709947E+01
     ITER =  312     OBJ =  0.23709808E+01
     ITER =  313     OBJ =  0.23709668E+01
     ITER =  314     OBJ =  0.23709528E+01
     ITER =  315     OBJ =  0.23709388E+01
     ITER =  316     OBJ =  0.23709248E+01
     ITER =  317     OBJ =  0.23709107E+01
     ITER =  318     OBJ =  0.23708966E+01
     ITER =  319     OBJ =  0.23708824E+01
     ITER =  320     OBJ =  0.23708682E+01
     ITER =  321     OBJ =  0.23708540E+01
     ITER =  322     OBJ =  0.23708398E+01
     ITER =  323     OBJ =  0.23708255E+01
     ITER =  324     OBJ =  0.23708112E+01
     ITER =  325     OBJ =  0.23707969E+01
     ITER =  326     OBJ =  0.23707825E+01
     ITER =  327     OBJ =  0.23707682E+01
     ITER =  328     OBJ =  0.23707538E+01
     ITER =  329     OBJ =  0.23707394E+01
     ITER =  330     OBJ =  0.23707249E+01
     ITER =  331     OBJ =  0.23707104E+01
     ITER =  332     OBJ =  0.23706959E+01
     ITER =  333     OBJ =  0.23706814E+01
     ITER =  334     OBJ =  0.23706669E+01
     ITER =  335     OBJ =  0.23706523E+01
     ITER =  336     OBJ =  0.23706378E+01
     ITER =  337     OBJ =  0.23706232E+01
     ITER =  338     OBJ =  0.23706085E+01
     ITER =  339     OBJ =  0.23705939E+01
     ITER =  340     OBJ =  0.23705792E+01
     ITER =  341     OBJ =  0.23705646E+01
     ITER =  342     OBJ =  0.23705493E+01
     ITER =  343     OBJ =  0.23705348E+01
     ITER =  344     OBJ =  0.23705205E+01
     ITER =  345     OBJ =  0.23705061E+01
     ITER =  346     OBJ =  0.23704916E+01
     ITER =  347     OBJ =  0.23704769E+01
     ITER =  348     OBJ =  0.23704621E+01
     ITER =  349     OBJ =  0.23704472E+01
     ITER =  350     OBJ =  0.23704324E+01
     ITER =  351     OBJ =  0.23704176E+01
     ITER =  352     OBJ =  0.23704028E+01
     ITER =  353     OBJ =  0.23703879E+01
     ITER =  354     OBJ =  0.23703730E+01
     ITER =  355     OBJ =  0.23703581E+01
     ITER =  356     OBJ =  0.23703432E+01
     ITER =  357     OBJ =  0.23703283E+01
     ITER =  358     OBJ =  0.23703134E+01
     ITER =  359     OBJ =  0.23702985E+01
     ITER =  360     OBJ =  0.23702836E+01
     ITER =  361     OBJ =  0.23702687E+01
     ITER =  362     OBJ =  0.23702541E+01
     ITER =  363     OBJ =  0.23702395E+01
     ITER =  364     OBJ =  0.23702245E+01
     ITER =  365     OBJ =  0.23702094E+01
     ITER =  366     OBJ =  0.23701942E+01
     ITER =  367     OBJ =  0.23701792E+01
     ITER =  368     OBJ =  0.23701642E+01
     ITER =  369     OBJ =  0.23701493E+01
     ITER =  370     OBJ =  0.23701344E+01
     ITER =  371     OBJ =  0.23701194E+01
     ITER =  372     OBJ =  0.23701044E+01
     ITER =  373     OBJ =  0.23700894E+01
     ITER =  374     OBJ =  0.23700743E+01
     ITER =  375     OBJ =  0.23700592E+01
     ITER =  376     OBJ =  0.23700443E+01
     ITER =  377     OBJ =  0.23700293E+01
     ITER =  378     OBJ =  0.23700145E+01
     ITER =  379     OBJ =  0.23699995E+01
     ITER =  380     OBJ =  0.23699846E+01
     ITER =  381     OBJ =  0.23699695E+01
     ITER =  382     OBJ =  0.23699545E+01
     ITER =  383     OBJ =  0.23699394E+01
     ITER =  384     OBJ =  0.23699244E+01
     ITER =  385     OBJ =  0.23699094E+01
     ITER =  386     OBJ =  0.23698944E+01
     ITER =  387     OBJ =  0.23698794E+01
     ITER =  388     OBJ =  0.23698644E+01
     ITER =  389     OBJ =  0.23698495E+01
     ITER =  390     OBJ =  0.23698343E+01
     ITER =  391     OBJ =  0.23698048E+01
     ITER =  392     OBJ =  0.23697524E+01
     ITER =  393     OBJ =  0.23696985E+01
     ITER =  394     OBJ =  0.23696508E+01
     ITER =  395     OBJ =  0.23696077E+01
     ITER =  396     OBJ =  0.23695677E+01
     ITER =  397     OBJ =  0.23695301E+01
     ITER =  398     OBJ =  0.23694949E+01
     ITER =  399     OBJ =  0.23694614E+01
     ITER =  400     OBJ =  0.23694296E+01
     ITER =  401     OBJ =  0.23693988E+01
     ITER =  402     OBJ =  0.23693690E+01
     ITER =  403     OBJ =  0.23693400E+01
     ITER =  404     OBJ =  0.23693117E+01
     ITER =  405     OBJ =  0.23692842E+01
     ITER =  406     OBJ =  0.23692572E+01
     ITER =  407     OBJ =  0.23692308E+01
     ITER =  408     OBJ =  0.23692047E+01
     ITER =  409     OBJ =  0.23691791E+01
     ITER =  410     OBJ =  0.23691539E+01
     ITER =  411     OBJ =  0.23691289E+01
     ITER =  412     OBJ =  0.23691043E+01
     ITER =  413     OBJ =  0.23690800E+01
     ITER =  414     OBJ =  0.23690560E+01
     ITER =  415     OBJ =  0.23690323E+01
     ITER =  416     OBJ =  0.23690087E+01
     ITER =  417     OBJ =  0.23689855E+01
     ITER =  418     OBJ =  0.23689625E+01
     ITER =  419     OBJ =  0.23689397E+01
     ITER =  420     OBJ =  0.23689171E+01
     ITER =  421     OBJ =  0.23688947E+01
     ITER =  422     OBJ =  0.23688724E+01
     ITER =  423     OBJ =  0.23688504E+01
     ITER =  424     OBJ =  0.23688287E+01
     ITER =  425     OBJ =  0.23688070E+01
     ITER =  426     OBJ =  0.23687855E+01
     ITER =  427     OBJ =  0.23687640E+01
     ITER =  428     OBJ =  0.23687426E+01
     ITER =  429     OBJ =  0.23687220E+01
     ITER =  430     OBJ =  0.23687016E+01
     ITER =  431     OBJ =  0.23686807E+01
     ITER =  432     OBJ =  0.23686598E+01
     ITER =  433     OBJ =  0.23686392E+01
     ITER =  434     OBJ =  0.23686179E+01
     ITER =  435     OBJ =  0.23685981E+01
     ITER =  436     OBJ =  0.23685781E+01
     ITER =  437     OBJ =  0.23685571E+01
     ITER =  438     OBJ =  0.23685385E+01
     ITER =  439     OBJ =  0.23685211E+01
     ITER =  440     OBJ =  0.23685034E+01
     ITER =  441     OBJ =  0.23684838E+01
     ITER =  442     OBJ =  0.23684634E+01
     ITER =  443     OBJ =  0.23684438E+01
     ITER =  444     OBJ =  0.23684245E+01
     ITER =  445     OBJ =  0.23684056E+01
     ITER =  446     OBJ =  0.23683868E+01
     ITER =  447     OBJ =  0.23683678E+01
     ITER =  448     OBJ =  0.23683488E+01
     ITER =  449     OBJ =  0.23683301E+01
     ITER =  450     OBJ =  0.23683118E+01
     ITER =  451     OBJ =  0.23682936E+01
     ITER =  452     OBJ =  0.23682754E+01
     ITER =  453     OBJ =  0.23682572E+01
     ITER =  454     OBJ =  0.23682391E+01
     ITER =  455     OBJ =  0.23682212E+01
     ITER =  456     OBJ =  0.23682033E+01
     ITER =  457     OBJ =  0.23681855E+01
     ITER =  458     OBJ =  0.23681677E+01
     ITER =  459     OBJ =  0.23681501E+01
     ITER =  460     OBJ =  0.23681326E+01
     ITER =  461     OBJ =  0.23681153E+01
     ITER =  462     OBJ =  0.23680983E+01
     ITER =  463     OBJ =  0.23680811E+01
     ITER =  464     OBJ =  0.23680638E+01
     ITER =  465     OBJ =  0.23680467E+01
     ITER =  466     OBJ =  0.23680296E+01
     ITER =  467     OBJ =  0.23680126E+01
     ITER =  468     OBJ =  0.23679957E+01
     ITER =  469     OBJ =  0.23679790E+01
     ITER =  470     OBJ =  0.23679624E+01
     ITER =  471     OBJ =  0.23679458E+01
     ITER =  472     OBJ =  0.23679293E+01
     ITER =  473     OBJ =  0.23679129E+01
     ITER =  474     OBJ =  0.23678965E+01
     ITER =  475     OBJ =  0.23678852E+01
     ITER =  476     OBJ =  0.23678791E+01
     ITER =  477     OBJ =  0.23678754E+01
     ITER =  478     OBJ =  0.23678727E+01
     ITER =  479     OBJ =  0.23678697E+01
     ITER =  480     OBJ =  0.23678663E+01
     ITER =  481     OBJ =  0.23678627E+01
     ITER =  482     OBJ =  0.23678588E+01
     ITER =  483     OBJ =  0.23678548E+01
     ITER =  484     OBJ =  0.23678503E+01
     ITER =  485     OBJ =  0.23678450E+01
     ITER =  486     OBJ =  0.23678405E+01
     ITER =  487     OBJ =  0.23678363E+01
     ITER =  488     OBJ =  0.23678319E+01
     ITER =  489     OBJ =  0.23678271E+01
     ITER =  490     OBJ =  0.23678221E+01
     ITER =  491     OBJ =  0.23678168E+01
     ITER =  492     OBJ =  0.23678114E+01
     ITER =  493     OBJ =  0.23678058E+01
     ITER =  494     OBJ =  0.23678001E+01
     ITER =  495     OBJ =  0.23677943E+01
     ITER =  496     OBJ =  0.23677883E+01
     ITER =  497     OBJ =  0.23677823E+01
     ITER =  498     OBJ =  0.23677761E+01
     ITER =  499     OBJ =  0.23677701E+01
     ITER =  500     OBJ =  0.23677641E+01
        NUMBER OF FUNC-CALLS:  NFUNC =5177
        NUMBER OF GRAD-CALLS:  NGRAD = 501
