



   ---------------------------------------------------------------------------
     START OF THE SEQUENTIAL LEAST SQUARES PROGRAMMING ALGORIT  
   ---------------------------------------------------------------------------

     PARAMETERS:
        ACC =   0.1000D-02
        MAXITER =500
        IPRINT =   1
IOUT =   6


     ITER =    1     OBJ =  0.88429111E+00
     ITER =    2     OBJ =  0.95979015E+00
     ITER =    3     OBJ =  0.10516439E+01
     ITER =    4     OBJ =  0.12066192E+01
     ITER =    5     OBJ =  0.13251638E+01
     ITER =    6     OBJ =  0.16590344E+01
     ITER =    7     OBJ =  0.16564013E+01
     ITER =    8     OBJ =  0.17545230E+01
     ITER =    9     OBJ =  0.17515475E+01
     ITER =   10     OBJ =  0.17414448E+01
     ITER =   11     OBJ =  0.17386122E+01
     ITER =   12     OBJ =  0.17556913E+01
     ITER =   13     OBJ =  0.17461146E+01
     ITER =   14     OBJ =  0.17448122E+01
     ITER =   15     OBJ =  0.17615607E+01
     ITER =   16     OBJ =  0.17573611E+01
     ITER =   17     OBJ =  0.17555350E+01
     ITER =   18     OBJ =  0.17495025E+01
     ITER =   19     OBJ =  0.17506759E+01
     ITER =   20     OBJ =  0.17511986E+01
     ITER =   21     OBJ =  0.17515521E+01
     ITER =   22     OBJ =  0.17518146E+01
     ITER =   23     OBJ =  0.17520221E+01
     ITER =   24     OBJ =  0.17521451E+01
     ITER =   25     OBJ =  0.17521468E+01
     ITER =   26     OBJ =  0.17521480E+01
     ITER =   27     OBJ =  0.17521484E+01
     ITER =   28     OBJ =  0.17521479E+01
     ITER =   29     OBJ =  0.17520274E+01
     ITER =   30     OBJ =  0.17520925E+01
     ITER =   31     OBJ =  0.17524162E+01
     ITER =   32     OBJ =  0.17524047E+01
     ITER =   33     OBJ =  0.17524673E+01
     ITER =   34     OBJ =  0.17525082E+01
     ITER =   35     OBJ =  0.17525163E+01
        NUMBER OF FUNC-CALLS:  NFUNC = 106
        NUMBER OF GRAD-CALLS:  NGRAD =  36
