



   ---------------------------------------------------------------------------
     START OF THE SEQUENTIAL LEAST SQUARES PROGRAMMING ALGORIT  
   ---------------------------------------------------------------------------

     PARAMETERS:
        ACC =   0.1000D-02
        MAXITER =500
        IPRINT =   1
IOUT =   6


     ITER =    1     OBJ =  0.76186364E+00
     ITER =    2     OBJ =  0.10496625E+01
     ITER =    3     OBJ =  0.10490360E+01
     ITER =    4     OBJ =  0.11601065E+01
     ITER =    5     OBJ =  0.11384678E+01
     ITER =    6     OBJ =  0.13937440E+01
     ITER =    7     OBJ =  0.13960784E+01
     ITER =    8     OBJ =  0.20072029E+01
     ITER =    9     OBJ =  0.17267044E+01
     ITER =   10     OBJ =  0.15679716E+01
     ITER =   11     OBJ =  0.16673691E+01
     ITER =   12     OBJ =  0.15564916E+01
     ITER =   13     OBJ =  0.15581665E+01
     ITER =   14     OBJ =  0.15581665E+01
     ITER =   15     OBJ =  0.15581665E+01
     ITER =   16     OBJ =  0.15581665E+01
     ITER =   17     OBJ =  0.15581665E+01
     ITER =   18     OBJ =  0.15581665E+01
     ITER =   19     OBJ =  0.15946212E+01
     ITER =   20     OBJ =  0.15941077E+01
     ITER =   21     OBJ =  0.16075665E+01
     ITER =   22     OBJ =  0.16081722E+01
     ITER =   23     OBJ =  0.16419460E+01
     ITER =   24     OBJ =  0.16735567E+01
     ITER =   25     OBJ =  0.16956899E+01
     ITER =   26     OBJ =  0.16822336E+01
     ITER =   27     OBJ =  0.16818309E+01
     ITER =   28     OBJ =  0.16818309E+01
     ITER =   30     OBJ =  0.16711259E+01
     ITER =   31     OBJ =  0.16664058E+01
     ITER =   32     OBJ =  0.15980295E+01
     ITER =   33     OBJ =  0.15334539E+01
     ITER =   34     OBJ =  0.15185616E+01
     ITER =   35     OBJ =  0.15188215E+01
     ITER =   36     OBJ =  0.15188120E+01
     ITER =   37     OBJ =  0.15188087E+01
     ITER =   38     OBJ =  0.15188078E+01
     ITER =   39     OBJ =  0.15272296E+01
     ITER =   40     OBJ =  0.15274770E+01
     ITER =   41     OBJ =  0.15724626E+01
     ITER =   42     OBJ =  0.15648437E+01
     ITER =   43     OBJ =  0.15550871E+01
     ITER =   44     OBJ =  0.15537332E+01
     ITER =   45     OBJ =  0.15497543E+01
     ITER =   46     OBJ =  0.15467668E+01
     ITER =   47     OBJ =  0.15467761E+01
     ITER =   48     OBJ =  0.15467761E+01
     ITER =   49     OBJ =  0.15467761E+01
     ITER =   50     OBJ =  0.15467761E+01
     ITER =   51     OBJ =  0.15499850E+01
     ITER =   52     OBJ =  0.15500338E+01
     ITER =   53     OBJ =  0.15498831E+01
     ITER =   54     OBJ =  0.15497130E+01
     ITER =   55     OBJ =  0.15496326E+01
     ITER =   56     OBJ =  0.15496253E+01
     ITER =   57     OBJ =  0.15495281E+01
     ITER =   58     OBJ =  0.15490875E+01
     ITER =   59     OBJ =  0.15490950E+01
     ITER =   60     OBJ =  0.15483728E+01
     ITER =   61     OBJ =  0.15483765E+01
     ITER =   62     OBJ =  0.15483765E+01
     ITER =   63     OBJ =  0.15483765E+01
     ITER =   64     OBJ =  0.15486004E+01
     ITER =   65     OBJ =  0.15488604E+01
     ITER =   66     OBJ =  0.15490334E+01
     ITER =   67     OBJ =  0.15490343E+01
     ITER =   68     OBJ =  0.15490343E+01
     ITER =   69     OBJ =  0.15490344E+01
     ITER =   70     OBJ =  0.15490344E+01
     ITER =   71     OBJ =  0.15490344E+01
     ITER =   72     OBJ =  0.15490344E+01
     ITER =   73     OBJ =  0.15490344E+01
     ITER =   74     OBJ =  0.15490344E+01
     ITER =   75     OBJ =  0.15494961E+01
     ITER =   76     OBJ =  0.15495829E+01
     ITER =   77     OBJ =  0.15495755E+01
     ITER =   78     OBJ =  0.15497363E+01
     ITER =   79     OBJ =  0.15496506E+01
     ITER =   80     OBJ =  0.15496466E+01
        NUMBER OF FUNC-CALLS:  NFUNC = 422
        NUMBER OF GRAD-CALLS:  NGRAD =  80
