



   ---------------------------------------------------------------------------
     START OF THE SEQUENTIAL LEAST SQUARES PROGRAMMING ALGORIT  
   ---------------------------------------------------------------------------

     PARAMETERS:
        ACC =   0.1000D-01
        MAXITER =500
        IPRINT =   1
IOUT =   6


     ITER =    1     OBJ =  0.68975017E+00
     ITER =    2     OBJ =  0.69744565E+00
     ITER =    3     OBJ =  0.64009035E+00
     ITER =    4     OBJ =  0.68187865E+00
     ITER =    5     OBJ =  0.68353923E+00
     ITER =    6     OBJ =  0.69328020E+00
     ITER =    7     OBJ =  0.69425856E+00
     ITER =    8     OBJ =  0.69514695E+00
     ITER =    9     OBJ =  0.69397728E+00
     ITER =   10     OBJ =  0.69419155E+00
     ITER =   11     OBJ =  0.69419149E+00
     ITER =   12     OBJ =  0.69440287E+00
     ITER =   13     OBJ =  0.69433018E+00
     ITER =   14     OBJ =  0.69437544E+00
     ITER =   15     OBJ =  0.69433582E+00
     ITER =   16     OBJ =  0.69436681E+00
     ITER =   17     OBJ =  0.69432103E+00
     ITER =   18     OBJ =  0.69432104E+00
     ITER =   19     OBJ =  0.69430260E+00
     ITER =   20     OBJ =  0.69429999E+00
     ITER =   21     OBJ =  0.70326205E+00
     ITER =   22     OBJ =  0.70490215E+00
     ITER =   23     OBJ =  0.70337735E+00
     ITER =   24     OBJ =  0.70227171E+00
     ITER =   25     OBJ =  0.70174418E+00
     ITER =   26     OBJ =  0.70202144E+00
     ITER =   27     OBJ =  0.70248485E+00
     ITER =   28     OBJ =  0.70374813E+00
     ITER =   29     OBJ =  0.70401580E+00
     ITER =   30     OBJ =  0.70423338E+00
     ITER =   31     OBJ =  0.70439828E+00
     ITER =   32     OBJ =  0.70438875E+00
     ITER =   33     OBJ =  0.70477783E+00
     ITER =   34     OBJ =  0.70501815E+00
     ITER =   35     OBJ =  0.70533269E+00
     ITER =   36     OBJ =  0.70877002E+00
     ITER =   37     OBJ =  0.70999478E+00
     ITER =   38     OBJ =  0.69981332E+00
        NUMBER OF FUNC-CALLS:  NFUNC = 179
        NUMBER OF GRAD-CALLS:  NGRAD =  39
