
 ==============================
 S N O P T  7.6.0    (Jan 2017)
 ==============================
 
 SNMEMB EXIT 100 -- finished successfully
 SNMEMB INFO 104 -- memory requirements estimated

 ==============================
 S N O P T  7.6.0    (Jan 2017)
 ==============================
 
 

 Nonlinear constraints       6     Linear constraints       0
 Nonlinear variables        10     Linear variables         0
 Jacobian  variables        10     Objective variables     10
 Total constraints           6     Total variables         10
 

 
 The user has defined      60   out of      60   constraint gradients.
 The user has defined      10   out of      10   objective  gradients.
 

 Major Minors     Step   nCon Feasible  Optimal  MeritFunction     nS Penalty
     0      9               1  1.1E+01  3.1E-02  7.0927805E-01      6           r
     1      8  1.0E+00      2  2.5E+00  9.4E-02  4.7688357E+00      9 2.1E-01   r
     2     16  4.3E-05     10  2.5E+00  1.7E+01  4.7098467E+00     10 2.1E-01 s   i
     3      2  1.0E+00     15  1.7E+00  5.6E+01  2.4518057E+05      9 7.1E+04     i
     4      1  1.0E+00     16  5.2E-01  1.2E+01  8.5938473E+04      9 2.9E+02     i
     5      1  1.0E+00     17  4.3E-01  1.6E+00  5.7325736E+04      9 2.9E+01     i
     6      1  1.0E+00     19  4.4E-01  2.7E+00  5.8385183E+04      9 2.5E+04  M  i
     6      3              25  4.4E-01  1.9E+00  5.8275200E+05      9          MR i
     7      5  6.9E-01     28  4.5E-01  1.8E+00  5.4080659E+05      9         s   i
     8      2  1.5E-04     34  4.5E-01  1.2E+00  5.9111122E+05      9 1.6E+06     i
     9      2  1.0E+00     35  4.5E-01  6.2E-01  5.9774363E+05      9 2.4E+06     i

 Major Minors     Step   nCon Feasible  Optimal  MeritFunction     nS Penalty
    10      2  1.0E+00     36  4.4E-01  3.8E+00  5.8391493E+05     10 1.6E+03     i
    11      2  1.0E+00     37  2.3E-01  3.9E+01  5.1745690E+05      9 6.9E+01     i
    12      2  1.0E+00     38  2.3E-01  7.3E+00  4.8341287E+05      9 6.9E+01     i
    13      1  1.0E+00     39  2.6E-01  7.3E+00  4.7943590E+05      9 1.8E+01     i
    14      2  1.0E+00     40  2.7E-01  1.0E+00  4.7327074E+05      9 1.4E+01     i
    15      2  1.0E+00     41  2.9E-01  2.4E+01  4.0880687E+05      8 1.4E+01     i
    16      3  1.0E+00     42  2.5E-01  2.7E+01  3.1511274E+05      8 1.4E+01     i
    17      2  1.0E+00     43  1.7E-01  5.0E+01  2.2980182E+05      7 1.4E+01     i
    18      2  1.0E+00     44  1.8E-01  1.8E+00  2.2389409E+05      7 1.6E+05     i
    19      2  1.0E+00     45  1.8E-01  2.2E-01  2.2400245E+05      7 1.2E+06     i

 Major Minors     Step   nCon Feasible  Optimal  MeritFunction     nS Penalty
    20      2  1.0E+00     46  1.5E-01  9.3E+00  2.0109917E+05      7 2.2E+03     i
    21      6  1.0E+00     47  2.9E-01  3.0E+01  1.6894553E+05      7 1.4E+02     i
    22      1  1.0E+00     48  1.1E-01  2.6E+01  1.6427683E+05      7 4.8E+01     i
    23      2  1.0E+00     49  1.1E-01  1.1E+00  1.6107206E+05      7 3.8E+01     i
    24      2  1.0E+00     50  1.1E-01  8.1E+00  1.5764976E+05      7 3.8E+01     i
    25      1  1.0E+00     51  1.1E-01  1.6E+01  1.5468979E+05      7 3.8E+01     i
    25      8              56  1.1E-01  7.0E+00  1.5242461E+07     10           R i
    26      7  4.5E-01     58  1.1E-01  1.7E+01  1.5067167E+07     10         s   i
    27      4  1.0E+00     59  1.1E-01  4.2E+00  2.2553319E+07      9 3.8E+09     i
    28      1  1.0E+00     60  1.1E-01  8.8E-01  1.5977932E+07      9 3.8E+09     i
    29      2  1.0E+00     61  1.1E-01  6.0E-01  1.5977034E+07     10 6.5E+04     i

 Major Minors     Step   nCon Feasible  Optimal  MeritFunction     nS Penalty
    30      2  1.0E+00     63  1.1E-01  4.9E-01  1.5933558E+07      9 4.4E+02  M  i
    31      1  1.0E+00     64  1.2E-01  5.8E-01  1.5852849E+07      9 4.4E+02     i
    32      2  1.0E+00     65  1.1E-01  3.6E-01  1.5804387E+07      8 4.3E+01     i
    33      1  1.0E+00     66  1.1E-01  3.8E-01  1.5657910E+07      8 1.4E+01     i
    34      1  1.0E+00     67  1.1E-01  2.9E-01  1.5656437E+07      8 1.4E+01     i
    35      4  1.0E+00     68  1.1E-01  3.1E-01  1.5650284E+07      8 1.4E+01     i
    36      2  1.0E+00     69  1.1E-01  6.7E-01  1.5454881E+07      7 1.4E+01     i
    36      2              75  1.1E-01  4.4E-01  1.5453015E+09      8           R i
    37      1  7.2E-01     77  1.1E-01  1.5E-01  1.5363065E+09      8         s   i
    38      2  1.0E+00     78  1.1E-01  7.6E-01  1.5399131E+09      7 1.5E+10     i
    39      1  1.0E+00     80  1.1E-01  1.0E+00  1.5267228E+09      7 1.3E+05     i

 Major Minors     Step   nCon Feasible  Optimal  MeritFunction     nS Penalty
    40      3  1.0E+00     82  1.1E-01  1.2E+00  1.5210134E+09      9 6.1E+02   R i
    41      3  1.0E+00     83  1.1E-01  8.9E-01  1.5181651E+09      7 4.7E+01 s   i
    42      1  1.0E+00     84  1.1E-01  5.1E-01  1.5211088E+09      7 3.7E+10     i
    42      2              89  1.1E-01  4.9E-01  1.5210339E+09      8           R i
    42      2              94  1.1E-01  1.3E+08  1.5210339E+09      7           r
    43      2  1.0E+00     95  2.3E+00  3.4E+08  2.5245131E+00      8         s
    44      2  1.0E+00     96  2.0E+00  2.5E+08  5.7403130E-01      7
    44      3             102  2.0E+00  7.3E+08  5.7403130E-01      9           R
    44      2             108  2.0E+00  2.1E+09  5.7403130E-01     10           r
 
 SNOPTC EXIT  40 -- terminated after numerical difficulties
 SNOPTC INFO  41 -- current point cannot be improved

 Problem name                 S
 No. of iterations                 145   Objective            6.2702480722E-01
 No. of major iterations            44   Linear    obj. term  0.0000000000E+00
 Penalty parameter           0.000E+00   Nonlinear obj. term  6.2702480722E-01
 User function calls (total)       114
 No. of superbasics                 10   No. of basic nonlinears             3
 No. of degenerate steps             0   Percentage                       0.00
 Max x                       5 1.3E+00   Max pi                      1 0.0E+00
 Max Primal infeas           0 0.0E+00   Max Dual infeas             4 1.7E+00
 Nonlinear constraint violn    2.7E+00
 
 

 Solution printed on file  18
 
 Time for MPS input                             0.00 seconds
 Time for solving problem                   24436.30 seconds
 Time for solution output                       0.00 seconds
 Time for constraint functions              24455.18 seconds
 Time for objective function                    0.00 seconds
