



   ---------------------------------------------------------------------------
     START OF THE SEQUENTIAL LEAST SQUARES PROGRAMMING ALGORIT  
   ---------------------------------------------------------------------------

     PARAMETERS:
        ACC =   0.1000D-01
        MAXITER =500
        IPRINT =   1
IOUT =   6


     ITER =    1     OBJ =  0.70148492E+00
     ITER =    2     OBJ =  0.69333903E+00
     ITER =    3     OBJ =  0.80328094E+00
     ITER =    4     OBJ =  0.77615953E+00
     ITER =    5     OBJ =  0.77942084E+00
     ITER =    6     OBJ =  0.91826586E+00
     ITER =    7     OBJ =  0.98318104E+00
     ITER =    8     OBJ =  0.17030151E+01
     ITER =    9     OBJ =  0.15791383E+01
     ITER =   10     OBJ =  0.15781530E+01
     ITER =   11     OBJ =  0.18370446E+01
     ITER =   12     OBJ =  0.18389824E+01
     ITER =   13     OBJ =  0.18412535E+01
     ITER =   14     OBJ =  0.18703425E+01
     ITER =   15     OBJ =  0.18761351E+01
     ITER =   16     OBJ =  0.18761351E+01
     ITER =   17     OBJ =  0.18761351E+01
     ITER =   18     OBJ =  0.18761351E+01
     ITER =   19     OBJ =  0.18761351E+01
     ITER =   20     OBJ =  0.18761351E+01
     ITER =   21     OBJ =  0.18761351E+01
