



   ---------------------------------------------------------------------------
     START OF THE SEQUENTIAL LEAST SQUARES PROGRAMMING ALGORIT  
   ---------------------------------------------------------------------------

     PARAMETERS:
        ACC =   0.1000D-02
        MAXITER =500
        IPRINT =   1
IOUT =   6


     ITER =    1     OBJ =  0.47076044E+00
     ITER =    2     OBJ =  0.49409057E+00
     ITER =    3     OBJ =  0.51577717E+00
     ITER =    4     OBJ =  0.63858147E+00
     ITER =    5     OBJ =  0.61377082E+00
     ITER =    6     OBJ =  0.63181601E+00
     ITER =    7     OBJ =  0.65340768E+00
     ITER =    8     OBJ =  0.67169282E+00
     ITER =    9     OBJ =  0.67175378E+00
     ITER =   10     OBJ =  0.69477842E+00
     ITER =   11     OBJ =  0.69337605E+00
     ITER =   12     OBJ =  0.69348110E+00
     ITER =   13     OBJ =  0.69347011E+00
     ITER =   14     OBJ =  0.69566541E+00
     ITER =   15     OBJ =  0.69453241E+00
     ITER =   16     OBJ =  0.69445277E+00
     ITER =   17     OBJ =  0.69445277E+00
     ITER =   18     OBJ =  0.69445277E+00
     ITER =   19     OBJ =  0.69445277E+00
     ITER =   20     OBJ =  0.69511187E+00
        NUMBER OF FUNC-CALLS:  NFUNC =  89
        NUMBER OF GRAD-CALLS:  NGRAD =  21
