



   ---------------------------------------------------------------------------
     START OF THE SEQUENTIAL LEAST SQUARES PROGRAMMING ALGORIT  
   ---------------------------------------------------------------------------

     PARAMETERS:
        ACC =   0.1000D-01
        MAXITER =500
        IPRINT =   1
IOUT =   6


     ITER =    1     OBJ =  0.11788982E+01
     ITER =    2     OBJ =  0.10421460E+01
     ITER =    3     OBJ =  0.10409359E+01
     ITER =    4     OBJ =  0.10344716E+01
     ITER =    5     OBJ =  0.10515680E+01
     ITER =    6     OBJ =  0.10371030E+01
     ITER =    7     OBJ =  0.10176494E+01
     ITER =    8     OBJ =  0.10356105E+01
     ITER =    9     OBJ =  0.11449260E+01
     ITER =   10     OBJ =  0.12460038E+01
     ITER =   11     OBJ =  0.12566487E+01
     ITER =   12     OBJ =  0.12694933E+01
     ITER =   13     OBJ =  0.13632737E+01
     ITER =   14     OBJ =  0.14876996E+01
     ITER =   15     OBJ =  0.14944998E+01
     ITER =   16     OBJ =  0.15019467E+01
     ITER =   17     OBJ =  0.15910538E+01
     ITER =   18     OBJ =  0.15901301E+01
     ITER =   19     OBJ =  0.15909618E+01
     ITER =   20     OBJ =  0.16394257E+01
     ITER =   21     OBJ =  0.16921078E+01
     ITER =   22     OBJ =  0.17552710E+01
     ITER =   23     OBJ =  0.17690760E+01
     ITER =   24     OBJ =  0.17665492E+01
     ITER =   25     OBJ =  0.17665171E+01
     ITER =   26     OBJ =  0.17665171E+01
     ITER =   27     OBJ =  0.17665171E+01
     ITER =   28     OBJ =  0.17665171E+01
     ITER =   29     OBJ =  0.17665037E+01
     ITER =   30     OBJ =  0.17665155E+01
     ITER =   31     OBJ =  0.17665155E+01
     ITER =   32     OBJ =  0.17665155E+01
     ITER =   33     OBJ =  0.17664975E+01
     ITER =   34     OBJ =  0.17665134E+01
     ITER =   35     OBJ =  0.17664905E+01
     ITER =   36     OBJ =  0.17665096E+01
     ITER =   37     OBJ =  0.17664932E+01
     ITER =   38     OBJ =  0.17665068E+01
     ITER =   39     OBJ =  0.17665068E+01
     ITER =   40     OBJ =  0.17665071E+01
     ITER =   41     OBJ =  0.17665088E+01
     ITER =   42     OBJ =  0.17664867E+01
     ITER =   43     OBJ =  0.17665060E+01
     ITER =   44     OBJ =  0.17664870E+01
     ITER =   45     OBJ =  0.17665035E+01
     ITER =   46     OBJ =  0.17664844E+01
     ITER =   47     OBJ =  0.17665014E+01
     ITER =   48     OBJ =  0.17664820E+01
     ITER =   49     OBJ =  0.17664994E+01
     ITER =   50     OBJ =  0.17664800E+01
     ITER =   51     OBJ =  0.17664978E+01
     ITER =   52     OBJ =  0.17664783E+01
     ITER =   53     OBJ =  0.17664964E+01
     ITER =   54     OBJ =  0.17664768E+01
     ITER =   55     OBJ =  0.17664952E+01
     ITER =   56     OBJ =  0.17664757E+01
     ITER =   57     OBJ =  0.17664943E+01
     ITER =   58     OBJ =  0.17664748E+01
     ITER =   59     OBJ =  0.17664936E+01
     ITER =   60     OBJ =  0.17664742E+01
     ITER =   61     OBJ =  0.17664932E+01
     ITER =   62     OBJ =  0.17664739E+01
     ITER =   63     OBJ =  0.17664930E+01
     ITER =   64     OBJ =  0.17664738E+01
     ITER =   65     OBJ =  0.17664930E+01
     ITER =   66     OBJ =  0.17664740E+01
     ITER =   67     OBJ =  0.17664932E+01
     ITER =   68     OBJ =  0.17664744E+01
     ITER =   69     OBJ =  0.17664936E+01
     ITER =   70     OBJ =  0.17664751E+01
     ITER =   71     OBJ =  0.17664943E+01
     ITER =   72     OBJ =  0.17664760E+01
     ITER =   73     OBJ =  0.17664952E+01
     ITER =   74     OBJ =  0.17664771E+01
     ITER =   75     OBJ =  0.17664962E+01
     ITER =   76     OBJ =  0.17664784E+01
     ITER =   77     OBJ =  0.17664975E+01
     ITER =   78     OBJ =  0.17664799E+01
     ITER =   79     OBJ =  0.17664989E+01
     ITER =   80     OBJ =  0.17664816E+01
     ITER =   81     OBJ =  0.17665006E+01
     ITER =   82     OBJ =  0.17664836E+01
     ITER =   83     OBJ =  0.17665024E+01
     ITER =   84     OBJ =  0.17664857E+01
     ITER =   85     OBJ =  0.17665044E+01
     ITER =   86     OBJ =  0.17664880E+01
     ITER =   87     OBJ =  0.17665066E+01
     ITER =   88     OBJ =  0.17664904E+01
     ITER =   89     OBJ =  0.17665090E+01
     ITER =   90     OBJ =  0.17664931E+01
     ITER =   91     OBJ =  0.17665115E+01
     ITER =   92     OBJ =  0.17664959E+01
     ITER =   93     OBJ =  0.17665141E+01
     ITER =   94     OBJ =  0.17664989E+01
     ITER =   95     OBJ =  0.17665170E+01
     ITER =   96     OBJ =  0.17665020E+01
     ITER =   97     OBJ =  0.17665199E+01
     ITER =   98     OBJ =  0.17665053E+01
     ITER =   99     OBJ =  0.17665231E+01
     ITER =  100     OBJ =  0.17665087E+01
     ITER =  101     OBJ =  0.17665263E+01
     ITER =  102     OBJ =  0.17665123E+01
     ITER =  103     OBJ =  0.17665297E+01
     ITER =  104     OBJ =  0.17665160E+01
     ITER =  105     OBJ =  0.17665333E+01
