



   ---------------------------------------------------------------------------
     START OF THE SEQUENTIAL LEAST SQUARES PROGRAMMING ALGORIT  
   ---------------------------------------------------------------------------

     PARAMETERS:
        ACC =   0.1000D-02
        MAXITER =500
        IPRINT =   1
IOUT =   6


     ITER =    1     OBJ =  0.66444891E+00
     ITER =    2     OBJ =  0.71932740E+00
     ITER =    3     OBJ =  0.70760100E+00
     ITER =    4     OBJ =  0.76440333E+00
     ITER =    5     OBJ =  0.76398041E+00
     ITER =    6     OBJ =  0.87914525E+00
     ITER =    7     OBJ =  0.88860608E+00
     ITER =    8     OBJ =  0.86994635E+00
     ITER =    9     OBJ =  0.86782122E+00
     ITER =   10     OBJ =  0.86749430E+00
     ITER =   11     OBJ =  0.86696052E+00
     ITER =   12     OBJ =  0.86696052E+00
     ITER =   13     OBJ =  0.86696052E+00
     ITER =   14     OBJ =  0.86696052E+00
     ITER =   15     OBJ =  0.86696052E+00
     ITER =   16     OBJ =  0.86696052E+00
     ITER =   17     OBJ =  0.86932509E+00
     ITER =   18     OBJ =  0.86885906E+00
     ITER =   19     OBJ =  0.87133994E+00
     ITER =   20     OBJ =  0.87107627E+00
     ITER =   21     OBJ =  0.87021954E+00
     ITER =   22     OBJ =  0.86833880E+00
     ITER =   23     OBJ =  0.86833736E+00
     ITER =   24     OBJ =  0.86833736E+00
     ITER =   25     OBJ =  0.86833736E+00
     ITER =   26     OBJ =  0.86833736E+00
     ITER =   27     OBJ =  0.86997587E+00
        NUMBER OF FUNC-CALLS:  NFUNC = 150
        NUMBER OF GRAD-CALLS:  NGRAD =  28
