



   ---------------------------------------------------------------------------
     START OF THE SEQUENTIAL LEAST SQUARES PROGRAMMING ALGORIT  
   ---------------------------------------------------------------------------

     PARAMETERS:
        ACC =   0.1000D-01
        MAXITER =500
        IPRINT =   1
IOUT =   6


     ITER =    1     OBJ =  0.23888830E+00
     ITER =    2     OBJ =  0.20508343E+00
     ITER =    3     OBJ =  0.19830930E+00
     ITER =    4     OBJ =  0.20937826E+00
     ITER =    5     OBJ =  0.20837136E+00
     ITER =    6     OBJ =  0.22458129E+00
     ITER =    7     OBJ =  0.22460773E+00
     ITER =    8     OBJ =  0.21858353E+00
     ITER =    9     OBJ =  0.21640459E+00
     ITER =   10     OBJ =  0.21710286E+00
     ITER =   11     OBJ =  0.22028578E+00
     ITER =   12     OBJ =  0.22038610E+00
     ITER =   13     OBJ =  0.22038610E+00
     ITER =   14     OBJ =  0.22038616E+00
     ITER =   15     OBJ =  0.22038620E+00
     ITER =   16     OBJ =  0.22038622E+00
     ITER =   17     OBJ =  0.22038624E+00
     ITER =   18     OBJ =  0.22038626E+00
     ITER =   19     OBJ =  0.22038628E+00
     ITER =   20     OBJ =  0.22038630E+00
     ITER =   21     OBJ =  0.22038633E+00
     ITER =   22     OBJ =  0.22038636E+00
     ITER =   23     OBJ =  0.22038639E+00
     ITER =   24     OBJ =  0.22038642E+00
     ITER =   25     OBJ =  0.22038645E+00
     ITER =   26     OBJ =  0.22038649E+00
     ITER =   27     OBJ =  0.22038653E+00
     ITER =   28     OBJ =  0.22038657E+00
     ITER =   29     OBJ =  0.22038662E+00
     ITER =   30     OBJ =  0.22038667E+00
     ITER =   31     OBJ =  0.22038672E+00
     ITER =   32     OBJ =  0.22038678E+00
     ITER =   33     OBJ =  0.22038683E+00
     ITER =   34     OBJ =  0.22038689E+00
     ITER =   35     OBJ =  0.22038695E+00
     ITER =   36     OBJ =  0.22038702E+00
     ITER =   37     OBJ =  0.22038708E+00
     ITER =   38     OBJ =  0.22038715E+00
     ITER =   39     OBJ =  0.22038722E+00
     ITER =   40     OBJ =  0.22038729E+00
     ITER =   41     OBJ =  0.22038736E+00
     ITER =   42     OBJ =  0.22038743E+00
     ITER =   43     OBJ =  0.22038767E+00
     ITER =   44     OBJ =  0.22038820E+00
     ITER =   45     OBJ =  0.22038927E+00
     ITER =   46     OBJ =  0.22039145E+00
     ITER =   47     OBJ =  0.22039601E+00
     ITER =   48     OBJ =  0.22039846E+00
     ITER =   49     OBJ =  0.22040069E+00
     ITER =   50     OBJ =  0.22040301E+00
     ITER =   51     OBJ =  0.22040536E+00
     ITER =   52     OBJ =  0.22040772E+00
     ITER =   53     OBJ =  0.22041007E+00
     ITER =   54     OBJ =  0.22041240E+00
     ITER =   55     OBJ =  0.22041471E+00
     ITER =   56     OBJ =  0.22041699E+00
     ITER =   57     OBJ =  0.22041925E+00
     ITER =   58     OBJ =  0.22042147E+00
     ITER =   59     OBJ =  0.22042365E+00
     ITER =   60     OBJ =  0.22042580E+00
     ITER =   61     OBJ =  0.22042791E+00
     ITER =   62     OBJ =  0.22042998E+00
     ITER =   63     OBJ =  0.22043201E+00
     ITER =   64     OBJ =  0.22043401E+00
     ITER =   65     OBJ =  0.22043597E+00
     ITER =   66     OBJ =  0.22043789E+00
     ITER =   67     OBJ =  0.22043977E+00
     ITER =   68     OBJ =  0.22044161E+00
     ITER =   69     OBJ =  0.22044342E+00
     ITER =   70     OBJ =  0.22044519E+00
     ITER =   71     OBJ =  0.22044692E+00
     ITER =   72     OBJ =  0.22044862E+00
     ITER =   73     OBJ =  0.22045029E+00
     ITER =   74     OBJ =  0.22045191E+00
     ITER =   75     OBJ =  0.22045351E+00
     ITER =   76     OBJ =  0.22045507E+00
     ITER =   77     OBJ =  0.22045660E+00
     ITER =   78     OBJ =  0.22045809E+00
     ITER =   79     OBJ =  0.22045955E+00
     ITER =   80     OBJ =  0.22046098E+00
     ITER =   81     OBJ =  0.22046238E+00
     ITER =   82     OBJ =  0.22046375E+00
     ITER =   83     OBJ =  0.22046335E+00
     ITER =   84     OBJ =  0.22046324E+00
     ITER =   85     OBJ =  0.22046320E+00
     ITER =   86     OBJ =  0.22046319E+00
     ITER =   87     OBJ =  0.22046318E+00
     ITER =   88     OBJ =  0.22046319E+00
     ITER =   89     OBJ =  0.22046319E+00
     ITER =   90     OBJ =  0.22046320E+00
     ITER =   91     OBJ =  0.22046320E+00
     ITER =   92     OBJ =  0.22046321E+00
     ITER =   93     OBJ =  0.22046321E+00
     ITER =   94     OBJ =  0.22046322E+00
     ITER =   95     OBJ =  0.22046322E+00
     ITER =   96     OBJ =  0.22046323E+00
     ITER =   97     OBJ =  0.22046323E+00
     ITER =   98     OBJ =  0.22046323E+00
     ITER =   99     OBJ =  0.22046324E+00
     ITER =  100     OBJ =  0.22046324E+00
     ITER =  101     OBJ =  0.22046325E+00
     ITER =  102     OBJ =  0.22046325E+00
     ITER =  103     OBJ =  0.22046325E+00
     ITER =  104     OBJ =  0.22046326E+00
     ITER =  105     OBJ =  0.22046326E+00
     ITER =  106     OBJ =  0.22046327E+00
     ITER =  107     OBJ =  0.22046327E+00
     ITER =  108     OBJ =  0.22046327E+00
     ITER =  109     OBJ =  0.22046328E+00
     ITER =  110     OBJ =  0.22046328E+00
     ITER =  111     OBJ =  0.22046328E+00
     ITER =  112     OBJ =  0.22046328E+00
     ITER =  113     OBJ =  0.22046329E+00
     ITER =  114     OBJ =  0.22046329E+00
     ITER =  115     OBJ =  0.22046329E+00
     ITER =  116     OBJ =  0.22046329E+00
     ITER =  117     OBJ =  0.22046330E+00
     ITER =  118     OBJ =  0.22046330E+00
     ITER =  119     OBJ =  0.22046330E+00
     ITER =  120     OBJ =  0.22046330E+00
     ITER =  121     OBJ =  0.22046331E+00
     ITER =  122     OBJ =  0.22046331E+00
     ITER =  123     OBJ =  0.22046331E+00
     ITER =  124     OBJ =  0.22046331E+00
     ITER =  125     OBJ =  0.22046331E+00
     ITER =  126     OBJ =  0.22046332E+00
     ITER =  127     OBJ =  0.22046332E+00
     ITER =  128     OBJ =  0.22046332E+00
     ITER =  129     OBJ =  0.22046332E+00
     ITER =  130     OBJ =  0.22046332E+00
     ITER =  131     OBJ =  0.22046332E+00
     ITER =  132     OBJ =  0.22046332E+00
     ITER =  133     OBJ =  0.22046333E+00
     ITER =  134     OBJ =  0.22046333E+00
     ITER =  135     OBJ =  0.22046333E+00
     ITER =  136     OBJ =  0.22046333E+00
     ITER =  137     OBJ =  0.22046333E+00
     ITER =  138     OBJ =  0.22046333E+00
     ITER =  139     OBJ =  0.22046333E+00
     ITER =  140     OBJ =  0.22046333E+00
     ITER =  141     OBJ =  0.22046333E+00
     ITER =  142     OBJ =  0.22046333E+00
     ITER =  143     OBJ =  0.22046334E+00
     ITER =  144     OBJ =  0.22046334E+00
     ITER =  145     OBJ =  0.22046334E+00
     ITER =  146     OBJ =  0.22046334E+00
     ITER =  147     OBJ =  0.22046334E+00
     ITER =  148     OBJ =  0.22046334E+00
     ITER =  149     OBJ =  0.22046334E+00
     ITER =  150     OBJ =  0.22046334E+00
     ITER =  151     OBJ =  0.22046334E+00
     ITER =  152     OBJ =  0.22046334E+00
     ITER =  153     OBJ =  0.22046334E+00
     ITER =  154     OBJ =  0.22046334E+00
     ITER =  155     OBJ =  0.22046334E+00
     ITER =  156     OBJ =  0.22046334E+00
     ITER =  157     OBJ =  0.22046334E+00
     ITER =  158     OBJ =  0.22046334E+00
     ITER =  159     OBJ =  0.22046334E+00
     ITER =  160     OBJ =  0.22046334E+00
     ITER =  161     OBJ =  0.22046334E+00
     ITER =  162     OBJ =  0.22046334E+00
     ITER =  163     OBJ =  0.22046335E+00
     ITER =  164     OBJ =  0.22046335E+00
     ITER =  165     OBJ =  0.22046335E+00
     ITER =  166     OBJ =  0.22046335E+00
     ITER =  167     OBJ =  0.22046335E+00
     ITER =  168     OBJ =  0.22046335E+00
     ITER =  169     OBJ =  0.22046335E+00
     ITER =  170     OBJ =  0.22046335E+00
     ITER =  171     OBJ =  0.22046335E+00
     ITER =  172     OBJ =  0.22046335E+00
     ITER =  173     OBJ =  0.22046335E+00
     ITER =  174     OBJ =  0.22046335E+00
     ITER =  175     OBJ =  0.22046335E+00
     ITER =  176     OBJ =  0.22046335E+00
     ITER =  177     OBJ =  0.22046335E+00
     ITER =  178     OBJ =  0.22046335E+00
     ITER =  179     OBJ =  0.22046335E+00
     ITER =  180     OBJ =  0.22046335E+00
     ITER =  181     OBJ =  0.22046335E+00
     ITER =  182     OBJ =  0.22046335E+00
     ITER =  183     OBJ =  0.22046335E+00
     ITER =  184     OBJ =  0.22046335E+00
     ITER =  185     OBJ =  0.22046335E+00
     ITER =  186     OBJ =  0.22046335E+00
     ITER =  187     OBJ =  0.22046335E+00
     ITER =  188     OBJ =  0.22046335E+00
     ITER =  189     OBJ =  0.22046335E+00
     ITER =  190     OBJ =  0.22046335E+00
     ITER =  191     OBJ =  0.22046335E+00
     ITER =  192     OBJ =  0.22046335E+00
     ITER =  193     OBJ =  0.22046335E+00
     ITER =  194     OBJ =  0.22046335E+00
     ITER =  195     OBJ =  0.22046335E+00
     ITER =  196     OBJ =  0.22046335E+00
     ITER =  197     OBJ =  0.22046335E+00
     ITER =  198     OBJ =  0.22046335E+00
     ITER =  199     OBJ =  0.22046335E+00
     ITER =  200     OBJ =  0.22046335E+00
     ITER =  201     OBJ =  0.22046335E+00
     ITER =  202     OBJ =  0.22046335E+00
     ITER =  203     OBJ =  0.22046335E+00
     ITER =  204     OBJ =  0.22046335E+00
     ITER =  205     OBJ =  0.22046335E+00
     ITER =  206     OBJ =  0.22046335E+00
     ITER =  207     OBJ =  0.22046335E+00
     ITER =  208     OBJ =  0.22046335E+00
     ITER =  209     OBJ =  0.22046335E+00
     ITER =  210     OBJ =  0.22046335E+00
     ITER =  211     OBJ =  0.22046335E+00
     ITER =  212     OBJ =  0.22046335E+00
     ITER =  213     OBJ =  0.22046335E+00
     ITER =  214     OBJ =  0.22046335E+00
     ITER =  215     OBJ =  0.22046335E+00
     ITER =  216     OBJ =  0.22046335E+00
     ITER =  217     OBJ =  0.22046335E+00
     ITER =  218     OBJ =  0.22046335E+00
     ITER =  219     OBJ =  0.22046335E+00
     ITER =  220     OBJ =  0.22046335E+00
     ITER =  221     OBJ =  0.22046335E+00
     ITER =  222     OBJ =  0.22046335E+00
     ITER =  223     OBJ =  0.22046335E+00
     ITER =  224     OBJ =  0.22046335E+00
     ITER =  225     OBJ =  0.22046335E+00
     ITER =  226     OBJ =  0.22046335E+00
     ITER =  227     OBJ =  0.22046335E+00
     ITER =  228     OBJ =  0.22046335E+00
     ITER =  229     OBJ =  0.22046335E+00
     ITER =  230     OBJ =  0.22046335E+00
     ITER =  231     OBJ =  0.22046335E+00
     ITER =  232     OBJ =  0.22046335E+00
     ITER =  233     OBJ =  0.22046335E+00
     ITER =  234     OBJ =  0.22046335E+00
     ITER =  235     OBJ =  0.22046335E+00
     ITER =  236     OBJ =  0.22046335E+00
     ITER =  237     OBJ =  0.22046335E+00
     ITER =  238     OBJ =  0.22046335E+00
     ITER =  239     OBJ =  0.22046335E+00
     ITER =  240     OBJ =  0.22046335E+00
     ITER =  241     OBJ =  0.22046335E+00
     ITER =  242     OBJ =  0.22046335E+00
     ITER =  243     OBJ =  0.22046335E+00
     ITER =  244     OBJ =  0.22046335E+00
     ITER =  245     OBJ =  0.22046335E+00
     ITER =  246     OBJ =  0.22046335E+00
     ITER =  247     OBJ =  0.22046335E+00
     ITER =  248     OBJ =  0.22046335E+00
     ITER =  249     OBJ =  0.22046335E+00
     ITER =  250     OBJ =  0.22046335E+00
     ITER =  251     OBJ =  0.22046335E+00
     ITER =  252     OBJ =  0.22046335E+00
     ITER =  253     OBJ =  0.22046335E+00
     ITER =  254     OBJ =  0.22046335E+00
     ITER =  255     OBJ =  0.22046335E+00
     ITER =  256     OBJ =  0.22046335E+00
     ITER =  257     OBJ =  0.22046335E+00
     ITER =  258     OBJ =  0.22046335E+00
     ITER =  259     OBJ =  0.22046335E+00
     ITER =  260     OBJ =  0.22046335E+00
     ITER =  261     OBJ =  0.22046335E+00
     ITER =  262     OBJ =  0.22046335E+00
     ITER =  263     OBJ =  0.22046335E+00
     ITER =  264     OBJ =  0.22046335E+00
     ITER =  265     OBJ =  0.22046335E+00
     ITER =  266     OBJ =  0.22046335E+00
     ITER =  267     OBJ =  0.22046335E+00
     ITER =  268     OBJ =  0.22046335E+00
     ITER =  269     OBJ =  0.22046335E+00
     ITER =  270     OBJ =  0.22046335E+00
     ITER =  271     OBJ =  0.22046335E+00
     ITER =  272     OBJ =  0.22046335E+00
     ITER =  273     OBJ =  0.22046335E+00
     ITER =  274     OBJ =  0.22046335E+00
     ITER =  275     OBJ =  0.22046335E+00
     ITER =  276     OBJ =  0.22046335E+00
     ITER =  277     OBJ =  0.22046335E+00
     ITER =  278     OBJ =  0.22046335E+00
     ITER =  279     OBJ =  0.22046335E+00
     ITER =  280     OBJ =  0.22046335E+00
     ITER =  281     OBJ =  0.22046335E+00
     ITER =  282     OBJ =  0.22046335E+00
     ITER =  283     OBJ =  0.22046335E+00
     ITER =  284     OBJ =  0.22046335E+00
     ITER =  285     OBJ =  0.22046335E+00
     ITER =  286     OBJ =  0.22046335E+00
     ITER =  287     OBJ =  0.22046335E+00
     ITER =  288     OBJ =  0.22046335E+00
     ITER =  289     OBJ =  0.22046335E+00
     ITER =  290     OBJ =  0.22046335E+00
     ITER =  291     OBJ =  0.22046335E+00
     ITER =  292     OBJ =  0.22046335E+00
     ITER =  293     OBJ =  0.22046335E+00
     ITER =  294     OBJ =  0.22046335E+00
     ITER =  295     OBJ =  0.22046335E+00
     ITER =  296     OBJ =  0.22046335E+00
     ITER =  297     OBJ =  0.22046335E+00
     ITER =  298     OBJ =  0.22046335E+00
     ITER =  299     OBJ =  0.22046335E+00
     ITER =  300     OBJ =  0.22046335E+00
     ITER =  301     OBJ =  0.22046335E+00
     ITER =  302     OBJ =  0.22046335E+00
     ITER =  303     OBJ =  0.22046335E+00
     ITER =  304     OBJ =  0.22046335E+00
     ITER =  305     OBJ =  0.22046335E+00
     ITER =  306     OBJ =  0.22046335E+00
     ITER =  307     OBJ =  0.22046335E+00
     ITER =  308     OBJ =  0.22046335E+00
     ITER =  309     OBJ =  0.22046335E+00
     ITER =  310     OBJ =  0.22046335E+00
     ITER =  311     OBJ =  0.22046335E+00
     ITER =  312     OBJ =  0.22046335E+00
     ITER =  313     OBJ =  0.22046335E+00
     ITER =  314     OBJ =  0.22046335E+00
     ITER =  315     OBJ =  0.22046335E+00
     ITER =  316     OBJ =  0.22046335E+00
     ITER =  317     OBJ =  0.22046335E+00
     ITER =  318     OBJ =  0.22046335E+00
     ITER =  319     OBJ =  0.22046335E+00
     ITER =  320     OBJ =  0.22046335E+00
     ITER =  321     OBJ =  0.22046335E+00
     ITER =  322     OBJ =  0.22046335E+00
     ITER =  323     OBJ =  0.22046335E+00
     ITER =  324     OBJ =  0.22046335E+00
     ITER =  325     OBJ =  0.22046335E+00
     ITER =  326     OBJ =  0.22046335E+00
     ITER =  327     OBJ =  0.22046335E+00
     ITER =  328     OBJ =  0.22046335E+00
     ITER =  329     OBJ =  0.22046335E+00
     ITER =  330     OBJ =  0.22046335E+00
     ITER =  331     OBJ =  0.22046335E+00
     ITER =  332     OBJ =  0.22046335E+00
     ITER =  333     OBJ =  0.22046335E+00
     ITER =  334     OBJ =  0.22046335E+00
     ITER =  335     OBJ =  0.22046335E+00
     ITER =  336     OBJ =  0.22046335E+00
     ITER =  337     OBJ =  0.22046335E+00
     ITER =  338     OBJ =  0.22046335E+00
     ITER =  339     OBJ =  0.22046335E+00
     ITER =  340     OBJ =  0.22046335E+00
     ITER =  341     OBJ =  0.22046335E+00
     ITER =  342     OBJ =  0.22046335E+00
     ITER =  343     OBJ =  0.22046335E+00
     ITER =  344     OBJ =  0.22046335E+00
     ITER =  345     OBJ =  0.22046335E+00
     ITER =  346     OBJ =  0.22046335E+00
     ITER =  347     OBJ =  0.22046335E+00
     ITER =  348     OBJ =  0.22046335E+00
     ITER =  349     OBJ =  0.22046335E+00
     ITER =  350     OBJ =  0.22046335E+00
     ITER =  351     OBJ =  0.22046335E+00
     ITER =  352     OBJ =  0.22046335E+00
     ITER =  353     OBJ =  0.22046335E+00
     ITER =  354     OBJ =  0.22046335E+00
     ITER =  355     OBJ =  0.22046335E+00
     ITER =  356     OBJ =  0.22046335E+00
     ITER =  357     OBJ =  0.22046335E+00
     ITER =  358     OBJ =  0.22046335E+00
     ITER =  359     OBJ =  0.22046335E+00
     ITER =  360     OBJ =  0.22030498E+00
     ITER =  361     OBJ =  0.22055320E+00
        NUMBER OF FUNC-CALLS:  NFUNC =3665
        NUMBER OF GRAD-CALLS:  NGRAD = 362
