



   ---------------------------------------------------------------------------
     START OF THE SEQUENTIAL LEAST SQUARES PROGRAMMING ALGORIT  
   ---------------------------------------------------------------------------

     PARAMETERS:
        ACC =   0.1000D-05
        MAXITER =500
        IPRINT =   1
IOUT =   6


     ITER =    1     OBJ =  0.23451662E+01
     ITER =    2     OBJ =  0.22896452E+01
     ITER =    3     OBJ =  0.22642156E+01
     ITER =    4     OBJ =  0.22239312E+01
     ITER =    5     OBJ =  0.22286049E+01
     ITER =    6     OBJ =  0.21818600E+01
     ITER =    7     OBJ =  0.21186021E+01
     ITER =    9     OBJ =  0.21714533E+01
     ITER =   10     OBJ =  0.21096640E+01
     ITER =   11     OBJ =  0.21533718E+01
     ITER =   12     OBJ =  0.20690527E+01
     ITER =   13     OBJ =  0.21484638E+01
     ITER =   14     OBJ =  0.21487664E+01
     ITER =   15     OBJ =  0.21487823E+01
     ITER =   16     OBJ =  0.21487605E+01
     ITER =   17     OBJ =  0.21668208E+01
     ITER =   18     OBJ =  0.21792737E+01
     ITER =   19     OBJ =  0.21928647E+01
     ITER =   20     OBJ =  0.21958457E+01
     ITER =   21     OBJ =  0.21958457E+01
     ITER =   22     OBJ =  0.21958774E+01
     ITER =   23     OBJ =  0.22172909E+01
     ITER =   24     OBJ =  0.22171792E+01
     ITER =   25     OBJ =  0.22170319E+01
     ITER =   26     OBJ =  0.22137735E+01
        NUMBER OF FUNC-CALLS:  NFUNC = 153
        NUMBER OF GRAD-CALLS:  NGRAD =  26
