



   ---------------------------------------------------------------------------
     START OF THE SEQUENTIAL LEAST SQUARES PROGRAMMING ALGORIT  
   ---------------------------------------------------------------------------

     PARAMETERS:
        ACC =   0.1000D-02
        MAXITER =500
        IPRINT =   1
IOUT =   6


     ITER =    1     OBJ =  0.87439555E+00
     ITER =    2     OBJ =  0.99822388E+00
     ITER =    3     OBJ =  0.12071665E+01
     ITER =    4     OBJ =  0.12460136E+01
     ITER =    5     OBJ =  0.12325639E+01
     ITER =    6     OBJ =  0.12364240E+01
     ITER =    7     OBJ =  0.12649805E+01
     ITER =    8     OBJ =  0.12713009E+01
     ITER =    9     OBJ =  0.13224249E+01
     ITER =   10     OBJ =  0.13267430E+01
     ITER =   11     OBJ =  0.13830758E+01
     ITER =   12     OBJ =  0.14567979E+01
     ITER =   13     OBJ =  0.15980733E+01
     ITER =   14     OBJ =  0.16162576E+01
     ITER =   15     OBJ =  0.15706955E+01
     ITER =   16     OBJ =  0.15706457E+01
     ITER =   17     OBJ =  0.15757934E+01
     ITER =   18     OBJ =  0.15785061E+01
     ITER =   19     OBJ =  0.15786247E+01
     ITER =   20     OBJ =  0.15724950E+01
     ITER =   21     OBJ =  0.15732706E+01
     ITER =   22     OBJ =  0.15735824E+01
     ITER =   23     OBJ =  0.15716312E+01
     ITER =   24     OBJ =  0.15685804E+01
     ITER =   25     OBJ =  0.15619385E+01
     ITER =   26     OBJ =  0.15598173E+01
     ITER =   27     OBJ =  0.15608232E+01
     ITER =   28     OBJ =  0.15587330E+01
     ITER =   29     OBJ =  0.15586730E+01
     ITER =   30     OBJ =  0.15587301E+01
     ITER =   31     OBJ =  0.15587654E+01
     ITER =   32     OBJ =  0.15579670E+01
     ITER =   34     OBJ =  0.15353547E+01
     ITER =   35     OBJ =  0.15207875E+01
     ITER =   36     OBJ =  0.15349041E+01
     ITER =   37     OBJ =  0.15311301E+01
     ITER =   38     OBJ =  0.15300462E+01
     ITER =   39     OBJ =  0.15315027E+01
     ITER =   40     OBJ =  0.15400726E+01
     ITER =   41     OBJ =  0.15404243E+01
     ITER =   42     OBJ =  0.15404243E+01
     ITER =   43     OBJ =  0.15404243E+01
     ITER =   44     OBJ =  0.15404243E+01
     ITER =   45     OBJ =  0.15404243E+01
     ITER =   46     OBJ =  0.15404243E+01
     ITER =   47     OBJ =  0.15453857E+01
     ITER =   48     OBJ =  0.15458265E+01
     ITER =   49     OBJ =  0.15456709E+01
     ITER =   50     OBJ =  0.15456709E+01
     ITER =   51     OBJ =  0.15459592E+01
     ITER =   52     OBJ =  0.15460167E+01
     ITER =   53     OBJ =  0.15460167E+01
     ITER =   54     OBJ =  0.15460167E+01
     ITER =   55     OBJ =  0.15460167E+01
     ITER =   56     OBJ =  0.15460167E+01
     ITER =   57     OBJ =  0.15460751E+01
     ITER =   58     OBJ =  0.15461682E+01
     ITER =   59     OBJ =  0.15521841E+01
     ITER =   60     OBJ =  0.15519444E+01
     ITER =   61     OBJ =  0.15487861E+01
     ITER =   62     OBJ =  0.15485065E+01
     ITER =   63     OBJ =  0.15459968E+01
     ITER =   64     OBJ =  0.15459529E+01
     ITER =   65     OBJ =  0.15456937E+01
     ITER =   66     OBJ =  0.15453809E+01
     ITER =   67     OBJ =  0.15456198E+01
     ITER =   68     OBJ =  0.15455155E+01
        NUMBER OF FUNC-CALLS:  NFUNC = 303
        NUMBER OF GRAD-CALLS:  NGRAD =  68
