



   ---------------------------------------------------------------------------
     START OF THE SEQUENTIAL LEAST SQUARES PROGRAMMING ALGORIT  
   ---------------------------------------------------------------------------

     PARAMETERS:
        ACC =   0.1000D-01
        MAXITER =500
        IPRINT =   1
IOUT =   6


     ITER =    1     OBJ =  0.44263585E+00
     ITER =    2     OBJ =  0.52290755E+00
     ITER =    3     OBJ =  0.52032198E+00
     ITER =    4     OBJ =  0.52423053E+00
     ITER =    5     OBJ =  0.59719559E+00
     ITER =    6     OBJ =  0.60234058E+00
     ITER =    7     OBJ =  0.54877463E+00
     ITER =    8     OBJ =  0.64665115E+00
     ITER =    9     OBJ =  0.63980170E+00
     ITER =   10     OBJ =  0.63800038E+00
     ITER =   11     OBJ =  0.62558404E+00
     ITER =   12     OBJ =  0.62725973E+00
     ITER =   13     OBJ =  0.62328386E+00
     ITER =   14     OBJ =  0.62921354E+00
     ITER =   15     OBJ =  0.62968957E+00
     ITER =   16     OBJ =  0.62967900E+00
     ITER =   17     OBJ =  0.63028287E+00
        NUMBER OF FUNC-CALLS:  NFUNC =  57
        NUMBER OF GRAD-CALLS:  NGRAD =  18
