



   ---------------------------------------------------------------------------
     START OF THE SEQUENTIAL LEAST SQUARES PROGRAMMING ALGORIT  
   ---------------------------------------------------------------------------

     PARAMETERS:
        ACC =   0.1000D-01
        MAXITER =500
        IPRINT =   1
IOUT =   6


     ITER =    1     OBJ =  0.31657357E+00
     ITER =    2     OBJ =  0.48346005E+00
     ITER =    3     OBJ =  0.49508110E+00
     ITER =    4     OBJ =  0.45957813E+00
     ITER =    5     OBJ =  0.46950600E+00
     ITER =    6     OBJ =  0.45835347E+00
     ITER =    7     OBJ =  0.49706979E+00
     ITER =    8     OBJ =  0.50768711E+00
     ITER =    9     OBJ =  0.53788108E+00
     ITER =   10     OBJ =  0.63477529E+00
     ITER =   11     OBJ =  0.65000154E+00
     ITER =   12     OBJ =  0.66140294E+00
     ITER =   13     OBJ =  0.66225116E+00
     ITER =   14     OBJ =  0.66251733E+00
     ITER =   15     OBJ =  0.66248524E+00
     ITER =   16     OBJ =  0.66247123E+00
     ITER =   17     OBJ =  0.65691894E+00
     ITER =   18     OBJ =  0.66298290E+00
     ITER =   19     OBJ =  0.64361080E+00
     ITER =   20     OBJ =  0.66409733E+00
     ITER =   21     OBJ =  0.68091662E+00
