



   ---------------------------------------------------------------------------
     START OF THE SEQUENTIAL LEAST SQUARES PROGRAMMING ALGORIT  
   ---------------------------------------------------------------------------

     PARAMETERS:
        ACC =   0.1000D-02
        MAXITER =500
        IPRINT =   1
IOUT =   6


     ITER =    1     OBJ =  0.56285625E+00
     ITER =    2     OBJ =  0.61776319E+00
     ITER =    3     OBJ =  0.63480118E+00
     ITER =    4     OBJ =  0.70307417E+00
     ITER =    5     OBJ =  0.79685350E+00
     ITER =    6     OBJ =  0.93982656E+00
     ITER =    7     OBJ =  0.95090791E+00
     ITER =    8     OBJ =  0.99672327E+00
     ITER =    9     OBJ =  0.10081101E+01
     ITER =   10     OBJ =  0.11445883E+01
     ITER =   11     OBJ =  0.12529382E+01
     ITER =   12     OBJ =  0.12614957E+01
     ITER =   13     OBJ =  0.13703456E+01
     ITER =   14     OBJ =  0.14844197E+01
     ITER =   15     OBJ =  0.15606649E+01
     ITER =   16     OBJ =  0.16328539E+01
     ITER =   17     OBJ =  0.16355108E+01
     ITER =   18     OBJ =  0.16355333E+01
     ITER =   19     OBJ =  0.16363732E+01
     ITER =   20     OBJ =  0.16362068E+01
     ITER =   21     OBJ =  0.16458846E+01
     ITER =   22     OBJ =  0.16548991E+01
     ITER =   23     OBJ =  0.16556827E+01
     ITER =   24     OBJ =  0.16550050E+01
     ITER =   25     OBJ =  0.16556337E+01
     ITER =   26     OBJ =  0.16556337E+01
     ITER =   27     OBJ =  0.16560964E+01
     ITER =   28     OBJ =  0.16293289E+01
     ITER =   29     OBJ =  0.16558388E+01
