



   ---------------------------------------------------------------------------
     START OF THE SEQUENTIAL LEAST SQUARES PROGRAMMING ALGORIT  
   ---------------------------------------------------------------------------

     PARAMETERS:
        ACC =   0.1000D-01
        MAXITER =500
        IPRINT =   1
IOUT =   6


     ITER =    1     OBJ =  0.57545324E+00
     ITER =    2     OBJ =  0.60399740E+00
     ITER =    3     OBJ =  0.71309078E+00
     ITER =    4     OBJ =  0.72137174E+00
     ITER =    5     OBJ =  0.71131186E+00
     ITER =    6     OBJ =  0.74257871E+00
     ITER =    7     OBJ =  0.93194887E+00
     ITER =    8     OBJ =  0.90116537E+00
     ITER =    9     OBJ =  0.86771128E+00
     ITER =   10     OBJ =  0.86911241E+00
     ITER =   11     OBJ =  0.86901211E+00
     ITER =   12     OBJ =  0.87816726E+00
     ITER =   13     OBJ =  0.88105357E+00
     ITER =   14     OBJ =  0.88109513E+00
     ITER =   15     OBJ =  0.88113126E+00
     ITER =   16     OBJ =  0.88113228E+00
     ITER =   17     OBJ =  0.88113252E+00
     ITER =   18     OBJ =  0.88113310E+00
     ITER =   19     OBJ =  0.88113367E+00
     ITER =   20     OBJ =  0.88113424E+00
     ITER =   21     OBJ =  0.88113479E+00
     ITER =   22     OBJ =  0.88113533E+00
     ITER =   23     OBJ =  0.88113587E+00
     ITER =   24     OBJ =  0.88113641E+00
     ITER =   25     OBJ =  0.88113694E+00
     ITER =   26     OBJ =  0.88113747E+00
     ITER =   27     OBJ =  0.88113800E+00
     ITER =   28     OBJ =  0.88113853E+00
     ITER =   29     OBJ =  0.88113906E+00
     ITER =   30     OBJ =  0.88113958E+00
     ITER =   31     OBJ =  0.88114022E+00
     ITER =   32     OBJ =  0.88114068E+00
     ITER =   33     OBJ =  0.88114121E+00
     ITER =   34     OBJ =  0.88114173E+00
     ITER =   35     OBJ =  0.88114225E+00
     ITER =   36     OBJ =  0.88114276E+00
     ITER =   37     OBJ =  0.88114328E+00
     ITER =   38     OBJ =  0.88114379E+00
     ITER =   39     OBJ =  0.88114430E+00
     ITER =   40     OBJ =  0.88114481E+00
     ITER =   41     OBJ =  0.88114531E+00
     ITER =   42     OBJ =  0.88114582E+00
     ITER =   43     OBJ =  0.88114632E+00
     ITER =   44     OBJ =  0.88114682E+00
     ITER =   45     OBJ =  0.88114732E+00
     ITER =   46     OBJ =  0.88114782E+00
     ITER =   47     OBJ =  0.88114832E+00
     ITER =   48     OBJ =  0.88114881E+00
     ITER =   49     OBJ =  0.88114931E+00
     ITER =   50     OBJ =  0.88114980E+00
     ITER =   51     OBJ =  0.88115029E+00
     ITER =   52     OBJ =  0.88115078E+00
     ITER =   53     OBJ =  0.88115126E+00
     ITER =   54     OBJ =  0.88115175E+00
     ITER =   55     OBJ =  0.88115223E+00
     ITER =   56     OBJ =  0.88115272E+00
     ITER =   57     OBJ =  0.88115320E+00
     ITER =   58     OBJ =  0.88115368E+00
     ITER =   59     OBJ =  0.88115416E+00
     ITER =   60     OBJ =  0.88115463E+00
     ITER =   61     OBJ =  0.88115511E+00
     ITER =   62     OBJ =  0.88115558E+00
     ITER =   63     OBJ =  0.88115605E+00
     ITER =   64     OBJ =  0.88115652E+00
     ITER =   65     OBJ =  0.88115699E+00
     ITER =   66     OBJ =  0.88115746E+00
     ITER =   67     OBJ =  0.88115793E+00
     ITER =   68     OBJ =  0.88115839E+00
     ITER =   69     OBJ =  0.88115886E+00
     ITER =   70     OBJ =  0.88115932E+00
     ITER =   71     OBJ =  0.88115978E+00
     ITER =   72     OBJ =  0.88116024E+00
     ITER =   73     OBJ =  0.88116069E+00
     ITER =   74     OBJ =  0.88116115E+00
     ITER =   75     OBJ =  0.88116161E+00
     ITER =   76     OBJ =  0.88116206E+00
     ITER =   77     OBJ =  0.88116251E+00
     ITER =   78     OBJ =  0.88116296E+00
     ITER =   79     OBJ =  0.88116341E+00
     ITER =   80     OBJ =  0.88116386E+00
     ITER =   81     OBJ =  0.88116430E+00
     ITER =   82     OBJ =  0.88116475E+00
     ITER =   83     OBJ =  0.88116519E+00
     ITER =   84     OBJ =  0.88116563E+00
     ITER =   85     OBJ =  0.88116607E+00
     ITER =   86     OBJ =  0.88116651E+00
     ITER =   87     OBJ =  0.88116695E+00
     ITER =   88     OBJ =  0.88116739E+00
     ITER =   89     OBJ =  0.88116783E+00
     ITER =   90     OBJ =  0.88116826E+00
     ITER =   91     OBJ =  0.88116869E+00
     ITER =   92     OBJ =  0.88116912E+00
     ITER =   93     OBJ =  0.88116955E+00
     ITER =   94     OBJ =  0.88116998E+00
     ITER =   95     OBJ =  0.88117041E+00
     ITER =   96     OBJ =  0.88117084E+00
     ITER =   97     OBJ =  0.88117126E+00
     ITER =   98     OBJ =  0.88117168E+00
     ITER =   99     OBJ =  0.88117211E+00
     ITER =  100     OBJ =  0.88117253E+00
     ITER =  101     OBJ =  0.88117295E+00
     ITER =  102     OBJ =  0.88117336E+00
     ITER =  103     OBJ =  0.88117372E+00
     ITER =  104     OBJ =  0.88117423E+00
     ITER =  105     OBJ =  0.88117466E+00
     ITER =  106     OBJ =  0.88117508E+00
     ITER =  107     OBJ =  0.88117549E+00
     ITER =  108     OBJ =  0.88117590E+00
     ITER =  109     OBJ =  0.88117631E+00
     ITER =  110     OBJ =  0.88117677E+00
     ITER =  111     OBJ =  0.88117705E+00
     ITER =  112     OBJ =  0.88117742E+00
     ITER =  113     OBJ =  0.88117764E+00
     ITER =  114     OBJ =  0.88156104E+00
     ITER =  115     OBJ =  0.88157375E+00
     ITER =  116     OBJ =  0.88157778E+00
     ITER =  117     OBJ =  0.88157911E+00
     ITER =  118     OBJ =  0.88157957E+00
     ITER =  119     OBJ =  0.88157973E+00
     ITER =  120     OBJ =  0.88157984E+00
     ITER =  121     OBJ =  0.88157996E+00
     ITER =  122     OBJ =  0.88158008E+00
     ITER =  123     OBJ =  0.88158020E+00
     ITER =  124     OBJ =  0.88158032E+00
     ITER =  125     OBJ =  0.88158043E+00
     ITER =  126     OBJ =  0.88158055E+00
     ITER =  127     OBJ =  0.88158067E+00
     ITER =  128     OBJ =  0.88158079E+00
     ITER =  129     OBJ =  0.88158090E+00
     ITER =  130     OBJ =  0.88158102E+00
     ITER =  131     OBJ =  0.88158113E+00
     ITER =  132     OBJ =  0.88158125E+00
     ITER =  133     OBJ =  0.88158136E+00
     ITER =  134     OBJ =  0.88158148E+00
     ITER =  135     OBJ =  0.88158159E+00
     ITER =  136     OBJ =  0.88158171E+00
     ITER =  137     OBJ =  0.88158182E+00
     ITER =  138     OBJ =  0.88158193E+00
     ITER =  139     OBJ =  0.88158205E+00
     ITER =  140     OBJ =  0.88158216E+00
     ITER =  141     OBJ =  0.88158227E+00
     ITER =  142     OBJ =  0.88158239E+00
     ITER =  143     OBJ =  0.88158250E+00
     ITER =  144     OBJ =  0.88158261E+00
     ITER =  145     OBJ =  0.88158272E+00
     ITER =  146     OBJ =  0.88158283E+00
     ITER =  147     OBJ =  0.88158294E+00
     ITER =  148     OBJ =  0.88158305E+00
     ITER =  149     OBJ =  0.88158316E+00
     ITER =  150     OBJ =  0.88158327E+00
     ITER =  151     OBJ =  0.88158338E+00
     ITER =  152     OBJ =  0.88158349E+00
     ITER =  153     OBJ =  0.88158360E+00
     ITER =  154     OBJ =  0.88158371E+00
     ITER =  155     OBJ =  0.88158382E+00
     ITER =  156     OBJ =  0.88158392E+00
     ITER =  157     OBJ =  0.88158403E+00
     ITER =  158     OBJ =  0.88158414E+00
     ITER =  159     OBJ =  0.88158425E+00
     ITER =  160     OBJ =  0.88158435E+00
     ITER =  161     OBJ =  0.88158446E+00
     ITER =  162     OBJ =  0.88158457E+00
     ITER =  163     OBJ =  0.88158467E+00
     ITER =  164     OBJ =  0.88158478E+00
     ITER =  165     OBJ =  0.88158488E+00
     ITER =  166     OBJ =  0.88158499E+00
     ITER =  167     OBJ =  0.88158509E+00
     ITER =  168     OBJ =  0.88158520E+00
     ITER =  169     OBJ =  0.88158530E+00
     ITER =  170     OBJ =  0.88158541E+00
     ITER =  171     OBJ =  0.88158551E+00
     ITER =  172     OBJ =  0.88158561E+00
     ITER =  173     OBJ =  0.88158572E+00
     ITER =  174     OBJ =  0.88158582E+00
     ITER =  175     OBJ =  0.88158592E+00
     ITER =  176     OBJ =  0.88158603E+00
     ITER =  177     OBJ =  0.88158613E+00
     ITER =  178     OBJ =  0.88158623E+00
     ITER =  179     OBJ =  0.88158633E+00
     ITER =  180     OBJ =  0.88158643E+00
     ITER =  181     OBJ =  0.88158653E+00
     ITER =  182     OBJ =  0.88158663E+00
     ITER =  183     OBJ =  0.88158673E+00
     ITER =  184     OBJ =  0.88158684E+00
     ITER =  185     OBJ =  0.88158694E+00
     ITER =  186     OBJ =  0.88158703E+00
     ITER =  187     OBJ =  0.88158713E+00
     ITER =  188     OBJ =  0.88158723E+00
     ITER =  189     OBJ =  0.88158733E+00
     ITER =  190     OBJ =  0.88158743E+00
     ITER =  191     OBJ =  0.88158753E+00
     ITER =  192     OBJ =  0.88158763E+00
     ITER =  193     OBJ =  0.88158773E+00
     ITER =  194     OBJ =  0.88158782E+00
     ITER =  195     OBJ =  0.88158792E+00
     ITER =  196     OBJ =  0.88158802E+00
     ITER =  197     OBJ =  0.88158811E+00
     ITER =  198     OBJ =  0.88158821E+00
     ITER =  199     OBJ =  0.88158831E+00
     ITER =  200     OBJ =  0.88158840E+00
     ITER =  201     OBJ =  0.88158850E+00
     ITER =  202     OBJ =  0.88158859E+00
     ITER =  203     OBJ =  0.88158869E+00
     ITER =  204     OBJ =  0.88158879E+00
     ITER =  205     OBJ =  0.88158888E+00
     ITER =  206     OBJ =  0.88158898E+00
     ITER =  207     OBJ =  0.88158907E+00
     ITER =  208     OBJ =  0.88158917E+00
     ITER =  209     OBJ =  0.88158926E+00
     ITER =  210     OBJ =  0.88158935E+00
     ITER =  211     OBJ =  0.88158945E+00
     ITER =  212     OBJ =  0.88158954E+00
     ITER =  213     OBJ =  0.88158964E+00
     ITER =  214     OBJ =  0.88158973E+00
     ITER =  215     OBJ =  0.88158982E+00
     ITER =  216     OBJ =  0.88158991E+00
     ITER =  217     OBJ =  0.88159000E+00
     ITER =  218     OBJ =  0.88159009E+00
     ITER =  219     OBJ =  0.88159019E+00
     ITER =  220     OBJ =  0.88159028E+00
     ITER =  221     OBJ =  0.88159037E+00
     ITER =  222     OBJ =  0.88159046E+00
     ITER =  223     OBJ =  0.88159056E+00
     ITER =  224     OBJ =  0.88159065E+00
     ITER =  225     OBJ =  0.88159074E+00
     ITER =  226     OBJ =  0.88159082E+00
     ITER =  227     OBJ =  0.88159092E+00
     ITER =  228     OBJ =  0.88159101E+00
     ITER =  229     OBJ =  0.88159110E+00
     ITER =  230     OBJ =  0.88159119E+00
     ITER =  231     OBJ =  0.88159128E+00
     ITER =  232     OBJ =  0.88159137E+00
     ITER =  233     OBJ =  0.88159146E+00
     ITER =  234     OBJ =  0.88159155E+00
     ITER =  235     OBJ =  0.88159163E+00
     ITER =  236     OBJ =  0.88159172E+00
     ITER =  237     OBJ =  0.88159181E+00
     ITER =  238     OBJ =  0.88159190E+00
     ITER =  239     OBJ =  0.88159198E+00
     ITER =  240     OBJ =  0.88159207E+00
     ITER =  241     OBJ =  0.88159216E+00
     ITER =  242     OBJ =  0.88159224E+00
     ITER =  243     OBJ =  0.88159233E+00
     ITER =  244     OBJ =  0.88159241E+00
     ITER =  245     OBJ =  0.88159250E+00
     ITER =  246     OBJ =  0.88159258E+00
     ITER =  247     OBJ =  0.88159267E+00
     ITER =  248     OBJ =  0.88159275E+00
     ITER =  249     OBJ =  0.88159284E+00
     ITER =  250     OBJ =  0.88159292E+00
     ITER =  251     OBJ =  0.88159300E+00
     ITER =  252     OBJ =  0.88159309E+00
     ITER =  253     OBJ =  0.88159317E+00
     ITER =  254     OBJ =  0.88159326E+00
     ITER =  255     OBJ =  0.88159334E+00
     ITER =  256     OBJ =  0.88159342E+00
     ITER =  257     OBJ =  0.88159350E+00
     ITER =  258     OBJ =  0.88159359E+00
     ITER =  259     OBJ =  0.88159367E+00
     ITER =  260     OBJ =  0.88159375E+00
     ITER =  261     OBJ =  0.88159383E+00
     ITER =  262     OBJ =  0.88159391E+00
     ITER =  263     OBJ =  0.88159400E+00
     ITER =  264     OBJ =  0.88159408E+00
     ITER =  265     OBJ =  0.88159416E+00
     ITER =  266     OBJ =  0.88159424E+00
     ITER =  267     OBJ =  0.88159432E+00
     ITER =  268     OBJ =  0.88159440E+00
     ITER =  269     OBJ =  0.88159448E+00
     ITER =  270     OBJ =  0.88159456E+00
     ITER =  271     OBJ =  0.88159464E+00
     ITER =  272     OBJ =  0.88159472E+00
     ITER =  273     OBJ =  0.88159480E+00
     ITER =  274     OBJ =  0.88159488E+00
     ITER =  275     OBJ =  0.88159495E+00
     ITER =  276     OBJ =  0.88159503E+00
     ITER =  277     OBJ =  0.88159511E+00
     ITER =  278     OBJ =  0.88159519E+00
     ITER =  279     OBJ =  0.88159527E+00
     ITER =  280     OBJ =  0.88159535E+00
     ITER =  281     OBJ =  0.88159542E+00
     ITER =  282     OBJ =  0.88159550E+00
     ITER =  283     OBJ =  0.88159558E+00
     ITER =  284     OBJ =  0.88159565E+00
     ITER =  285     OBJ =  0.88159574E+00
     ITER =  286     OBJ =  0.88159581E+00
     ITER =  287     OBJ =  0.88159589E+00
     ITER =  288     OBJ =  0.88159597E+00
     ITER =  289     OBJ =  0.88159604E+00
     ITER =  290     OBJ =  0.88159612E+00
     ITER =  291     OBJ =  0.88159620E+00
     ITER =  292     OBJ =  0.88159627E+00
     ITER =  293     OBJ =  0.88159635E+00
     ITER =  294     OBJ =  0.88159642E+00
     ITER =  295     OBJ =  0.88159650E+00
     ITER =  296     OBJ =  0.88159657E+00
     ITER =  297     OBJ =  0.88159665E+00
     ITER =  298     OBJ =  0.88159672E+00
     ITER =  299     OBJ =  0.88159679E+00
     ITER =  300     OBJ =  0.88159687E+00
     ITER =  301     OBJ =  0.88159694E+00
     ITER =  302     OBJ =  0.88159702E+00
     ITER =  303     OBJ =  0.88159709E+00
     ITER =  304     OBJ =  0.88159716E+00
     ITER =  305     OBJ =  0.88159723E+00
     ITER =  306     OBJ =  0.88159731E+00
     ITER =  307     OBJ =  0.88159738E+00
     ITER =  308     OBJ =  0.88159745E+00
     ITER =  309     OBJ =  0.88159752E+00
     ITER =  310     OBJ =  0.88159760E+00
     ITER =  311     OBJ =  0.88159767E+00
     ITER =  312     OBJ =  0.88159774E+00
     ITER =  313     OBJ =  0.88159781E+00
     ITER =  314     OBJ =  0.88159788E+00
     ITER =  315     OBJ =  0.88159795E+00
     ITER =  316     OBJ =  0.88159802E+00
     ITER =  317     OBJ =  0.88159810E+00
     ITER =  318     OBJ =  0.88159817E+00
     ITER =  319     OBJ =  0.88159824E+00
     ITER =  320     OBJ =  0.88159830E+00
     ITER =  321     OBJ =  0.88159838E+00
     ITER =  322     OBJ =  0.88159845E+00
     ITER =  323     OBJ =  0.88159852E+00
     ITER =  324     OBJ =  0.88159859E+00
     ITER =  325     OBJ =  0.88159866E+00
     ITER =  326     OBJ =  0.88159872E+00
     ITER =  327     OBJ =  0.88159879E+00
     ITER =  328     OBJ =  0.88159887E+00
     ITER =  329     OBJ =  0.88159894E+00
     ITER =  330     OBJ =  0.88159900E+00
     ITER =  331     OBJ =  0.88159908E+00
     ITER =  332     OBJ =  0.88159915E+00
     ITER =  333     OBJ =  0.88159921E+00
     ITER =  334     OBJ =  0.88159928E+00
     ITER =  335     OBJ =  0.88159935E+00
     ITER =  336     OBJ =  0.88159942E+00
     ITER =  337     OBJ =  0.88159948E+00
     ITER =  338     OBJ =  0.88159955E+00
     ITER =  339     OBJ =  0.88159962E+00
     ITER =  340     OBJ =  0.88159968E+00
     ITER =  341     OBJ =  0.88159975E+00
     ITER =  342     OBJ =  0.88159982E+00
     ITER =  343     OBJ =  0.88159989E+00
     ITER =  344     OBJ =  0.88159995E+00
     ITER =  345     OBJ =  0.88160002E+00
     ITER =  346     OBJ =  0.88160008E+00
     ITER =  347     OBJ =  0.88160015E+00
     ITER =  348     OBJ =  0.88160022E+00
     ITER =  349     OBJ =  0.88160028E+00
     ITER =  350     OBJ =  0.88160035E+00
     ITER =  351     OBJ =  0.88160041E+00
     ITER =  352     OBJ =  0.88160047E+00
     ITER =  353     OBJ =  0.88160054E+00
     ITER =  354     OBJ =  0.88160060E+00
     ITER =  355     OBJ =  0.88160067E+00
     ITER =  356     OBJ =  0.88160073E+00
     ITER =  357     OBJ =  0.88160080E+00
     ITER =  358     OBJ =  0.88160086E+00
     ITER =  359     OBJ =  0.88160092E+00
     ITER =  360     OBJ =  0.88160099E+00
     ITER =  361     OBJ =  0.88160105E+00
     ITER =  362     OBJ =  0.88160111E+00
     ITER =  363     OBJ =  0.88160117E+00
     ITER =  364     OBJ =  0.88160124E+00
     ITER =  365     OBJ =  0.88160130E+00
     ITER =  366     OBJ =  0.88160136E+00
     ITER =  367     OBJ =  0.88160143E+00
     ITER =  368     OBJ =  0.88160149E+00
     ITER =  369     OBJ =  0.88160155E+00
     ITER =  370     OBJ =  0.88160161E+00
     ITER =  371     OBJ =  0.88160167E+00
     ITER =  372     OBJ =  0.88160174E+00
     ITER =  373     OBJ =  0.88160180E+00
     ITER =  374     OBJ =  0.88160186E+00
     ITER =  375     OBJ =  0.88160192E+00
     ITER =  376     OBJ =  0.88160198E+00
     ITER =  377     OBJ =  0.88160204E+00
     ITER =  378     OBJ =  0.88160210E+00
     ITER =  379     OBJ =  0.88160216E+00
     ITER =  380     OBJ =  0.88160222E+00
     ITER =  381     OBJ =  0.88160228E+00
     ITER =  382     OBJ =  0.88160234E+00
     ITER =  383     OBJ =  0.88160240E+00
     ITER =  384     OBJ =  0.88160246E+00
     ITER =  385     OBJ =  0.88160252E+00
     ITER =  386     OBJ =  0.88160258E+00
     ITER =  387     OBJ =  0.88160264E+00
     ITER =  388     OBJ =  0.88160270E+00
     ITER =  389     OBJ =  0.88160276E+00
     ITER =  390     OBJ =  0.88160282E+00
     ITER =  391     OBJ =  0.88160288E+00
     ITER =  392     OBJ =  0.88160293E+00
     ITER =  393     OBJ =  0.88160299E+00
     ITER =  394     OBJ =  0.88160305E+00
     ITER =  395     OBJ =  0.88160311E+00
     ITER =  396     OBJ =  0.88160317E+00
     ITER =  397     OBJ =  0.88160323E+00
     ITER =  398     OBJ =  0.88160328E+00
     ITER =  399     OBJ =  0.88160334E+00
     ITER =  400     OBJ =  0.88160340E+00
     ITER =  401     OBJ =  0.88160346E+00
     ITER =  402     OBJ =  0.88160351E+00
     ITER =  403     OBJ =  0.88160357E+00
     ITER =  404     OBJ =  0.88160363E+00
     ITER =  405     OBJ =  0.88160368E+00
     ITER =  406     OBJ =  0.88160374E+00
     ITER =  407     OBJ =  0.88160380E+00
     ITER =  408     OBJ =  0.88160385E+00
     ITER =  409     OBJ =  0.88160391E+00
     ITER =  410     OBJ =  0.88160396E+00
     ITER =  411     OBJ =  0.88160402E+00
     ITER =  412     OBJ =  0.88160408E+00
     ITER =  413     OBJ =  0.88160413E+00
     ITER =  414     OBJ =  0.88160419E+00
     ITER =  415     OBJ =  0.88160424E+00
     ITER =  416     OBJ =  0.88160430E+00
     ITER =  417     OBJ =  0.88160435E+00
     ITER =  418     OBJ =  0.88160441E+00
     ITER =  419     OBJ =  0.88160446E+00
     ITER =  420     OBJ =  0.88160452E+00
     ITER =  421     OBJ =  0.88160457E+00
     ITER =  422     OBJ =  0.88160462E+00
     ITER =  423     OBJ =  0.88160468E+00
     ITER =  424     OBJ =  0.88160473E+00
     ITER =  425     OBJ =  0.88160479E+00
     ITER =  426     OBJ =  0.88160484E+00
     ITER =  427     OBJ =  0.88160489E+00
     ITER =  428     OBJ =  0.88160495E+00
     ITER =  429     OBJ =  0.88160500E+00
     ITER =  430     OBJ =  0.88160505E+00
     ITER =  431     OBJ =  0.88160510E+00
     ITER =  432     OBJ =  0.88160516E+00
     ITER =  433     OBJ =  0.88160521E+00
     ITER =  434     OBJ =  0.88160526E+00
     ITER =  435     OBJ =  0.88160532E+00
     ITER =  436     OBJ =  0.88160537E+00
     ITER =  437     OBJ =  0.88160542E+00
     ITER =  438     OBJ =  0.88160547E+00
     ITER =  439     OBJ =  0.88160552E+00
     ITER =  440     OBJ =  0.88160558E+00
     ITER =  441     OBJ =  0.88160563E+00
     ITER =  442     OBJ =  0.88160568E+00
     ITER =  443     OBJ =  0.88160573E+00
     ITER =  444     OBJ =  0.88160578E+00
     ITER =  445     OBJ =  0.88160583E+00
     ITER =  446     OBJ =  0.88160588E+00
     ITER =  447     OBJ =  0.88160594E+00
     ITER =  448     OBJ =  0.88160599E+00
     ITER =  449     OBJ =  0.88160604E+00
     ITER =  450     OBJ =  0.88160609E+00
     ITER =  451     OBJ =  0.88160614E+00
     ITER =  452     OBJ =  0.88160619E+00
     ITER =  453     OBJ =  0.88160624E+00
     ITER =  454     OBJ =  0.88160629E+00
     ITER =  455     OBJ =  0.88160634E+00
     ITER =  456     OBJ =  0.88160639E+00
     ITER =  457     OBJ =  0.88160644E+00
     ITER =  458     OBJ =  0.88160649E+00
     ITER =  459     OBJ =  0.88160654E+00
     ITER =  460     OBJ =  0.88160659E+00
     ITER =  461     OBJ =  0.88160664E+00
     ITER =  462     OBJ =  0.88160669E+00
     ITER =  463     OBJ =  0.88160674E+00
     ITER =  464     OBJ =  0.88160678E+00
     ITER =  465     OBJ =  0.88160683E+00
     ITER =  466     OBJ =  0.88160688E+00
     ITER =  467     OBJ =  0.88160693E+00
     ITER =  468     OBJ =  0.88160698E+00
     ITER =  469     OBJ =  0.88160703E+00
     ITER =  470     OBJ =  0.88160708E+00
     ITER =  471     OBJ =  0.88160712E+00
     ITER =  472     OBJ =  0.88160717E+00
     ITER =  473     OBJ =  0.88160722E+00
     ITER =  474     OBJ =  0.88160727E+00
     ITER =  475     OBJ =  0.88160732E+00
     ITER =  476     OBJ =  0.88160736E+00
     ITER =  477     OBJ =  0.88160741E+00
     ITER =  478     OBJ =  0.88160746E+00
     ITER =  479     OBJ =  0.88160750E+00
     ITER =  480     OBJ =  0.88160755E+00
     ITER =  481     OBJ =  0.88160760E+00
     ITER =  482     OBJ =  0.88160764E+00
     ITER =  483     OBJ =  0.88160769E+00
     ITER =  484     OBJ =  0.88160774E+00
     ITER =  485     OBJ =  0.88160778E+00
     ITER =  486     OBJ =  0.88160783E+00
     ITER =  487     OBJ =  0.88160788E+00
     ITER =  488     OBJ =  0.88160792E+00
     ITER =  489     OBJ =  0.88160797E+00
     ITER =  490     OBJ =  0.88160801E+00
     ITER =  491     OBJ =  0.88160806E+00
     ITER =  492     OBJ =  0.88160811E+00
     ITER =  493     OBJ =  0.88160815E+00
     ITER =  494     OBJ =  0.88160820E+00
     ITER =  495     OBJ =  0.88160824E+00
     ITER =  496     OBJ =  0.88160829E+00
     ITER =  497     OBJ =  0.88160833E+00
     ITER =  498     OBJ =  0.88160838E+00
     ITER =  499     OBJ =  0.88160842E+00
     ITER =  500     OBJ =  0.88160847E+00
        NUMBER OF FUNC-CALLS:  NFUNC =5371
        NUMBER OF GRAD-CALLS:  NGRAD = 501
