



   ---------------------------------------------------------------------------
     START OF THE SEQUENTIAL LEAST SQUARES PROGRAMMING ALGORIT  
   ---------------------------------------------------------------------------

     PARAMETERS:
        ACC =   0.1000D-02
        MAXITER =500
        IPRINT =   1
IOUT =   6


     ITER =    1     OBJ =  0.37926407E+00
     ITER =    2     OBJ =  0.42655388E+00
     ITER =    3     OBJ =  0.33218643E+00
     ITER =    4     OBJ =  0.31389313E+00
     ITER =    5     OBJ =  0.41699757E+00
     ITER =    6     OBJ =  0.41653369E+00
     ITER =    7     OBJ =  0.48173421E+00
     ITER =    8     OBJ =  0.46640223E+00
     ITER =    9     OBJ =  0.45376558E+00
     ITER =   10     OBJ =  0.45418700E+00
     ITER =   11     OBJ =  0.46551455E+00
     ITER =   12     OBJ =  0.44324232E+00
     ITER =   13     OBJ =  0.44813479E+00
     ITER =   14     OBJ =  0.44869142E+00
     ITER =   15     OBJ =  0.44860292E+00
     ITER =   16     OBJ =  0.44859990E+00
     ITER =   17     OBJ =  0.44859861E+00
     ITER =   18     OBJ =  0.44859852E+00
