



   ---------------------------------------------------------------------------
     START OF THE SEQUENTIAL LEAST SQUARES PROGRAMMING ALGORIT  
   ---------------------------------------------------------------------------

     PARAMETERS:
        ACC =   0.1000D-02
        MAXITER =500
        IPRINT =   1
IOUT =   6


     ITER =    1     OBJ =  0.80618687E+00
     ITER =    2     OBJ =  0.77567766E+00
     ITER =    3     OBJ =  0.78011088E+00
     ITER =    4     OBJ =  0.89018489E+00
     ITER =    5     OBJ =  0.92798419E+00
     ITER =    6     OBJ =  0.92946106E+00
     ITER =    7     OBJ =  0.11734184E+01
     ITER =    8     OBJ =  0.12968423E+01
     ITER =    9     OBJ =  0.12713378E+01
     ITER =   10     OBJ =  0.12794931E+01
     ITER =   11     OBJ =  0.12781677E+01
     ITER =   12     OBJ =  0.12780678E+01
     ITER =   13     OBJ =  0.12727160E+01
     ITER =   14     OBJ =  0.12766624E+01
     ITER =   15     OBJ =  0.12726731E+01
     ITER =   16     OBJ =  0.12707740E+01
     ITER =   17     OBJ =  0.12662764E+01
     ITER =   18     OBJ =  0.12622221E+01
     ITER =   19     OBJ =  0.12594335E+01
     ITER =   20     OBJ =  0.12560447E+01
     ITER =   21     OBJ =  0.12568257E+01
     ITER =   22     OBJ =  0.12491069E+01
     ITER =   23     OBJ =  0.12492440E+01
     ITER =   24     OBJ =  0.12492440E+01
     ITER =   25     OBJ =  0.12492440E+01
     ITER =   26     OBJ =  0.12492440E+01
     ITER =   27     OBJ =  0.12492440E+01
     ITER =   28     OBJ =  0.12492440E+01
        NUMBER OF FUNC-CALLS:  NFUNC = 118
        NUMBER OF GRAD-CALLS:  NGRAD =  29
