



   ---------------------------------------------------------------------------
     START OF THE SEQUENTIAL LEAST SQUARES PROGRAMMING ALGORIT  
   ---------------------------------------------------------------------------

     PARAMETERS:
        ACC =   0.1000D-02
        MAXITER =500
        IPRINT =   1
IOUT =   6


     ITER =    1     OBJ =  0.10145092E+01
     ITER =    2     OBJ =  0.96137661E+00
     ITER =    3     OBJ =  0.75808422E+00
     ITER =    4     OBJ =  0.92015575E+00
     ITER =    5     OBJ =  0.10872481E+01
     ITER =    6     OBJ =  0.12065798E+01
     ITER =    7     OBJ =  0.12402121E+01
     ITER =    8     OBJ =  0.20074185E+01
     ITER =    9     OBJ =  0.15526763E+01
     ITER =   10     OBJ =  0.15567461E+01
     ITER =   11     OBJ =  0.16921621E+01
     ITER =   12     OBJ =  0.16770292E+01
     ITER =   13     OBJ =  0.17048710E+01
     ITER =   14     OBJ =  0.16060746E+01
     ITER =   15     OBJ =  0.16069489E+01
     ITER =   16     OBJ =  0.16022771E+01
     ITER =   17     OBJ =  0.15839006E+01
        NUMBER OF FUNC-CALLS:  NFUNC =  44
        NUMBER OF GRAD-CALLS:  NGRAD =  18
