



   ---------------------------------------------------------------------------
     START OF THE SEQUENTIAL LEAST SQUARES PROGRAMMING ALGORIT  
   ---------------------------------------------------------------------------

     PARAMETERS:
        ACC =   0.1000D-05
        MAXITER =500
        IPRINT =   1
IOUT =   6


     ITER =    1     OBJ =  0.16962293E+00
     ITER =    2     OBJ =  0.16929556E+00
     ITER =    3     OBJ =  0.17529341E+00
     ITER =    4     OBJ =  0.17625951E+00
     ITER =    5     OBJ =  0.18031161E+00
     ITER =    6     OBJ =  0.18260285E+00
     ITER =    7     OBJ =  0.18224226E+00
     ITER =    8     OBJ =  0.18182917E+00
     ITER =    9     OBJ =  0.18165691E+00
     ITER =   10     OBJ =  0.18139826E+00
     ITER =   11     OBJ =  0.18123137E+00
     ITER =   12     OBJ =  0.18073215E+00
     ITER =   13     OBJ =  0.18082589E+00
     ITER =   14     OBJ =  0.18106734E+00
     ITER =   15     OBJ =  0.18101121E+00
     ITER =   16     OBJ =  0.18095272E+00
     ITER =   17     OBJ =  0.18088347E+00
     ITER =   18     OBJ =  0.18084719E+00
     ITER =   19     OBJ =  0.18085996E+00
     ITER =   20     OBJ =  0.18083503E+00
     ITER =   21     OBJ =  0.18085892E+00
     ITER =   22     OBJ =  0.18086794E+00
     ITER =   23     OBJ =  0.18086517E+00
     ITER =   24     OBJ =  0.18086334E+00
     ITER =   25     OBJ =  0.18086267E+00
     ITER =   26     OBJ =  0.18085349E+00
     ITER =   27     OBJ =  0.18084405E+00
     ITER =   28     OBJ =  0.18084568E+00
        NUMBER OF FUNC-CALLS:  NFUNC =  89
        NUMBER OF GRAD-CALLS:  NGRAD =  29
