



   ---------------------------------------------------------------------------
     START OF THE SEQUENTIAL LEAST SQUARES PROGRAMMING ALGORIT  
   ---------------------------------------------------------------------------

     PARAMETERS:
        ACC =   0.1000D+00
        MAXITER =500
        IPRINT =   1
IOUT =   6


     ITER =    1     OBJ =  0.17266829E+01
     ITER =    2     OBJ =  0.18664845E+01
     ITER =    3     OBJ =  0.17531813E+01
     ITER =    4     OBJ =  0.20882484E+01
     ITER =    5     OBJ =  0.25655376E+01
     ITER =    6     OBJ =  0.27619044E+01
     ITER =    7     OBJ =  0.31710164E+01
     ITER =    8     OBJ =  0.31568585E+01
     ITER =    9     OBJ =  0.31617522E+01
     ITER =   10     OBJ =  0.31617319E+01
     ITER =   11     OBJ =  0.31617295E+01
     ITER =   12     OBJ =  0.31617280E+01
     ITER =   13     OBJ =  0.31510894E+01
     ITER =   14     OBJ =  0.31491879E+01
     ITER =   15     OBJ =  0.31486107E+01
     ITER =   16     OBJ =  0.31484748E+01
     ITER =   17     OBJ =  0.31484197E+01
     ITER =   18     OBJ =  0.31481739E+01
     ITER =   19     OBJ =  0.31479834E+01
     ITER =   20     OBJ =  0.31479048E+01
     ITER =   21     OBJ =  0.31477302E+01
     ITER =   22     OBJ =  0.31476873E+01
     ITER =   23     OBJ =  0.31473951E+01
     ITER =   24     OBJ =  0.31473313E+01
     ITER =   25     OBJ =  0.31467406E+01
     ITER =   26     OBJ =  0.31465890E+01
     ITER =   27     OBJ =  0.31457750E+01
     ITER =   28     OBJ =  0.31456079E+01
     ITER =   29     OBJ =  0.31452210E+01
     ITER =   30     OBJ =  0.31452028E+01
     ITER =   31     OBJ =  0.31450278E+01
     ITER =   32     OBJ =  0.31450886E+01
     ITER =   33     OBJ =  0.31450940E+01
     ITER =   34     OBJ =  0.31452640E+01
     ITER =   35     OBJ =  0.31454245E+01
     ITER =   36     OBJ =  0.31456872E+01
     ITER =   37     OBJ =  0.31459526E+01
     ITER =   38     OBJ =  0.31462912E+01
     ITER =   39     OBJ =  0.31466395E+01
     ITER =   40     OBJ =  0.31470290E+01
     ITER =   41     OBJ =  0.31474205E+01
     ITER =   42     OBJ =  0.31478366E+01
     ITER =   43     OBJ =  0.31482601E+01
     ITER =   44     OBJ =  0.31487006E+01
     ITER =   45     OBJ =  0.31491397E+01
     ITER =   46     OBJ =  0.31495827E+01
     ITER =   47     OBJ =  0.31500209E+01
     ITER =   48     OBJ =  0.31504603E+01
     ITER =   49     OBJ =  0.31508926E+01
     ITER =   50     OBJ =  0.32823730E+01
     ITER =   51     OBJ =  0.32793565E+01
     ITER =   52     OBJ =  0.32761236E+01
     ITER =   53     OBJ =  0.33113980E+01
     ITER =   54     OBJ =  0.33154308E+01
     ITER =   55     OBJ =  0.33203765E+01
     ITER =   56     OBJ =  0.33179311E+01
     ITER =   57     OBJ =  0.33227494E+01
     ITER =   58     OBJ =  0.33226323E+01
     ITER =   59     OBJ =  0.33234268E+01
     ITER =   60     OBJ =  0.33230041E+01
     ITER =   61     OBJ =  0.33230041E+01
     ITER =   62     OBJ =  0.33230062E+01
     ITER =   63     OBJ =  0.33230063E+01
     ITER =   64     OBJ =  0.33230066E+01
     ITER =   65     OBJ =  0.33230067E+01
     ITER =   66     OBJ =  0.33230069E+01
     ITER =   67     OBJ =  0.33230072E+01
     ITER =   68     OBJ =  0.33230077E+01
     ITER =   69     OBJ =  0.33230083E+01
     ITER =   70     OBJ =  0.33230092E+01
     ITER =   71     OBJ =  0.33230103E+01
     ITER =   72     OBJ =  0.33230117E+01
     ITER =   73     OBJ =  0.33230132E+01
     ITER =   74     OBJ =  0.33230150E+01
     ITER =   75     OBJ =  0.33230170E+01
     ITER =   76     OBJ =  0.33230190E+01
     ITER =   77     OBJ =  0.33230212E+01
     ITER =   78     OBJ =  0.33230235E+01
     ITER =   79     OBJ =  0.33230258E+01
     ITER =   80     OBJ =  0.33230281E+01
     ITER =   81     OBJ =  0.33230307E+01
     ITER =   82     OBJ =  0.33230338E+01
     ITER =   83     OBJ =  0.33230378E+01
     ITER =   84     OBJ =  0.33230428E+01
     ITER =   85     OBJ =  0.33230490E+01
     ITER =   86     OBJ =  0.33230567E+01
     ITER =   87     OBJ =  0.33230661E+01
     ITER =   88     OBJ =  0.33230776E+01
     ITER =   89     OBJ =  0.33230913E+01
     ITER =   90     OBJ =  0.33231077E+01
     ITER =   91     OBJ =  0.33231270E+01
     ITER =   92     OBJ =  0.33231497E+01
     ITER =   93     OBJ =  0.33231762E+01
     ITER =   94     OBJ =  0.33232069E+01
     ITER =   95     OBJ =  0.33232422E+01
     ITER =   96     OBJ =  0.33232826E+01
     ITER =   97     OBJ =  0.33233287E+01
     ITER =   98     OBJ =  0.33233810E+01
     ITER =   99     OBJ =  0.33234401E+01
     ITER =  100     OBJ =  0.33235066E+01
     ITER =  101     OBJ =  0.33235811E+01
     ITER =  102     OBJ =  0.33236644E+01
     ITER =  103     OBJ =  0.33237572E+01
     ITER =  104     OBJ =  0.33238603E+01
     ITER =  105     OBJ =  0.33240634E+01
     ITER =  106     OBJ =  0.33247972E+01
     ITER =  107     OBJ =  0.33274623E+01
     ITER =  108     OBJ =  0.33330160E+01
     ITER =  109     OBJ =  0.33445908E+01
     ITER =  110     OBJ =  0.33693980E+01
     ITER =  111     OBJ =  0.34198445E+01
     ITER =  112     OBJ =  0.34964246E+01
     ITER =  113     OBJ =  0.34951677E+01
     ITER =  114     OBJ =  0.34968227E+01
     ITER =  115     OBJ =  0.34956020E+01
     ITER =  116     OBJ =  0.34979790E+01
     ITER =  117     OBJ =  0.34939704E+01
     ITER =  118     OBJ =  0.34939090E+01
        NUMBER OF FUNC-CALLS:  NFUNC = 911
        NUMBER OF GRAD-CALLS:  NGRAD = 119
