



   ---------------------------------------------------------------------------
     START OF THE SEQUENTIAL LEAST SQUARES PROGRAMMING ALGORIT  
   ---------------------------------------------------------------------------

     PARAMETERS:
        ACC =   0.1000D-02
        MAXITER =500
        IPRINT =   1
IOUT =   6


     ITER =    1     OBJ =  0.79107056E+00
     ITER =    2     OBJ =  0.87930590E+00
     ITER =    3     OBJ =  0.88272286E+00
     ITER =    4     OBJ =  0.89934462E+00
     ITER =    5     OBJ =  0.94781668E+00
     ITER =    6     OBJ =  0.10271096E+01
     ITER =    7     OBJ =  0.10288961E+01
     ITER =    8     OBJ =  0.10329812E+01
     ITER =    9     OBJ =  0.10918295E+01
     ITER =   10     OBJ =  0.11367055E+01
     ITER =   11     OBJ =  0.14193904E+01
     ITER =   12     OBJ =  0.14473882E+01
     ITER =   13     OBJ =  0.14389782E+01
     ITER =   14     OBJ =  0.14330495E+01
     ITER =   15     OBJ =  0.14134798E+01
     ITER =   16     OBJ =  0.14026332E+01
     ITER =   17     OBJ =  0.13886399E+01
     ITER =   18     OBJ =  0.13792647E+01
     ITER =   19     OBJ =  0.13782258E+01
     ITER =   20     OBJ =  0.13771321E+01
     ITER =   21     OBJ =  0.13777799E+01
     ITER =   22     OBJ =  0.13714945E+01
     ITER =   23     OBJ =  0.13759352E+01
     ITER =   24     OBJ =  0.13814525E+01
     ITER =   26     OBJ =  0.13486589E+01
     ITER =   27     OBJ =  0.12651639E+01
     ITER =   28     OBJ =  0.12645641E+01
     ITER =   29     OBJ =  0.13062036E+01
     ITER =   30     OBJ =  0.13285552E+01
     ITER =   31     OBJ =  0.13414702E+01
     ITER =   32     OBJ =  0.13265916E+01
     ITER =   33     OBJ =  0.13282371E+01
     ITER =   34     OBJ =  0.13282371E+01
     ITER =   35     OBJ =  0.13282371E+01
     ITER =   36     OBJ =  0.13282371E+01
     ITER =   37     OBJ =  0.13282371E+01
     ITER =   38     OBJ =  0.13288932E+01
     ITER =   39     OBJ =  0.13290373E+01
     ITER =   40     OBJ =  0.13696348E+01
     ITER =   41     OBJ =  0.13646754E+01
     ITER =   42     OBJ =  0.13832717E+01
     ITER =   43     OBJ =  0.13838983E+01
     ITER =   44     OBJ =  0.13800301E+01
     ITER =   45     OBJ =  0.13802887E+01
     ITER =   46     OBJ =  0.13781949E+01
     ITER =   47     OBJ =  0.13782051E+01
     ITER =   48     OBJ =  0.13772706E+01
     ITER =   49     OBJ =  0.13774603E+01
     ITER =   50     OBJ =  0.13775920E+01
        NUMBER OF FUNC-CALLS:  NFUNC = 176
        NUMBER OF GRAD-CALLS:  NGRAD =  50
