



   ---------------------------------------------------------------------------
     START OF THE SEQUENTIAL LEAST SQUARES PROGRAMMING ALGORIT  
   ---------------------------------------------------------------------------

     PARAMETERS:
        ACC =   0.1000D-05
        MAXITER =500
        IPRINT =   1
IOUT =   6


     ITER =    1     OBJ =  0.27053354E+01
     ITER =    2     OBJ =  0.21134741E+01
     ITER =    3     OBJ =  0.19776378E+01
     ITER =    4     OBJ =  0.19846618E+01
     ITER =    5     OBJ =  0.20249869E+01
     ITER =    6     OBJ =  0.22496533E+01
     ITER =    7     OBJ =  0.23237983E+01
     ITER =    8     OBJ =  0.23519820E+01
     ITER =    9     OBJ =  0.23766334E+01
     ITER =   10     OBJ =  0.23663525E+01
     ITER =   11     OBJ =  0.23250549E+01
     ITER =   12     OBJ =  0.23003814E+01
     ITER =   13     OBJ =  0.23192009E+01
     ITER =   14     OBJ =  0.23389191E+01
     ITER =   15     OBJ =  0.23330340E+01
     ITER =   16     OBJ =  0.23299811E+01
     ITER =   17     OBJ =  0.23258676E+01
     ITER =   18     OBJ =  0.23257250E+01
     ITER =   19     OBJ =  0.23247053E+01
     ITER =   20     OBJ =  0.23220091E+01
     ITER =   21     OBJ =  0.23164235E+01
     ITER =   22     OBJ =  0.23072439E+01
     ITER =   23     OBJ =  0.23032854E+01
     ITER =   24     OBJ =  0.23084298E+01
     ITER =   25     OBJ =  0.23084298E+01
     ITER =   26     OBJ =  0.23084298E+01
     ITER =   27     OBJ =  0.23131790E+01
     ITER =   28     OBJ =  0.23127565E+01
     ITER =   29     OBJ =  0.23037990E+01
     ITER =   30     OBJ =  0.23113685E+01
     ITER =   31     OBJ =  0.23113685E+01
     ITER =   32     OBJ =  0.23113685E+01
     ITER =   33     OBJ =  0.23132654E+01
     ITER =   34     OBJ =  0.23156292E+01
     ITER =   35     OBJ =  0.23156292E+01
     ITER =   36     OBJ =  0.23156292E+01
     ITER =   37     OBJ =  0.23171225E+01
     ITER =   38     OBJ =  0.23175153E+01
     ITER =   39     OBJ =  0.23175153E+01
     ITER =   40     OBJ =  0.23175153E+01
     ITER =   41     OBJ =  0.23177568E+01
     ITER =   42     OBJ =  0.23178646E+01
     ITER =   43     OBJ =  0.23179973E+01
     ITER =   44     OBJ =  0.23180329E+01
     ITER =   45     OBJ =  0.23180583E+01
     ITER =   46     OBJ =  0.23180509E+01
     ITER =   47     OBJ =  0.23180346E+01
     ITER =   48     OBJ =  0.23179939E+01
     ITER =   49     OBJ =  0.23179786E+01
     ITER =   50     OBJ =  0.23179796E+01
     ITER =   51     OBJ =  0.23179796E+01
     ITER =   52     OBJ =  0.23179796E+01
     ITER =   53     OBJ =  0.23179846E+01
     ITER =   54     OBJ =  0.23179866E+01
     ITER =   55     OBJ =  0.23179770E+01
     ITER =   56     OBJ =  0.23179774E+01
     ITER =   57     OBJ =  0.23179774E+01
     ITER =   58     OBJ =  0.23179792E+01
     ITER =   59     OBJ =  0.23179793E+01
     ITER =   60     OBJ =  0.23179793E+01
     ITER =   61     OBJ =  0.23179795E+01
     ITER =   62     OBJ =  0.23179796E+01
     ITER =   63     OBJ =  0.23179798E+01
     ITER =   64     OBJ =  0.23179799E+01
     ITER =   65     OBJ =  0.23179801E+01
     ITER =   66     OBJ =  0.23179802E+01
     ITER =   67     OBJ =  0.23179804E+01
     ITER =   68     OBJ =  0.23179805E+01
     ITER =   69     OBJ =  0.23179807E+01
     ITER =   70     OBJ =  0.23179807E+01
     ITER =   71     OBJ =  0.23179809E+01
     ITER =   72     OBJ =  0.23179810E+01
     ITER =   73     OBJ =  0.23179811E+01
     ITER =   74     OBJ =  0.23179812E+01
     ITER =   75     OBJ =  0.23179813E+01
     ITER =   76     OBJ =  0.23179814E+01
     ITER =   77     OBJ =  0.23179816E+01
     ITER =   78     OBJ =  0.23179816E+01
     ITER =   79     OBJ =  0.23179818E+01
     ITER =   80     OBJ =  0.23179818E+01
     ITER =   81     OBJ =  0.23179819E+01
     ITER =   82     OBJ =  0.23179820E+01
     ITER =   83     OBJ =  0.23179821E+01
     ITER =   84     OBJ =  0.23179822E+01
     ITER =   85     OBJ =  0.23179823E+01
     ITER =   86     OBJ =  0.23179824E+01
     ITER =   87     OBJ =  0.23179825E+01
     ITER =   88     OBJ =  0.23179825E+01
     ITER =   89     OBJ =  0.23179826E+01
     ITER =   90     OBJ =  0.23179827E+01
        NUMBER OF FUNC-CALLS:  NFUNC = 522
        NUMBER OF GRAD-CALLS:  NGRAD =  91
