



   ---------------------------------------------------------------------------
     START OF THE SEQUENTIAL LEAST SQUARES PROGRAMMING ALGORIT  
   ---------------------------------------------------------------------------

     PARAMETERS:
        ACC =   0.1000D-03
        MAXITER =500
        IPRINT =   1
IOUT =   6


     ITER =    1     OBJ =  0.33912889E+00
     ITER =    2     OBJ =  0.34048539E+00
     ITER =    3     OBJ =  0.34613385E+00
     ITER =    4     OBJ =  0.34515142E+00
     ITER =    5     OBJ =  0.34564271E+00
     ITER =    6     OBJ =  0.34168832E+00
     ITER =    7     OBJ =  0.34078379E+00
     ITER =    8     OBJ =  0.34083141E+00
     ITER =    9     OBJ =  0.34083141E+00
     ITER =   10     OBJ =  0.34083141E+00
     ITER =   11     OBJ =  0.34083141E+00
     ITER =   12     OBJ =  0.34083141E+00
     ITER =   13     OBJ =  0.34083141E+00
     ITER =   14     OBJ =  0.34083141E+00
     ITER =   15     OBJ =  0.34083141E+00
     ITER =   16     OBJ =  0.34083141E+00
     ITER =   17     OBJ =  0.34083141E+00
     ITER =   18     OBJ =  0.34083141E+00
     ITER =   19     OBJ =  0.34083141E+00
     ITER =   20     OBJ =  0.34083141E+00
     ITER =   21     OBJ =  0.34083141E+00
     ITER =   22     OBJ =  0.34083141E+00
     ITER =   23     OBJ =  0.34083141E+00
     ITER =   24     OBJ =  0.34083141E+00
     ITER =   25     OBJ =  0.34083141E+00
     ITER =   26     OBJ =  0.34083141E+00
     ITER =   27     OBJ =  0.34083141E+00
     ITER =   28     OBJ =  0.34083141E+00
     ITER =   29     OBJ =  0.34083141E+00
     ITER =   30     OBJ =  0.34083141E+00
     ITER =   31     OBJ =  0.34083141E+00
     ITER =   32     OBJ =  0.34083141E+00
     ITER =   33     OBJ =  0.34083141E+00
     ITER =   34     OBJ =  0.34083141E+00
     ITER =   35     OBJ =  0.34083141E+00
     ITER =   36     OBJ =  0.34083141E+00
     ITER =   37     OBJ =  0.34083141E+00
     ITER =   38     OBJ =  0.34083141E+00
     ITER =   39     OBJ =  0.34083141E+00
     ITER =   40     OBJ =  0.34083141E+00
     ITER =   41     OBJ =  0.34083141E+00
     ITER =   42     OBJ =  0.34083141E+00
     ITER =   43     OBJ =  0.34083141E+00
     ITER =   44     OBJ =  0.34083141E+00
     ITER =   45     OBJ =  0.34083141E+00
     ITER =   46     OBJ =  0.34083141E+00
     ITER =   47     OBJ =  0.34083141E+00
     ITER =   48     OBJ =  0.34083141E+00
     ITER =   49     OBJ =  0.34083141E+00
     ITER =   50     OBJ =  0.34083141E+00
     ITER =   51     OBJ =  0.34083141E+00
     ITER =   52     OBJ =  0.34083141E+00
     ITER =   53     OBJ =  0.34083141E+00
     ITER =   54     OBJ =  0.34083141E+00
     ITER =   55     OBJ =  0.34083141E+00
     ITER =   56     OBJ =  0.34083141E+00
     ITER =   57     OBJ =  0.34083141E+00
     ITER =   58     OBJ =  0.34083141E+00
     ITER =   59     OBJ =  0.34083141E+00
     ITER =   60     OBJ =  0.34083141E+00
     ITER =   61     OBJ =  0.34083141E+00
     ITER =   62     OBJ =  0.34083141E+00
     ITER =   63     OBJ =  0.34083141E+00
     ITER =   64     OBJ =  0.34083141E+00
     ITER =   65     OBJ =  0.34083141E+00
     ITER =   66     OBJ =  0.34083141E+00
     ITER =   67     OBJ =  0.34083141E+00
     ITER =   68     OBJ =  0.34083141E+00
     ITER =   69     OBJ =  0.34083141E+00
     ITER =   70     OBJ =  0.34083141E+00
