



   ---------------------------------------------------------------------------
     START OF THE SEQUENTIAL LEAST SQUARES PROGRAMMING ALGORIT  
   ---------------------------------------------------------------------------

     PARAMETERS:
        ACC =   0.1000D-02
        MAXITER =500
        IPRINT =   1
IOUT =   6


     ITER =    1     OBJ =  0.18748466E+00
     ITER =    2     OBJ =  0.17055509E+00
     ITER =    3     OBJ =  0.14810179E+00
     ITER =    4     OBJ =  0.14896264E+00
     ITER =    5     OBJ =  0.14714150E+00
     ITER =    6     OBJ =  0.14548158E+00
     ITER =    7     OBJ =  0.14529916E+00
     ITER =    8     OBJ =  0.14506590E+00
     ITER =    9     OBJ =  0.14450054E+00
     ITER =   10     OBJ =  0.14383925E+00
     ITER =   11     OBJ =  0.14306269E+00
     ITER =   12     OBJ =  0.14304549E+00
     ITER =   13     OBJ =  0.14323803E+00
     ITER =   14     OBJ =  0.14309101E+00
     ITER =   15     OBJ =  0.14309900E+00
     ITER =   16     OBJ =  0.14283314E+00
     ITER =   17     OBJ =  0.14257114E+00
     ITER =   18     OBJ =  0.14220096E+00
     ITER =   19     OBJ =  0.14186097E+00
     ITER =   20     OBJ =  0.14192376E+00
     ITER =   21     OBJ =  0.14211674E+00
     ITER =   22     OBJ =  0.14212700E+00
     ITER =   23     OBJ =  0.14171127E+00
     ITER =   24     OBJ =  0.14167687E+00
     ITER =   25     OBJ =  0.14168797E+00
     ITER =   26     OBJ =  0.14167773E+00
     ITER =   27     OBJ =  0.14163984E+00
     ITER =   28     OBJ =  0.14165397E+00
     ITER =   29     OBJ =  0.14158643E+00
     ITER =   30     OBJ =  0.14151950E+00
     ITER =   31     OBJ =  0.14142492E+00
     ITER =   32     OBJ =  0.14134277E+00
        NUMBER OF FUNC-CALLS:  NFUNC =  57
        NUMBER OF GRAD-CALLS:  NGRAD =  33
