



   ---------------------------------------------------------------------------
     START OF THE SEQUENTIAL LEAST SQUARES PROGRAMMING ALGORIT  
   ---------------------------------------------------------------------------

     PARAMETERS:
        ACC =   0.1000D-01
        MAXITER =500
        IPRINT =   1
IOUT =   6


     ITER =    1     OBJ =  0.11264987E+01
     ITER =    2     OBJ =  0.11564705E+01
     ITER =    3     OBJ =  0.10637781E+01
     ITER =    4     OBJ =  0.10906936E+01
     ITER =    5     OBJ =  0.12083786E+01
     ITER =    6     OBJ =  0.13027766E+01
     ITER =    7     OBJ =  0.13068404E+01
     ITER =    8     OBJ =  0.14256175E+01
     ITER =    9     OBJ =  0.18326631E+01
     ITER =   10     OBJ =  0.18018997E+01
     ITER =   11     OBJ =  0.17582330E+01
     ITER =   12     OBJ =  0.17782684E+01
     ITER =   13     OBJ =  0.17913276E+01
     ITER =   14     OBJ =  0.17930738E+01
     ITER =   15     OBJ =  0.17899731E+01
     ITER =   16     OBJ =  0.17702037E+01
     ITER =   17     OBJ =  0.17842100E+01
        NUMBER OF FUNC-CALLS:  NFUNC =  39
        NUMBER OF GRAD-CALLS:  NGRAD =  18
