



   ---------------------------------------------------------------------------
     START OF THE SEQUENTIAL LEAST SQUARES PROGRAMMING ALGORIT  
   ---------------------------------------------------------------------------

     PARAMETERS:
        ACC =   0.1000D-05
        MAXITER =500
        IPRINT =   1
IOUT =   6


     ITER =    1     OBJ =  0.30510752E+01
     ITER =    2     OBJ =  0.30980599E+01
     ITER =    3     OBJ =  0.23792445E+01
     ITER =    4     OBJ =  0.24173038E+01
     ITER =    5     OBJ =  0.27203344E+01
     ITER =    6     OBJ =  0.26468471E+01
     ITER =    7     OBJ =  0.23959907E+01
     ITER =    8     OBJ =  0.23893294E+01
     ITER =    9     OBJ =  0.24402318E+01
     ITER =   10     OBJ =  0.24961675E+01
     ITER =   11     OBJ =  0.24005219E+01
     ITER =   12     OBJ =  0.25999902E+01
     ITER =   13     OBJ =  0.25919594E+01
     ITER =   14     OBJ =  0.25677827E+01
     ITER =   15     OBJ =  0.25720590E+01
     ITER =   16     OBJ =  0.25720590E+01
     ITER =   17     OBJ =  0.25698716E+01
     ITER =   18     OBJ =  0.25700939E+01
     ITER =   19     OBJ =  0.25700912E+01
     ITER =   20     OBJ =  0.25700890E+01
     ITER =   21     OBJ =  0.25700858E+01
     ITER =   22     OBJ =  0.25700821E+01
     ITER =   23     OBJ =  0.25700781E+01
     ITER =   24     OBJ =  0.25700740E+01
     ITER =   25     OBJ =  0.25700699E+01
     ITER =   26     OBJ =  0.25700658E+01
     ITER =   27     OBJ =  0.25700618E+01
     ITER =   28     OBJ =  0.25700579E+01
     ITER =   29     OBJ =  0.25700540E+01
     ITER =   30     OBJ =  0.25700503E+01
     ITER =   31     OBJ =  0.25700466E+01
     ITER =   32     OBJ =  0.25700430E+01
     ITER =   33     OBJ =  0.25700395E+01
     ITER =   34     OBJ =  0.25700361E+01
     ITER =   35     OBJ =  0.25700327E+01
     ITER =   36     OBJ =  0.25700293E+01
     ITER =   37     OBJ =  0.25700260E+01
     ITER =   38     OBJ =  0.25700227E+01
     ITER =   39     OBJ =  0.25700194E+01
     ITER =   40     OBJ =  0.25700162E+01
     ITER =   41     OBJ =  0.25700129E+01
     ITER =   42     OBJ =  0.25700097E+01
     ITER =   43     OBJ =  0.25700065E+01
     ITER =   44     OBJ =  0.25700032E+01
     ITER =   45     OBJ =  0.25700000E+01
     ITER =   46     OBJ =  0.25699967E+01
     ITER =   47     OBJ =  0.25699934E+01
     ITER =   48     OBJ =  0.25699902E+01
     ITER =   49     OBJ =  0.25699868E+01
     ITER =   50     OBJ =  0.25699835E+01
     ITER =   51     OBJ =  0.25699801E+01
     ITER =   52     OBJ =  0.25699767E+01
     ITER =   53     OBJ =  0.25699733E+01
     ITER =   54     OBJ =  0.25699698E+01
     ITER =   55     OBJ =  0.25699663E+01
     ITER =   56     OBJ =  0.25699628E+01
     ITER =   57     OBJ =  0.25699592E+01
     ITER =   58     OBJ =  0.25699556E+01
     ITER =   59     OBJ =  0.25699519E+01
     ITER =   60     OBJ =  0.25699481E+01
     ITER =   61     OBJ =  0.25699444E+01
     ITER =   62     OBJ =  0.25699405E+01
     ITER =   63     OBJ =  0.25699366E+01
     ITER =   64     OBJ =  0.25699327E+01
     ITER =   65     OBJ =  0.25699286E+01
     ITER =   66     OBJ =  0.25699246E+01
     ITER =   67     OBJ =  0.25699204E+01
     ITER =   68     OBJ =  0.25699162E+01
     ITER =   69     OBJ =  0.25699119E+01
     ITER =   70     OBJ =  0.25699076E+01
     ITER =   71     OBJ =  0.25699032E+01
     ITER =   72     OBJ =  0.25698987E+01
     ITER =   73     OBJ =  0.25698941E+01
     ITER =   74     OBJ =  0.25698895E+01
     ITER =   75     OBJ =  0.25698847E+01
     ITER =   76     OBJ =  0.25698799E+01
     ITER =   77     OBJ =  0.25698750E+01
     ITER =   78     OBJ =  0.25698701E+01
     ITER =   79     OBJ =  0.25698650E+01
     ITER =   80     OBJ =  0.25698598E+01
     ITER =   81     OBJ =  0.25698547E+01
     ITER =   82     OBJ =  0.25698495E+01
     ITER =   83     OBJ =  0.25698444E+01
     ITER =   84     OBJ =  0.25698392E+01
     ITER =   85     OBJ =  0.25698340E+01
     ITER =   86     OBJ =  0.25698288E+01
     ITER =   87     OBJ =  0.25698236E+01
     ITER =   88     OBJ =  0.25698184E+01
     ITER =   89     OBJ =  0.25698131E+01
     ITER =   90     OBJ =  0.25698079E+01
     ITER =   91     OBJ =  0.25698027E+01
     ITER =   92     OBJ =  0.25697974E+01
     ITER =   93     OBJ =  0.25697922E+01
     ITER =   94     OBJ =  0.25697869E+01
     ITER =   95     OBJ =  0.25697817E+01
     ITER =   96     OBJ =  0.25697764E+01
     ITER =   97     OBJ =  0.25697712E+01
     ITER =   98     OBJ =  0.25697659E+01
     ITER =   99     OBJ =  0.25697606E+01
     ITER =  100     OBJ =  0.25697553E+01
     ITER =  101     OBJ =  0.25697500E+01
     ITER =  102     OBJ =  0.25697447E+01
     ITER =  103     OBJ =  0.25697394E+01
     ITER =  104     OBJ =  0.25697341E+01
     ITER =  105     OBJ =  0.25697288E+01
     ITER =  106     OBJ =  0.25697234E+01
     ITER =  107     OBJ =  0.25697181E+01
     ITER =  108     OBJ =  0.25697128E+01
     ITER =  109     OBJ =  0.25697074E+01
     ITER =  110     OBJ =  0.25697021E+01
     ITER =  111     OBJ =  0.25696966E+01
     ITER =  112     OBJ =  0.25696909E+01
     ITER =  113     OBJ =  0.25696850E+01
     ITER =  114     OBJ =  0.25696789E+01
     ITER =  115     OBJ =  0.25696725E+01
     ITER =  116     OBJ =  0.25696658E+01
     ITER =  117     OBJ =  0.25696589E+01
     ITER =  118     OBJ =  0.25696516E+01
     ITER =  119     OBJ =  0.25696440E+01
     ITER =  120     OBJ =  0.25696361E+01
     ITER =  121     OBJ =  0.25696277E+01
     ITER =  122     OBJ =  0.25696189E+01
     ITER =  123     OBJ =  0.25696097E+01
     ITER =  124     OBJ =  0.25696005E+01
     ITER =  125     OBJ =  0.25695916E+01
     ITER =  126     OBJ =  0.25695829E+01
     ITER =  127     OBJ =  0.25695746E+01
     ITER =  128     OBJ =  0.25695665E+01
     ITER =  129     OBJ =  0.25695586E+01
     ITER =  130     OBJ =  0.25695510E+01
     ITER =  131     OBJ =  0.25695437E+01
     ITER =  132     OBJ =  0.25695366E+01
     ITER =  133     OBJ =  0.25695297E+01
     ITER =  134     OBJ =  0.25695230E+01
     ITER =  135     OBJ =  0.25695166E+01
     ITER =  136     OBJ =  0.25695104E+01
     ITER =  137     OBJ =  0.25695044E+01
     ITER =  138     OBJ =  0.25694986E+01
     ITER =  139     OBJ =  0.25694931E+01
     ITER =  140     OBJ =  0.25694877E+01
     ITER =  141     OBJ =  0.25694825E+01
     ITER =  142     OBJ =  0.25694775E+01
     ITER =  143     OBJ =  0.25694727E+01
     ITER =  144     OBJ =  0.25694681E+01
     ITER =  145     OBJ =  0.25694637E+01
     ITER =  146     OBJ =  0.25694595E+01
     ITER =  147     OBJ =  0.25694554E+01
     ITER =  148     OBJ =  0.25694515E+01
     ITER =  149     OBJ =  0.25694477E+01
     ITER =  150     OBJ =  0.25694442E+01
     ITER =  151     OBJ =  0.25694431E+01
     ITER =  152     OBJ =  0.25694425E+01
     ITER =  153     OBJ =  0.25694419E+01
     ITER =  154     OBJ =  0.25694414E+01
     ITER =  155     OBJ =  0.25694409E+01
     ITER =  156     OBJ =  0.25694404E+01
     ITER =  157     OBJ =  0.25694400E+01
     ITER =  158     OBJ =  0.25694397E+01
     ITER =  159     OBJ =  0.25694393E+01
     ITER =  160     OBJ =  0.25694390E+01
     ITER =  161     OBJ =  0.25694386E+01
     ITER =  162     OBJ =  0.25694383E+01
     ITER =  163     OBJ =  0.25694380E+01
     ITER =  164     OBJ =  0.25694378E+01
     ITER =  165     OBJ =  0.25694375E+01
     ITER =  166     OBJ =  0.25694374E+01
     ITER =  167     OBJ =  0.25694373E+01
     ITER =  168     OBJ =  0.25694372E+01
     ITER =  169     OBJ =  0.25694370E+01
     ITER =  170     OBJ =  0.25694368E+01
     ITER =  171     OBJ =  0.25694365E+01
     ITER =  172     OBJ =  0.25694363E+01
     ITER =  173     OBJ =  0.25694361E+01
     ITER =  174     OBJ =  0.25694359E+01
     ITER =  175     OBJ =  0.25694357E+01
     ITER =  176     OBJ =  0.25694355E+01
     ITER =  177     OBJ =  0.25694353E+01
     ITER =  178     OBJ =  0.25694351E+01
     ITER =  179     OBJ =  0.25694349E+01
     ITER =  180     OBJ =  0.25694347E+01
     ITER =  181     OBJ =  0.25694345E+01
     ITER =  182     OBJ =  0.25694344E+01
     ITER =  183     OBJ =  0.25694342E+01
     ITER =  184     OBJ =  0.25694341E+01
     ITER =  185     OBJ =  0.25694339E+01
     ITER =  186     OBJ =  0.25694338E+01
     ITER =  187     OBJ =  0.25694336E+01
     ITER =  188     OBJ =  0.25694335E+01
     ITER =  189     OBJ =  0.25694333E+01
     ITER =  190     OBJ =  0.25694332E+01
     ITER =  191     OBJ =  0.25694331E+01
     ITER =  192     OBJ =  0.25694329E+01
     ITER =  193     OBJ =  0.25694328E+01
     ITER =  194     OBJ =  0.25694327E+01
     ITER =  195     OBJ =  0.25694325E+01
     ITER =  196     OBJ =  0.25694324E+01
     ITER =  197     OBJ =  0.25694323E+01
     ITER =  198     OBJ =  0.25694322E+01
     ITER =  199     OBJ =  0.25694320E+01
     ITER =  200     OBJ =  0.25694319E+01
     ITER =  201     OBJ =  0.25694318E+01
     ITER =  202     OBJ =  0.25694317E+01
     ITER =  203     OBJ =  0.25694316E+01
     ITER =  204     OBJ =  0.25694315E+01
     ITER =  205     OBJ =  0.25694314E+01
     ITER =  206     OBJ =  0.25694312E+01
     ITER =  207     OBJ =  0.25694311E+01
     ITER =  208     OBJ =  0.25694310E+01
     ITER =  209     OBJ =  0.25694309E+01
     ITER =  210     OBJ =  0.25694308E+01
     ITER =  211     OBJ =  0.25694307E+01
     ITER =  212     OBJ =  0.25694306E+01
     ITER =  213     OBJ =  0.25694305E+01
     ITER =  214     OBJ =  0.25694304E+01
     ITER =  215     OBJ =  0.25694303E+01
     ITER =  216     OBJ =  0.25694302E+01
     ITER =  217     OBJ =  0.25694301E+01
     ITER =  218     OBJ =  0.25694300E+01
     ITER =  219     OBJ =  0.25694299E+01
     ITER =  220     OBJ =  0.25694299E+01
     ITER =  221     OBJ =  0.25694298E+01
     ITER =  222     OBJ =  0.25694297E+01
     ITER =  223     OBJ =  0.25694296E+01
     ITER =  224     OBJ =  0.25694295E+01
     ITER =  225     OBJ =  0.25694294E+01
     ITER =  226     OBJ =  0.25694293E+01
     ITER =  227     OBJ =  0.25694292E+01
     ITER =  228     OBJ =  0.25694291E+01
     ITER =  229     OBJ =  0.25694290E+01
     ITER =  230     OBJ =  0.25694289E+01
     ITER =  231     OBJ =  0.25694288E+01
     ITER =  232     OBJ =  0.25694287E+01
     ITER =  233     OBJ =  0.25694286E+01
     ITER =  234     OBJ =  0.25694286E+01
     ITER =  235     OBJ =  0.25694285E+01
     ITER =  236     OBJ =  0.25694284E+01
     ITER =  237     OBJ =  0.25694283E+01
     ITER =  238     OBJ =  0.25694282E+01
     ITER =  239     OBJ =  0.25694281E+01
     ITER =  240     OBJ =  0.25694280E+01
     ITER =  241     OBJ =  0.25694279E+01
     ITER =  242     OBJ =  0.25694278E+01
     ITER =  243     OBJ =  0.25694278E+01
     ITER =  244     OBJ =  0.25694277E+01
     ITER =  245     OBJ =  0.25694276E+01
     ITER =  246     OBJ =  0.25694275E+01
     ITER =  247     OBJ =  0.25694274E+01
     ITER =  248     OBJ =  0.25694273E+01
     ITER =  249     OBJ =  0.25694272E+01
     ITER =  250     OBJ =  0.25694272E+01
     ITER =  251     OBJ =  0.25694271E+01
     ITER =  252     OBJ =  0.25694270E+01
     ITER =  253     OBJ =  0.25694269E+01
     ITER =  254     OBJ =  0.25694268E+01
     ITER =  255     OBJ =  0.25694267E+01
     ITER =  256     OBJ =  0.25694266E+01
     ITER =  257     OBJ =  0.25694266E+01
     ITER =  258     OBJ =  0.25694265E+01
     ITER =  259     OBJ =  0.25694264E+01
     ITER =  260     OBJ =  0.25694263E+01
     ITER =  261     OBJ =  0.25694262E+01
     ITER =  262     OBJ =  0.25694261E+01
     ITER =  263     OBJ =  0.25694261E+01
     ITER =  264     OBJ =  0.25694260E+01
     ITER =  265     OBJ =  0.25694259E+01
     ITER =  266     OBJ =  0.25694258E+01
     ITER =  267     OBJ =  0.25694257E+01
     ITER =  268     OBJ =  0.25694256E+01
     ITER =  269     OBJ =  0.25694255E+01
     ITER =  270     OBJ =  0.25694255E+01
     ITER =  271     OBJ =  0.25694254E+01
     ITER =  272     OBJ =  0.25694253E+01
     ITER =  273     OBJ =  0.25694252E+01
     ITER =  274     OBJ =  0.25694251E+01
     ITER =  275     OBJ =  0.25694251E+01
     ITER =  276     OBJ =  0.25694250E+01
     ITER =  277     OBJ =  0.25694249E+01
     ITER =  278     OBJ =  0.25694248E+01
     ITER =  279     OBJ =  0.25694247E+01
     ITER =  280     OBJ =  0.25694246E+01
     ITER =  281     OBJ =  0.25694246E+01
     ITER =  282     OBJ =  0.25694245E+01
     ITER =  283     OBJ =  0.25694244E+01
     ITER =  284     OBJ =  0.25694243E+01
     ITER =  285     OBJ =  0.25694242E+01
     ITER =  286     OBJ =  0.25694241E+01
     ITER =  287     OBJ =  0.25694241E+01
     ITER =  288     OBJ =  0.25694240E+01
     ITER =  289     OBJ =  0.25694239E+01
     ITER =  290     OBJ =  0.25694238E+01
     ITER =  291     OBJ =  0.25694237E+01
     ITER =  292     OBJ =  0.25694237E+01
     ITER =  293     OBJ =  0.25694236E+01
     ITER =  294     OBJ =  0.25694235E+01
     ITER =  295     OBJ =  0.25694234E+01
     ITER =  296     OBJ =  0.25694233E+01
     ITER =  297     OBJ =  0.25694233E+01
     ITER =  298     OBJ =  0.25694232E+01
     ITER =  299     OBJ =  0.25694231E+01
     ITER =  300     OBJ =  0.25694230E+01
     ITER =  301     OBJ =  0.25694229E+01
     ITER =  302     OBJ =  0.25694228E+01
     ITER =  303     OBJ =  0.25694228E+01
     ITER =  304     OBJ =  0.25694227E+01
     ITER =  305     OBJ =  0.25694226E+01
     ITER =  306     OBJ =  0.25694225E+01
     ITER =  307     OBJ =  0.25694224E+01
     ITER =  308     OBJ =  0.25694223E+01
     ITER =  309     OBJ =  0.25694223E+01
     ITER =  310     OBJ =  0.25694222E+01
     ITER =  311     OBJ =  0.25694221E+01
     ITER =  312     OBJ =  0.25694220E+01
     ITER =  313     OBJ =  0.25694219E+01
     ITER =  314     OBJ =  0.25694219E+01
     ITER =  315     OBJ =  0.25694218E+01
     ITER =  316     OBJ =  0.25694217E+01
     ITER =  317     OBJ =  0.25694216E+01
     ITER =  318     OBJ =  0.25694215E+01
     ITER =  319     OBJ =  0.25694214E+01
     ITER =  320     OBJ =  0.25694214E+01
     ITER =  321     OBJ =  0.25694213E+01
     ITER =  322     OBJ =  0.25694212E+01
     ITER =  323     OBJ =  0.25694211E+01
     ITER =  324     OBJ =  0.25694210E+01
     ITER =  325     OBJ =  0.25694210E+01
     ITER =  326     OBJ =  0.25694209E+01
     ITER =  327     OBJ =  0.25694208E+01
     ITER =  328     OBJ =  0.25694207E+01
     ITER =  329     OBJ =  0.25694206E+01
     ITER =  330     OBJ =  0.25694205E+01
     ITER =  331     OBJ =  0.25694205E+01
     ITER =  332     OBJ =  0.25694204E+01
     ITER =  333     OBJ =  0.25694203E+01
     ITER =  334     OBJ =  0.25694202E+01
     ITER =  335     OBJ =  0.25694201E+01
     ITER =  336     OBJ =  0.25694200E+01
     ITER =  337     OBJ =  0.25694200E+01
     ITER =  338     OBJ =  0.25694199E+01
     ITER =  339     OBJ =  0.25694198E+01
     ITER =  340     OBJ =  0.25694197E+01
     ITER =  341     OBJ =  0.25694196E+01
     ITER =  342     OBJ =  0.25694195E+01
     ITER =  343     OBJ =  0.25694195E+01
     ITER =  344     OBJ =  0.25694194E+01
     ITER =  345     OBJ =  0.25694193E+01
     ITER =  346     OBJ =  0.25694192E+01
     ITER =  347     OBJ =  0.25694191E+01
     ITER =  348     OBJ =  0.25694190E+01
     ITER =  349     OBJ =  0.25694190E+01
     ITER =  350     OBJ =  0.25694189E+01
     ITER =  351     OBJ =  0.25694188E+01
     ITER =  352     OBJ =  0.25694187E+01
     ITER =  353     OBJ =  0.25694186E+01
     ITER =  354     OBJ =  0.25694185E+01
     ITER =  355     OBJ =  0.25694184E+01
     ITER =  356     OBJ =  0.25694184E+01
     ITER =  357     OBJ =  0.25694183E+01
     ITER =  358     OBJ =  0.25694182E+01
     ITER =  359     OBJ =  0.25694181E+01
     ITER =  360     OBJ =  0.25694180E+01
     ITER =  361     OBJ =  0.25694179E+01
     ITER =  362     OBJ =  0.25694178E+01
     ITER =  363     OBJ =  0.25694178E+01
     ITER =  364     OBJ =  0.25694177E+01
     ITER =  365     OBJ =  0.25694176E+01
     ITER =  366     OBJ =  0.25694175E+01
     ITER =  367     OBJ =  0.25694174E+01
     ITER =  368     OBJ =  0.25694173E+01
     ITER =  369     OBJ =  0.25694173E+01
     ITER =  370     OBJ =  0.25694172E+01
     ITER =  371     OBJ =  0.25694171E+01
     ITER =  372     OBJ =  0.25694170E+01
     ITER =  373     OBJ =  0.25694169E+01
     ITER =  374     OBJ =  0.25694168E+01
     ITER =  375     OBJ =  0.25694167E+01
     ITER =  376     OBJ =  0.25694167E+01
     ITER =  377     OBJ =  0.25694166E+01
     ITER =  378     OBJ =  0.25694165E+01
     ITER =  379     OBJ =  0.25694164E+01
     ITER =  380     OBJ =  0.25694163E+01
     ITER =  381     OBJ =  0.25694162E+01
     ITER =  382     OBJ =  0.25694161E+01
     ITER =  383     OBJ =  0.25694161E+01
     ITER =  384     OBJ =  0.25694160E+01
     ITER =  385     OBJ =  0.25694159E+01
     ITER =  386     OBJ =  0.25694158E+01
     ITER =  387     OBJ =  0.25694157E+01
     ITER =  388     OBJ =  0.25694156E+01
     ITER =  389     OBJ =  0.25694155E+01
     ITER =  390     OBJ =  0.25694155E+01
     ITER =  391     OBJ =  0.25694154E+01
     ITER =  392     OBJ =  0.25694153E+01
     ITER =  393     OBJ =  0.25694152E+01
     ITER =  394     OBJ =  0.25694151E+01
     ITER =  395     OBJ =  0.25694150E+01
     ITER =  396     OBJ =  0.25694149E+01
     ITER =  397     OBJ =  0.25694148E+01
     ITER =  398     OBJ =  0.25694148E+01
     ITER =  399     OBJ =  0.25694147E+01
     ITER =  400     OBJ =  0.25694146E+01
     ITER =  401     OBJ =  0.25694145E+01
     ITER =  402     OBJ =  0.25694144E+01
     ITER =  403     OBJ =  0.25694143E+01
     ITER =  404     OBJ =  0.25694142E+01
     ITER =  405     OBJ =  0.25694141E+01
     ITER =  406     OBJ =  0.25694141E+01
     ITER =  407     OBJ =  0.25694140E+01
     ITER =  408     OBJ =  0.25694139E+01
     ITER =  409     OBJ =  0.25694138E+01
     ITER =  410     OBJ =  0.25694137E+01
     ITER =  411     OBJ =  0.25694136E+01
     ITER =  412     OBJ =  0.25694135E+01
     ITER =  413     OBJ =  0.25694134E+01
     ITER =  414     OBJ =  0.25694134E+01
     ITER =  415     OBJ =  0.25694133E+01
     ITER =  416     OBJ =  0.25694132E+01
     ITER =  417     OBJ =  0.25694131E+01
     ITER =  418     OBJ =  0.25694130E+01
     ITER =  419     OBJ =  0.25694129E+01
     ITER =  420     OBJ =  0.25694128E+01
     ITER =  421     OBJ =  0.25694127E+01
     ITER =  422     OBJ =  0.25694126E+01
     ITER =  423     OBJ =  0.25694126E+01
     ITER =  424     OBJ =  0.25694125E+01
     ITER =  425     OBJ =  0.25694124E+01
     ITER =  426     OBJ =  0.25694123E+01
     ITER =  427     OBJ =  0.25694122E+01
     ITER =  428     OBJ =  0.25694121E+01
     ITER =  429     OBJ =  0.25694120E+01
     ITER =  430     OBJ =  0.25694119E+01
     ITER =  431     OBJ =  0.25694118E+01
     ITER =  432     OBJ =  0.25694117E+01
     ITER =  433     OBJ =  0.25694117E+01
     ITER =  434     OBJ =  0.25694116E+01
     ITER =  435     OBJ =  0.25694115E+01
     ITER =  436     OBJ =  0.25694114E+01
     ITER =  437     OBJ =  0.25694113E+01
     ITER =  438     OBJ =  0.25694112E+01
     ITER =  439     OBJ =  0.25694111E+01
     ITER =  440     OBJ =  0.25694110E+01
     ITER =  441     OBJ =  0.25694109E+01
     ITER =  442     OBJ =  0.25694108E+01
     ITER =  443     OBJ =  0.25694108E+01
     ITER =  444     OBJ =  0.25694107E+01
     ITER =  445     OBJ =  0.25694106E+01
     ITER =  446     OBJ =  0.25694105E+01
     ITER =  447     OBJ =  0.25694104E+01
     ITER =  448     OBJ =  0.25694103E+01
     ITER =  449     OBJ =  0.25694102E+01
     ITER =  450     OBJ =  0.25694101E+01
     ITER =  451     OBJ =  0.25694100E+01
     ITER =  452     OBJ =  0.25694099E+01
     ITER =  453     OBJ =  0.25694098E+01
     ITER =  454     OBJ =  0.25694098E+01
     ITER =  455     OBJ =  0.25694097E+01
     ITER =  456     OBJ =  0.25694096E+01
     ITER =  457     OBJ =  0.25694095E+01
     ITER =  458     OBJ =  0.25694094E+01
     ITER =  459     OBJ =  0.25694093E+01
     ITER =  460     OBJ =  0.25694092E+01
     ITER =  461     OBJ =  0.25694091E+01
     ITER =  462     OBJ =  0.25694090E+01
     ITER =  463     OBJ =  0.25694089E+01
     ITER =  464     OBJ =  0.25694088E+01
     ITER =  465     OBJ =  0.25694087E+01
     ITER =  466     OBJ =  0.25694087E+01
     ITER =  467     OBJ =  0.25694086E+01
     ITER =  468     OBJ =  0.25694085E+01
     ITER =  469     OBJ =  0.25694084E+01
     ITER =  470     OBJ =  0.25694083E+01
     ITER =  471     OBJ =  0.25694082E+01
     ITER =  472     OBJ =  0.25694081E+01
     ITER =  473     OBJ =  0.25694080E+01
     ITER =  474     OBJ =  0.25694079E+01
     ITER =  475     OBJ =  0.25694078E+01
     ITER =  476     OBJ =  0.25694077E+01
     ITER =  477     OBJ =  0.25694076E+01
     ITER =  478     OBJ =  0.25694075E+01
     ITER =  479     OBJ =  0.25694075E+01
     ITER =  480     OBJ =  0.25694074E+01
     ITER =  481     OBJ =  0.25694073E+01
     ITER =  482     OBJ =  0.25694072E+01
     ITER =  483     OBJ =  0.25694071E+01
     ITER =  484     OBJ =  0.25694070E+01
     ITER =  485     OBJ =  0.25694069E+01
     ITER =  486     OBJ =  0.25694068E+01
     ITER =  487     OBJ =  0.25694067E+01
     ITER =  488     OBJ =  0.25694066E+01
     ITER =  489     OBJ =  0.25694065E+01
     ITER =  490     OBJ =  0.25694064E+01
     ITER =  491     OBJ =  0.25694063E+01
     ITER =  492     OBJ =  0.25694062E+01
     ITER =  493     OBJ =  0.25694061E+01
     ITER =  494     OBJ =  0.25694061E+01
     ITER =  495     OBJ =  0.25694060E+01
     ITER =  496     OBJ =  0.25694059E+01
     ITER =  497     OBJ =  0.25694058E+01
     ITER =  498     OBJ =  0.25694057E+01
     ITER =  499     OBJ =  0.25694056E+01
     ITER =  500     OBJ =  0.25694055E+01
        NUMBER OF FUNC-CALLS:  NFUNC =5370
        NUMBER OF GRAD-CALLS:  NGRAD = 501
