
 ==============================
 S N O P T  7.6.0    (Jan 2017)
 ==============================
 
 SNMEMB EXIT 100 -- finished successfully
 SNMEMB INFO 104 -- memory requirements estimated

 ==============================
 S N O P T  7.6.0    (Jan 2017)
 ==============================
 
 

 Nonlinear constraints       6     Linear constraints       0
 Nonlinear variables        10     Linear variables         0
 Jacobian  variables        10     Objective variables     10
 Total constraints           6     Total variables         10
 

 
 The user has defined      60   out of      60   constraint gradients.
 The user has defined      10   out of      10   objective  gradients.
 

 Major Minors     Step   nCon Feasible  Optimal  MeritFunction     nS Penalty
     0     10               1  1.0E+00  7.8E-03  3.5064870E+00      7           r
     1     14  1.0E-01      4  1.0E+00  2.0E-02  3.4608445E+00      8           r
     2     15  1.0E+00      6  7.6E-01  3.7E-01  2.6467877E+00      9         sM
     2     11              11  7.6E-01  4.9E-01  2.6467877E+00      8         sMR
     3      1  1.0E+00     12  9.1E-02  1.5E+00  8.3482860E+01      8 2.5E+02 s
     4      1  1.0E+00     14  1.7E-02  3.8E+00  1.6897949E+01      8 1.7E+01  M
     5      1  1.0E+00     16  5.9E-03  1.2E+01  6.6119899E+00      8 9.1E+00  M
     6      1  1.0E+00     17  4.2E-03  3.1E+00  3.9857324E+00      8 9.1E+00
     7      1  1.0E+00     18  3.0E-03  1.1E+00  3.3493410E+00      8 9.1E+00
     8      2  1.0E+00     19  1.9E-04  6.0E-01  3.2334501E+00      8 9.1E+00
     9      2  1.0E+00     20  3.4E-05  1.6E-01  3.2325266E+00      8 9.1E+00

 Major Minors     Step   nCon Feasible  Optimal  MeritFunction     nS Penalty
    10      2  1.0E+00     21  7.4E-06  1.5E-01  3.2323929E+00      8 9.1E+00
    11      1  1.0E+00     22  1.5E-04  9.5E-01  3.2211381E+00      8 9.1E+00
    12      1  1.0E+00     24  6.9E-04  9.3E-01  3.2089470E+00      8 9.1E+00  M
    13      1  1.0E+00     25 (0.0E+00) 8.7E-01  3.2030817E+00      8 9.1E+00
    14      3  1.0E+00     27  4.6E-04  1.0E+00  3.1947580E+00      7 9.1E+00  M
    15      2  7.2E-03     34  3.9E-03  1.2E+00  3.0897584E+00      8 9.1E+00  M
    15      2              39  3.9E-03  9.0E+00  3.0894194E+00      8          MR
    16      2  1.0E+00     40  3.5E-04  3.7E+00  3.3123374E+00      9 9.8E+03 s
    17      3  1.0E+00     42 (0.0E+00) 2.6E-01  3.1897052E+00      9 6.2E+04 sM
    18      8  3.9E-12     46 (0.0E+00) 6.9E-01  3.1936564E+00     10 2.9E+09
    19      3  6.3E-13     51 (0.0E+00) 6.9E-01  3.1945873E+00     10 5.1E+09
    19      2              54 (0.0E+00) 6.9E-01  3.1934118E+00     10           R
 
 SNOPTC EXIT  50 -- error in the user-supplied functions
 SNOPTC INFO  56 -- irregular or badly scaled problem functions

 Problem name                 S
 No. of iterations                  89   Objective            3.1957628988E+00
 No. of major iterations            19   Linear    obj. term  0.0000000000E+00
 Penalty parameter           0.000E+00   Nonlinear obj. term  3.1957628988E+00
 User function calls (total)        55
 No. of superbasics                 10   No. of basic nonlinears             2
 No. of degenerate steps             0   Percentage                       0.00
 Max x                      10 1.1E+00   Max pi                      1 0.0E+00
 Max Primal infeas           0 0.0E+00   Max Dual infeas             4 1.8E+00
 Nonlinear constraint violn    0.0E+00
 
 

 Solution printed on file  18
 
 Time for MPS input                             0.00 seconds
 Time for solving problem                    4653.14 seconds
 Time for solution output                       0.00 seconds
 Time for constraint functions               4661.29 seconds
 Time for objective function                    0.00 seconds
