



   ---------------------------------------------------------------------------
     START OF THE SEQUENTIAL LEAST SQUARES PROGRAMMING ALGORIT  
   ---------------------------------------------------------------------------

     PARAMETERS:
        ACC =   0.1000D-01
        MAXITER =500
        IPRINT =   1
IOUT =   6


     ITER =    1     OBJ =  0.15766376E+01
     ITER =    2     OBJ =  0.15867998E+01
     ITER =    3     OBJ =  0.15322328E+01
     ITER =    4     OBJ =  0.16773415E+01
     ITER =    5     OBJ =  0.16880779E+01
     ITER =    6     OBJ =  0.22480780E+01
     ITER =    7     OBJ =  0.22175804E+01
     ITER =    8     OBJ =  0.22402599E+01
     ITER =    9     OBJ =  0.22117493E+01
     ITER =   10     OBJ =  0.22415606E+01
     ITER =   11     OBJ =  0.22513848E+01
     ITER =   12     OBJ =  0.22526037E+01
     ITER =   13     OBJ =  0.22559360E+01
     ITER =   14     OBJ =  0.22680879E+01
     ITER =   15     OBJ =  0.22748388E+01
     ITER =   16     OBJ =  0.22797074E+01
     ITER =   17     OBJ =  0.22805015E+01
     ITER =   18     OBJ =  0.22807825E+01
     ITER =   19     OBJ =  0.22806616E+01
     ITER =   20     OBJ =  0.22807817E+01
     ITER =   21     OBJ =  0.22807846E+01
     ITER =   22     OBJ =  0.22807890E+01
     ITER =   23     OBJ =  0.22807938E+01
     ITER =   24     OBJ =  0.22809049E+01
     ITER =   25     OBJ =  0.22808752E+01
        NUMBER OF FUNC-CALLS:  NFUNC = 114
        NUMBER OF GRAD-CALLS:  NGRAD =  26
