



   ---------------------------------------------------------------------------
     START OF THE SEQUENTIAL LEAST SQUARES PROGRAMMING ALGORIT  
   ---------------------------------------------------------------------------

     PARAMETERS:
        ACC =   0.1000D-05
        MAXITER =500
        IPRINT =   1
IOUT =   6


     ITER =    1     OBJ =  0.86583843E+00
     ITER =    2     OBJ =  0.84470674E+00
     ITER =    3     OBJ =  0.93274191E+00
     ITER =    4     OBJ =  0.93935443E+00
     ITER =    5     OBJ =  0.93978834E+00
     ITER =    6     OBJ =  0.97165019E+00
     ITER =    7     OBJ =  0.97220667E+00
     ITER =    8     OBJ =  0.97723566E+00
     ITER =    9     OBJ =  0.94840864E+00
     ITER =   10     OBJ =  0.97315026E+00
     ITER =   11     OBJ =  0.97308670E+00
     ITER =   12     OBJ =  0.96366565E+00
     ITER =   13     OBJ =  0.95729199E+00
     ITER =   14     OBJ =  0.95296602E+00
     ITER =   15     OBJ =  0.95070132E+00
     ITER =   16     OBJ =  0.95172922E+00
     ITER =   17     OBJ =  0.95369304E+00
     ITER =   18     OBJ =  0.95357523E+00
     ITER =   19     OBJ =  0.95340570E+00
     ITER =   20     OBJ =  0.95294246E+00
     ITER =   21     OBJ =  0.95251961E+00
     ITER =   22     OBJ =  0.94968197E+00
     ITER =   23     OBJ =  0.95118011E+00
     ITER =   24     OBJ =  0.95028679E+00
     ITER =   25     OBJ =  0.95029064E+00
     ITER =   27     OBJ =  0.94558914E+00
     ITER =   28     OBJ =  0.94461515E+00
     ITER =   29     OBJ =  0.94160967E+00
     ITER =   30     OBJ =  0.93189606E+00
     ITER =   31     OBJ =  0.93620821E+00
     ITER =   32     OBJ =  0.93963419E+00
     ITER =   33     OBJ =  0.94082360E+00
     ITER =   34     OBJ =  0.94283166E+00
     ITER =   35     OBJ =  0.94196875E+00
     ITER =   36     OBJ =  0.94160489E+00
     ITER =   37     OBJ =  0.94154827E+00
     ITER =   38     OBJ =  0.94155995E+00
     ITER =   39     OBJ =  0.94155554E+00
     ITER =   40     OBJ =  0.94155778E+00
     ITER =   41     OBJ =  0.94155769E+00
     ITER =   42     OBJ =  0.94155812E+00
     ITER =   43     OBJ =  0.94155780E+00
     ITER =   44     OBJ =  0.94155880E+00
     ITER =   45     OBJ =  0.94155848E+00
     ITER =   46     OBJ =  0.94155949E+00
     ITER =   47     OBJ =  0.94155918E+00
     ITER =   48     OBJ =  0.94156020E+00
     ITER =   49     OBJ =  0.94155989E+00
     ITER =   50     OBJ =  0.94156090E+00
     ITER =   51     OBJ =  0.94156061E+00
     ITER =   52     OBJ =  0.94156162E+00
     ITER =   53     OBJ =  0.94156133E+00
     ITER =   54     OBJ =  0.94156234E+00
     ITER =   55     OBJ =  0.94156206E+00
     ITER =   56     OBJ =  0.94156307E+00
     ITER =   57     OBJ =  0.94156279E+00
     ITER =   58     OBJ =  0.94156380E+00
     ITER =   59     OBJ =  0.94156354E+00
     ITER =   60     OBJ =  0.94156455E+00
     ITER =   61     OBJ =  0.94156428E+00
     ITER =   62     OBJ =  0.94156530E+00
     ITER =   63     OBJ =  0.94156504E+00
     ITER =   64     OBJ =  0.94156605E+00
     ITER =   65     OBJ =  0.94156580E+00
     ITER =   66     OBJ =  0.94156682E+00
     ITER =   67     OBJ =  0.94156657E+00
     ITER =   68     OBJ =  0.94156760E+00
     ITER =   69     OBJ =  0.94156735E+00
     ITER =   70     OBJ =  0.94156838E+00
     ITER =   71     OBJ =  0.94156814E+00
     ITER =   72     OBJ =  0.94156918E+00
     ITER =   73     OBJ =  0.94156894E+00
     ITER =   74     OBJ =  0.94157000E+00
     ITER =   75     OBJ =  0.94156975E+00
     ITER =   76     OBJ =  0.94157083E+00
     ITER =   77     OBJ =  0.94157059E+00
     ITER =   78     OBJ =  0.94157168E+00
     ITER =   79     OBJ =  0.94157144E+00
     ITER =   80     OBJ =  0.94157255E+00
     ITER =   81     OBJ =  0.94157232E+00
     ITER =   82     OBJ =  0.94157342E+00
     ITER =   83     OBJ =  0.94157325E+00
     ITER =   84     OBJ =  0.94157422E+00
     ITER =   85     OBJ =  0.94157413E+00
     ITER =   86     OBJ =  0.94157490E+00
     ITER =   87     OBJ =  0.94157487E+00
     ITER =   88     OBJ =  0.94157551E+00
     ITER =   89     OBJ =  0.94157550E+00
     ITER =   90     OBJ =  0.94157607E+00
     ITER =   91     OBJ =  0.94157608E+00
     ITER =   92     OBJ =  0.94157661E+00
     ITER =   93     OBJ =  0.94157664E+00
     ITER =   94     OBJ =  0.94157714E+00
     ITER =   95     OBJ =  0.94157718E+00
     ITER =   96     OBJ =  0.94157767E+00
     ITER =   97     OBJ =  0.94157771E+00
     ITER =   98     OBJ =  0.94157818E+00
     ITER =   99     OBJ =  0.94157823E+00
     ITER =  100     OBJ =  0.94157869E+00
     ITER =  101     OBJ =  0.94157874E+00
     ITER =  102     OBJ =  0.94157919E+00
     ITER =  103     OBJ =  0.94157924E+00
     ITER =  104     OBJ =  0.94157968E+00
     ITER =  105     OBJ =  0.94157975E+00
     ITER =  106     OBJ =  0.94158017E+00
     ITER =  107     OBJ =  0.94158024E+00
     ITER =  108     OBJ =  0.94158066E+00
     ITER =  109     OBJ =  0.94158073E+00
     ITER =  110     OBJ =  0.94158114E+00
     ITER =  111     OBJ =  0.94158122E+00
     ITER =  112     OBJ =  0.94158162E+00
     ITER =  113     OBJ =  0.94158170E+00
     ITER =  114     OBJ =  0.94158209E+00
     ITER =  115     OBJ =  0.94158217E+00
     ITER =  116     OBJ =  0.94158256E+00
     ITER =  117     OBJ =  0.94158265E+00
     ITER =  118     OBJ =  0.94158303E+00
     ITER =  119     OBJ =  0.94158312E+00
     ITER =  120     OBJ =  0.94158349E+00
     ITER =  121     OBJ =  0.94158358E+00
     ITER =  122     OBJ =  0.94158395E+00
     ITER =  123     OBJ =  0.94158404E+00
     ITER =  124     OBJ =  0.94158440E+00
     ITER =  125     OBJ =  0.94158450E+00
     ITER =  126     OBJ =  0.94158486E+00
     ITER =  127     OBJ =  0.94158495E+00
     ITER =  128     OBJ =  0.94158531E+00
     ITER =  129     OBJ =  0.94158540E+00
     ITER =  130     OBJ =  0.94158576E+00
     ITER =  131     OBJ =  0.94158585E+00
     ITER =  132     OBJ =  0.94158620E+00
     ITER =  133     OBJ =  0.94158630E+00
     ITER =  134     OBJ =  0.94158665E+00
     ITER =  135     OBJ =  0.94158675E+00
     ITER =  136     OBJ =  0.94158710E+00
     ITER =  137     OBJ =  0.94158720E+00
     ITER =  138     OBJ =  0.94158755E+00
     ITER =  139     OBJ =  0.94158765E+00
     ITER =  140     OBJ =  0.94158801E+00
     ITER =  141     OBJ =  0.94158810E+00
     ITER =  142     OBJ =  0.94158846E+00
     ITER =  143     OBJ =  0.94158856E+00
     ITER =  144     OBJ =  0.94158892E+00
     ITER =  145     OBJ =  0.94158901E+00
     ITER =  146     OBJ =  0.94158938E+00
     ITER =  147     OBJ =  0.94158947E+00
     ITER =  148     OBJ =  0.94158984E+00
     ITER =  149     OBJ =  0.94158993E+00
     ITER =  150     OBJ =  0.94159030E+00
     ITER =  151     OBJ =  0.94159039E+00
     ITER =  152     OBJ =  0.94159077E+00
     ITER =  153     OBJ =  0.94159086E+00
     ITER =  154     OBJ =  0.94159123E+00
     ITER =  155     OBJ =  0.94159132E+00
     ITER =  156     OBJ =  0.94159170E+00
     ITER =  157     OBJ =  0.94159179E+00
     ITER =  158     OBJ =  0.94159217E+00
     ITER =  159     OBJ =  0.94159226E+00
     ITER =  160     OBJ =  0.94159264E+00
     ITER =  161     OBJ =  0.94159273E+00
     ITER =  162     OBJ =  0.94159311E+00
     ITER =  163     OBJ =  0.94159321E+00
     ITER =  164     OBJ =  0.94159359E+00
     ITER =  165     OBJ =  0.94159368E+00
     ITER =  166     OBJ =  0.94159406E+00
     ITER =  167     OBJ =  0.94159416E+00
     ITER =  168     OBJ =  0.94159454E+00
     ITER =  169     OBJ =  0.94159463E+00
     ITER =  170     OBJ =  0.94159502E+00
     ITER =  171     OBJ =  0.94159511E+00
     ITER =  172     OBJ =  0.94159550E+00
     ITER =  173     OBJ =  0.94159559E+00
     ITER =  174     OBJ =  0.94159598E+00
     ITER =  175     OBJ =  0.94159607E+00
     ITER =  176     OBJ =  0.94159646E+00
     ITER =  177     OBJ =  0.94159655E+00
     ITER =  178     OBJ =  0.94159694E+00
     ITER =  179     OBJ =  0.94159704E+00
     ITER =  180     OBJ =  0.94159743E+00
     ITER =  181     OBJ =  0.94159752E+00
     ITER =  182     OBJ =  0.94159791E+00
     ITER =  183     OBJ =  0.94159801E+00
     ITER =  184     OBJ =  0.94159840E+00
     ITER =  185     OBJ =  0.94159849E+00
     ITER =  186     OBJ =  0.94159888E+00
     ITER =  187     OBJ =  0.94159898E+00
     ITER =  188     OBJ =  0.94159937E+00
     ITER =  189     OBJ =  0.94159947E+00
     ITER =  190     OBJ =  0.94159986E+00
     ITER =  191     OBJ =  0.94159996E+00
     ITER =  192     OBJ =  0.94160035E+00
     ITER =  193     OBJ =  0.94160045E+00
     ITER =  194     OBJ =  0.94160084E+00
     ITER =  195     OBJ =  0.94160094E+00
     ITER =  196     OBJ =  0.94160133E+00
     ITER =  197     OBJ =  0.94160143E+00
     ITER =  198     OBJ =  0.94160183E+00
     ITER =  199     OBJ =  0.94160192E+00
     ITER =  200     OBJ =  0.94160232E+00
     ITER =  201     OBJ =  0.94160242E+00
     ITER =  202     OBJ =  0.94160281E+00
     ITER =  203     OBJ =  0.94160291E+00
     ITER =  204     OBJ =  0.94160331E+00
     ITER =  205     OBJ =  0.94160341E+00
     ITER =  206     OBJ =  0.94160381E+00
     ITER =  207     OBJ =  0.94160390E+00
     ITER =  208     OBJ =  0.94160430E+00
     ITER =  209     OBJ =  0.94160440E+00
     ITER =  210     OBJ =  0.94160480E+00
     ITER =  211     OBJ =  0.94160490E+00
     ITER =  212     OBJ =  0.94160530E+00
     ITER =  213     OBJ =  0.94160540E+00
     ITER =  214     OBJ =  0.94160580E+00
     ITER =  215     OBJ =  0.94160590E+00
     ITER =  216     OBJ =  0.94160630E+00
     ITER =  217     OBJ =  0.94160640E+00
     ITER =  218     OBJ =  0.94160680E+00
     ITER =  219     OBJ =  0.94160690E+00
     ITER =  220     OBJ =  0.94160730E+00
     ITER =  221     OBJ =  0.94160741E+00
     ITER =  222     OBJ =  0.94160781E+00
     ITER =  223     OBJ =  0.94160791E+00
     ITER =  224     OBJ =  0.94160831E+00
     ITER =  225     OBJ =  0.94160842E+00
     ITER =  226     OBJ =  0.94160882E+00
     ITER =  227     OBJ =  0.94160892E+00
     ITER =  228     OBJ =  0.94160932E+00
     ITER =  229     OBJ =  0.94160943E+00
     ITER =  230     OBJ =  0.94160983E+00
     ITER =  231     OBJ =  0.94160993E+00
     ITER =  232     OBJ =  0.94161034E+00
     ITER =  233     OBJ =  0.94161044E+00
     ITER =  234     OBJ =  0.94161085E+00
     ITER =  235     OBJ =  0.94161095E+00
     ITER =  236     OBJ =  0.94161135E+00
     ITER =  237     OBJ =  0.94161146E+00
     ITER =  238     OBJ =  0.94161186E+00
     ITER =  239     OBJ =  0.94161197E+00
     ITER =  240     OBJ =  0.94161238E+00
     ITER =  241     OBJ =  0.94161248E+00
     ITER =  242     OBJ =  0.94161289E+00
     ITER =  243     OBJ =  0.94161300E+00
     ITER =  244     OBJ =  0.94161340E+00
     ITER =  245     OBJ =  0.94161351E+00
     ITER =  246     OBJ =  0.94161391E+00
     ITER =  247     OBJ =  0.94161402E+00
     ITER =  248     OBJ =  0.94161443E+00
     ITER =  249     OBJ =  0.94161454E+00
     ITER =  250     OBJ =  0.94161494E+00
     ITER =  251     OBJ =  0.94161505E+00
     ITER =  252     OBJ =  0.94161546E+00
     ITER =  253     OBJ =  0.94161557E+00
     ITER =  254     OBJ =  0.94161598E+00
     ITER =  255     OBJ =  0.94161609E+00
     ITER =  256     OBJ =  0.94161649E+00
     ITER =  257     OBJ =  0.94161661E+00
     ITER =  258     OBJ =  0.94161701E+00
     ITER =  259     OBJ =  0.94161713E+00
     ITER =  260     OBJ =  0.94161753E+00
     ITER =  261     OBJ =  0.94161765E+00
     ITER =  262     OBJ =  0.94161805E+00
     ITER =  263     OBJ =  0.94161817E+00
     ITER =  264     OBJ =  0.94161858E+00
     ITER =  265     OBJ =  0.94161869E+00
     ITER =  266     OBJ =  0.94161910E+00
     ITER =  267     OBJ =  0.94161921E+00
     ITER =  268     OBJ =  0.94161962E+00
     ITER =  269     OBJ =  0.94161974E+00
     ITER =  270     OBJ =  0.94162014E+00
     ITER =  271     OBJ =  0.94162026E+00
     ITER =  272     OBJ =  0.94162067E+00
     ITER =  273     OBJ =  0.94162079E+00
     ITER =  274     OBJ =  0.94162120E+00
     ITER =  275     OBJ =  0.94162131E+00
     ITER =  276     OBJ =  0.94162172E+00
     ITER =  277     OBJ =  0.94162184E+00
     ITER =  278     OBJ =  0.94162225E+00
     ITER =  279     OBJ =  0.94162237E+00
     ITER =  280     OBJ =  0.94162278E+00
     ITER =  281     OBJ =  0.94162290E+00
     ITER =  282     OBJ =  0.94162331E+00
     ITER =  283     OBJ =  0.94162343E+00
     ITER =  284     OBJ =  0.94162384E+00
     ITER =  285     OBJ =  0.94162396E+00
     ITER =  286     OBJ =  0.94162437E+00
     ITER =  287     OBJ =  0.94162449E+00
     ITER =  288     OBJ =  0.94162490E+00
     ITER =  289     OBJ =  0.94162502E+00
     ITER =  290     OBJ =  0.94162543E+00
     ITER =  291     OBJ =  0.94162556E+00
     ITER =  292     OBJ =  0.94162597E+00
     ITER =  293     OBJ =  0.94162609E+00
