



   ---------------------------------------------------------------------------
     START OF THE SEQUENTIAL LEAST SQUARES PROGRAMMING ALGORIT  
   ---------------------------------------------------------------------------

     PARAMETERS:
        ACC =   0.1000D+00
        MAXITER =500
        IPRINT =   1
IOUT =   6


     ITER =    1     OBJ =  0.57489554E+00
     ITER =    2     OBJ =  0.68266665E+00
     ITER =    3     OBJ =  0.66548328E+00
     ITER =    4     OBJ =  0.71334130E+00
     ITER =    5     OBJ =  0.73627188E+00
     ITER =    6     OBJ =  0.86520762E+00
     ITER =    7     OBJ =  0.90871218E+00
     ITER =    8     OBJ =  0.10898056E+01
     ITER =    9     OBJ =  0.11392786E+01
     ITER =   10     OBJ =  0.11762490E+01
     ITER =   11     OBJ =  0.11703508E+01
     ITER =   12     OBJ =  0.11555340E+01
     ITER =   13     OBJ =  0.11884201E+01
     ITER =   14     OBJ =  0.12116574E+01
     ITER =   15     OBJ =  0.11980582E+01
     ITER =   16     OBJ =  0.11908942E+01
     ITER =   17     OBJ =  0.12147194E+01
     ITER =   18     OBJ =  0.11866906E+01
     ITER =   19     OBJ =  0.12254147E+01
     ITER =   20     OBJ =  0.12262815E+01
     ITER =   21     OBJ =  0.12061656E+01
