
 ==============================
 S N O P T  7.6.0    (Jan 2017)
 ==============================
 
 SNMEMB EXIT 100 -- finished successfully
 SNMEMB INFO 104 -- memory requirements estimated

 ==============================
 S N O P T  7.6.0    (Jan 2017)
 ==============================
 
 

 Nonlinear constraints      11     Linear constraints       0
 Nonlinear variables        15     Linear variables         0
 Jacobian  variables        15     Objective variables     15
 Total constraints          11     Total variables         15
 

 
 The user has defined     165   out of     165   constraint gradients.
 The user has defined      15   out of      15   objective  gradients.
 

 Major Minors     Step   nCon Feasible  Optimal  MeritFunction     nS Penalty
     0     21               1  1.7E+01  2.1E-01  6.0612833E-01      8           r
     1     15  1.0E+00      2  2.2E+01  9.7E-02  6.0985551E-01      7 1.3E-03   r
     2     22  1.0E+00      3  1.6E+01  1.4E+00  5.4710838E-01      9 1.3E-03 s
     3     14  2.1E-01      6  1.3E+01  2.2E-01  1.1217983E+00      6 3.0E-03
     4      1  1.0E-01      9  1.2E+01  5.6E-01  2.1157343E+00      6 8.6E-03
     5      5  4.1E-01     11  7.9E+00  9.6E-01  2.0015453E+00      6 8.6E-03
     6      4  2.4E-01     13  5.5E+00  4.8E-01  2.0070598E+00      5 1.3E-02
     7     11  5.0E-01     15  4.0E+00  1.2E+00  1.4791976E+00      4 1.3E-02
     7      8              21  4.0E+00  2.6E-01  1.0717729E+00      9           R
     7      4              26  4.0E+00  7.6E-02  1.0717729E+00      8           r
     8     19  1.0E+00     28  1.7E+01  7.7E-01  2.9104852E-01      5         sm
     9     14  1.7E-01     31  1.2E+01  7.0E-01  6.6844134E-01      5 5.8E-04

 Major Minors     Step   nCon Feasible  Optimal  MeritFunction     nS Penalty
    10      2  3.9E-03     35  1.2E+01  7.6E-01  6.6804625E-01      4 5.9E-04  m
    11     13  3.5E-04     39  1.2E+01  6.0E-01  6.8134057E-01      4 6.4E-04  m
    12      2  1.7E-04     44  1.2E+01  7.0E-01  6.7981278E-01      4 6.4E-04  m
    13      6  3.0E-06     54  1.2E+01  3.9E-01  7.4342220E-01      6 8.7E-04
    14     19  7.5E-02     57  1.2E+01  5.8E-01  7.3437727E-01      2 8.7E-04
    15     18  2.3E-01     59  8.1E+00  2.6E+00  1.6617110E+00      3 5.9E-03
    16     10  1.1E-01     61  6.3E+00  2.4E+00  1.5371079E+00      1 5.9E-03
    17     18  2.2E-03     70  4.7E+00  8.8E+00  1.1554168E+01      5 2.2E-01
    18     14  5.4E-03     72  5.5E+00  1.8E+00  8.1212505E+00        2.2E-01
    19      9  6.5E-03     82  6.8E+00  2.5E-01  1.4913208E+03      1 3.1E+01

 Major Minors     Step   nCon Feasible  Optimal  MeritFunction     nS Penalty
    20      6  2.4E-01     89  5.2E+00  1.1E+00  4.3305336E+03      1 5.7E+01

 Major Minors     Step   nCon Feasible  Optimal  MeritFunction     nS Penalty
    20     13              95  5.2E+00  8.8E-01  1.9323992E+03     11           R
    21     14  1.0E+00     96  4.2E+00  1.0E+00  1.4370395E+03      6         s   i
    21      2             101  4.2E+00  1.0E+00  1.4370395E+03      7         s R i
    21      4             106  4.2E+00  6.6E+02  1.4370395E+03      4         s r
    22     15  1.0E+00    108  7.4E+00  2.1E+04  1.1005740E+02      5         sm
    23     16  1.0E+00    109  1.8E+01  6.4E+03  9.5059868E-01      3
    24      6  8.3E-03    114  1.6E+01  1.6E+03  2.4193376E+00      1 4.0E-03
    24      6             120  1.6E+01  1.3E+01  1.1129237E+00      6           R
    25      3  1.0E+00    121  9.3E+00  5.1E+00  3.2561408E+03      4 1.2E+01 s
    25      4             127  9.3E+00  2.3E+01  1.5964886E+03      6         s R
    25      1             132  9.3E+00  1.6E+04  1.5964886E+03      6         s r
    26     10  1.0E+00    134  9.1E+00  7.9E+02  2.0995026E+00      6         sM
    27      7  2.4E-02    137  8.8E+00  8.1E+02  1.8891831E+01      8 1.7E-01
    28      8  4.8E-03    142  8.5E+00  4.0E+01  2.8732176E+01      2 2.4E-01
    29      6  6.9E-02    149  8.4E+00  1.0E+00  5.8859936E+02      1 5.3E+00     i

 Major Minors     Step   nCon Feasible  Optimal  MeritFunction     nS Penalty
    30      1  3.0E-04    153  8.2E+00  2.3E+00  3.4731634E+04      1 3.6E+02     i

 Major Minors     Step   nCon Feasible  Optimal  MeritFunction     nS Penalty
    30      9             158  8.2E+00  2.1E+01  8.3586515E+01      7           R i
    31      8  1.0E+00    159  3.8E+00  1.3E+00  4.2006831E+05     12 9.8E+03 s   i
    32      3  1.0E+00    160  3.7E+00  1.5E+00  5.8069343E+04     11 1.1E+02     i
    33      2  7.3E-02    163  3.6E+00  9.9E-01  7.1264978E+04     10 6.2E+02     i
    34      4  1.0E+00    165  6.2E-01  1.0E+00  5.9402673E+04     12 6.6E+02  m  i
    35     13  1.0E+00    166  2.8E+00  1.0E+00  4.8233118E+04     11 6.0E+01     i
    36      7  1.0E+00    168  2.4E+00  1.0E+00  3.4502540E+04     12 3.9E+01  m  i
    37      7  1.0E+00    169  1.4E+00  5.0E+00  9.0803574E+03     12 3.9E+01
    38      7  1.0E+00    170  3.6E+00  1.0E+00  4.5114009E+03     12 3.9E+01     i
    39      1  8.0E-02    176  3.1E+00  1.0E+00  2.9902661E+04     12 9.4E+02     i
    39      9             182  3.1E+00  1.0E+00  2.0370302E+04      8           R i
    39      5             187  3.1E+00  8.7E+06  1.4430922E+06      5           r

 Major Minors     Step   nCon Feasible  Optimal  MeritFunction     nS Penalty
    40     16  1.0E+00    189  6.2E+00  5.7E+06  3.2514832E+00      9         sM
    41     11  3.9E-01    192  5.9E+00  1.4E+04  3.8597453E+00        1.1E-02
    42      9  6.2E-05    196  5.3E+00  8.0E+05  7.3047863E+02      7 1.3E+01
    42      3             202  5.3E+00  4.3E+03  4.5068040E+00      7           R
    43      9  1.0E+00    203  3.7E+00  7.4E+03  2.3394653E+03      4 5.4E+01 s
    43      3             209  3.7E+00  4.2E+03  8.0535439E+02      3         s R
    43      1             215  3.7E+00  2.9E+06  8.0535439E+02      3         s r
    44     11  1.0E+00    216  7.3E+00  1.2E+06  1.3401805E+01      5         s
    45      7  6.4E-02    223  6.7E+00  1.8E+06  1.9395603E+01      6 1.0E-01
    46      8  6.0E-02    226  6.4E+00  1.3E+05  1.8945653E+01      3 1.0E-01
    47      3  2.2E-02    231  6.0E+00  2.8E+06  1.9007285E+02      5 2.8E+00
    47      6             237  6.0E+00  7.3E+03  1.8432148E+01      6           R
    47      1             242  6.0E+00  4.6E+06  1.8432148E+01      6           r
    48     17  1.0E+00    244  8.5E+00  5.0E+07  3.4823833E+00      5         sm
    49      8  1.0E+00    245  2.1E+01  1.8E+07  1.7123804E+00      7

 Major Minors     Step   nCon Feasible  Optimal  MeritFunction     nS Penalty
    50      4  1.0E+00    252  8.5E+00  7.4E+06  1.7420011E+00      4 2.3E-04

 Major Minors     Step   nCon Feasible  Optimal  MeritFunction     nS Penalty
    50      4             258  8.5E+00  8.6E+05  1.7249837E+00      5           R

 Major Minors     Step   nCon Feasible  Optimal  MeritFunction     nS Penalty
    50      2             264  8.5E+00  1.4E+07  1.7249837E+00      6           r
    51     16  1.0E+00    266  8.5E+00  6.7E+07  2.2416582E+00      6 7.7E-03 sm
    52     11  9.9E-02    268  7.7E+00  1.4E+06  2.1592907E+00      1 7.7E-03
    53     12  1.1E-01    275  7.5E+00  1.4E+05  1.5226162E+01        1.3E-01
    54      3  2.4E-03    280  7.0E+00  1.5E+05  1.8125858E+02        2.0E+00
    54     14             285  7.0E+00  6.5E+05  5.9769554E+00     12           R
    55     14  1.0E+00    287  6.8E+00  3.4E+03  5.5878914E+02      1 1.2E+01 sm
    56      7  1.9E-03    292  5.8E+00  2.4E+04  2.8736129E+03      3 9.1E+01
    56      7             297  5.8E+00  3.5E+03  8.2464680E+01      8           R
