



   ---------------------------------------------------------------------------
     START OF THE SEQUENTIAL LEAST SQUARES PROGRAMMING ALGORIT  
   ---------------------------------------------------------------------------

     PARAMETERS:
        ACC =   0.1000D-01
        MAXITER =500
        IPRINT =   1
IOUT =   6


     ITER =    1     OBJ =  0.26969133E+01
     ITER =    2     OBJ =  0.26681434E+01
     ITER =    3     OBJ =  0.19677775E+01
     ITER =    4     OBJ =  0.20861492E+01
     ITER =    5     OBJ =  0.21866514E+01
     ITER =    6     OBJ =  0.23301750E+01
     ITER =    7     OBJ =  0.25100418E+01
     ITER =    8     OBJ =  0.29772662E+01
     ITER =    9     OBJ =  0.34075093E+01
     ITER =   10     OBJ =  0.35971908E+01
     ITER =   11     OBJ =  0.35939436E+01
     ITER =   12     OBJ =  0.35930703E+01
     ITER =   13     OBJ =  0.35925162E+01
     ITER =   14     OBJ =  0.35925162E+01
     ITER =   15     OBJ =  0.35925157E+01
     ITER =   16     OBJ =  0.35925153E+01
     ITER =   17     OBJ =  0.35925145E+01
     ITER =   18     OBJ =  0.35925135E+01
     ITER =   19     OBJ =  0.35925102E+01
     ITER =   20     OBJ =  0.35925071E+01
     ITER =   21     OBJ =  0.35925017E+01
     ITER =   22     OBJ =  0.35924966E+01
     ITER =   23     OBJ =  0.35924910E+01
     ITER =   24     OBJ =  0.35924855E+01
     ITER =   25     OBJ =  0.35924801E+01
     ITER =   26     OBJ =  0.35924747E+01
     ITER =   27     OBJ =  0.35924697E+01
     ITER =   28     OBJ =  0.35924656E+01
     ITER =   29     OBJ =  0.35924621E+01
     ITER =   30     OBJ =  0.35924590E+01
     ITER =   31     OBJ =  0.35924564E+01
     ITER =   32     OBJ =  0.35924541E+01
     ITER =   33     OBJ =  0.35924520E+01
     ITER =   34     OBJ =  0.35924501E+01
     ITER =   35     OBJ =  0.35924483E+01
     ITER =   36     OBJ =  0.35924468E+01
     ITER =   37     OBJ =  0.35924453E+01
