



   ---------------------------------------------------------------------------
     START OF THE SEQUENTIAL LEAST SQUARES PROGRAMMING ALGORIT  
   ---------------------------------------------------------------------------

     PARAMETERS:
        ACC =   0.1000D-01
        MAXITER =500
        IPRINT =   1
IOUT =   6


     ITER =    1     OBJ =  0.47349009E+00
     ITER =    2     OBJ =  0.47025162E+00
     ITER =    3     OBJ =  0.50001202E+00
     ITER =    4     OBJ =  0.50482406E+00
     ITER =    5     OBJ =  0.52982238E+00
     ITER =    6     OBJ =  0.58284313E+00
     ITER =    7     OBJ =  0.58514727E+00
     ITER =    8     OBJ =  0.58721330E+00
     ITER =    9     OBJ =  0.58761452E+00
     ITER =   10     OBJ =  0.58794145E+00
     ITER =   11     OBJ =  0.58804188E+00
     ITER =   12     OBJ =  0.58812947E+00
     ITER =   13     OBJ =  0.58793547E+00
     ITER =   14     OBJ =  0.58814175E+00
     ITER =   15     OBJ =  0.58814261E+00
     ITER =   16     OBJ =  0.58814264E+00
     ITER =   17     OBJ =  0.58814264E+00
     ITER =   18     OBJ =  0.58814265E+00
     ITER =   19     OBJ =  0.58831629E+00
     ITER =   20     OBJ =  0.58833876E+00
     ITER =   21     OBJ =  0.58836676E+00
     ITER =   22     OBJ =  0.58875791E+00
     ITER =   23     OBJ =  0.58882164E+00
     ITER =   24     OBJ =  0.58887935E+00
     ITER =   25     OBJ =  0.58890593E+00
     ITER =   26     OBJ =  0.58887401E+00
     ITER =   27     OBJ =  0.58890423E+00
     ITER =   28     OBJ =  0.58627008E+00
     ITER =   29     OBJ =  0.58873684E+00
        NUMBER OF FUNC-CALLS:  NFUNC = 161
        NUMBER OF GRAD-CALLS:  NGRAD =  30
