



   ---------------------------------------------------------------------------
     START OF THE SEQUENTIAL LEAST SQUARES PROGRAMMING ALGORIT  
   ---------------------------------------------------------------------------

     PARAMETERS:
        ACC =   0.1000D-02
        MAXITER =500
        IPRINT =   1
IOUT =   6


     ITER =    1     OBJ =  0.34494196E+00
     ITER =    2     OBJ =  0.36694341E+00
     ITER =    3     OBJ =  0.36843093E+00
     ITER =    4     OBJ =  0.38880574E+00
     ITER =    5     OBJ =  0.38776553E+00
     ITER =    6     OBJ =  0.38661315E+00
     ITER =    7     OBJ =  0.38743071E+00
     ITER =    8     OBJ =  0.38594783E+00
     ITER =    9     OBJ =  0.38370109E+00
     ITER =   10     OBJ =  0.38427024E+00
     ITER =   11     OBJ =  0.38377092E+00
     ITER =   12     OBJ =  0.38389124E+00
     ITER =   13     OBJ =  0.38336057E+00
     ITER =   14     OBJ =  0.38365446E+00
     ITER =   15     OBJ =  0.38359994E+00
     ITER =   16     OBJ =  0.38369127E+00
     ITER =   17     OBJ =  0.38357987E+00
     ITER =   18     OBJ =  0.38368547E+00
     ITER =   19     OBJ =  0.38368548E+00
     ITER =   20     OBJ =  0.38368549E+00
     ITER =   21     OBJ =  0.38385153E+00
     ITER =   22     OBJ =  0.38387670E+00
     ITER =   23     OBJ =  0.38387670E+00
     ITER =   24     OBJ =  0.38391072E+00
     ITER =   25     OBJ =  0.38401120E+00
        NUMBER OF FUNC-CALLS:  NFUNC = 141
        NUMBER OF GRAD-CALLS:  NGRAD =  26
