



   ---------------------------------------------------------------------------
     START OF THE SEQUENTIAL LEAST SQUARES PROGRAMMING ALGORIT  
   ---------------------------------------------------------------------------

     PARAMETERS:
        ACC =   0.1000D-01
        MAXITER =500
        IPRINT =   1
IOUT =   6


     ITER =    1     OBJ =  0.10951660E+01
     ITER =    2     OBJ =  0.12658087E+01
     ITER =    3     OBJ =  0.12693504E+01
     ITER =    4     OBJ =  0.13777556E+01
     ITER =    5     OBJ =  0.14593535E+01
     ITER =    6     OBJ =  0.15478525E+01
     ITER =    7     OBJ =  0.15612584E+01
     ITER =    8     OBJ =  0.20166441E+01
     ITER =    9     OBJ =  0.19649218E+01
     ITER =   10     OBJ =  0.19718644E+01
     ITER =   11     OBJ =  0.19761130E+01
     ITER =   12     OBJ =  0.19830142E+01
     ITER =   13     OBJ =  0.19736307E+01
     ITER =   14     OBJ =  0.20180632E+01
     ITER =   15     OBJ =  0.20279781E+01
     ITER =   16     OBJ =  0.20294842E+01
     ITER =   17     OBJ =  0.20294842E+01
     ITER =   18     OBJ =  0.20294841E+01
     ITER =   19     OBJ =  0.20663210E+01
        NUMBER OF FUNC-CALLS:  NFUNC =  87
        NUMBER OF GRAD-CALLS:  NGRAD =  20
