



   ---------------------------------------------------------------------------
     START OF THE SEQUENTIAL LEAST SQUARES PROGRAMMING ALGORIT  
   ---------------------------------------------------------------------------

     PARAMETERS:
        ACC =   0.1000D-01
        MAXITER =500
        IPRINT =   1
IOUT =   6


     ITER =    1     OBJ =  0.86133234E+00
     ITER =    2     OBJ =  0.65662867E+00
     ITER =    3     OBJ =  0.64730237E+00
     ITER =    4     OBJ =  0.67402688E+00
     ITER =    5     OBJ =  0.92619300E+00
     ITER =    6     OBJ =  0.98009780E+00
     ITER =    7     OBJ =  0.98580441E+00
     ITER =    8     OBJ =  0.99774934E+00
     ITER =    9     OBJ =  0.10807014E+01
     ITER =   10     OBJ =  0.11242359E+01
     ITER =   11     OBJ =  0.11299927E+01
     ITER =   12     OBJ =  0.11208925E+01
     ITER =   13     OBJ =  0.11203574E+01
     ITER =   14     OBJ =  0.11164752E+01
     ITER =   15     OBJ =  0.11211027E+01
     ITER =   16     OBJ =  0.11211027E+01
     ITER =   17     OBJ =  0.11211027E+01
     ITER =   18     OBJ =  0.11208414E+01
        NUMBER OF FUNC-CALLS:  NFUNC =  75
        NUMBER OF GRAD-CALLS:  NGRAD =  19
