



   ---------------------------------------------------------------------------
     START OF THE SEQUENTIAL LEAST SQUARES PROGRAMMING ALGORIT  
   ---------------------------------------------------------------------------

     PARAMETERS:
        ACC =   0.1000D-01
        MAXITER =500
        IPRINT =   1
IOUT =   6


     ITER =    1     OBJ =  0.10186900E+01
     ITER =    2     OBJ =  0.10083215E+01
     ITER =    3     OBJ =  0.88700032E+00
     ITER =    4     OBJ =  0.12568140E+01
     ITER =    5     OBJ =  0.13198340E+01
     ITER =    6     OBJ =  0.13417542E+01
     ITER =    7     OBJ =  0.12876972E+01
     ITER =    8     OBJ =  0.12488867E+01
     ITER =    9     OBJ =  0.12769063E+01
     ITER =   10     OBJ =  0.12975647E+01
     ITER =   11     OBJ =  0.13385068E+01
     ITER =   12     OBJ =  0.13513561E+01
     ITER =   13     OBJ =  0.17713517E+01
     ITER =   14     OBJ =  0.19014355E+01
     ITER =   15     OBJ =  0.23624740E+01
     ITER =   16     OBJ =  0.21273783E+01
     ITER =   17     OBJ =  0.21672658E+01
     ITER =   18     OBJ =  0.20827615E+01
     ITER =   19     OBJ =  0.20689848E+01
     ITER =   20     OBJ =  0.20322225E+01
     ITER =   21     OBJ =  0.20024444E+01
     ITER =   22     OBJ =  0.20032811E+01
     ITER =   23     OBJ =  0.19824179E+01
        NUMBER OF FUNC-CALLS:  NFUNC =  87
        NUMBER OF GRAD-CALLS:  NGRAD =  24
