



   ---------------------------------------------------------------------------
     START OF THE SEQUENTIAL LEAST SQUARES PROGRAMMING ALGORIT  
   ---------------------------------------------------------------------------

     PARAMETERS:
        ACC =   0.1000D-02
        MAXITER =500
        IPRINT =   1
IOUT =   6


     ITER =    1     OBJ =  0.58567199E+00
     ITER =    2     OBJ =  0.44492736E+00
     ITER =    3     OBJ =  0.49751589E+00
     ITER =    4     OBJ =  0.60049951E+00
     ITER =    5     OBJ =  0.62044290E+00
     ITER =    6     OBJ =  0.61173524E+00
     ITER =    7     OBJ =  0.64245122E+00
     ITER =    8     OBJ =  0.63699783E+00
     ITER =    9     OBJ =  0.63773756E+00
     ITER =   10     OBJ =  0.61948102E+00
     ITER =   11     OBJ =  0.62004681E+00
     ITER =   12     OBJ =  0.62139504E+00
     ITER =   13     OBJ =  0.62988199E+00
     ITER =   14     OBJ =  0.62726027E+00
     ITER =   15     OBJ =  0.61662964E+00
     ITER =   16     OBJ =  0.61583674E+00
     ITER =   17     OBJ =  0.61159500E+00
     ITER =   18     OBJ =  0.60667919E+00
     ITER =   19     OBJ =  0.59843537E+00
     ITER =   20     OBJ =  0.58742027E+00
     ITER =   21     OBJ =  0.57538448E+00
     ITER =   22     OBJ =  0.56750754E+00
     ITER =   23     OBJ =  0.55726416E+00
     ITER =   24     OBJ =  0.51475717E+00
     ITER =   25     OBJ =  0.51024272E+00
     ITER =   26     OBJ =  0.53951523E+00
     ITER =   27     OBJ =  0.53954807E+00
     ITER =   28     OBJ =  0.53363375E+00
     ITER =   29     OBJ =  0.53358961E+00
     ITER =   30     OBJ =  0.53357676E+00
     ITER =   31     OBJ =  0.53237537E+00
     ITER =   32     OBJ =  0.53217391E+00
     ITER =   33     OBJ =  0.53172215E+00
     ITER =   34     OBJ =  0.53134659E+00
     ITER =   35     OBJ =  0.53115374E+00
     ITER =   36     OBJ =  0.53115285E+00
     ITER =   37     OBJ =  0.53106599E+00
     ITER =   38     OBJ =  0.53002443E+00
     ITER =   39     OBJ =  0.52395670E+00
     ITER =   40     OBJ =  0.52466490E+00
     ITER =   41     OBJ =  0.53198802E+00
     ITER =   42     OBJ =  0.53181583E+00
     ITER =   43     OBJ =  0.53065866E+00
     ITER =   44     OBJ =  0.53056704E+00
     ITER =   45     OBJ =  0.53087067E+00
     ITER =   46     OBJ =  0.53086850E+00
     ITER =   47     OBJ =  0.53287189E+00
        NUMBER OF FUNC-CALLS:  NFUNC = 101
        NUMBER OF GRAD-CALLS:  NGRAD =  48
