



   ---------------------------------------------------------------------------
     START OF THE SEQUENTIAL LEAST SQUARES PROGRAMMING ALGORIT  
   ---------------------------------------------------------------------------

     PARAMETERS:
        ACC =   0.1000D-02
        MAXITER =500
        IPRINT =   1
IOUT =   6


     ITER =    1     OBJ =  0.84287369E-01
     ITER =    2     OBJ =  0.87372984E-01
     ITER =    3     OBJ =  0.85599035E-01
     ITER =    4     OBJ =  0.86315064E-01
     ITER =    5     OBJ =  0.79408755E-01
     ITER =    6     OBJ =  0.91511411E-01
     ITER =    7     OBJ =  0.91844861E-01
     ITER =    8     OBJ =  0.86216408E-01
     ITER =    9     OBJ =  0.81279349E-01
     ITER =   10     OBJ =  0.86470444E-01
     ITER =   11     OBJ =  0.89599676E-01
     ITER =   12     OBJ =  0.86882549E-01
     ITER =   13     OBJ =  0.85173311E-01
     ITER =   14     OBJ =  0.82306066E-01
     ITER =   15     OBJ =  0.82324961E-01
     ITER =   16     OBJ =  0.82103882E-01
     ITER =   17     OBJ =  0.82001980E-01
     ITER =   18     OBJ =  0.81862846E-01
     ITER =   19     OBJ =  0.81556613E-01
     ITER =   20     OBJ =  0.81517604E-01
     ITER =   21     OBJ =  0.80694614E-01
     ITER =   22     OBJ =  0.80285541E-01
     ITER =   23     OBJ =  0.79925034E-01
     ITER =   24     OBJ =  0.80038232E-01
     ITER =   25     OBJ =  0.80188085E-01
     ITER =   26     OBJ =  0.80148357E-01
     ITER =   27     OBJ =  0.80136123E-01
        NUMBER OF FUNC-CALLS:  NFUNC =  43
        NUMBER OF GRAD-CALLS:  NGRAD =  28
