



   ---------------------------------------------------------------------------
     START OF THE SEQUENTIAL LEAST SQUARES PROGRAMMING ALGORIT  
   ---------------------------------------------------------------------------

     PARAMETERS:
        ACC =   0.1000D-02
        MAXITER =500
        IPRINT =   1
IOUT =   6


     ITER =    1     OBJ =  0.31881490E+00
     ITER =    2     OBJ =  0.33939032E+00
     ITER =    3     OBJ =  0.31542585E+00
     ITER =    4     OBJ =  0.32786092E+00
     ITER =    5     OBJ =  0.34628131E+00
     ITER =    6     OBJ =  0.41109164E+00
     ITER =    7     OBJ =  0.40791582E+00
     ITER =    8     OBJ =  0.42149436E+00
     ITER =    9     OBJ =  0.42795241E+00
     ITER =   10     OBJ =  0.44865653E+00
     ITER =   11     OBJ =  0.44858672E+00
     ITER =   12     OBJ =  0.44698606E+00
     ITER =   13     OBJ =  0.44684271E+00
     ITER =   14     OBJ =  0.44643156E+00
     ITER =   15     OBJ =  0.44437028E+00
     ITER =   16     OBJ =  0.44529125E+00
     ITER =   17     OBJ =  0.44410331E+00
     ITER =   18     OBJ =  0.44491118E+00
        NUMBER OF FUNC-CALLS:  NFUNC =  36
        NUMBER OF GRAD-CALLS:  NGRAD =  19
