



   ---------------------------------------------------------------------------
     START OF THE SEQUENTIAL LEAST SQUARES PROGRAMMING ALGORIT  
   ---------------------------------------------------------------------------

     PARAMETERS:
        ACC =   0.1000D-01
        MAXITER =500
        IPRINT =   1
IOUT =   6


     ITER =    1     OBJ =  0.35797530E+00
     ITER =    2     OBJ =  0.53721561E+00
     ITER =    3     OBJ =  0.55807938E+00
     ITER =    4     OBJ =  0.52088251E+00
     ITER =    5     OBJ =  0.49407131E+00
     ITER =    6     OBJ =  0.47011994E+00
     ITER =    7     OBJ =  0.44676433E+00
     ITER =    8     OBJ =  0.45494668E+00
     ITER =    9     OBJ =  0.45653195E+00
     ITER =   10     OBJ =  0.49493097E+00
     ITER =   11     OBJ =  0.55017891E+00
     ITER =   12     OBJ =  0.60323394E+00
     ITER =   13     OBJ =  0.66196852E+00
     ITER =   14     OBJ =  0.67372164E+00
     ITER =   15     OBJ =  0.68758269E+00
     ITER =   16     OBJ =  0.68749362E+00
     ITER =   17     OBJ =  0.72728211E+00
     ITER =   18     OBJ =  0.72906416E+00
     ITER =   19     OBJ =  0.73955197E+00
