



   ---------------------------------------------------------------------------
     START OF THE SEQUENTIAL LEAST SQUARES PROGRAMMING ALGORIT  
   ---------------------------------------------------------------------------

     PARAMETERS:
        ACC =   0.1000D-01
        MAXITER =500
        IPRINT =   1
IOUT =   6


     ITER =    1     OBJ =  0.35226417E+00
     ITER =    2     OBJ =  0.36003033E+00
     ITER =    3     OBJ =  0.37813428E+00
     ITER =    4     OBJ =  0.37973304E+00
     ITER =    5     OBJ =  0.45702343E+00
     ITER =    6     OBJ =  0.45226490E+00
     ITER =    7     OBJ =  0.45589652E+00
     ITER =    8     OBJ =  0.45144170E+00
     ITER =    9     OBJ =  0.44549610E+00
     ITER =   10     OBJ =  0.44489892E+00
     ITER =   11     OBJ =  0.44102403E+00
     ITER =   12     OBJ =  0.43966435E+00
     ITER =   13     OBJ =  0.44074763E+00
     ITER =   14     OBJ =  0.44045121E+00
     ITER =   15     OBJ =  0.44043643E+00
     ITER =   16     OBJ =  0.44043697E+00
     ITER =   17     OBJ =  0.44043699E+00
     ITER =   18     OBJ =  0.44043699E+00
     ITER =   19     OBJ =  0.44043699E+00
     ITER =   20     OBJ =  0.44043699E+00
     ITER =   21     OBJ =  0.44043699E+00
     ITER =   22     OBJ =  0.44043699E+00
     ITER =   23     OBJ =  0.44043699E+00
     ITER =   24     OBJ =  0.44043698E+00
     ITER =   25     OBJ =  0.44043698E+00
     ITER =   26     OBJ =  0.44043698E+00
     ITER =   27     OBJ =  0.44043697E+00
     ITER =   28     OBJ =  0.44043696E+00
     ITER =   29     OBJ =  0.44043695E+00
     ITER =   30     OBJ =  0.44043694E+00
     ITER =   31     OBJ =  0.44043693E+00
     ITER =   32     OBJ =  0.44043691E+00
     ITER =   33     OBJ =  0.44043689E+00
     ITER =   34     OBJ =  0.44043687E+00
     ITER =   35     OBJ =  0.44043685E+00
     ITER =   36     OBJ =  0.44043683E+00
     ITER =   37     OBJ =  0.44043680E+00
     ITER =   38     OBJ =  0.44043678E+00
     ITER =   39     OBJ =  0.44043675E+00
     ITER =   40     OBJ =  0.44043672E+00
     ITER =   41     OBJ =  0.44043669E+00
     ITER =   42     OBJ =  0.44043665E+00
     ITER =   43     OBJ =  0.44043662E+00
     ITER =   44     OBJ =  0.44043658E+00
     ITER =   45     OBJ =  0.44043655E+00
     ITER =   46     OBJ =  0.44043651E+00
     ITER =   47     OBJ =  0.44043647E+00
     ITER =   48     OBJ =  0.44043644E+00
     ITER =   49     OBJ =  0.44043640E+00
     ITER =   50     OBJ =  0.44043636E+00
     ITER =   51     OBJ =  0.44043632E+00
     ITER =   52     OBJ =  0.44043628E+00
     ITER =   53     OBJ =  0.44043623E+00
     ITER =   54     OBJ =  0.44043619E+00
     ITER =   55     OBJ =  0.44043615E+00
     ITER =   56     OBJ =  0.44043611E+00
     ITER =   57     OBJ =  0.44043606E+00
     ITER =   58     OBJ =  0.44043602E+00
     ITER =   59     OBJ =  0.44043598E+00
     ITER =   60     OBJ =  0.44043593E+00
     ITER =   61     OBJ =  0.44043589E+00
     ITER =   62     OBJ =  0.44043585E+00
     ITER =   63     OBJ =  0.44043580E+00
     ITER =   64     OBJ =  0.44043576E+00
     ITER =   65     OBJ =  0.44043571E+00
     ITER =   66     OBJ =  0.44043567E+00
     ITER =   67     OBJ =  0.44043563E+00
     ITER =   68     OBJ =  0.44043559E+00
     ITER =   69     OBJ =  0.44043554E+00
     ITER =   70     OBJ =  0.44043550E+00
     ITER =   71     OBJ =  0.44043467E+00
     ITER =   72     OBJ =  0.44043492E+00
     ITER =   73     OBJ =  0.44043414E+00
     ITER =   74     OBJ =  0.44043434E+00
     ITER =   75     OBJ =  0.44043365E+00
     ITER =   76     OBJ =  0.44043384E+00
     ITER =   77     OBJ =  0.44043322E+00
     ITER =   78     OBJ =  0.44043340E+00
     ITER =   79     OBJ =  0.44043336E+00
     ITER =   80     OBJ =  0.44043334E+00
     ITER =   81     OBJ =  0.44043330E+00
     ITER =   82     OBJ =  0.44043327E+00
     ITER =   83     OBJ =  0.44043323E+00
     ITER =   84     OBJ =  0.44043320E+00
     ITER =   85     OBJ =  0.44043316E+00
     ITER =   86     OBJ =  0.44043313E+00
     ITER =   87     OBJ =  0.44043309E+00
     ITER =   88     OBJ =  0.44043305E+00
     ITER =   89     OBJ =  0.44043302E+00
     ITER =   90     OBJ =  0.44043298E+00
     ITER =   91     OBJ =  0.44043294E+00
     ITER =   92     OBJ =  0.44043290E+00
     ITER =   93     OBJ =  0.44043286E+00
     ITER =   94     OBJ =  0.44043283E+00
     ITER =   95     OBJ =  0.44043279E+00
     ITER =   96     OBJ =  0.44043275E+00
     ITER =   97     OBJ =  0.44043271E+00
     ITER =   98     OBJ =  0.44043267E+00
     ITER =   99     OBJ =  0.44043263E+00
     ITER =  100     OBJ =  0.44043259E+00
     ITER =  101     OBJ =  0.44043256E+00
     ITER =  102     OBJ =  0.44043252E+00
     ITER =  103     OBJ =  0.44043248E+00
     ITER =  104     OBJ =  0.44043244E+00
     ITER =  105     OBJ =  0.44043240E+00
     ITER =  106     OBJ =  0.44043236E+00
     ITER =  107     OBJ =  0.44043232E+00
     ITER =  108     OBJ =  0.44043229E+00
     ITER =  109     OBJ =  0.44043225E+00
     ITER =  110     OBJ =  0.44043221E+00
     ITER =  111     OBJ =  0.44043217E+00
     ITER =  112     OBJ =  0.44043213E+00
     ITER =  113     OBJ =  0.44043210E+00
     ITER =  114     OBJ =  0.44043206E+00
     ITER =  115     OBJ =  0.44043202E+00
     ITER =  116     OBJ =  0.44043198E+00
     ITER =  117     OBJ =  0.44043195E+00
     ITER =  118     OBJ =  0.44043191E+00
     ITER =  119     OBJ =  0.44043187E+00
     ITER =  120     OBJ =  0.44043183E+00
     ITER =  121     OBJ =  0.44043180E+00
     ITER =  122     OBJ =  0.44043176E+00
     ITER =  123     OBJ =  0.44043172E+00
     ITER =  124     OBJ =  0.44043169E+00
     ITER =  125     OBJ =  0.44043165E+00
     ITER =  126     OBJ =  0.44043161E+00
     ITER =  127     OBJ =  0.44043158E+00
     ITER =  128     OBJ =  0.44043154E+00
     ITER =  129     OBJ =  0.44043150E+00
     ITER =  130     OBJ =  0.44043147E+00
     ITER =  131     OBJ =  0.44043143E+00
     ITER =  132     OBJ =  0.44043140E+00
     ITER =  133     OBJ =  0.44043136E+00
     ITER =  134     OBJ =  0.44043132E+00
     ITER =  135     OBJ =  0.44043129E+00
     ITER =  136     OBJ =  0.44043125E+00
     ITER =  137     OBJ =  0.44043122E+00
     ITER =  138     OBJ =  0.44043118E+00
     ITER =  139     OBJ =  0.44043115E+00
     ITER =  140     OBJ =  0.44043111E+00
     ITER =  141     OBJ =  0.44043108E+00
     ITER =  142     OBJ =  0.44043104E+00
     ITER =  143     OBJ =  0.44043101E+00
     ITER =  144     OBJ =  0.44043097E+00
     ITER =  145     OBJ =  0.44043094E+00
     ITER =  146     OBJ =  0.44043090E+00
     ITER =  147     OBJ =  0.44043087E+00
     ITER =  148     OBJ =  0.44043083E+00
     ITER =  149     OBJ =  0.44043080E+00
     ITER =  150     OBJ =  0.44043076E+00
     ITER =  151     OBJ =  0.44043073E+00
     ITER =  152     OBJ =  0.44043070E+00
     ITER =  153     OBJ =  0.44043066E+00
     ITER =  154     OBJ =  0.44043063E+00
     ITER =  155     OBJ =  0.44043059E+00
     ITER =  156     OBJ =  0.44043056E+00
     ITER =  157     OBJ =  0.44043053E+00
     ITER =  158     OBJ =  0.44043049E+00
     ITER =  159     OBJ =  0.44043046E+00
     ITER =  160     OBJ =  0.44043043E+00
     ITER =  161     OBJ =  0.44043039E+00
     ITER =  162     OBJ =  0.44043036E+00
     ITER =  163     OBJ =  0.44043033E+00
     ITER =  164     OBJ =  0.44043029E+00
     ITER =  165     OBJ =  0.44043026E+00
     ITER =  166     OBJ =  0.44043023E+00
     ITER =  167     OBJ =  0.44043019E+00
     ITER =  168     OBJ =  0.44043016E+00
     ITER =  169     OBJ =  0.44043013E+00
     ITER =  170     OBJ =  0.44043010E+00
     ITER =  171     OBJ =  0.44043006E+00
     ITER =  172     OBJ =  0.44043003E+00
     ITER =  173     OBJ =  0.44043000E+00
     ITER =  174     OBJ =  0.44042997E+00
     ITER =  175     OBJ =  0.44042993E+00
     ITER =  176     OBJ =  0.44042990E+00
     ITER =  177     OBJ =  0.44042987E+00
     ITER =  178     OBJ =  0.44042984E+00
     ITER =  179     OBJ =  0.44042981E+00
     ITER =  180     OBJ =  0.44042977E+00
     ITER =  181     OBJ =  0.44042974E+00
     ITER =  182     OBJ =  0.44042971E+00
     ITER =  183     OBJ =  0.44042968E+00
     ITER =  184     OBJ =  0.44042965E+00
     ITER =  185     OBJ =  0.44042962E+00
     ITER =  186     OBJ =  0.44042958E+00
     ITER =  187     OBJ =  0.44042955E+00
     ITER =  188     OBJ =  0.44042952E+00
     ITER =  189     OBJ =  0.44042949E+00
     ITER =  190     OBJ =  0.44042946E+00
     ITER =  191     OBJ =  0.44042943E+00
     ITER =  192     OBJ =  0.44042940E+00
     ITER =  193     OBJ =  0.44042937E+00
     ITER =  194     OBJ =  0.44042934E+00
     ITER =  195     OBJ =  0.44042931E+00
     ITER =  196     OBJ =  0.44042927E+00
     ITER =  197     OBJ =  0.44042924E+00
     ITER =  198     OBJ =  0.44042921E+00
     ITER =  199     OBJ =  0.44042918E+00
     ITER =  200     OBJ =  0.44042915E+00
     ITER =  201     OBJ =  0.44042912E+00
     ITER =  202     OBJ =  0.44042909E+00
     ITER =  203     OBJ =  0.44042906E+00
     ITER =  204     OBJ =  0.44042903E+00
     ITER =  205     OBJ =  0.44042900E+00
     ITER =  206     OBJ =  0.44042897E+00
     ITER =  207     OBJ =  0.44042894E+00
     ITER =  208     OBJ =  0.44042891E+00
     ITER =  209     OBJ =  0.44042888E+00
     ITER =  210     OBJ =  0.44042885E+00
     ITER =  211     OBJ =  0.44042882E+00
     ITER =  212     OBJ =  0.44042879E+00
     ITER =  213     OBJ =  0.44042876E+00
     ITER =  214     OBJ =  0.44042873E+00
     ITER =  215     OBJ =  0.44042870E+00
     ITER =  216     OBJ =  0.44042868E+00
     ITER =  217     OBJ =  0.44042865E+00
     ITER =  218     OBJ =  0.44042862E+00
     ITER =  219     OBJ =  0.44042859E+00
     ITER =  220     OBJ =  0.44042856E+00
     ITER =  221     OBJ =  0.44042853E+00
     ITER =  222     OBJ =  0.44042850E+00
     ITER =  223     OBJ =  0.44042847E+00
     ITER =  224     OBJ =  0.44042844E+00
     ITER =  225     OBJ =  0.44042841E+00
     ITER =  226     OBJ =  0.44042839E+00
     ITER =  227     OBJ =  0.44042836E+00
     ITER =  228     OBJ =  0.44042833E+00
     ITER =  229     OBJ =  0.44042830E+00
     ITER =  230     OBJ =  0.44042827E+00
     ITER =  231     OBJ =  0.44042824E+00
     ITER =  232     OBJ =  0.44042821E+00
     ITER =  233     OBJ =  0.44042819E+00
     ITER =  234     OBJ =  0.44042816E+00
     ITER =  235     OBJ =  0.44042813E+00
     ITER =  236     OBJ =  0.44042810E+00
     ITER =  237     OBJ =  0.44042807E+00
     ITER =  238     OBJ =  0.44042805E+00
     ITER =  239     OBJ =  0.44042802E+00
     ITER =  240     OBJ =  0.44042799E+00
     ITER =  241     OBJ =  0.44042796E+00
     ITER =  242     OBJ =  0.44042793E+00
     ITER =  243     OBJ =  0.44042791E+00
     ITER =  244     OBJ =  0.44042788E+00
     ITER =  245     OBJ =  0.44042785E+00
     ITER =  246     OBJ =  0.44042782E+00
     ITER =  247     OBJ =  0.44042780E+00
     ITER =  248     OBJ =  0.44042777E+00
     ITER =  249     OBJ =  0.44042774E+00
     ITER =  250     OBJ =  0.44042771E+00
     ITER =  251     OBJ =  0.44042769E+00
     ITER =  252     OBJ =  0.44042766E+00
     ITER =  253     OBJ =  0.44042763E+00
     ITER =  254     OBJ =  0.44042761E+00
     ITER =  255     OBJ =  0.44042758E+00
     ITER =  256     OBJ =  0.44042755E+00
     ITER =  257     OBJ =  0.44042753E+00
     ITER =  258     OBJ =  0.44042750E+00
     ITER =  259     OBJ =  0.44042747E+00
     ITER =  260     OBJ =  0.44042744E+00
     ITER =  261     OBJ =  0.44042742E+00
     ITER =  262     OBJ =  0.44042739E+00
     ITER =  263     OBJ =  0.44042736E+00
     ITER =  264     OBJ =  0.44042734E+00
     ITER =  265     OBJ =  0.44042731E+00
     ITER =  266     OBJ =  0.44042729E+00
     ITER =  267     OBJ =  0.44042726E+00
     ITER =  268     OBJ =  0.44042723E+00
     ITER =  269     OBJ =  0.44042721E+00
     ITER =  270     OBJ =  0.44042718E+00
     ITER =  271     OBJ =  0.44042715E+00
     ITER =  272     OBJ =  0.44042713E+00
     ITER =  273     OBJ =  0.44042710E+00
     ITER =  274     OBJ =  0.44042708E+00
     ITER =  275     OBJ =  0.44042705E+00
     ITER =  276     OBJ =  0.44042702E+00
     ITER =  277     OBJ =  0.44042700E+00
     ITER =  278     OBJ =  0.44042697E+00
     ITER =  279     OBJ =  0.44042695E+00
     ITER =  280     OBJ =  0.44042692E+00
     ITER =  281     OBJ =  0.44042689E+00
     ITER =  282     OBJ =  0.44042687E+00
     ITER =  283     OBJ =  0.44042684E+00
     ITER =  284     OBJ =  0.44042682E+00
     ITER =  285     OBJ =  0.44042679E+00
     ITER =  286     OBJ =  0.44042677E+00
     ITER =  287     OBJ =  0.44042674E+00
     ITER =  288     OBJ =  0.44042671E+00
     ITER =  289     OBJ =  0.44042669E+00
     ITER =  290     OBJ =  0.44042666E+00
     ITER =  291     OBJ =  0.44042664E+00
     ITER =  292     OBJ =  0.44042661E+00
     ITER =  293     OBJ =  0.44042659E+00
     ITER =  294     OBJ =  0.44042656E+00
     ITER =  295     OBJ =  0.44042654E+00
     ITER =  296     OBJ =  0.44042651E+00
     ITER =  297     OBJ =  0.44042649E+00
     ITER =  298     OBJ =  0.44042646E+00
     ITER =  299     OBJ =  0.44042644E+00
     ITER =  300     OBJ =  0.44042641E+00
     ITER =  301     OBJ =  0.44042639E+00
     ITER =  302     OBJ =  0.44042636E+00
     ITER =  303     OBJ =  0.44042634E+00
     ITER =  304     OBJ =  0.44042632E+00
     ITER =  305     OBJ =  0.44042629E+00
     ITER =  306     OBJ =  0.44042627E+00
     ITER =  307     OBJ =  0.44042624E+00
     ITER =  308     OBJ =  0.44042622E+00
     ITER =  309     OBJ =  0.44042619E+00
     ITER =  310     OBJ =  0.44042617E+00
     ITER =  311     OBJ =  0.44042615E+00
     ITER =  312     OBJ =  0.44042612E+00
     ITER =  313     OBJ =  0.44042610E+00
     ITER =  314     OBJ =  0.44042607E+00
     ITER =  315     OBJ =  0.44042605E+00
     ITER =  316     OBJ =  0.44042602E+00
     ITER =  317     OBJ =  0.44042600E+00
     ITER =  318     OBJ =  0.44042598E+00
     ITER =  319     OBJ =  0.44042595E+00
     ITER =  320     OBJ =  0.44042593E+00
     ITER =  321     OBJ =  0.44042590E+00
     ITER =  322     OBJ =  0.44042588E+00
     ITER =  323     OBJ =  0.44042509E+00
     ITER =  324     OBJ =  0.44042539E+00
     ITER =  325     OBJ =  0.44042537E+00
     ITER =  326     OBJ =  0.44042535E+00
     ITER =  327     OBJ =  0.44042469E+00
     ITER =  328     OBJ =  0.44042495E+00
     ITER =  329     OBJ =  0.44042426E+00
     ITER =  330     OBJ =  0.44042457E+00
     ITER =  331     OBJ =  0.44042398E+00
     ITER =  332     OBJ =  0.44042425E+00
     ITER =  333     OBJ =  0.44042423E+00
     ITER =  334     OBJ =  0.44042422E+00
     ITER =  335     OBJ =  0.44042421E+00
     ITER =  336     OBJ =  0.44042419E+00
     ITER =  337     OBJ =  0.44042418E+00
     ITER =  338     OBJ =  0.44042417E+00
     ITER =  339     OBJ =  0.44042415E+00
     ITER =  340     OBJ =  0.44042414E+00
     ITER =  341     OBJ =  0.44042412E+00
     ITER =  342     OBJ =  0.44042411E+00
     ITER =  343     OBJ =  0.44042410E+00
     ITER =  344     OBJ =  0.44042408E+00
     ITER =  345     OBJ =  0.44042407E+00
     ITER =  346     OBJ =  0.44042405E+00
     ITER =  347     OBJ =  0.44042404E+00
     ITER =  348     OBJ =  0.44042402E+00
     ITER =  349     OBJ =  0.44042401E+00
     ITER =  350     OBJ =  0.44042400E+00
     ITER =  351     OBJ =  0.44042398E+00
     ITER =  352     OBJ =  0.44042397E+00
     ITER =  353     OBJ =  0.44042395E+00
     ITER =  354     OBJ =  0.44042394E+00
     ITER =  355     OBJ =  0.44042393E+00
     ITER =  356     OBJ =  0.44042391E+00
     ITER =  357     OBJ =  0.44042390E+00
     ITER =  358     OBJ =  0.44042388E+00
     ITER =  359     OBJ =  0.44042387E+00
     ITER =  360     OBJ =  0.44042386E+00
     ITER =  361     OBJ =  0.44042384E+00
     ITER =  362     OBJ =  0.44042383E+00
     ITER =  363     OBJ =  0.44042381E+00
     ITER =  364     OBJ =  0.44042380E+00
     ITER =  365     OBJ =  0.44042379E+00
     ITER =  366     OBJ =  0.44042377E+00
     ITER =  367     OBJ =  0.44042376E+00
     ITER =  368     OBJ =  0.44042375E+00
     ITER =  369     OBJ =  0.44042373E+00
     ITER =  370     OBJ =  0.44042372E+00
     ITER =  371     OBJ =  0.44042371E+00
     ITER =  372     OBJ =  0.44042369E+00
     ITER =  373     OBJ =  0.44042368E+00
     ITER =  374     OBJ =  0.44042367E+00
     ITER =  375     OBJ =  0.44042365E+00
     ITER =  376     OBJ =  0.44042364E+00
     ITER =  377     OBJ =  0.44042363E+00
     ITER =  378     OBJ =  0.44042361E+00
     ITER =  379     OBJ =  0.44042360E+00
     ITER =  380     OBJ =  0.44042359E+00
     ITER =  381     OBJ =  0.44042357E+00
     ITER =  382     OBJ =  0.44042356E+00
     ITER =  383     OBJ =  0.44042355E+00
     ITER =  384     OBJ =  0.44042354E+00
     ITER =  385     OBJ =  0.44042352E+00
     ITER =  386     OBJ =  0.44042351E+00
     ITER =  387     OBJ =  0.44042350E+00
     ITER =  388     OBJ =  0.44042349E+00
     ITER =  389     OBJ =  0.44042347E+00
     ITER =  390     OBJ =  0.44042346E+00
     ITER =  391     OBJ =  0.44042345E+00
     ITER =  392     OBJ =  0.44042344E+00
     ITER =  393     OBJ =  0.44042342E+00
     ITER =  394     OBJ =  0.44042341E+00
     ITER =  395     OBJ =  0.44042340E+00
     ITER =  396     OBJ =  0.44042339E+00
     ITER =  397     OBJ =  0.44042337E+00
     ITER =  398     OBJ =  0.44042336E+00
     ITER =  399     OBJ =  0.44042335E+00
     ITER =  400     OBJ =  0.44042334E+00
     ITER =  401     OBJ =  0.44042333E+00
     ITER =  402     OBJ =  0.44042331E+00
     ITER =  403     OBJ =  0.44042330E+00
     ITER =  404     OBJ =  0.44042329E+00
     ITER =  405     OBJ =  0.44042328E+00
     ITER =  406     OBJ =  0.44042327E+00
     ITER =  407     OBJ =  0.44042326E+00
     ITER =  408     OBJ =  0.44042324E+00
     ITER =  409     OBJ =  0.44042323E+00
     ITER =  410     OBJ =  0.44042322E+00
     ITER =  411     OBJ =  0.44042321E+00
     ITER =  412     OBJ =  0.44042320E+00
     ITER =  413     OBJ =  0.44042319E+00
     ITER =  414     OBJ =  0.44042317E+00
     ITER =  415     OBJ =  0.44042316E+00
     ITER =  416     OBJ =  0.44042315E+00
     ITER =  417     OBJ =  0.44042314E+00
     ITER =  418     OBJ =  0.44042313E+00
     ITER =  419     OBJ =  0.44042312E+00
     ITER =  420     OBJ =  0.44042311E+00
     ITER =  421     OBJ =  0.44042309E+00
     ITER =  422     OBJ =  0.44042308E+00
     ITER =  423     OBJ =  0.44042307E+00
     ITER =  424     OBJ =  0.44042306E+00
     ITER =  425     OBJ =  0.44042305E+00
     ITER =  426     OBJ =  0.44042304E+00
     ITER =  427     OBJ =  0.44042303E+00
     ITER =  428     OBJ =  0.44042302E+00
     ITER =  429     OBJ =  0.44042301E+00
     ITER =  430     OBJ =  0.44042299E+00
     ITER =  431     OBJ =  0.44042298E+00
     ITER =  432     OBJ =  0.44042297E+00
     ITER =  433     OBJ =  0.44042296E+00
     ITER =  434     OBJ =  0.44042295E+00
     ITER =  435     OBJ =  0.44042294E+00
     ITER =  436     OBJ =  0.44042293E+00
     ITER =  437     OBJ =  0.44042292E+00
     ITER =  438     OBJ =  0.44042291E+00
     ITER =  439     OBJ =  0.44042290E+00
     ITER =  440     OBJ =  0.44042289E+00
     ITER =  441     OBJ =  0.44042288E+00
     ITER =  442     OBJ =  0.44042287E+00
     ITER =  443     OBJ =  0.44042286E+00
     ITER =  444     OBJ =  0.44042285E+00
     ITER =  445     OBJ =  0.44042284E+00
     ITER =  446     OBJ =  0.44042283E+00
     ITER =  447     OBJ =  0.44042282E+00
     ITER =  448     OBJ =  0.44042281E+00
     ITER =  449     OBJ =  0.44042280E+00
     ITER =  450     OBJ =  0.44042279E+00
     ITER =  451     OBJ =  0.44042278E+00
     ITER =  452     OBJ =  0.44042277E+00
     ITER =  453     OBJ =  0.44042276E+00
     ITER =  454     OBJ =  0.44042275E+00
     ITER =  455     OBJ =  0.44042274E+00
     ITER =  456     OBJ =  0.44042273E+00
     ITER =  457     OBJ =  0.44042272E+00
     ITER =  458     OBJ =  0.44042272E+00
     ITER =  459     OBJ =  0.44042271E+00
     ITER =  460     OBJ =  0.44042270E+00
     ITER =  461     OBJ =  0.44042269E+00
     ITER =  462     OBJ =  0.44042268E+00
     ITER =  463     OBJ =  0.44042267E+00
     ITER =  464     OBJ =  0.44042266E+00
     ITER =  465     OBJ =  0.44042265E+00
     ITER =  466     OBJ =  0.44042265E+00
     ITER =  467     OBJ =  0.44042264E+00
     ITER =  468     OBJ =  0.44042263E+00
     ITER =  469     OBJ =  0.44042262E+00
     ITER =  470     OBJ =  0.44042261E+00
     ITER =  471     OBJ =  0.44042260E+00
     ITER =  472     OBJ =  0.44042260E+00
     ITER =  473     OBJ =  0.44042259E+00
     ITER =  474     OBJ =  0.44042258E+00
     ITER =  475     OBJ =  0.44042257E+00
     ITER =  476     OBJ =  0.44042256E+00
     ITER =  477     OBJ =  0.44042256E+00
     ITER =  478     OBJ =  0.44042255E+00
     ITER =  479     OBJ =  0.44042254E+00
     ITER =  480     OBJ =  0.44042254E+00
     ITER =  481     OBJ =  0.44042253E+00
     ITER =  482     OBJ =  0.44042252E+00
     ITER =  483     OBJ =  0.44042252E+00
     ITER =  484     OBJ =  0.44042251E+00
     ITER =  485     OBJ =  0.44042250E+00
     ITER =  486     OBJ =  0.44042250E+00
     ITER =  487     OBJ =  0.44042249E+00
     ITER =  488     OBJ =  0.44042248E+00
     ITER =  489     OBJ =  0.44042248E+00
     ITER =  490     OBJ =  0.44042247E+00
     ITER =  491     OBJ =  0.44042247E+00
     ITER =  492     OBJ =  0.44042246E+00
     ITER =  493     OBJ =  0.44042246E+00
     ITER =  494     OBJ =  0.44042245E+00
     ITER =  495     OBJ =  0.44042245E+00
     ITER =  496     OBJ =  0.44042244E+00
     ITER =  497     OBJ =  0.44042244E+00
     ITER =  498     OBJ =  0.44042243E+00
     ITER =  499     OBJ =  0.44042243E+00
     ITER =  500     OBJ =  0.44042242E+00
        NUMBER OF FUNC-CALLS:  NFUNC =5322
        NUMBER OF GRAD-CALLS:  NGRAD = 501
