



   ---------------------------------------------------------------------------
     START OF THE SEQUENTIAL LEAST SQUARES PROGRAMMING ALGORIT  
   ---------------------------------------------------------------------------

     PARAMETERS:
        ACC =   0.1000D-01
        MAXITER =500
        IPRINT =   1
IOUT =   6


     ITER =    1     OBJ =  0.89884165E+00
     ITER =    2     OBJ =  0.10285162E+01
     ITER =    3     OBJ =  0.10042725E+01
     ITER =    4     OBJ =  0.94446122E+00
     ITER =    5     OBJ =  0.11481218E+01
     ITER =    6     OBJ =  0.15062393E+01
     ITER =    7     OBJ =  0.13342784E+01
     ITER =    8     OBJ =  0.12244309E+01
     ITER =    9     OBJ =  0.12390572E+01
     ITER =   10     OBJ =  0.12668156E+01
     ITER =   11     OBJ =  0.14891031E+01
     ITER =   12     OBJ =  0.15833274E+01
     ITER =   13     OBJ =  0.15970475E+01
     ITER =   14     OBJ =  0.16181087E+01
     ITER =   15     OBJ =  0.16483467E+01
     ITER =   16     OBJ =  0.17972828E+01
     ITER =   17     OBJ =  0.19166425E+01
     ITER =   18     OBJ =  0.19255054E+01
     ITER =   19     OBJ =  0.19314188E+01
     ITER =   20     OBJ =  0.19720127E+01
     ITER =   21     OBJ =  0.20054219E+01
     ITER =   22     OBJ =  0.20233521E+01
