



   ---------------------------------------------------------------------------
     START OF THE SEQUENTIAL LEAST SQUARES PROGRAMMING ALGORIT  
   ---------------------------------------------------------------------------

     PARAMETERS:
        ACC =   0.1000D-02
        MAXITER =500
        IPRINT =   1
IOUT =   6


     ITER =    1     OBJ =  0.45084758E+00
     ITER =    2     OBJ =  0.49551747E+00
     ITER =    3     OBJ =  0.47713094E+00
     ITER =    4     OBJ =  0.62477802E+00
     ITER =    5     OBJ =  0.61666025E+00
     ITER =    6     OBJ =  0.73511446E+00
     ITER =    7     OBJ =  0.71586920E+00
     ITER =    8     OBJ =  0.70094529E+00
     ITER =    9     OBJ =  0.74828067E+00
     ITER =   10     OBJ =  0.73045898E+00
     ITER =   11     OBJ =  0.72634070E+00
     ITER =   12     OBJ =  0.72841096E+00
     ITER =   13     OBJ =  0.72518016E+00
     ITER =   14     OBJ =  0.72488651E+00
     ITER =   15     OBJ =  0.73684347E+00
     ITER =   16     OBJ =  0.73126278E+00
     ITER =   17     OBJ =  0.72738359E+00
     ITER =   18     OBJ =  0.73032546E+00
     ITER =   19     OBJ =  0.72565347E+00
     ITER =   20     OBJ =  0.72309708E+00
     ITER =   21     OBJ =  0.72211227E+00
     ITER =   22     OBJ =  0.71928763E+00
     ITER =   23     OBJ =  0.71623031E+00
     ITER =   24     OBJ =  0.71473204E+00
     ITER =   25     OBJ =  0.71490670E+00
     ITER =   26     OBJ =  0.71532146E+00
        NUMBER OF FUNC-CALLS:  NFUNC =  79
        NUMBER OF GRAD-CALLS:  NGRAD =  27
