



   ---------------------------------------------------------------------------
     START OF THE SEQUENTIAL LEAST SQUARES PROGRAMMING ALGORIT  
   ---------------------------------------------------------------------------

     PARAMETERS:
        ACC =   0.1000D-01
        MAXITER =500
        IPRINT =   1
IOUT =   6


     ITER =    1     OBJ =  0.12304326E+01
     ITER =    2     OBJ =  0.12508198E+01
     ITER =    3     OBJ =  0.98473569E+00
     ITER =    4     OBJ =  0.10913041E+01
     ITER =    5     OBJ =  0.11151530E+01
     ITER =    6     OBJ =  0.11043240E+01
     ITER =    7     OBJ =  0.11047994E+01
     ITER =    8     OBJ =  0.12606631E+01
     ITER =    9     OBJ =  0.12619741E+01
     ITER =   10     OBJ =  0.12617779E+01
     ITER =   11     OBJ =  0.12616291E+01
     ITER =   12     OBJ =  0.12616134E+01
     ITER =   14     OBJ =  0.12605439E+01
     ITER =   15     OBJ =  0.12604412E+01
     ITER =   16     OBJ =  0.12604319E+01
     ITER =   17     OBJ =  0.12604165E+01
     ITER =   18     OBJ =  0.12604082E+01
     ITER =   19     OBJ =  0.12604077E+01
     ITER =   20     OBJ =  0.12604077E+01
     ITER =   21     OBJ =  0.12604077E+01
     ITER =   22     OBJ =  0.12604077E+01
