                                     ======================
                                        ALPSO 1.1 (Serial)
                                     ======================

Parameters:
-------------------------------------------------------------------------------------------------
Swarmsize           :       40    MaxOuterIters     :      200    Seed:       1576865298.32470846
Cognitive Parameter :    2.000    MaxInnerIters     :        6    Scaling            :          1
Social Parameter    :    1.000    MinInnerIters     :        6    Stopping Criteria  :          1
Initial Weight      :    0.990    DynInnerIters     :        0    Number of Failures :         15
Final Weight        :    0.550    StoppingIters     :        5    Number of Successes:          5

Absolute Tolerance  : 1.00e-02    Number Initial Pos:        1    Neighbourhood Model:      gbest
Relative Tolerance  : 1.00e-02    Initial Velocity  :        1    Neighbourhood Size :         40
Inequality Tolerance: 1.00e-03    Maximum Velocity  :        2    Selfless           :          1
Equality Tolerance  : 1.00e-03    Craziness Velocity: 1.00e-04    Fileout            :          1
Global Distance     : 1.00e-01    Initial Penalty   :     1.00    File Name          :  ALPSO.out
-------------------------------------------------------------------------------------------------


================================================================================

NUMBER OF ITERATIONS: 1

NUMBER OF OBJECTIVE FUNCTION EVALUATIONS: 280

OBJECTIVE FUNCTION VALUE:
	F = 0.3768350173398564

EQUALITY CONSTRAINTS VALUES:

INEQUALITY CONSTRAINTS VALUES:
	G(0) = 0.1073925042893914
	G(1) = -0.1987281248845653
	G(2) = -0.04487733574297814
	G(3) = -0.1965788867213193
	G(4) = -2.35752033243505
	G(5) = -5.305534651809383

LAGRANGIAN MULTIPLIERS VALUES:
	L(0) = 0
	L(1) = 0
	L(2) = 0
	L(3) = 0
	L(4) = 0
	L(5) = 0

PENALTY FACTOR:
	rp(0) = 1
	rp(1) = 1
	rp(2) = 1
	rp(3) = 1
	rp(4) = 1
	rp(5) = 1

BEST POSITION:
	P(0) = 1.025548637748404		P(1) = 1.354186117475695		P(2) = 1.273035809682229	
	P(3) = 0.8333333333333333		P(4) = 1.8		P(5) = 1.684210526315789	
	P(6) = 0.8989597423920342		P(7) = 3.039499375218511		P(8) = 1.369994292341869	
	P(9) = 1.109549486428045	
================================================================================

================================================================================

NUMBER OF ITERATIONS: 2

NUMBER OF OBJECTIVE FUNCTION EVALUATIONS: 520

OBJECTIVE FUNCTION VALUE:
	F = 0.379667489334563

EQUALITY CONSTRAINTS VALUES:

INEQUALITY CONSTRAINTS VALUES:
	G(0) = 0.03122181086698779
	G(1) = -0.1846343921950194
	G(2) = 0.05603176140408705
	G(3) = -0.1439122038006667
	G(4) = -1.196592309542233
	G(5) = -0.8758852902707475

LAGRANGIAN MULTIPLIERS VALUES:
	L(0) = 0.2147850085787829
	L(1) = 0
	L(2) = 0
	L(3) = 0
	L(4) = 0
	L(5) = 0

PENALTY FACTOR:
	rp(0) = 7.327772659184762
	rp(1) = 1
	rp(2) = 1
	rp(3) = 1
	rp(4) = 1
	rp(5) = 1

BEST POSITION:
	P(0) = 0.969621449615887		P(1) = 1.27263596719036		P(2) = 1.28648053464789	
	P(3) = 0.9016134902364645		P(4) = 1.8		P(5) = 1.401391148870464	
	P(6) = 0.8407835420988421		P(7) = 3.002818278968955		P(8) = 1.205525305665252	
	P(9) = 1.225121777086973	
================================================================================

================================================================================

NUMBER OF ITERATIONS: 3

NUMBER OF OBJECTIVE FUNCTION EVALUATIONS: 760

OBJECTIVE FUNCTION VALUE:
	F = 0.3901030935104085

EQUALITY CONSTRAINTS VALUES:

INEQUALITY CONSTRAINTS VALUES:
	G(0) = 0.003792850775904756
	G(1) = -0.1614673787780698
	G(2) = 0.00513483695473016
	G(3) = -0.2396750528048323
	G(4) = -1.365700929879236
	G(5) = 0.005585306189476724

LAGRANGIAN MULTIPLIERS VALUES:
	L(0) = 0.6723576726614845
	L(1) = 0
	L(2) = 0.1120635228081741
	L(3) = 0
	L(4) = 0
	L(5) = 0

PENALTY FACTOR:
	rp(0) = 12.96493031856983
	rp(1) = 1
	rp(2) = 5.293002994713259
	rp(3) = 1
	rp(4) = 1
	rp(5) = 1

BEST POSITION:
	P(0) = 0.9595454129932915		P(1) = 1.340806385943718		P(2) = 1.268941457171648	
	P(3) = 0.951709439333411		P(4) = 1.8		P(5) = 1.516246671924287	
	P(6) = 1.016317992633374		P(7) = 3.126581585709602		P(8) = 1.111833390761925	
	P(9) = 1.22862183841182	
================================================================================

================================================================================

NUMBER OF ITERATIONS: 4

NUMBER OF OBJECTIVE FUNCTION EVALUATIONS: 1000

OBJECTIVE FUNCTION VALUE:
	F = 0.3957238917001529

EQUALITY CONSTRAINTS VALUES:

INEQUALITY CONSTRAINTS VALUES:
	G(0) = -0.01277882221707357
	G(1) = -0.1603701479426883
	G(2) = 0.003978599049055287
	G(3) = -0.2841739263979769
	G(4) = -1.054222912779608
	G(5) = 0.01232929116426273

LAGRANGIAN MULTIPLIERS VALUES:
	L(0) = 0.7707057646981619
	L(1) = 0
	L(2) = 0.1664209375656762
	L(3) = 0
	L(4) = 0
	L(5) = 0.01117061237895345

PENALTY FACTOR:
	rp(0) = 13.88079396772895
	rp(1) = 1
	rp(2) = 6.450211964844183
	rp(3) = 1
	rp(4) = 1
	rp(5) = 2

BEST POSITION:
	P(0) = 0.9586666666666666		P(1) = 1.345864304322879		P(2) = 1.244824306349595	
	P(3) = 0.981627889738666		P(4) = 1.8		P(5) = 1.570677921228062	
	P(6) = 1.028690828809214		P(7) = 3.103407331259742		P(8) = 1.056259237564655	
	P(9) = 1.197726452675583	
================================================================================

================================================================================

NUMBER OF ITERATIONS: 5

NUMBER OF OBJECTIVE FUNCTION EVALUATIONS: 1240

OBJECTIVE FUNCTION VALUE:
	F = 0.3944931929787792

EQUALITY CONSTRAINTS VALUES:

INEQUALITY CONSTRAINTS VALUES:
	G(0) = -0.005777454677256762
	G(1) = -0.164215217589214
	G(2) = -0.01809444496633728
	G(3) = -0.3100350498695277
	G(4) = -1.094085733277631
	G(5) = -0.3064779873457737

LAGRANGIAN MULTIPLIERS VALUES:
	L(0) = 0.4159453680072908
	L(1) = 0
	L(2) = 0.2177465519447444
	L(3) = 0
	L(4) = 0
	L(5) = 0.06048777703600439

PENALTY FACTOR:
	rp(0) = 10.19736936674468
	rp(1) = 1
	rp(2) = 7.378118865007943
	rp(3) = 1
	rp(4) = 1
	rp(5) = 4

BEST POSITION:
	P(0) = 0.9586666666666666		P(1) = 1.361664369001248		P(2) = 1.235912250717538	
	P(3) = 0.9716838564694067		P(4) = 1.799990810896413		P(5) = 1.576077622980392	
	P(6) = 1.004130751728251		P(7) = 3.143813117493912		P(8) = 1.05491960764413	
	P(9) = 1.189202947064405	
================================================================================
