



   ---------------------------------------------------------------------------
     START OF THE SEQUENTIAL LEAST SQUARES PROGRAMMING ALGORIT  
   ---------------------------------------------------------------------------

     PARAMETERS:
        ACC =   0.1000D-01
        MAXITER =500
        IPRINT =   1
IOUT =   6


     ITER =    1     OBJ =  0.17961694E+01
     ITER =    2     OBJ =  0.18066464E+01
     ITER =    3     OBJ =  0.14934162E+01
     ITER =    4     OBJ =  0.16584427E+01
     ITER =    5     OBJ =  0.17584305E+01
     ITER =    6     OBJ =  0.17808366E+01
     ITER =    7     OBJ =  0.18375826E+01
     ITER =    8     OBJ =  0.18509512E+01
     ITER =    9     OBJ =  0.19091359E+01
     ITER =   10     OBJ =  0.20059161E+01
     ITER =   11     OBJ =  0.23172857E+01
     ITER =   12     OBJ =  0.22993260E+01
     ITER =   13     OBJ =  0.22962415E+01
     ITER =   14     OBJ =  0.23204034E+01
     ITER =   15     OBJ =  0.23207115E+01
     ITER =   16     OBJ =  0.23508865E+01
     ITER =   17     OBJ =  0.23432862E+01
     ITER =   18     OBJ =  0.23371797E+01
     ITER =   19     OBJ =  0.23374335E+01
     ITER =   20     OBJ =  0.23452599E+01
     ITER =   21     OBJ =  0.23393596E+01
     ITER =   22     OBJ =  0.23301354E+01
     ITER =   23     OBJ =  0.23298386E+01
        NUMBER OF FUNC-CALLS:  NFUNC =  77
        NUMBER OF GRAD-CALLS:  NGRAD =  24
