



   ---------------------------------------------------------------------------
     START OF THE SEQUENTIAL LEAST SQUARES PROGRAMMING ALGORIT  
   ---------------------------------------------------------------------------

     PARAMETERS:
        ACC =   0.1000D-01
        MAXITER =500
        IPRINT =   1
IOUT =   6


     ITER =    1     OBJ =  0.14891137E+01
     ITER =    2     OBJ =  0.13997923E+01
     ITER =    3     OBJ =  0.13962023E+01
     ITER =    4     OBJ =  0.14829119E+01
     ITER =    5     OBJ =  0.15919340E+01
     ITER =    6     OBJ =  0.16640684E+01
     ITER =    7     OBJ =  0.16745468E+01
     ITER =    8     OBJ =  0.19187027E+01
     ITER =    9     OBJ =  0.19214877E+01
     ITER =   10     OBJ =  0.19380468E+01
     ITER =   11     OBJ =  0.20523416E+01
     ITER =   12     OBJ =  0.20550672E+01
     ITER =   13     OBJ =  0.21192032E+01
     ITER =   14     OBJ =  0.22319101E+01
     ITER =   15     OBJ =  0.23637451E+01
     ITER =   16     OBJ =  0.23658439E+01
     ITER =   17     OBJ =  0.23650704E+01
     ITER =   18     OBJ =  0.23716824E+01
     ITER =   19     OBJ =  0.23713670E+01
     ITER =   20     OBJ =  0.23919638E+01
        NUMBER OF FUNC-CALLS:  NFUNC =  94
        NUMBER OF GRAD-CALLS:  NGRAD =  21
