



   ---------------------------------------------------------------------------
     START OF THE SEQUENTIAL LEAST SQUARES PROGRAMMING ALGORIT  
   ---------------------------------------------------------------------------

     PARAMETERS:
        ACC =   0.1000D-02
        MAXITER =500
        IPRINT =   1
IOUT =   6


     ITER =    1     OBJ =  0.58240523E+00
     ITER =    2     OBJ =  0.66243306E+00
     ITER =    3     OBJ =  0.65623138E+00
     ITER =    4     OBJ =  0.85430738E+00
     ITER =    5     OBJ =  0.86195102E+00
     ITER =    6     OBJ =  0.86387128E+00
     ITER =    7     OBJ =  0.86229164E+00
     ITER =    8     OBJ =  0.87118919E+00
     ITER =    9     OBJ =  0.84452831E+00
     ITER =   10     OBJ =  0.84350134E+00
     ITER =   11     OBJ =  0.87167655E+00
     ITER =   12     OBJ =  0.87142339E+00
     ITER =   13     OBJ =  0.86583852E+00
     ITER =   14     OBJ =  0.86798561E+00
     ITER =   15     OBJ =  0.87096452E+00
     ITER =   16     OBJ =  0.87092718E+00
     ITER =   17     OBJ =  0.87197885E+00
     ITER =   18     OBJ =  0.87092132E+00
        NUMBER OF FUNC-CALLS:  NFUNC =  65
        NUMBER OF GRAD-CALLS:  NGRAD =  19
