



   ---------------------------------------------------------------------------
     START OF THE SEQUENTIAL LEAST SQUARES PROGRAMMING ALGORIT  
   ---------------------------------------------------------------------------

     PARAMETERS:
        ACC =   0.1000D-01
        MAXITER =500
        IPRINT =   1
IOUT =   6


     ITER =    1     OBJ =  0.12605431E+01
     ITER =    2     OBJ =  0.14019323E+01
     ITER =    3     OBJ =  0.13768173E+01
     ITER =    4     OBJ =  0.15122926E+01
     ITER =    5     OBJ =  0.15217149E+01
     ITER =    6     OBJ =  0.16304803E+01
     ITER =    7     OBJ =  0.18430134E+01
     ITER =    8     OBJ =  0.18523413E+01
     ITER =    9     OBJ =  0.18708113E+01
     ITER =   10     OBJ =  0.20376313E+01
     ITER =   11     OBJ =  0.23461480E+01
     ITER =   12     OBJ =  0.24502694E+01
     ITER =   13     OBJ =  0.24142749E+01
     ITER =   14     OBJ =  0.24078762E+01
     ITER =   15     OBJ =  0.24101816E+01
     ITER =   16     OBJ =  0.24046570E+01
     ITER =   17     OBJ =  0.24100088E+01
     ITER =   18     OBJ =  0.24103052E+01
     ITER =   19     OBJ =  0.24302364E+01
     ITER =   20     OBJ =  0.24171637E+01
     ITER =   21     OBJ =  0.24172537E+01
     ITER =   22     OBJ =  0.24173369E+01
     ITER =   23     OBJ =  0.24173326E+01
     ITER =   24     OBJ =  0.24174301E+01
     ITER =   25     OBJ =  0.24174030E+01
     ITER =   26     OBJ =  0.24177834E+01
     ITER =   27     OBJ =  0.24177715E+01
     ITER =   28     OBJ =  0.24217515E+01
     ITER =   29     OBJ =  0.24205752E+01
     ITER =   30     OBJ =  0.24215223E+01
        NUMBER OF FUNC-CALLS:  NFUNC = 142
        NUMBER OF GRAD-CALLS:  NGRAD =  31
