



   ---------------------------------------------------------------------------
     START OF THE SEQUENTIAL LEAST SQUARES PROGRAMMING ALGORIT  
   ---------------------------------------------------------------------------

     PARAMETERS:
        ACC =   0.1000D-01
        MAXITER =500
        IPRINT =   1
IOUT =   6


     ITER =    1     OBJ =  0.12094755E+01
     ITER =    2     OBJ =  0.12382356E+01
     ITER =    3     OBJ =  0.12708675E+01
     ITER =    4     OBJ =  0.13971238E+01
     ITER =    5     OBJ =  0.16549606E+01
     ITER =    6     OBJ =  0.16805185E+01
     ITER =    7     OBJ =  0.18815022E+01
     ITER =    8     OBJ =  0.22429830E+01
     ITER =    9     OBJ =  0.24651455E+01
     ITER =   10     OBJ =  0.24873643E+01
     ITER =   11     OBJ =  0.26098913E+01
     ITER =   12     OBJ =  0.27125725E+01
     ITER =   13     OBJ =  0.30765420E+01
     ITER =   14     OBJ =  0.31846737E+01
     ITER =   15     OBJ =  0.32137910E+01
     ITER =   16     OBJ =  0.32137928E+01
     ITER =   17     OBJ =  0.33664060E+01
     ITER =   18     OBJ =  0.33784014E+01
     ITER =   19     OBJ =  0.33904511E+01
     ITER =   20     OBJ =  0.38403203E+01
     ITER =   21     OBJ =  0.38369848E+01
     ITER =   22     OBJ =  0.37599999E+01
     ITER =   23     OBJ =  0.38028934E+01
     ITER =   24     OBJ =  0.37393048E+01
     ITER =   25     OBJ =  0.37836193E+01
     ITER =   26     OBJ =  0.37849581E+01
     ITER =   27     OBJ =  0.37863219E+01
     ITER =   28     OBJ =  0.37895303E+01
     ITER =   29     OBJ =  0.41799137E+01
     ITER =   30     OBJ =  0.43033379E+01
