
 ==============================
 S N O P T  7.6.0    (Jan 2017)
 ==============================
 
 SNMEMB EXIT 100 -- finished successfully
 SNMEMB INFO 104 -- memory requirements estimated

 ==============================
 S N O P T  7.6.0    (Jan 2017)
 ==============================
 
 

 Nonlinear constraints       6     Linear constraints       0
 Nonlinear variables        10     Linear variables         0
 Jacobian  variables        10     Objective variables     10
 Total constraints           6     Total variables         10
 

 
 The user has defined      60   out of      60   constraint gradients.
 The user has defined      10   out of      10   objective  gradients.
 

 Major Minors     Step   nCon Feasible  Optimal  MeritFunction     nS Penalty
     0     10               1  1.2E-01  1.3E-02  2.7847615E+00      8           r
     1     12  1.0E+00      2  1.1E-01  3.3E-01  2.5838286E+00      3           r
     2     19  9.8E-05      6  1.1E-01  1.0E+00  2.5809129E+00      9         s
     3      2  8.9E-02      9  1.0E-01  3.7E-01  7.9106320E+00      8 8.5E+02
     4      9  3.5E-04     13  1.0E-01  2.3E-01  2.1166850E+02      6 3.5E+04
     5      4  1.0E+00     15  1.8E-01  1.1E+00  3.9867264E+02      7 3.4E+05  M
     6      7  1.0E+00     17  1.3E-01  2.6E-01  1.3543092E+02      8 5.9E+02  m
     7     11  1.0E+00     18  6.8E-02  1.1E+00  2.7762050E+00      8 3.5E+01
     7      1              23  6.8E-02  5.9E-01  2.7630821E+00      8           R
     7      3              27  6.8E-02  1.9E-01  2.7630821E+00      8           r
     8     10  1.0E+00     28  5.7E-02  4.4E-01  2.4031496E+00      9         s
     9      2  1.0E+00     29  3.6E-02  5.2E-01  2.6546761E+00      8 1.2E-02
     9      4              35  3.6E-02  2.8E-01  2.6546761E+00      9           R
     9      3              41  3.6E-02  2.3E-01  2.6546761E+00      9           r
 
 SNOPTC EXIT  40 -- terminated after numerical difficulties
 SNOPTC INFO  41 -- current point cannot be improved

 Problem name                 S
 No. of iterations                  97   Objective            2.7612679160E+00
 No. of major iterations             9   Linear    obj. term  0.0000000000E+00
 Penalty parameter           0.000E+00   Nonlinear obj. term  2.7612679160E+00
 User function calls (total)        49
 No. of superbasics                  9   No. of basic nonlinears             2
 No. of degenerate steps             0   Percentage                       0.00
 Max x                       5 1.1E+00   Max pi                      5 2.2E-01
 Max Primal infeas           0 0.0E+00   Max Dual infeas             4 4.7E+00
 Nonlinear constraint violn    3.9E-02
 
 

 Solution printed on file  18
 
 Time for MPS input                             0.00 seconds
 Time for solving problem                    8496.55 seconds
 Time for solution output                       0.00 seconds
 Time for constraint functions               8513.42 seconds
 Time for objective function                    0.00 seconds
