



   ---------------------------------------------------------------------------
     START OF THE SEQUENTIAL LEAST SQUARES PROGRAMMING ALGORIT  
   ---------------------------------------------------------------------------

     PARAMETERS:
        ACC =   0.1000D-02
        MAXITER =500
        IPRINT =   1
IOUT =   6


     ITER =    1     OBJ =  0.60009894E+00
     ITER =    2     OBJ =  0.70084132E+00
     ITER =    3     OBJ =  0.70337362E+00
     ITER =    4     OBJ =  0.82453063E+00
     ITER =    5     OBJ =  0.85226857E+00
     ITER =    6     OBJ =  0.85127098E+00
     ITER =    7     OBJ =  0.10051528E+01
     ITER =    8     OBJ =  0.10033315E+01
     ITER =    9     OBJ =  0.99450183E+00
     ITER =   10     OBJ =  0.98882042E+00
     ITER =   11     OBJ =  0.98854461E+00
     ITER =   12     OBJ =  0.98854461E+00
     ITER =   13     OBJ =  0.98854461E+00
     ITER =   14     OBJ =  0.98854461E+00
     ITER =   15     OBJ =  0.98854461E+00
     ITER =   16     OBJ =  0.98854461E+00
     ITER =   17     OBJ =  0.98854461E+00
     ITER =   18     OBJ =  0.99058461E+00
     ITER =   19     OBJ =  0.98970808E+00
     ITER =   20     OBJ =  0.98709784E+00
     ITER =   21     OBJ =  0.99168269E+00
     ITER =   22     OBJ =  0.99135177E+00
     ITER =   23     OBJ =  0.98706993E+00
     ITER =   24     OBJ =  0.98712085E+00
     ITER =   25     OBJ =  0.98824798E+00
     ITER =   26     OBJ =  0.98830744E+00
     ITER =   27     OBJ =  0.98867791E+00
     ITER =   28     OBJ =  0.98873263E+00
     ITER =   29     OBJ =  0.98877010E+00
     ITER =   30     OBJ =  0.98792744E+00
     ITER =   31     OBJ =  0.98793031E+00
     ITER =   32     OBJ =  0.98802494E+00
     ITER =   33     OBJ =  0.98803383E+00
     ITER =   34     OBJ =  0.98803383E+00
     ITER =   35     OBJ =  0.98902585E+00
     ITER =   36     OBJ =  0.98902670E+00
     ITER =   37     OBJ =  0.98902670E+00
     ITER =   38     OBJ =  0.98902670E+00
     ITER =   39     OBJ =  0.98902670E+00
     ITER =   40     OBJ =  0.98932737E+00
     ITER =   41     OBJ =  0.98910285E+00
     ITER =   42     OBJ =  0.98909172E+00
        NUMBER OF FUNC-CALLS:  NFUNC = 254
        NUMBER OF GRAD-CALLS:  NGRAD =  43
