



   ---------------------------------------------------------------------------
     START OF THE SEQUENTIAL LEAST SQUARES PROGRAMMING ALGORIT  
   ---------------------------------------------------------------------------

     PARAMETERS:
        ACC =   0.1000D-02
        MAXITER =500
        IPRINT =   1
IOUT =   6


     ITER =    1     OBJ =  0.75446977E+00
     ITER =    2     OBJ =  0.72114261E+00
     ITER =    3     OBJ =  0.76117022E+00
     ITER =    4     OBJ =  0.79677648E+00
     ITER =    5     OBJ =  0.91224006E+00
     ITER =    6     OBJ =  0.95380368E+00
     ITER =    7     OBJ =  0.95530308E+00
     ITER =    8     OBJ =  0.10829384E+01
     ITER =    9     OBJ =  0.13307817E+01
     ITER =   10     OBJ =  0.12344900E+01
     ITER =   11     OBJ =  0.12047428E+01
     ITER =   12     OBJ =  0.12091524E+01
     ITER =   13     OBJ =  0.12121266E+01
     ITER =   14     OBJ =  0.12131022E+01
     ITER =   15     OBJ =  0.12135759E+01
     ITER =   16     OBJ =  0.12174061E+01
     ITER =   17     OBJ =  0.12336648E+01
     ITER =   18     OBJ =  0.12514306E+01
     ITER =   19     OBJ =  0.12513506E+01
     ITER =   20     OBJ =  0.12452917E+01
     ITER =   21     OBJ =  0.12446750E+01
     ITER =   22     OBJ =  0.12428233E+01
        NUMBER OF FUNC-CALLS:  NFUNC =  73
        NUMBER OF GRAD-CALLS:  NGRAD =  23
