



   ---------------------------------------------------------------------------
     START OF THE SEQUENTIAL LEAST SQUARES PROGRAMMING ALGORIT  
   ---------------------------------------------------------------------------

     PARAMETERS:
        ACC =   0.1000D-05
        MAXITER =500
        IPRINT =   1
IOUT =   6


     ITER =    1     OBJ =  0.26288245E+01
     ITER =    2     OBJ =  0.21664877E+01
     ITER =    3     OBJ =  0.20955883E+01
     ITER =    4     OBJ =  0.21027213E+01
     ITER =    5     OBJ =  0.20024200E+01
     ITER =    6     OBJ =  0.21651847E+01
     ITER =    7     OBJ =  0.21523263E+01
     ITER =    8     OBJ =  0.21894106E+01
     ITER =    9     OBJ =  0.22849770E+01
     ITER =   10     OBJ =  0.22817514E+01
     ITER =   11     OBJ =  0.22771322E+01
     ITER =   12     OBJ =  0.22711983E+01
     ITER =   13     OBJ =  0.22623120E+01
     ITER =   14     OBJ =  0.22568376E+01
     ITER =   15     OBJ =  0.22505538E+01
     ITER =   16     OBJ =  0.22493795E+01
     ITER =   17     OBJ =  0.22492176E+01
     ITER =   18     OBJ =  0.22492285E+01
     ITER =   19     OBJ =  0.22492285E+01
     ITER =   20     OBJ =  0.22492285E+01
     ITER =   21     OBJ =  0.22492285E+01
     ITER =   22     OBJ =  0.22492285E+01
     ITER =   23     OBJ =  0.22492284E+01
     ITER =   24     OBJ =  0.22492285E+01
     ITER =   25     OBJ =  0.22492284E+01
     ITER =   26     OBJ =  0.22492284E+01
     ITER =   27     OBJ =  0.22492284E+01
     ITER =   28     OBJ =  0.22492281E+01
     ITER =   29     OBJ =  0.22492281E+01
     ITER =   30     OBJ =  0.22492281E+01
     ITER =   31     OBJ =  0.22492281E+01
     ITER =   32     OBJ =  0.22492275E+01
     ITER =   33     OBJ =  0.22492277E+01
     ITER =   34     OBJ =  0.22492276E+01
     ITER =   35     OBJ =  0.22492276E+01
     ITER =   36     OBJ =  0.22487303E+01
     ITER =   37     OBJ =  0.22491825E+01
     ITER =   38     OBJ =  0.22504419E+01
     ITER =   39     OBJ =  0.22508812E+01
     ITER =   40     OBJ =  0.22512991E+01
     ITER =   41     OBJ =  0.22518642E+01
     ITER =   43     OBJ =  0.21612845E+01
     ITER =   44     OBJ =  0.21754853E+01
     ITER =   45     OBJ =  0.20925023E+01
     ITER =   46     OBJ =  0.21370510E+01
     ITER =   47     OBJ =  0.21111589E+01
     ITER =   48     OBJ =  0.21216917E+01
     ITER =   49     OBJ =  0.21193853E+01
     ITER =   50     OBJ =  0.21175662E+01
     ITER =   51     OBJ =  0.21181223E+01
     ITER =   52     OBJ =  0.20924215E+01
        NUMBER OF FUNC-CALLS:  NFUNC = 330
        NUMBER OF GRAD-CALLS:  NGRAD =  52
