



   ---------------------------------------------------------------------------
     START OF THE SEQUENTIAL LEAST SQUARES PROGRAMMING ALGORIT  
   ---------------------------------------------------------------------------

     PARAMETERS:
        ACC =   0.1000D-02
        MAXITER =500
        IPRINT =   1
IOUT =   6


     ITER =    1     OBJ =  0.15964727E+01
     ITER =    2     OBJ =  0.15774823E+01
     ITER =    3     OBJ =  0.15850130E+01
     ITER =    4     OBJ =  0.15612327E+01
     ITER =    5     OBJ =  0.16125474E+01
     ITER =    6     OBJ =  0.15379343E+01
     ITER =    7     OBJ =  0.16344187E+01
     ITER =    8     OBJ =  0.16503861E+01
     ITER =    9     OBJ =  0.16531246E+01
     ITER =   10     OBJ =  0.16531244E+01
     ITER =   11     OBJ =  0.16520201E+01
     ITER =   12     OBJ =  0.16515818E+01
     ITER =   13     OBJ =  0.16457344E+01
     ITER =   14     OBJ =  0.15620511E+01
     ITER =   15     OBJ =  0.15798168E+01
     ITER =   16     OBJ =  0.16565062E+01
     ITER =   17     OBJ =  0.16641971E+01
     ITER =   18     OBJ =  0.15941582E+01
     ITER =   19     OBJ =  0.16038788E+01
     ITER =   20     OBJ =  0.16097160E+01
     ITER =   21     OBJ =  0.16158307E+01
     ITER =   22     OBJ =  0.16187850E+01
     ITER =   23     OBJ =  0.16445965E+01
     ITER =   24     OBJ =  0.16221377E+01
        NUMBER OF FUNC-CALLS:  NFUNC = 106
        NUMBER OF GRAD-CALLS:  NGRAD =  25
