



   ---------------------------------------------------------------------------
     START OF THE SEQUENTIAL LEAST SQUARES PROGRAMMING ALGORIT  
   ---------------------------------------------------------------------------

     PARAMETERS:
        ACC =   0.1000D-01
        MAXITER =500
        IPRINT =   1
IOUT =   6


     ITER =    1     OBJ =  0.69377549E+00
     ITER =    2     OBJ =  0.78388306E+00
     ITER =    3     OBJ =  0.81724705E+00
     ITER =    4     OBJ =  0.82592538E+00
     ITER =    5     OBJ =  0.91994579E+00
     ITER =    6     OBJ =  0.97503578E+00
     ITER =    7     OBJ =  0.97685557E+00
     ITER =    8     OBJ =  0.11476059E+01
     ITER =    9     OBJ =  0.12012676E+01
     ITER =   10     OBJ =  0.11956833E+01
     ITER =   11     OBJ =  0.11756444E+01
     ITER =   12     OBJ =  0.11285387E+01
     ITER =   13     OBJ =  0.11294873E+01
     ITER =   14     OBJ =  0.11248683E+01
     ITER =   15     OBJ =  0.11273622E+01
     ITER =   16     OBJ =  0.11378788E+01
     ITER =   17     OBJ =  0.11418627E+01
     ITER =   18     OBJ =  0.11438269E+01
        NUMBER OF FUNC-CALLS:  NFUNC =  62
        NUMBER OF GRAD-CALLS:  NGRAD =  19
