



   ---------------------------------------------------------------------------
     START OF THE SEQUENTIAL LEAST SQUARES PROGRAMMING ALGORIT  
   ---------------------------------------------------------------------------

     PARAMETERS:
        ACC =   0.1000D-02
        MAXITER =500
        IPRINT =   1
IOUT =   6


     ITER =    1     OBJ =  0.25882412E+01
     ITER =    2     OBJ =  0.23071982E+01
     ITER =    3     OBJ =  0.22671622E+01
     ITER =    4     OBJ =  0.22307990E+01
     ITER =    5     OBJ =  0.24180712E+01
     ITER =    6     OBJ =  0.23792525E+01
     ITER =    7     OBJ =  0.23903698E+01
     ITER =    8     OBJ =  0.23064339E+01
     ITER =    9     OBJ =  0.23520967E+01
     ITER =   10     OBJ =  0.23616407E+01
     ITER =   11     OBJ =  0.23688812E+01
     ITER =   12     OBJ =  0.23645446E+01
     ITER =   13     OBJ =  0.23856746E+01
     ITER =   14     OBJ =  0.23817666E+01
     ITER =   15     OBJ =  0.23888086E+01
     ITER =   16     OBJ =  0.23280945E+01
     ITER =   17     OBJ =  0.23814980E+01
     ITER =   18     OBJ =  0.23381859E+01
     ITER =   19     OBJ =  0.23449056E+01
     ITER =   20     OBJ =  0.23562937E+01
     ITER =   21     OBJ =  0.23766096E+01
        NUMBER OF FUNC-CALLS:  NFUNC =  95
        NUMBER OF GRAD-CALLS:  NGRAD =  22
