



   ---------------------------------------------------------------------------
     START OF THE SEQUENTIAL LEAST SQUARES PROGRAMMING ALGORIT  
   ---------------------------------------------------------------------------

     PARAMETERS:
        ACC =   0.1000D-05
        MAXITER =500
        IPRINT =   1
IOUT =   6


     ITER =    1     OBJ =  0.23720832E+00
     ITER =    2     OBJ =  0.23800477E+00
     ITER =    3     OBJ =  0.24141973E+00
     ITER =    4     OBJ =  0.24044750E+00
     ITER =    5     OBJ =  0.24113743E+00
     ITER =    6     OBJ =  0.24751515E+00
     ITER =    7     OBJ =  0.24800331E+00
     ITER =    8     OBJ =  0.25424776E+00
     ITER =    9     OBJ =  0.25426878E+00
     ITER =   10     OBJ =  0.25253930E+00
     ITER =   11     OBJ =  0.25030553E+00
     ITER =   12     OBJ =  0.25005041E+00
     ITER =   13     OBJ =  0.24956835E+00
     ITER =   14     OBJ =  0.24971178E+00
     ITER =   15     OBJ =  0.24971863E+00
     ITER =   16     OBJ =  0.24961925E+00
     ITER =   17     OBJ =  0.24946363E+00
     ITER =   18     OBJ =  0.24944953E+00
     ITER =   19     OBJ =  0.24941747E+00
     ITER =   20     OBJ =  0.24940513E+00
     ITER =   21     OBJ =  0.24939181E+00
     ITER =   22     OBJ =  0.24939206E+00
     ITER =   23     OBJ =  0.24939205E+00
     ITER =   24     OBJ =  0.24939204E+00
     ITER =   25     OBJ =  0.24939204E+00
     ITER =   26     OBJ =  0.24939204E+00
     ITER =   27     OBJ =  0.24939204E+00
     ITER =   28     OBJ =  0.24939204E+00
     ITER =   29     OBJ =  0.24939204E+00
     ITER =   30     OBJ =  0.24939204E+00
     ITER =   31     OBJ =  0.24939204E+00
     ITER =   32     OBJ =  0.24939204E+00
     ITER =   33     OBJ =  0.24939204E+00
     ITER =   34     OBJ =  0.24939204E+00
     ITER =   35     OBJ =  0.24939204E+00
     ITER =   36     OBJ =  0.24939204E+00
     ITER =   37     OBJ =  0.24939204E+00
     ITER =   38     OBJ =  0.24939204E+00
     ITER =   39     OBJ =  0.24939204E+00
     ITER =   40     OBJ =  0.24939204E+00
     ITER =   41     OBJ =  0.24939204E+00
     ITER =   42     OBJ =  0.24939204E+00
     ITER =   43     OBJ =  0.24939204E+00
     ITER =   44     OBJ =  0.24939203E+00
     ITER =   45     OBJ =  0.24939203E+00
     ITER =   46     OBJ =  0.24939203E+00
     ITER =   47     OBJ =  0.24939203E+00
     ITER =   48     OBJ =  0.24939203E+00
     ITER =   49     OBJ =  0.24939203E+00
     ITER =   50     OBJ =  0.24939202E+00
     ITER =   51     OBJ =  0.24939202E+00
     ITER =   52     OBJ =  0.24939202E+00
     ITER =   53     OBJ =  0.24939201E+00
     ITER =   54     OBJ =  0.24939201E+00
     ITER =   55     OBJ =  0.24939201E+00
     ITER =   56     OBJ =  0.24939200E+00
     ITER =   57     OBJ =  0.24939200E+00
     ITER =   58     OBJ =  0.24939200E+00
     ITER =   59     OBJ =  0.24939199E+00
     ITER =   60     OBJ =  0.24939199E+00
     ITER =   61     OBJ =  0.24939198E+00
     ITER =   62     OBJ =  0.24939198E+00
     ITER =   63     OBJ =  0.24939197E+00
     ITER =   64     OBJ =  0.24939197E+00
     ITER =   65     OBJ =  0.24939196E+00
     ITER =   66     OBJ =  0.24939195E+00
     ITER =   67     OBJ =  0.24939195E+00
     ITER =   68     OBJ =  0.24939194E+00
     ITER =   69     OBJ =  0.24939193E+00
     ITER =   70     OBJ =  0.24939192E+00
     ITER =   71     OBJ =  0.24939192E+00
     ITER =   72     OBJ =  0.24939191E+00
     ITER =   73     OBJ =  0.24939190E+00
     ITER =   74     OBJ =  0.24939189E+00
     ITER =   75     OBJ =  0.24939188E+00
     ITER =   76     OBJ =  0.24939187E+00
     ITER =   77     OBJ =  0.24939186E+00
     ITER =   78     OBJ =  0.24939185E+00
     ITER =   79     OBJ =  0.24939184E+00
     ITER =   80     OBJ =  0.24939183E+00
     ITER =   81     OBJ =  0.24939182E+00
     ITER =   82     OBJ =  0.24939181E+00
     ITER =   83     OBJ =  0.24939179E+00
     ITER =   84     OBJ =  0.24939178E+00
     ITER =   85     OBJ =  0.24939177E+00
     ITER =   86     OBJ =  0.24939176E+00
     ITER =   87     OBJ =  0.24939174E+00
     ITER =   88     OBJ =  0.24939173E+00
     ITER =   89     OBJ =  0.24939171E+00
     ITER =   90     OBJ =  0.24939170E+00
     ITER =   91     OBJ =  0.24939168E+00
     ITER =   92     OBJ =  0.24939167E+00
     ITER =   93     OBJ =  0.24939165E+00
     ITER =   94     OBJ =  0.24939164E+00
     ITER =   95     OBJ =  0.24939162E+00
     ITER =   96     OBJ =  0.24939160E+00
     ITER =   97     OBJ =  0.24939158E+00
     ITER =   98     OBJ =  0.24939157E+00
     ITER =   99     OBJ =  0.24939155E+00
     ITER =  100     OBJ =  0.24939153E+00
     ITER =  101     OBJ =  0.24939151E+00
     ITER =  102     OBJ =  0.24939150E+00
     ITER =  103     OBJ =  0.24939148E+00
     ITER =  104     OBJ =  0.24939146E+00
     ITER =  105     OBJ =  0.24939144E+00
     ITER =  106     OBJ =  0.24939142E+00
     ITER =  107     OBJ =  0.24939140E+00
     ITER =  108     OBJ =  0.24939138E+00
     ITER =  109     OBJ =  0.24939137E+00
     ITER =  110     OBJ =  0.24939135E+00
     ITER =  111     OBJ =  0.24939133E+00
     ITER =  112     OBJ =  0.24939131E+00
     ITER =  113     OBJ =  0.24939129E+00
     ITER =  114     OBJ =  0.24939127E+00
     ITER =  115     OBJ =  0.24939125E+00
     ITER =  116     OBJ =  0.24939123E+00
     ITER =  117     OBJ =  0.24939121E+00
     ITER =  118     OBJ =  0.24939119E+00
     ITER =  119     OBJ =  0.24939117E+00
     ITER =  120     OBJ =  0.24939115E+00
     ITER =  121     OBJ =  0.24939113E+00
     ITER =  122     OBJ =  0.24939111E+00
     ITER =  123     OBJ =  0.24939109E+00
     ITER =  124     OBJ =  0.24939107E+00
     ITER =  125     OBJ =  0.24939105E+00
     ITER =  126     OBJ =  0.24939103E+00
     ITER =  127     OBJ =  0.24939100E+00
     ITER =  128     OBJ =  0.24939098E+00
     ITER =  129     OBJ =  0.24939096E+00
     ITER =  130     OBJ =  0.24939094E+00
     ITER =  131     OBJ =  0.24939092E+00
     ITER =  132     OBJ =  0.24939090E+00
     ITER =  133     OBJ =  0.24939088E+00
     ITER =  134     OBJ =  0.24939086E+00
     ITER =  135     OBJ =  0.24939084E+00
     ITER =  136     OBJ =  0.24939081E+00
     ITER =  137     OBJ =  0.24939079E+00
     ITER =  138     OBJ =  0.24939077E+00
     ITER =  139     OBJ =  0.24939075E+00
     ITER =  140     OBJ =  0.24939073E+00
     ITER =  141     OBJ =  0.24939071E+00
     ITER =  142     OBJ =  0.24939068E+00
     ITER =  143     OBJ =  0.24939066E+00
     ITER =  144     OBJ =  0.24939064E+00
     ITER =  145     OBJ =  0.24939062E+00
     ITER =  146     OBJ =  0.24939060E+00
     ITER =  147     OBJ =  0.24939057E+00
     ITER =  148     OBJ =  0.24939055E+00
     ITER =  149     OBJ =  0.24939053E+00
     ITER =  150     OBJ =  0.24939051E+00
     ITER =  151     OBJ =  0.24939049E+00
     ITER =  152     OBJ =  0.24939046E+00
     ITER =  153     OBJ =  0.24939044E+00
     ITER =  154     OBJ =  0.24939042E+00
     ITER =  155     OBJ =  0.24939040E+00
     ITER =  156     OBJ =  0.24939037E+00
     ITER =  157     OBJ =  0.24939035E+00
     ITER =  158     OBJ =  0.24939033E+00
     ITER =  159     OBJ =  0.24939031E+00
     ITER =  160     OBJ =  0.24939028E+00
     ITER =  161     OBJ =  0.24939026E+00
     ITER =  162     OBJ =  0.24939024E+00
     ITER =  163     OBJ =  0.24939022E+00
     ITER =  164     OBJ =  0.24939019E+00
     ITER =  165     OBJ =  0.24939017E+00
     ITER =  166     OBJ =  0.24939015E+00
     ITER =  167     OBJ =  0.24939012E+00
     ITER =  168     OBJ =  0.24939010E+00
     ITER =  169     OBJ =  0.24939008E+00
     ITER =  170     OBJ =  0.24939005E+00
     ITER =  171     OBJ =  0.24939003E+00
     ITER =  172     OBJ =  0.24939001E+00
     ITER =  173     OBJ =  0.24938999E+00
     ITER =  174     OBJ =  0.24938996E+00
     ITER =  175     OBJ =  0.24938994E+00
     ITER =  176     OBJ =  0.24938992E+00
     ITER =  177     OBJ =  0.24938989E+00
     ITER =  178     OBJ =  0.24938987E+00
     ITER =  179     OBJ =  0.24938985E+00
     ITER =  180     OBJ =  0.24938982E+00
     ITER =  181     OBJ =  0.24938980E+00
     ITER =  182     OBJ =  0.24938978E+00
     ITER =  183     OBJ =  0.24938975E+00
     ITER =  184     OBJ =  0.24938973E+00
     ITER =  185     OBJ =  0.24938971E+00
     ITER =  186     OBJ =  0.24938968E+00
     ITER =  187     OBJ =  0.24938966E+00
     ITER =  188     OBJ =  0.24938964E+00
     ITER =  189     OBJ =  0.24938961E+00
     ITER =  190     OBJ =  0.24938959E+00
     ITER =  191     OBJ =  0.24938957E+00
     ITER =  192     OBJ =  0.24938954E+00
     ITER =  193     OBJ =  0.24938952E+00
     ITER =  194     OBJ =  0.24938950E+00
     ITER =  195     OBJ =  0.24938947E+00
     ITER =  196     OBJ =  0.24938945E+00
     ITER =  197     OBJ =  0.24938943E+00
     ITER =  198     OBJ =  0.24938940E+00
     ITER =  199     OBJ =  0.24938938E+00
     ITER =  200     OBJ =  0.24938936E+00
     ITER =  201     OBJ =  0.24938933E+00
     ITER =  202     OBJ =  0.24938931E+00
     ITER =  203     OBJ =  0.24938928E+00
     ITER =  204     OBJ =  0.24938926E+00
     ITER =  205     OBJ =  0.24938924E+00
     ITER =  206     OBJ =  0.24938921E+00
     ITER =  207     OBJ =  0.24938919E+00
     ITER =  208     OBJ =  0.24938917E+00
     ITER =  209     OBJ =  0.24938914E+00
     ITER =  210     OBJ =  0.24938912E+00
     ITER =  211     OBJ =  0.24938910E+00
     ITER =  212     OBJ =  0.24938907E+00
     ITER =  213     OBJ =  0.24938905E+00
     ITER =  214     OBJ =  0.24938902E+00
     ITER =  215     OBJ =  0.24938900E+00
     ITER =  216     OBJ =  0.24938898E+00
     ITER =  217     OBJ =  0.24938895E+00
     ITER =  218     OBJ =  0.24938893E+00
     ITER =  219     OBJ =  0.24938891E+00
     ITER =  220     OBJ =  0.24938888E+00
     ITER =  221     OBJ =  0.24938886E+00
     ITER =  222     OBJ =  0.24938883E+00
     ITER =  223     OBJ =  0.24938881E+00
     ITER =  224     OBJ =  0.24938879E+00
     ITER =  225     OBJ =  0.24938876E+00
     ITER =  226     OBJ =  0.24938874E+00
     ITER =  227     OBJ =  0.24938872E+00
     ITER =  228     OBJ =  0.24938869E+00
     ITER =  229     OBJ =  0.24938867E+00
     ITER =  230     OBJ =  0.24938865E+00
     ITER =  231     OBJ =  0.24938862E+00
     ITER =  232     OBJ =  0.24938860E+00
     ITER =  233     OBJ =  0.24938857E+00
     ITER =  234     OBJ =  0.24938855E+00
     ITER =  235     OBJ =  0.24938853E+00
     ITER =  236     OBJ =  0.24938850E+00
     ITER =  237     OBJ =  0.24938848E+00
     ITER =  238     OBJ =  0.24938846E+00
     ITER =  239     OBJ =  0.24938843E+00
     ITER =  240     OBJ =  0.24938841E+00
     ITER =  241     OBJ =  0.24938838E+00
     ITER =  242     OBJ =  0.24938836E+00
     ITER =  243     OBJ =  0.24938834E+00
     ITER =  244     OBJ =  0.24938831E+00
     ITER =  245     OBJ =  0.24938829E+00
     ITER =  246     OBJ =  0.24938827E+00
     ITER =  247     OBJ =  0.24938824E+00
     ITER =  248     OBJ =  0.24938822E+00
     ITER =  249     OBJ =  0.24938819E+00
     ITER =  250     OBJ =  0.24938817E+00
     ITER =  251     OBJ =  0.24938815E+00
     ITER =  252     OBJ =  0.24938812E+00
     ITER =  253     OBJ =  0.24938810E+00
     ITER =  254     OBJ =  0.24938808E+00
     ITER =  255     OBJ =  0.24938805E+00
     ITER =  256     OBJ =  0.24938803E+00
     ITER =  257     OBJ =  0.24938801E+00
     ITER =  258     OBJ =  0.24938798E+00
     ITER =  259     OBJ =  0.24938796E+00
     ITER =  260     OBJ =  0.24938794E+00
     ITER =  261     OBJ =  0.24938791E+00
     ITER =  262     OBJ =  0.24938789E+00
     ITER =  263     OBJ =  0.24938786E+00
     ITER =  264     OBJ =  0.24938784E+00
     ITER =  265     OBJ =  0.24938782E+00
     ITER =  266     OBJ =  0.24938779E+00
     ITER =  267     OBJ =  0.24938777E+00
     ITER =  268     OBJ =  0.24938775E+00
     ITER =  269     OBJ =  0.24938772E+00
     ITER =  270     OBJ =  0.24938770E+00
     ITER =  271     OBJ =  0.24938768E+00
     ITER =  272     OBJ =  0.24938765E+00
     ITER =  273     OBJ =  0.24938763E+00
     ITER =  274     OBJ =  0.24938761E+00
     ITER =  275     OBJ =  0.24938758E+00
     ITER =  276     OBJ =  0.24938756E+00
     ITER =  277     OBJ =  0.24938753E+00
     ITER =  278     OBJ =  0.24938751E+00
     ITER =  279     OBJ =  0.24938749E+00
     ITER =  280     OBJ =  0.24938746E+00
     ITER =  281     OBJ =  0.24938744E+00
     ITER =  282     OBJ =  0.24938742E+00
     ITER =  283     OBJ =  0.24938739E+00
     ITER =  284     OBJ =  0.24938737E+00
     ITER =  285     OBJ =  0.24938735E+00
     ITER =  286     OBJ =  0.24938732E+00
     ITER =  287     OBJ =  0.24938730E+00
     ITER =  288     OBJ =  0.24938727E+00
     ITER =  289     OBJ =  0.24938725E+00
     ITER =  290     OBJ =  0.24938723E+00
     ITER =  291     OBJ =  0.24938720E+00
     ITER =  292     OBJ =  0.24938718E+00
     ITER =  293     OBJ =  0.24938716E+00
     ITER =  294     OBJ =  0.24938713E+00
     ITER =  295     OBJ =  0.24938711E+00
     ITER =  296     OBJ =  0.24938708E+00
     ITER =  297     OBJ =  0.24938706E+00
     ITER =  298     OBJ =  0.24938703E+00
     ITER =  299     OBJ =  0.24938701E+00
     ITER =  300     OBJ =  0.24938699E+00
     ITER =  301     OBJ =  0.24938696E+00
     ITER =  302     OBJ =  0.24938694E+00
     ITER =  303     OBJ =  0.24938691E+00
     ITER =  304     OBJ =  0.24938689E+00
     ITER =  305     OBJ =  0.24938687E+00
     ITER =  306     OBJ =  0.24938684E+00
     ITER =  307     OBJ =  0.24938682E+00
     ITER =  308     OBJ =  0.24938679E+00
     ITER =  309     OBJ =  0.24938677E+00
     ITER =  310     OBJ =  0.24938674E+00
     ITER =  311     OBJ =  0.24938672E+00
     ITER =  312     OBJ =  0.24938669E+00
     ITER =  313     OBJ =  0.24938667E+00
     ITER =  314     OBJ =  0.24938665E+00
     ITER =  315     OBJ =  0.24938662E+00
     ITER =  316     OBJ =  0.24938660E+00
     ITER =  317     OBJ =  0.24938657E+00
     ITER =  318     OBJ =  0.24938655E+00
     ITER =  319     OBJ =  0.24938652E+00
     ITER =  320     OBJ =  0.24938650E+00
     ITER =  321     OBJ =  0.24938647E+00
     ITER =  322     OBJ =  0.24938645E+00
     ITER =  323     OBJ =  0.24938642E+00
     ITER =  324     OBJ =  0.24938640E+00
     ITER =  325     OBJ =  0.24938637E+00
     ITER =  326     OBJ =  0.24938635E+00
     ITER =  327     OBJ =  0.24938632E+00
     ITER =  328     OBJ =  0.24938630E+00
     ITER =  329     OBJ =  0.24938627E+00
     ITER =  330     OBJ =  0.24938625E+00
     ITER =  331     OBJ =  0.24938622E+00
     ITER =  332     OBJ =  0.24938620E+00
     ITER =  333     OBJ =  0.24938617E+00
     ITER =  334     OBJ =  0.24938615E+00
     ITER =  335     OBJ =  0.24938612E+00
     ITER =  336     OBJ =  0.24938610E+00
     ITER =  337     OBJ =  0.24938607E+00
     ITER =  338     OBJ =  0.24938605E+00
     ITER =  339     OBJ =  0.24938602E+00
     ITER =  340     OBJ =  0.24938600E+00
     ITER =  341     OBJ =  0.24938597E+00
     ITER =  342     OBJ =  0.24938595E+00
     ITER =  343     OBJ =  0.24938592E+00
     ITER =  344     OBJ =  0.24938589E+00
     ITER =  345     OBJ =  0.24938587E+00
     ITER =  346     OBJ =  0.24938584E+00
     ITER =  347     OBJ =  0.24938582E+00
     ITER =  348     OBJ =  0.24938579E+00
     ITER =  349     OBJ =  0.24938577E+00
     ITER =  350     OBJ =  0.24938574E+00
     ITER =  351     OBJ =  0.24938572E+00
     ITER =  352     OBJ =  0.24938569E+00
     ITER =  353     OBJ =  0.24938567E+00
     ITER =  354     OBJ =  0.24938564E+00
     ITER =  355     OBJ =  0.24938562E+00
     ITER =  356     OBJ =  0.24938559E+00
     ITER =  357     OBJ =  0.24938557E+00
     ITER =  358     OBJ =  0.24938554E+00
     ITER =  359     OBJ =  0.24938552E+00
     ITER =  360     OBJ =  0.24938549E+00
     ITER =  361     OBJ =  0.24938547E+00
     ITER =  362     OBJ =  0.24938544E+00
     ITER =  363     OBJ =  0.24938542E+00
     ITER =  364     OBJ =  0.24938539E+00
     ITER =  365     OBJ =  0.24938536E+00
     ITER =  366     OBJ =  0.24938534E+00
     ITER =  367     OBJ =  0.24938531E+00
     ITER =  368     OBJ =  0.24938529E+00
     ITER =  369     OBJ =  0.24938526E+00
     ITER =  370     OBJ =  0.24938524E+00
     ITER =  371     OBJ =  0.24938521E+00
     ITER =  372     OBJ =  0.24938519E+00
     ITER =  373     OBJ =  0.24938516E+00
     ITER =  374     OBJ =  0.24938514E+00
     ITER =  375     OBJ =  0.24938512E+00
     ITER =  376     OBJ =  0.24938509E+00
     ITER =  377     OBJ =  0.24938507E+00
     ITER =  378     OBJ =  0.24938504E+00
     ITER =  379     OBJ =  0.24938502E+00
     ITER =  380     OBJ =  0.24938499E+00
     ITER =  381     OBJ =  0.24938497E+00
     ITER =  382     OBJ =  0.24938494E+00
     ITER =  383     OBJ =  0.24938492E+00
     ITER =  384     OBJ =  0.24938489E+00
     ITER =  385     OBJ =  0.24938487E+00
     ITER =  386     OBJ =  0.24938484E+00
     ITER =  387     OBJ =  0.24938482E+00
     ITER =  388     OBJ =  0.24938479E+00
     ITER =  389     OBJ =  0.24938477E+00
     ITER =  390     OBJ =  0.24938474E+00
     ITER =  391     OBJ =  0.24938472E+00
     ITER =  392     OBJ =  0.24938469E+00
     ITER =  393     OBJ =  0.24938467E+00
     ITER =  394     OBJ =  0.24938465E+00
     ITER =  395     OBJ =  0.24938462E+00
     ITER =  396     OBJ =  0.24938460E+00
     ITER =  397     OBJ =  0.24938457E+00
     ITER =  398     OBJ =  0.24938455E+00
     ITER =  399     OBJ =  0.24938452E+00
     ITER =  400     OBJ =  0.24938450E+00
     ITER =  401     OBJ =  0.24938447E+00
     ITER =  402     OBJ =  0.24938445E+00
     ITER =  403     OBJ =  0.24938443E+00
     ITER =  404     OBJ =  0.24938440E+00
     ITER =  405     OBJ =  0.24938438E+00
     ITER =  406     OBJ =  0.24938435E+00
     ITER =  407     OBJ =  0.24938433E+00
     ITER =  408     OBJ =  0.24938430E+00
     ITER =  409     OBJ =  0.24938428E+00
     ITER =  410     OBJ =  0.24938426E+00
     ITER =  411     OBJ =  0.24938423E+00
     ITER =  412     OBJ =  0.24938421E+00
     ITER =  413     OBJ =  0.24938418E+00
     ITER =  414     OBJ =  0.24938416E+00
     ITER =  415     OBJ =  0.24938414E+00
     ITER =  416     OBJ =  0.24938411E+00
     ITER =  417     OBJ =  0.24938409E+00
     ITER =  418     OBJ =  0.24938406E+00
     ITER =  419     OBJ =  0.24938404E+00
     ITER =  420     OBJ =  0.24938402E+00
     ITER =  421     OBJ =  0.24938399E+00
     ITER =  422     OBJ =  0.24938397E+00
     ITER =  423     OBJ =  0.24938394E+00
     ITER =  424     OBJ =  0.24938392E+00
     ITER =  425     OBJ =  0.24938390E+00
     ITER =  426     OBJ =  0.24938387E+00
     ITER =  427     OBJ =  0.24938385E+00
     ITER =  428     OBJ =  0.24938382E+00
     ITER =  429     OBJ =  0.24938380E+00
     ITER =  430     OBJ =  0.24938378E+00
     ITER =  431     OBJ =  0.24938375E+00
     ITER =  432     OBJ =  0.24938373E+00
     ITER =  433     OBJ =  0.24938371E+00
     ITER =  434     OBJ =  0.24938368E+00
     ITER =  435     OBJ =  0.24938366E+00
     ITER =  436     OBJ =  0.24938363E+00
     ITER =  437     OBJ =  0.24938361E+00
     ITER =  438     OBJ =  0.24938359E+00
     ITER =  439     OBJ =  0.24938356E+00
     ITER =  440     OBJ =  0.24938354E+00
     ITER =  441     OBJ =  0.24938352E+00
     ITER =  442     OBJ =  0.24938349E+00
     ITER =  443     OBJ =  0.24938347E+00
     ITER =  444     OBJ =  0.24938345E+00
     ITER =  445     OBJ =  0.24938342E+00
     ITER =  446     OBJ =  0.24938340E+00
     ITER =  447     OBJ =  0.24938338E+00
     ITER =  448     OBJ =  0.24938335E+00
     ITER =  449     OBJ =  0.24938333E+00
     ITER =  450     OBJ =  0.24938331E+00
     ITER =  451     OBJ =  0.24938328E+00
     ITER =  452     OBJ =  0.24938326E+00
     ITER =  453     OBJ =  0.24938324E+00
     ITER =  454     OBJ =  0.24938321E+00
     ITER =  455     OBJ =  0.24938319E+00
     ITER =  456     OBJ =  0.24938317E+00
     ITER =  457     OBJ =  0.24938314E+00
     ITER =  458     OBJ =  0.24938312E+00
     ITER =  459     OBJ =  0.24938310E+00
     ITER =  460     OBJ =  0.24938307E+00
     ITER =  461     OBJ =  0.24938305E+00
     ITER =  462     OBJ =  0.24938303E+00
     ITER =  463     OBJ =  0.24938300E+00
     ITER =  464     OBJ =  0.24938298E+00
     ITER =  465     OBJ =  0.24938296E+00
     ITER =  466     OBJ =  0.24938294E+00
     ITER =  467     OBJ =  0.24938291E+00
     ITER =  468     OBJ =  0.24938289E+00
     ITER =  469     OBJ =  0.24938287E+00
     ITER =  470     OBJ =  0.24938284E+00
     ITER =  471     OBJ =  0.24938282E+00
     ITER =  472     OBJ =  0.24938280E+00
     ITER =  473     OBJ =  0.24938278E+00
     ITER =  474     OBJ =  0.24938275E+00
     ITER =  475     OBJ =  0.24938273E+00
     ITER =  476     OBJ =  0.24938271E+00
     ITER =  477     OBJ =  0.24938269E+00
     ITER =  478     OBJ =  0.24938266E+00
     ITER =  479     OBJ =  0.24938264E+00
     ITER =  480     OBJ =  0.24938262E+00
     ITER =  481     OBJ =  0.24938260E+00
     ITER =  482     OBJ =  0.24938257E+00
     ITER =  483     OBJ =  0.24938255E+00
     ITER =  484     OBJ =  0.24938253E+00
     ITER =  485     OBJ =  0.24938251E+00
     ITER =  486     OBJ =  0.24938248E+00
     ITER =  487     OBJ =  0.24938246E+00
     ITER =  488     OBJ =  0.24938244E+00
     ITER =  489     OBJ =  0.24938242E+00
     ITER =  490     OBJ =  0.24938239E+00
     ITER =  491     OBJ =  0.24938237E+00
     ITER =  492     OBJ =  0.24938235E+00
     ITER =  493     OBJ =  0.24938233E+00
     ITER =  494     OBJ =  0.24938230E+00
     ITER =  495     OBJ =  0.24938228E+00
     ITER =  496     OBJ =  0.24938226E+00
     ITER =  497     OBJ =  0.24938224E+00
     ITER =  498     OBJ =  0.24938222E+00
     ITER =  499     OBJ =  0.24938219E+00
     ITER =  500     OBJ =  0.24938217E+00
        NUMBER OF FUNC-CALLS:  NFUNC =5313
        NUMBER OF GRAD-CALLS:  NGRAD = 501
