



   ---------------------------------------------------------------------------
     START OF THE SEQUENTIAL LEAST SQUARES PROGRAMMING ALGORIT  
   ---------------------------------------------------------------------------

     PARAMETERS:
        ACC =   0.1000D-02
        MAXITER =500
        IPRINT =   1
IOUT =   6


     ITER =    1     OBJ =  0.59032075E+00
     ITER =    2     OBJ =  0.44550929E+00
     ITER =    3     OBJ =  0.44890587E+00
     ITER =    4     OBJ =  0.49078753E+00
     ITER =    5     OBJ =  0.61847758E+00
     ITER =    6     OBJ =  0.65622046E+00
     ITER =    7     OBJ =  0.73183841E+00
     ITER =    8     OBJ =  0.74226756E+00
     ITER =    9     OBJ =  0.74877639E+00
     ITER =   10     OBJ =  0.74843222E+00
     ITER =   11     OBJ =  0.74749314E+00
     ITER =   12     OBJ =  0.74532576E+00
     ITER =   13     OBJ =  0.74215753E+00
     ITER =   14     OBJ =  0.74313735E+00
     ITER =   15     OBJ =  0.73786569E+00
     ITER =   16     OBJ =  0.73641366E+00
     ITER =   17     OBJ =  0.73570200E+00
     ITER =   18     OBJ =  0.73609638E+00
     ITER =   19     OBJ =  0.73559705E+00
     ITER =   20     OBJ =  0.73547950E+00
     ITER =   21     OBJ =  0.73530855E+00
     ITER =   22     OBJ =  0.73490695E+00
     ITER =   23     OBJ =  0.73469857E+00
     ITER =   24     OBJ =  0.73466527E+00
     ITER =   25     OBJ =  0.73479488E+00
     ITER =   26     OBJ =  0.73478345E+00
     ITER =   27     OBJ =  0.73477984E+00
     ITER =   28     OBJ =  0.73476698E+00
     ITER =   29     OBJ =  0.73476773E+00
     ITER =   30     OBJ =  0.73475492E+00
     ITER =   31     OBJ =  0.73471540E+00
     ITER =   32     OBJ =  0.73466288E+00
     ITER =   33     OBJ =  0.73460340E+00
     ITER =   34     OBJ =  0.73454483E+00
     ITER =   35     OBJ =  0.73447722E+00
     ITER =   36     OBJ =  0.73441752E+00
     ITER =   37     OBJ =  0.73434142E+00
     ITER =   38     OBJ =  0.73430323E+00
     ITER =   39     OBJ =  0.73426784E+00
     ITER =   40     OBJ =  0.73421623E+00
     ITER =   41     OBJ =  0.73424736E+00
     ITER =   42     OBJ =  0.73421660E+00
     ITER =   43     OBJ =  0.73422203E+00
     ITER =   44     OBJ =  0.73421788E+00
     ITER =   45     OBJ =  0.73422362E+00
     ITER =   46     OBJ =  0.73421918E+00
     ITER =   47     OBJ =  0.73422403E+00
     ITER =   48     OBJ =  0.73422048E+00
     ITER =   49     OBJ =  0.73422492E+00
     ITER =   50     OBJ =  0.73422178E+00
     ITER =   51     OBJ =  0.73422592E+00
     ITER =   52     OBJ =  0.73422306E+00
     ITER =   53     OBJ =  0.73422698E+00
     ITER =   54     OBJ =  0.73422434E+00
     ITER =   55     OBJ =  0.73422808E+00
     ITER =   56     OBJ =  0.73426252E+00
     ITER =   57     OBJ =  0.73423946E+00
     ITER =   58     OBJ =  0.73424214E+00
     ITER =   59     OBJ =  0.73427338E+00
     ITER =   60     OBJ =  0.73425315E+00
     ITER =   61     OBJ =  0.73425545E+00
     ITER =   62     OBJ =  0.73428128E+00
     ITER =   63     OBJ =  0.73426321E+00
     ITER =   64     OBJ =  0.73426521E+00
     ITER =   65     OBJ =  0.73428739E+00
     ITER =   66     OBJ =  0.73427086E+00
     ITER =   67     OBJ =  0.73427263E+00
     ITER =   68     OBJ =  0.73429223E+00
     ITER =   69     OBJ =  0.73427679E+00
     ITER =   70     OBJ =  0.73427837E+00
     ITER =   71     OBJ =  0.73429613E+00
     ITER =   72     OBJ =  0.73428145E+00
     ITER =   73     OBJ =  0.73428287E+00
     ITER =   74     OBJ =  0.73429942E+00
     ITER =   75     OBJ =  0.73428546E+00
     ITER =   76     OBJ =  0.73428676E+00
     ITER =   77     OBJ =  0.73430226E+00
     ITER =   78     OBJ =  0.73428887E+00
     ITER =   79     OBJ =  0.73429008E+00
     ITER =   80     OBJ =  0.73430461E+00
     ITER =   81     OBJ =  0.73429172E+00
     ITER =   82     OBJ =  0.73429284E+00
     ITER =   83     OBJ =  0.73430652E+00
     ITER =   84     OBJ =  0.73430081E+00
     ITER =   85     OBJ =  0.73429332E+00
     ITER =   86     OBJ =  0.73429621E+00
     ITER =   87     OBJ =  0.73429385E+00
     ITER =   88     OBJ =  0.73429501E+00
     ITER =   89     OBJ =  0.73429419E+00
     ITER =   90     OBJ =  0.73429537E+00
     ITER =   91     OBJ =  0.73429452E+00
     ITER =   92     OBJ =  0.73429566E+00
     ITER =   93     OBJ =  0.73429484E+00
     ITER =   94     OBJ =  0.73429594E+00
     ITER =   95     OBJ =  0.73429514E+00
     ITER =   96     OBJ =  0.73429620E+00
     ITER =   97     OBJ =  0.73429543E+00
     ITER =   98     OBJ =  0.73429646E+00
     ITER =   99     OBJ =  0.73429571E+00
     ITER =  100     OBJ =  0.73429670E+00
     ITER =  101     OBJ =  0.73429597E+00
     ITER =  102     OBJ =  0.73429693E+00
     ITER =  103     OBJ =  0.73429623E+00
     ITER =  104     OBJ =  0.73429715E+00
     ITER =  105     OBJ =  0.73429647E+00
     ITER =  106     OBJ =  0.73429736E+00
     ITER =  107     OBJ =  0.73429669E+00
     ITER =  108     OBJ =  0.73429756E+00
     ITER =  109     OBJ =  0.73429691E+00
     ITER =  110     OBJ =  0.73429774E+00
     ITER =  111     OBJ =  0.73429711E+00
     ITER =  112     OBJ =  0.73429792E+00
     ITER =  113     OBJ =  0.73429731E+00
     ITER =  114     OBJ =  0.73429808E+00
     ITER =  115     OBJ =  0.73429749E+00
     ITER =  116     OBJ =  0.73429824E+00
     ITER =  117     OBJ =  0.73429766E+00
     ITER =  118     OBJ =  0.73429838E+00
     ITER =  119     OBJ =  0.73429782E+00
     ITER =  120     OBJ =  0.73429852E+00
     ITER =  121     OBJ =  0.73429797E+00
     ITER =  122     OBJ =  0.73429864E+00
     ITER =  123     OBJ =  0.73429811E+00
     ITER =  124     OBJ =  0.73429876E+00
     ITER =  125     OBJ =  0.73429824E+00
     ITER =  126     OBJ =  0.73429887E+00
     ITER =  127     OBJ =  0.73429836E+00
     ITER =  128     OBJ =  0.73429896E+00
     ITER =  129     OBJ =  0.73429848E+00
     ITER =  130     OBJ =  0.73429906E+00
     ITER =  131     OBJ =  0.73429858E+00
     ITER =  132     OBJ =  0.73429914E+00
     ITER =  133     OBJ =  0.73429868E+00
     ITER =  134     OBJ =  0.73429921E+00
     ITER =  135     OBJ =  0.73429876E+00
     ITER =  136     OBJ =  0.73429928E+00
     ITER =  137     OBJ =  0.73429873E+00
     ITER =  138     OBJ =  0.73429884E+00
     ITER =  139     OBJ =  0.73429853E+00
     ITER =  140     OBJ =  0.73429910E+00
     ITER =  141     OBJ =  0.73429787E+00
     ITER =  142     OBJ =  0.73429685E+00
     ITER =  143     OBJ =  0.73429675E+00
     ITER =  144     OBJ =  0.73429682E+00
     ITER =  145     OBJ =  0.73429675E+00
     ITER =  146     OBJ =  0.73429697E+00
     ITER =  147     OBJ =  0.73429683E+00
     ITER =  148     OBJ =  0.73429676E+00
     ITER =  149     OBJ =  0.73429679E+00
     ITER =  150     OBJ =  0.73429682E+00
     ITER =  151     OBJ =  0.73429676E+00
     ITER =  152     OBJ =  0.73429677E+00
     ITER =  153     OBJ =  0.73429686E+00
     ITER =  154     OBJ =  0.73429683E+00
     ITER =  155     OBJ =  0.73429677E+00
     ITER =  156     OBJ =  0.73429679E+00
     ITER =  157     OBJ =  0.73429684E+00
     ITER =  158     OBJ =  0.73429677E+00
     ITER =  159     OBJ =  0.73429678E+00
     ITER =  160     OBJ =  0.73429684E+00
     ITER =  161     OBJ =  0.73429678E+00
     ITER =  162     OBJ =  0.73429679E+00
     ITER =  163     OBJ =  0.73429684E+00
     ITER =  164     OBJ =  0.73429678E+00
     ITER =  165     OBJ =  0.73429679E+00
     ITER =  166     OBJ =  0.73429685E+00
     ITER =  167     OBJ =  0.73429678E+00
     ITER =  168     OBJ =  0.73429679E+00
     ITER =  169     OBJ =  0.73429685E+00
     ITER =  170     OBJ =  0.73429678E+00
     ITER =  171     OBJ =  0.73429679E+00
     ITER =  172     OBJ =  0.73429678E+00
     ITER =  173     OBJ =  0.73429679E+00
     ITER =  174     OBJ =  0.73429679E+00
     ITER =  175     OBJ =  0.73429679E+00
     ITER =  176     OBJ =  0.73429679E+00
     ITER =  177     OBJ =  0.73429680E+00
     ITER =  178     OBJ =  0.73429679E+00
     ITER =  179     OBJ =  0.73429680E+00
     ITER =  180     OBJ =  0.73429679E+00
     ITER =  181     OBJ =  0.73429680E+00
     ITER =  182     OBJ =  0.73429679E+00
     ITER =  183     OBJ =  0.73429680E+00
     ITER =  184     OBJ =  0.73429679E+00
     ITER =  185     OBJ =  0.73429680E+00
     ITER =  186     OBJ =  0.73429679E+00
     ITER =  187     OBJ =  0.73429680E+00
     ITER =  188     OBJ =  0.73429679E+00
     ITER =  189     OBJ =  0.73429680E+00
