



   ---------------------------------------------------------------------------
     START OF THE SEQUENTIAL LEAST SQUARES PROGRAMMING ALGORIT  
   ---------------------------------------------------------------------------

     PARAMETERS:
        ACC =   0.1000D-02
        MAXITER =500
        IPRINT =   1
IOUT =   6


     ITER =    1     OBJ =  0.11449504E+01
     ITER =    2     OBJ =  0.11661837E+01
     ITER =    3     OBJ =  0.11813211E+01
     ITER =    4     OBJ =  0.13228313E+01
     ITER =    5     OBJ =  0.15881315E+01
     ITER =    6     OBJ =  0.17268536E+01
     ITER =    7     OBJ =  0.21003722E+01
     ITER =    8     OBJ =  0.21557776E+01
     ITER =    9     OBJ =  0.21632102E+01
     ITER =   10     OBJ =  0.21676434E+01
     ITER =   11     OBJ =  0.22268495E+01
     ITER =   12     OBJ =  0.22103676E+01
     ITER =   13     OBJ =  0.22202218E+01
     ITER =   14     OBJ =  0.22143831E+01
     ITER =   15     OBJ =  0.22142663E+01
     ITER =   16     OBJ =  0.22141306E+01
     ITER =   17     OBJ =  0.22140158E+01
     ITER =   18     OBJ =  0.22178118E+01
     ITER =   19     OBJ =  0.22165845E+01
