



   ---------------------------------------------------------------------------
     START OF THE SEQUENTIAL LEAST SQUARES PROGRAMMING ALGORIT  
   ---------------------------------------------------------------------------

     PARAMETERS:
        ACC =   0.1000D-02
        MAXITER =500
        IPRINT =   1
IOUT =   6


     ITER =    1     OBJ =  0.46171468E+00
     ITER =    2     OBJ =  0.35920442E+00
     ITER =    3     OBJ =  0.39779308E+00
     ITER =    4     OBJ =  0.44806799E+00
     ITER =    5     OBJ =  0.44939983E+00
     ITER =    6     OBJ =  0.78489496E+00
     ITER =    7     OBJ =  0.68934775E+00
     ITER =    8     OBJ =  0.67604199E+00
     ITER =    9     OBJ =  0.75467865E+00
     ITER =   10     OBJ =  0.10533981E+01
     ITER =   11     OBJ =  0.10429135E+01
     ITER =   12     OBJ =  0.10779303E+01
     ITER =   13     OBJ =  0.10343764E+01
     ITER =   14     OBJ =  0.11096906E+01
     ITER =   15     OBJ =  0.10801089E+01
     ITER =   16     OBJ =  0.10895780E+01
     ITER =   17     OBJ =  0.10885566E+01
     ITER =   18     OBJ =  0.10885561E+01
     ITER =   19     OBJ =  0.10885536E+01
     ITER =   20     OBJ =  0.10885534E+01
     ITER =   21     OBJ =  0.10885534E+01
     ITER =   22     OBJ =  0.10885534E+01
     ITER =   23     OBJ =  0.10885534E+01
     ITER =   24     OBJ =  0.10885534E+01
     ITER =   25     OBJ =  0.10885534E+01
     ITER =   26     OBJ =  0.10885534E+01
     ITER =   27     OBJ =  0.10885534E+01
     ITER =   28     OBJ =  0.10885534E+01
     ITER =   29     OBJ =  0.10885534E+01
     ITER =   30     OBJ =  0.10801459E+01
     ITER =   31     OBJ =  0.10794062E+01
     ITER =   32     OBJ =  0.10778463E+01
     ITER =   33     OBJ =  0.10741688E+01
     ITER =   34     OBJ =  0.10713281E+01
     ITER =   35     OBJ =  0.10681113E+01
     ITER =   36     OBJ =  0.10695697E+01
     ITER =   37     OBJ =  0.10695697E+01
     ITER =   38     OBJ =  0.10655795E+01
     ITER =   39     OBJ =  0.10675942E+01
     ITER =   40     OBJ =  0.10675942E+01
     ITER =   41     OBJ =  0.10637087E+01
     ITER =   42     OBJ =  0.10657457E+01
     ITER =   43     OBJ =  0.10657457E+01
     ITER =   44     OBJ =  0.10620325E+01
     ITER =   45     OBJ =  0.10635198E+01
     ITER =   46     OBJ =  0.10635197E+01
     ITER =   47     OBJ =  0.10596622E+01
     ITER =   48     OBJ =  0.10617921E+01
     ITER =   49     OBJ =  0.10578627E+01
     ITER =   50     OBJ =  0.10599140E+01
     ITER =   51     OBJ =  0.10558221E+01
     ITER =   52     OBJ =  0.10571712E+01
     ITER =   53     OBJ =  0.10530722E+01
     ITER =   54     OBJ =  0.10542776E+01
     ITER =   55     OBJ =  0.10505071E+01
     ITER =   56     OBJ =  0.10457134E+01
     ITER =   57     OBJ =  0.10507793E+01
     ITER =   58     OBJ =  0.10451837E+01
     ITER =   59     OBJ =  0.10465111E+01
     ITER =   60     OBJ =  0.10460230E+01
     ITER =   61     OBJ =  0.10454146E+01
     ITER =   62     OBJ =  0.10460261E+01
     ITER =   63     OBJ =  0.10437005E+01
     ITER =   64     OBJ =  0.10455397E+01
     ITER =   65     OBJ =  0.10446297E+01
     ITER =   66     OBJ =  0.10454342E+01
     ITER =   67     OBJ =  0.10446185E+01
     ITER =   68     OBJ =  0.10453678E+01
     ITER =   69     OBJ =  0.10449706E+01
     ITER =   70     OBJ =  0.10453715E+01
     ITER =   71     OBJ =  0.10477721E+01
     ITER =   72     OBJ =  0.10467762E+01
     ITER =   73     OBJ =  0.10461446E+01
     ITER =   74     OBJ =  0.10461446E+01
     ITER =   75     OBJ =  0.10461489E+01
     ITER =   76     OBJ =  0.10461556E+01
     ITER =   77     OBJ =  0.10461618E+01
     ITER =   78     OBJ =  0.10461676E+01
     ITER =   79     OBJ =  0.10461733E+01
     ITER =   80     OBJ =  0.10461787E+01
     ITER =   81     OBJ =  0.10461841E+01
     ITER =   82     OBJ =  0.10461893E+01
     ITER =   83     OBJ =  0.10461944E+01
     ITER =   84     OBJ =  0.10461994E+01
     ITER =   85     OBJ =  0.10462043E+01
     ITER =   86     OBJ =  0.10462091E+01
     ITER =   87     OBJ =  0.10462138E+01
     ITER =   88     OBJ =  0.10462184E+01
     ITER =   89     OBJ =  0.10462229E+01
     ITER =   90     OBJ =  0.10462274E+01
     ITER =   91     OBJ =  0.10462318E+01
     ITER =   92     OBJ =  0.10462361E+01
     ITER =   93     OBJ =  0.10462403E+01
     ITER =   94     OBJ =  0.10462444E+01
     ITER =   95     OBJ =  0.10462485E+01
     ITER =   96     OBJ =  0.10462525E+01
     ITER =   97     OBJ =  0.10462564E+01
     ITER =   98     OBJ =  0.10462602E+01
     ITER =   99     OBJ =  0.10462640E+01
     ITER =  100     OBJ =  0.10462677E+01
     ITER =  101     OBJ =  0.10462713E+01
     ITER =  102     OBJ =  0.10462749E+01
     ITER =  103     OBJ =  0.10462784E+01
     ITER =  104     OBJ =  0.10462818E+01
     ITER =  105     OBJ =  0.10462852E+01
     ITER =  106     OBJ =  0.10462885E+01
     ITER =  107     OBJ =  0.10462917E+01
     ITER =  108     OBJ =  0.10462949E+01
     ITER =  109     OBJ =  0.10462980E+01
     ITER =  110     OBJ =  0.10463011E+01
     ITER =  111     OBJ =  0.10463041E+01
     ITER =  112     OBJ =  0.10463070E+01
     ITER =  113     OBJ =  0.10463099E+01
     ITER =  114     OBJ =  0.10463127E+01
     ITER =  115     OBJ =  0.10463155E+01
     ITER =  116     OBJ =  0.10463182E+01
     ITER =  117     OBJ =  0.10463208E+01
     ITER =  118     OBJ =  0.10463234E+01
     ITER =  119     OBJ =  0.10463260E+01
     ITER =  120     OBJ =  0.10463285E+01
     ITER =  121     OBJ =  0.10463309E+01
     ITER =  122     OBJ =  0.10463333E+01
     ITER =  123     OBJ =  0.10463356E+01
     ITER =  124     OBJ =  0.10463379E+01
     ITER =  125     OBJ =  0.10463402E+01
     ITER =  126     OBJ =  0.10463424E+01
     ITER =  127     OBJ =  0.10463445E+01
     ITER =  128     OBJ =  0.10463466E+01
     ITER =  129     OBJ =  0.10463487E+01
     ITER =  130     OBJ =  0.10463507E+01
     ITER =  131     OBJ =  0.10463526E+01
     ITER =  132     OBJ =  0.10463539E+01
     ITER =  133     OBJ =  0.10463536E+01
     ITER =  134     OBJ =  0.10463538E+01
     ITER =  135     OBJ =  0.10463538E+01
     ITER =  136     OBJ =  0.10463528E+01
     ITER =  137     OBJ =  0.10463536E+01
     ITER =  138     OBJ =  0.10463536E+01
     ITER =  139     OBJ =  0.10463535E+01
     ITER =  140     OBJ =  0.10463539E+01
     ITER =  141     OBJ =  0.10463555E+01
     ITER =  142     OBJ =  0.10463553E+01
     ITER =  143     OBJ =  0.10463558E+01
     ITER =  144     OBJ =  0.10463573E+01
     ITER =  145     OBJ =  0.10463571E+01
     ITER =  146     OBJ =  0.10463576E+01
     ITER =  147     OBJ =  0.10463591E+01
     ITER =  148     OBJ =  0.10463589E+01
     ITER =  149     OBJ =  0.10463591E+01
     ITER =  150     OBJ =  0.10463589E+01
     ITER =  151     OBJ =  0.10463591E+01
     ITER =  152     OBJ =  0.10463589E+01
     ITER =  153     OBJ =  0.10463591E+01
     ITER =  154     OBJ =  0.10463589E+01
     ITER =  155     OBJ =  0.10463591E+01
     ITER =  156     OBJ =  0.10463589E+01
     ITER =  157     OBJ =  0.10463591E+01
     ITER =  158     OBJ =  0.10463589E+01
     ITER =  159     OBJ =  0.10463591E+01
     ITER =  160     OBJ =  0.10463589E+01
     ITER =  161     OBJ =  0.10463591E+01
     ITER =  162     OBJ =  0.10463589E+01
     ITER =  163     OBJ =  0.10463591E+01
     ITER =  164     OBJ =  0.10463589E+01
     ITER =  165     OBJ =  0.10463591E+01
     ITER =  166     OBJ =  0.10463589E+01
     ITER =  167     OBJ =  0.10463591E+01
     ITER =  168     OBJ =  0.10463589E+01
     ITER =  169     OBJ =  0.10463591E+01
     ITER =  170     OBJ =  0.10463589E+01
     ITER =  171     OBJ =  0.10463591E+01
     ITER =  172     OBJ =  0.10463589E+01
     ITER =  173     OBJ =  0.10463590E+01
     ITER =  174     OBJ =  0.10463589E+01
     ITER =  175     OBJ =  0.10463590E+01
     ITER =  176     OBJ =  0.10463589E+01
     ITER =  177     OBJ =  0.10463590E+01
     ITER =  178     OBJ =  0.10463589E+01
     ITER =  179     OBJ =  0.10463590E+01
     ITER =  180     OBJ =  0.10463589E+01
     ITER =  181     OBJ =  0.10463590E+01
     ITER =  182     OBJ =  0.10463589E+01
     ITER =  183     OBJ =  0.10463590E+01
     ITER =  184     OBJ =  0.10463588E+01
     ITER =  185     OBJ =  0.10463590E+01
     ITER =  186     OBJ =  0.10463588E+01
     ITER =  187     OBJ =  0.10463590E+01
     ITER =  188     OBJ =  0.10463588E+01
     ITER =  189     OBJ =  0.10463590E+01
     ITER =  190     OBJ =  0.10463588E+01
     ITER =  191     OBJ =  0.10463590E+01
     ITER =  192     OBJ =  0.10463588E+01
     ITER =  193     OBJ =  0.10463589E+01
     ITER =  194     OBJ =  0.10463588E+01
     ITER =  195     OBJ =  0.10463589E+01
     ITER =  196     OBJ =  0.10463588E+01
     ITER =  197     OBJ =  0.10463589E+01
     ITER =  198     OBJ =  0.10463587E+01
     ITER =  199     OBJ =  0.10463589E+01
     ITER =  200     OBJ =  0.10463587E+01
     ITER =  201     OBJ =  0.10463589E+01
     ITER =  202     OBJ =  0.10463587E+01
     ITER =  203     OBJ =  0.10463589E+01
     ITER =  204     OBJ =  0.10463587E+01
     ITER =  205     OBJ =  0.10463588E+01
     ITER =  206     OBJ =  0.10463587E+01
     ITER =  207     OBJ =  0.10463588E+01
     ITER =  208     OBJ =  0.10463587E+01
     ITER =  209     OBJ =  0.10463588E+01
     ITER =  210     OBJ =  0.10463586E+01
     ITER =  211     OBJ =  0.10463588E+01
     ITER =  212     OBJ =  0.10463586E+01
     ITER =  213     OBJ =  0.10463587E+01
     ITER =  214     OBJ =  0.10463586E+01
     ITER =  215     OBJ =  0.10463587E+01
     ITER =  216     OBJ =  0.10463585E+01
     ITER =  217     OBJ =  0.10463587E+01
     ITER =  218     OBJ =  0.10463587E+01
     ITER =  219     OBJ =  0.10463587E+01
     ITER =  220     OBJ =  0.10463582E+01
     ITER =  221     OBJ =  0.10463586E+01
     ITER =  222     OBJ =  0.10463584E+01
     ITER =  223     OBJ =  0.10463585E+01
     ITER =  224     OBJ =  0.10463583E+01
     ITER =  225     OBJ =  0.10463585E+01
     ITER =  226     OBJ =  0.10463583E+01
     ITER =  227     OBJ =  0.10463584E+01
     ITER =  228     OBJ =  0.10463583E+01
     ITER =  229     OBJ =  0.10463584E+01
     ITER =  230     OBJ =  0.10463582E+01
     ITER =  231     OBJ =  0.10463584E+01
     ITER =  232     OBJ =  0.10463584E+01
     ITER =  233     OBJ =  0.10463584E+01
     ITER =  234     OBJ =  0.10463584E+01
     ITER =  235     OBJ =  0.10463584E+01
     ITER =  236     OBJ =  0.10463584E+01
     ITER =  237     OBJ =  0.10463579E+01
     ITER =  238     OBJ =  0.10463582E+01
     ITER =  239     OBJ =  0.10463582E+01
     ITER =  240     OBJ =  0.10463579E+01
     ITER =  241     OBJ =  0.10463582E+01
     ITER =  242     OBJ =  0.10463582E+01
     ITER =  243     OBJ =  0.10463582E+01
     ITER =  244     OBJ =  0.10463582E+01
