



   ---------------------------------------------------------------------------
     START OF THE SEQUENTIAL LEAST SQUARES PROGRAMMING ALGORIT  
   ---------------------------------------------------------------------------

     PARAMETERS:
        ACC =   0.1000D-02
        MAXITER =500
        IPRINT =   1
IOUT =   6


     ITER =    1     OBJ =  0.52431852E+00
     ITER =    2     OBJ =  0.51311239E+00
     ITER =    3     OBJ =  0.52971626E+00
     ITER =    4     OBJ =  0.52527601E+00
     ITER =    5     OBJ =  0.52171768E+00
     ITER =    6     OBJ =  0.52027208E+00
     ITER =    7     OBJ =  0.52051292E+00
     ITER =    8     OBJ =  0.50831249E+00
     ITER =    9     OBJ =  0.50002687E+00
     ITER =   10     OBJ =  0.49965417E+00
     ITER =   11     OBJ =  0.50958052E+00
     ITER =   12     OBJ =  0.50783417E+00
     ITER =   13     OBJ =  0.50856475E+00
     ITER =   14     OBJ =  0.50768531E+00
     ITER =   15     OBJ =  0.50803883E+00
     ITER =   16     OBJ =  0.50753691E+00
     ITER =   17     OBJ =  0.50642290E+00
     ITER =   18     OBJ =  0.50579876E+00
     ITER =   19     OBJ =  0.50515250E+00
     ITER =   20     OBJ =  0.50409512E+00
     ITER =   21     OBJ =  0.50348875E+00
     ITER =   22     OBJ =  0.50283571E+00
     ITER =   23     OBJ =  0.50280651E+00
     ITER =   24     OBJ =  0.50263042E+00
     ITER =   25     OBJ =  0.50264468E+00
        NUMBER OF FUNC-CALLS:  NFUNC =  49
        NUMBER OF GRAD-CALLS:  NGRAD =  26
