



   ---------------------------------------------------------------------------
     START OF THE SEQUENTIAL LEAST SQUARES PROGRAMMING ALGORIT  
   ---------------------------------------------------------------------------

     PARAMETERS:
        ACC =   0.1000D-01
        MAXITER =500
        IPRINT =   1
IOUT =   6


     ITER =    1     OBJ =  0.13676293E+01
     ITER =    2     OBJ =  0.13986459E+01
     ITER =    3     OBJ =  0.12182996E+01
     ITER =    4     OBJ =  0.12700661E+01
     ITER =    5     OBJ =  0.13808469E+01
     ITER =    6     OBJ =  0.15027053E+01
     ITER =    7     OBJ =  0.15064747E+01
     ITER =    8     OBJ =  0.16635361E+01
     ITER =    9     OBJ =  0.17342517E+01
     ITER =   10     OBJ =  0.17439348E+01
     ITER =   11     OBJ =  0.17965457E+01
     ITER =   12     OBJ =  0.20853154E+01
     ITER =   13     OBJ =  0.21005044E+01
     ITER =   14     OBJ =  0.20604105E+01
     ITER =   15     OBJ =  0.20598433E+01
     ITER =   16     OBJ =  0.20601082E+01
     ITER =   17     OBJ =  0.20582206E+01
     ITER =   18     OBJ =  0.20582206E+01
     ITER =   19     OBJ =  0.20698654E+01
        NUMBER OF FUNC-CALLS:  NFUNC =  74
        NUMBER OF GRAD-CALLS:  NGRAD =  20
