



   ---------------------------------------------------------------------------
     START OF THE SEQUENTIAL LEAST SQUARES PROGRAMMING ALGORIT  
   ---------------------------------------------------------------------------

     PARAMETERS:
        ACC =   0.1000D-02
        MAXITER =500
        IPRINT =   1
IOUT =   6


     ITER =    1     OBJ =  0.71955739E+00
     ITER =    2     OBJ =  0.61428891E+00
     ITER =    3     OBJ =  0.50288767E+00
     ITER =    4     OBJ =  0.51233102E+00
     ITER =    5     OBJ =  0.56755568E+00
     ITER =    6     OBJ =  0.66086130E+00
     ITER =    7     OBJ =  0.74428326E+00
     ITER =    8     OBJ =  0.74627919E+00
     ITER =    9     OBJ =  0.10141456E+01
     ITER =   10     OBJ =  0.11449586E+01
     ITER =   11     OBJ =  0.11076709E+01
     ITER =   12     OBJ =  0.11090473E+01
     ITER =   13     OBJ =  0.11435482E+01
     ITER =   14     OBJ =  0.11393512E+01
     ITER =   15     OBJ =  0.11308036E+01
     ITER =   16     OBJ =  0.11249752E+01
     ITER =   17     OBJ =  0.11204513E+01
     ITER =   18     OBJ =  0.11201858E+01
     ITER =   19     OBJ =  0.11205971E+01
     ITER =   20     OBJ =  0.11173685E+01
     ITER =   21     OBJ =  0.11131357E+01
     ITER =   22     OBJ =  0.11105695E+01
     ITER =   23     OBJ =  0.11038928E+01
     ITER =   24     OBJ =  0.11024838E+01
        NUMBER OF FUNC-CALLS:  NFUNC =  61
        NUMBER OF GRAD-CALLS:  NGRAD =  25
