



   ---------------------------------------------------------------------------
     START OF THE SEQUENTIAL LEAST SQUARES PROGRAMMING ALGORIT  
   ---------------------------------------------------------------------------

     PARAMETERS:
        ACC =   0.1000D-01
        MAXITER =500
        IPRINT =   1
IOUT =   6


     ITER =    1     OBJ =  0.80389883E+00
     ITER =    2     OBJ =  0.70507368E+00
     ITER =    3     OBJ =  0.72055689E+00
     ITER =    4     OBJ =  0.72155212E+00
     ITER =    5     OBJ =  0.87705121E+00
     ITER =    6     OBJ =  0.10928345E+01
     ITER =    7     OBJ =  0.11017823E+01
     ITER =    8     OBJ =  0.17757239E+01
     ITER =    9     OBJ =  0.18961672E+01
     ITER =   10     OBJ =  0.19251459E+01
     ITER =   11     OBJ =  0.19748175E+01
     ITER =   12     OBJ =  0.19918786E+01
     ITER =   13     OBJ =  0.19918786E+01
     ITER =   14     OBJ =  0.19918786E+01
     ITER =   15     OBJ =  0.25485665E+01
     ITER =   16     OBJ =  0.24702610E+01
     ITER =   17     OBJ =  0.24427667E+01
     ITER =   18     OBJ =  0.24426250E+01
     ITER =   19     OBJ =  0.24426250E+01
     ITER =   20     OBJ =  0.24406950E+01
     ITER =   21     OBJ =  0.24369538E+01
     ITER =   22     OBJ =  0.24369538E+01
     ITER =   23     OBJ =  0.24369537E+01
     ITER =   24     OBJ =  0.24369537E+01
     ITER =   25     OBJ =  0.24369537E+01
     ITER =   26     OBJ =  0.24369537E+01
     ITER =   27     OBJ =  0.24369537E+01
     ITER =   28     OBJ =  0.24369537E+01
     ITER =   29     OBJ =  0.24369537E+01
     ITER =   30     OBJ =  0.24369537E+01
     ITER =   31     OBJ =  0.24369537E+01
     ITER =   32     OBJ =  0.24369537E+01
     ITER =   33     OBJ =  0.24369537E+01
     ITER =   34     OBJ =  0.24369537E+01
     ITER =   35     OBJ =  0.24369537E+01
     ITER =   36     OBJ =  0.24369537E+01
     ITER =   37     OBJ =  0.24369537E+01
     ITER =   38     OBJ =  0.24369537E+01
     ITER =   39     OBJ =  0.24369537E+01
     ITER =   40     OBJ =  0.24369537E+01
     ITER =   41     OBJ =  0.24369537E+01
     ITER =   42     OBJ =  0.24369537E+01
     ITER =   43     OBJ =  0.24369536E+01
     ITER =   44     OBJ =  0.24369536E+01
     ITER =   45     OBJ =  0.24369531E+01
     ITER =   46     OBJ =  0.24369531E+01
     ITER =   47     OBJ =  0.24369531E+01
     ITER =   48     OBJ =  0.24369522E+01
     ITER =   49     OBJ =  0.24369522E+01
     ITER =   50     OBJ =  0.24369522E+01
     ITER =   51     OBJ =  0.24369522E+01
     ITER =   52     OBJ =  0.24369509E+01
     ITER =   53     OBJ =  0.24369509E+01
     ITER =   54     OBJ =  0.24369509E+01
     ITER =   55     OBJ =  0.24369509E+01
     ITER =   56     OBJ =  0.24369509E+01
     ITER =   57     OBJ =  0.24411994E+01
     ITER =   58     OBJ =  0.24393341E+01
     ITER =   59     OBJ =  0.24341846E+01
     ITER =   60     OBJ =  0.24347546E+01
     ITER =   61     OBJ =  0.24347546E+01
     ITER =   62     OBJ =  0.24347545E+01
     ITER =   63     OBJ =  0.24337409E+01
