



   ---------------------------------------------------------------------------
     START OF THE SEQUENTIAL LEAST SQUARES PROGRAMMING ALGORIT  
   ---------------------------------------------------------------------------

     PARAMETERS:
        ACC =   0.1000D-02
        MAXITER =500
        IPRINT =   1
IOUT =   6


     ITER =    1     OBJ =  0.58020055E+00
     ITER =    2     OBJ =  0.46197525E+00
     ITER =    3     OBJ =  0.41351040E+00
     ITER =    4     OBJ =  0.42522904E+00
     ITER =    5     OBJ =  0.43549476E+00
     ITER =    6     OBJ =  0.46972118E+00
     ITER =    7     OBJ =  0.49134488E+00
     ITER =    8     OBJ =  0.49135260E+00
     ITER =    9     OBJ =  0.56464787E+00
     ITER =   10     OBJ =  0.57092609E+00
     ITER =   11     OBJ =  0.56295922E+00
     ITER =   12     OBJ =  0.56310684E+00
     ITER =   13     OBJ =  0.56310684E+00
     ITER =   14     OBJ =  0.56310684E+00
     ITER =   15     OBJ =  0.56345206E+00
     ITER =   16     OBJ =  0.56339428E+00
     ITER =   17     OBJ =  0.56352405E+00
     ITER =   18     OBJ =  0.56347475E+00
     ITER =   19     OBJ =  0.56347582E+00
     ITER =   20     OBJ =  0.56347585E+00
     ITER =   21     OBJ =  0.56347585E+00
     ITER =   22     OBJ =  0.56347585E+00
     ITER =   23     OBJ =  0.56347585E+00
     ITER =   24     OBJ =  0.56347585E+00
     ITER =   25     OBJ =  0.56347585E+00
     ITER =   26     OBJ =  0.56347585E+00
     ITER =   27     OBJ =  0.56347585E+00
     ITER =   28     OBJ =  0.56383916E+00
     ITER =   29     OBJ =  0.56382941E+00
     ITER =   30     OBJ =  0.56387534E+00
     ITER =   31     OBJ =  0.56381243E+00
     ITER =   32     OBJ =  0.56635157E+00
     ITER =   33     OBJ =  0.56629033E+00
     ITER =   34     OBJ =  0.56629246E+00
     ITER =   35     OBJ =  0.56890504E+00
     ITER =   36     OBJ =  0.56877237E+00
     ITER =   37     OBJ =  0.56882393E+00
        NUMBER OF FUNC-CALLS:  NFUNC = 203
        NUMBER OF GRAD-CALLS:  NGRAD =  38
