



   ---------------------------------------------------------------------------
     START OF THE SEQUENTIAL LEAST SQUARES PROGRAMMING ALGORIT  
   ---------------------------------------------------------------------------

     PARAMETERS:
        ACC =   0.1000D-01
        MAXITER =500
        IPRINT =   1
IOUT =   6


     ITER =    1     OBJ =  0.15786185E+01
     ITER =    2     OBJ =  0.16191751E+01
     ITER =    3     OBJ =  0.15604021E+01
     ITER =    4     OBJ =  0.16668479E+01
     ITER =    5     OBJ =  0.17962274E+01
     ITER =    6     OBJ =  0.18150602E+01
     ITER =    7     OBJ =  0.19212700E+01
     ITER =    8     OBJ =  0.19987306E+01
     ITER =    9     OBJ =  0.20856912E+01
     ITER =   10     OBJ =  0.20873783E+01
     ITER =   11     OBJ =  0.20873783E+01
     ITER =   12     OBJ =  0.23243511E+01
     ITER =   13     OBJ =  0.23553041E+01
     ITER =   14     OBJ =  0.23487959E+01
     ITER =   15     OBJ =  0.23487760E+01
     ITER =   16     OBJ =  0.23484156E+01
     ITER =   17     OBJ =  0.23363144E+01
     ITER =   18     OBJ =  0.23373018E+01
     ITER =   19     OBJ =  0.23373018E+01
     ITER =   20     OBJ =  0.23373018E+01
     ITER =   21     OBJ =  0.23373018E+01
     ITER =   22     OBJ =  0.23490342E+01
        NUMBER OF FUNC-CALLS:  NFUNC = 109
        NUMBER OF GRAD-CALLS:  NGRAD =  23
