



   ---------------------------------------------------------------------------
     START OF THE SEQUENTIAL LEAST SQUARES PROGRAMMING ALGORIT  
   ---------------------------------------------------------------------------

     PARAMETERS:
        ACC =   0.1000D-02
        MAXITER =500
        IPRINT =   1
IOUT =   6


     ITER =    1     OBJ =  0.39875320E+00
     ITER =    2     OBJ =  0.39572668E+00
     ITER =    3     OBJ =  0.43787118E+00
     ITER =    4     OBJ =  0.44373629E+00
     ITER =    5     OBJ =  0.48105662E+00
     ITER =    6     OBJ =  0.47625040E+00
     ITER =    7     OBJ =  0.47503690E+00
     ITER =    8     OBJ =  0.47667701E+00
     ITER =    9     OBJ =  0.47746573E+00
     ITER =   10     OBJ =  0.47837271E+00
     ITER =   11     OBJ =  0.47854724E+00
     ITER =   12     OBJ =  0.47838343E+00
     ITER =   13     OBJ =  0.47464155E+00
     ITER =   14     OBJ =  0.47442087E+00
     ITER =   15     OBJ =  0.48111519E+00
     ITER =   16     OBJ =  0.48052922E+00
     ITER =   17     OBJ =  0.47708832E+00
     ITER =   18     OBJ =  0.47660941E+00
     ITER =   19     OBJ =  0.47571533E+00
     ITER =   20     OBJ =  0.47577433E+00
     ITER =   21     OBJ =  0.47593006E+00
     ITER =   22     OBJ =  0.47597709E+00
     ITER =   23     OBJ =  0.47596017E+00
     ITER =   24     OBJ =  0.47596195E+00
     ITER =   25     OBJ =  0.47593933E+00
     ITER =   26     OBJ =  0.47595136E+00
     ITER =   27     OBJ =  0.47591670E+00
     ITER =   28     OBJ =  0.47594886E+00
     ITER =   29     OBJ =  0.47592345E+00
     ITER =   30     OBJ =  0.47594650E+00
     ITER =   31     OBJ =  0.47593113E+00
     ITER =   32     OBJ =  0.47594457E+00
     ITER =   33     OBJ =  0.47593315E+00
     ITER =   34     OBJ =  0.47594325E+00
     ITER =   35     OBJ =  0.47593499E+00
     ITER =   36     OBJ =  0.47594254E+00
     ITER =   37     OBJ =  0.47593659E+00
     ITER =   38     OBJ =  0.47594242E+00
     ITER =   39     OBJ =  0.47593835E+00
     ITER =   40     OBJ =  0.47594288E+00
     ITER =   41     OBJ =  0.47594026E+00
     ITER =   42     OBJ =  0.47594387E+00
     ITER =   43     OBJ =  0.47594177E+00
     ITER =   44     OBJ =  0.47594536E+00
     ITER =   45     OBJ =  0.47594311E+00
     ITER =   46     OBJ =  0.47594729E+00
     ITER =   47     OBJ =  0.47594468E+00
     ITER =   48     OBJ =  0.47594958E+00
     ITER =   49     OBJ =  0.47594638E+00
     ITER =   50     OBJ =  0.47595219E+00
     ITER =   51     OBJ =  0.47594839E+00
     ITER =   52     OBJ =  0.47595507E+00
     ITER =   53     OBJ =  0.47595058E+00
     ITER =   54     OBJ =  0.47595818E+00
     ITER =   55     OBJ =  0.47595275E+00
     ITER =   56     OBJ =  0.47596147E+00
     ITER =   57     OBJ =  0.47595507E+00
     ITER =   58     OBJ =  0.47596490E+00
     ITER =   59     OBJ =  0.47595730E+00
     ITER =   60     OBJ =  0.47596844E+00
     ITER =   61     OBJ =  0.47595961E+00
     ITER =   62     OBJ =  0.47597206E+00
     ITER =   63     OBJ =  0.47596180E+00
     ITER =   64     OBJ =  0.47597572E+00
     ITER =   65     OBJ =  0.47596392E+00
     ITER =   66     OBJ =  0.47597942E+00
     ITER =   67     OBJ =  0.47596600E+00
     ITER =   68     OBJ =  0.47598312E+00
     ITER =   69     OBJ =  0.47596811E+00
     ITER =   70     OBJ =  0.47598682E+00
     ITER =   71     OBJ =  0.47597100E+00
     ITER =   72     OBJ =  0.47599054E+00
     ITER =   73     OBJ =  0.47597647E+00
     ITER =   74     OBJ =  0.47599431E+00
     ITER =   75     OBJ =  0.47598096E+00
     ITER =   76     OBJ =  0.47599805E+00
     ITER =   77     OBJ =  0.47597980E+00
     ITER =   78     OBJ =  0.47600264E+00
     ITER =   79     OBJ =  0.47599224E+00
     ITER =   80     OBJ =  0.47600627E+00
     ITER =   81     OBJ =  0.47600219E+00
     ITER =   82     OBJ =  0.47601018E+00
     ITER =   83     OBJ =  0.47600275E+00
     ITER =   84     OBJ =  0.47601389E+00
     ITER =   85     OBJ =  0.47601576E+00
     ITER =   86     OBJ =  0.47617356E+00
     ITER =   87     OBJ =  0.47624569E+00
        NUMBER OF FUNC-CALLS:  NFUNC = 523
        NUMBER OF GRAD-CALLS:  NGRAD =  88
