



   ---------------------------------------------------------------------------
     START OF THE SEQUENTIAL LEAST SQUARES PROGRAMMING ALGORIT  
   ---------------------------------------------------------------------------

     PARAMETERS:
        ACC =   0.1000D-01
        MAXITER =500
        IPRINT =   1
IOUT =   6


     ITER =    1     OBJ =  0.43906237E+00
     ITER =    2     OBJ =  0.42513083E+00
     ITER =    3     OBJ =  0.43931355E+00
     ITER =    4     OBJ =  0.44335496E+00
     ITER =    5     OBJ =  0.46302008E+00
     ITER =    6     OBJ =  0.50450620E+00
     ITER =    7     OBJ =  0.50588047E+00
     ITER =    8     OBJ =  0.51546726E+00
     ITER =    9     OBJ =  0.51832003E+00
     ITER =   10     OBJ =  0.51474816E+00
     ITER =   11     OBJ =  0.51321491E+00
     ITER =   12     OBJ =  0.51323400E+00
     ITER =   13     OBJ =  0.51356092E+00
     ITER =   14     OBJ =  0.51341076E+00
     ITER =   15     OBJ =  0.51341076E+00
     ITER =   16     OBJ =  0.51341076E+00
     ITER =   17     OBJ =  0.51341076E+00
     ITER =   18     OBJ =  0.51341076E+00
     ITER =   19     OBJ =  0.51341076E+00
     ITER =   20     OBJ =  0.51348283E+00
     ITER =   21     OBJ =  0.51344240E+00
     ITER =   22     OBJ =  0.51349672E+00
     ITER =   23     OBJ =  0.51348673E+00
     ITER =   24     OBJ =  0.51352715E+00
     ITER =   25     OBJ =  0.51351964E+00
     ITER =   26     OBJ =  0.51355502E+00
     ITER =   27     OBJ =  0.51354819E+00
     ITER =   28     OBJ =  0.51357847E+00
     ITER =   29     OBJ =  0.51357208E+00
     ITER =   30     OBJ =  0.51359902E+00
     ITER =   31     OBJ =  0.51359299E+00
     ITER =   32     OBJ =  0.51361740E+00
     ITER =   33     OBJ =  0.51361174E+00
     ITER =   34     OBJ =  0.51363413E+00
     ITER =   35     OBJ =  0.51362884E+00
     ITER =   36     OBJ =  0.51364954E+00
     ITER =   37     OBJ =  0.51364462E+00
     ITER =   38     OBJ =  0.51366431E+00
     ITER =   39     OBJ =  0.51365984E+00
     ITER =   40     OBJ =  0.51367860E+00
     ITER =   41     OBJ =  0.51367461E+00
     ITER =   42     OBJ =  0.51369230E+00
     ITER =   43     OBJ =  0.51368888E+00
     ITER =   44     OBJ =  0.51370529E+00
     ITER =   45     OBJ =  0.51370254E+00
     ITER =   46     OBJ =  0.51371776E+00
     ITER =   47     OBJ =  0.51371562E+00
     ITER =   48     OBJ =  0.51372974E+00
     ITER =   49     OBJ =  0.51372816E+00
     ITER =   50     OBJ =  0.51374123E+00
     ITER =   51     OBJ =  0.51374016E+00
     ITER =   52     OBJ =  0.51375230E+00
     ITER =   53     OBJ =  0.51375168E+00
     ITER =   54     OBJ =  0.51376297E+00
     ITER =   55     OBJ =  0.51376274E+00
     ITER =   56     OBJ =  0.51377294E+00
     ITER =   57     OBJ =  0.51377325E+00
     ITER =   58     OBJ =  0.51378335E+00
     ITER =   59     OBJ =  0.51378362E+00
     ITER =   60     OBJ =  0.51379291E+00
     ITER =   61     OBJ =  0.51379353E+00
     ITER =   62     OBJ =  0.51380376E+00
     ITER =   63     OBJ =  0.51380375E+00
     ITER =   64     OBJ =  0.51380964E+00
     ITER =   65     OBJ =  0.51381205E+00
     ITER =   66     OBJ =  0.51382245E+00
     ITER =   67     OBJ =  0.51382223E+00
     ITER =   69     OBJ =  0.51225972E+00
        NUMBER OF FUNC-CALLS:  NFUNC = 448
        NUMBER OF GRAD-CALLS:  NGRAD =  69
