



   ---------------------------------------------------------------------------
     START OF THE SEQUENTIAL LEAST SQUARES PROGRAMMING ALGORIT  
   ---------------------------------------------------------------------------

     PARAMETERS:
        ACC =   0.1000D-01
        MAXITER =500
        IPRINT =   1
IOUT =   6


     ITER =    1     OBJ =  0.10984425E+01
     ITER =    2     OBJ =  0.78181082E+00
     ITER =    3     OBJ =  0.81181115E+00
     ITER =    4     OBJ =  0.94910502E+00
     ITER =    5     OBJ =  0.14080751E+01
     ITER =    6     OBJ =  0.14260269E+01
     ITER =    7     OBJ =  0.17945435E+01
     ITER =    8     OBJ =  0.16750308E+01
     ITER =    9     OBJ =  0.16494949E+01
     ITER =   10     OBJ =  0.18031315E+01
     ITER =   11     OBJ =  0.17885658E+01
     ITER =   12     OBJ =  0.17888046E+01
     ITER =   13     OBJ =  0.17888046E+01
     ITER =   14     OBJ =  0.17888046E+01
     ITER =   15     OBJ =  0.17888046E+01
     ITER =   16     OBJ =  0.17888046E+01
     ITER =   17     OBJ =  0.17888046E+01
     ITER =   18     OBJ =  0.17888046E+01
     ITER =   19     OBJ =  0.17888046E+01
     ITER =   20     OBJ =  0.17888046E+01
