



   ---------------------------------------------------------------------------
     START OF THE SEQUENTIAL LEAST SQUARES PROGRAMMING ALGORIT  
   ---------------------------------------------------------------------------

     PARAMETERS:
        ACC =   0.1000D-02
        MAXITER =500
        IPRINT =   1
IOUT =   6


     ITER =    1     OBJ =  0.96225561E+00
     ITER =    2     OBJ =  0.10007573E+01
     ITER =    3     OBJ =  0.90377914E+00
     ITER =    4     OBJ =  0.49929749E+00
     ITER =    5     OBJ =  0.60244156E+00
     ITER =    6     OBJ =  0.96151768E+00
     ITER =    7     OBJ =  0.85431764E+00
     ITER =    8     OBJ =  0.98429976E+00
     ITER =    9     OBJ =  0.97841583E+00
     ITER =   10     OBJ =  0.90929910E+00
     ITER =   11     OBJ =  0.10070366E+01
     ITER =   12     OBJ =  0.10693546E+01
     ITER =   13     OBJ =  0.11980541E+01
     ITER =   14     OBJ =  0.12097161E+01
     ITER =   15     OBJ =  0.12529947E+01
     ITER =   16     OBJ =  0.12615466E+01
     ITER =   17     OBJ =  0.14135993E+01
     ITER =   18     OBJ =  0.14162618E+01
     ITER =   19     OBJ =  0.14372910E+01
     ITER =   20     OBJ =  0.14623375E+01
     ITER =   21     OBJ =  0.15056714E+01
     ITER =   22     OBJ =  0.15051729E+01
