
 ==============================
 S N O P T  7.6.0    (Jan 2017)
 ==============================
 
 SNMEMB EXIT 100 -- finished successfully
 SNMEMB INFO 104 -- memory requirements estimated

 ==============================
 S N O P T  7.6.0    (Jan 2017)
 ==============================
 
 

 Nonlinear constraints      11     Linear constraints       0
 Nonlinear variables        15     Linear variables         0
 Jacobian  variables        15     Objective variables     15
 Total constraints          11     Total variables         15
 

 
 The user has defined     165   out of     165   constraint gradients.
 The user has defined      15   out of      15   objective  gradients.
 

 Major Minors     Step   nCon Feasible  Optimal  MeritFunction     nS Penalty
     0     20               1  1.3E+01  2.0E-01  1.1335647E+00      8           r
     1     16  1.0E+00      2  1.5E+01  1.1E-01  9.4475928E-01      5 4.2E-04   r
     2     18  6.0E-01      6  1.1E+01  2.8E-01  9.7115207E-01      7 6.4E-04 s
     3     18  2.7E-03     10  1.1E+01  2.7E-01  9.6690282E-01      7 6.4E-04
     4      4  7.8E-03     20  1.1E+01  2.8E-01  1.2596461E+00      7 3.0E-03
     5      4  1.3E-01     22  8.8E+00  7.3E-01  1.2013626E+00      6 3.0E-03
     6      1  1.6E-01     24  7.3E+00  7.1E-01  1.1962726E+00      6 3.0E-03
     6      4              29  7.3E+00  2.4E-01  1.0227646E+00      9           R
     6     17              34  7.3E+00  6.1E-02  1.0227646E+00      3           r
     7     17  1.0E+00     36  5.9E+01  5.2E+00 -2.8706057E-01      1         sm
     8     12  5.9E-01     44  3.1E+01  8.2E-01  4.2747476E+00      3 7.4E-04
     9     28  1.0E+00     46  1.7E+01  2.4E+01  3.1686279E+00     11 7.4E-04  mR i

 Major Minors     Step   nCon Feasible  Optimal  MeritFunction     nS Penalty
    10      4  5.9E-02     52  1.6E+01  2.1E+01  2.0166263E+07     10 4.5E+04 s   i
    11      8  1.0E+00     53  6.9E+00  2.0E+01  9.9275657E+06     11 4.5E+04     i
    12      4  1.0E+00     54  3.2E+00  6.9E+00  5.8741713E+06     12 5.4E+04     i
    13      4  1.0E+00     55  2.3E+00  4.1E+00  2.7154944E+06     13 3.0E+02     i
    14      2  1.0E+00     56  1.2E+00  3.6E+00  2.1695591E+06     12 3.3E+01     i
    15      1  1.0E+00     58  3.0E-01  3.5E+00  1.8238042E+06     12 1.5E+01  m  i
    16      6  1.0E+00     59  2.8E-01  1.4E+00  1.7436977E+06     13 4.9E+03     i
    17      2  1.0E+00     60  4.0E-01  1.4E+00  1.4350774E+06     13 1.4E+02     i
    18      3  1.0E+00     61  2.3E-01  1.8E+00  1.2886915E+06     12 4.7E+01     i
    19      8  1.0E+00     62  2.3E-01  1.7E+00  1.1572442E+06     12 3.6E+01     i

 Major Minors     Step   nCon Feasible  Optimal  MeritFunction     nS Penalty
    20      4  1.0E+00     63  1.9E-01  1.8E+00  1.1450022E+06     10 3.8E+04     i
    21      4  1.0E+00     64  1.8E-01  1.7E+00  1.0984987E+06     10 8.3E+02     i
    22      6  1.0E+00     65  1.8E-01  1.6E+00  1.0712132E+06     10 1.9E+02     i
    23      5  1.0E+00     66  1.8E-01  1.5E+00  1.0713780E+06     10 5.7E+04     i
    24      3  1.0E+00     67  1.7E-01  1.6E+00  1.0617223E+06      9 2.1E+03     i
    25      3  1.0E+00     68  1.7E-01  1.8E+00  1.0512547E+06      8 7.2E+02     i
    26      2  1.0E+00     69  1.7E-01  1.9E+00  1.0278415E+06      8 7.2E+02     i
    27      2  1.0E+00     70  1.7E-01  1.7E+00  1.0260133E+06      8 9.7E+03     i
    28      5  1.0E+00     72  1.7E-01  1.8E+00  1.0242551E+06      7 1.7E+03     i
    29      3  1.0E+00     73  1.7E-01  1.7E+00  1.0239483E+06      6 1.7E+03     i

 Major Minors     Step   nCon Feasible  Optimal  MeritFunction     nS Penalty
    30      2  1.0E+00     74  1.6E-01  1.7E+00  1.0190076E+06      6 1.7E+03     i
    31      2  1.0E+00     75  1.6E-01  1.8E+00  1.0164979E+06      6 2.6E+04     i
    32      7  1.0E+00     76  1.6E-01  1.6E+00  1.0054494E+06      7 5.2E+03     i
    33      2  1.0E+00     78  1.6E-01  1.3E+00  9.3391055E+05      7 5.2E+03  m  i
    34      2  1.0E+00     79  1.5E-01  1.2E+00  9.2971234E+05      7 5.2E+03     i
    35      2  1.0E+00     80  3.6E-01  1.6E+00  9.0613722E+05      7 5.2E+03     i
    36      4  1.0E+00     81  1.4E-01  1.5E+00  9.0633354E+05      8 6.2E+03     i
    37      3  1.0E+00     82  1.4E-01  1.8E+00  8.9641964E+05      7 6.2E+03     i
    38      9  1.0E+00     83  1.4E-01  1.9E+00  8.7960779E+05      6 6.2E+03     i
    39      2  1.0E+00     84  3.4E-01  1.7E+00  8.4145225E+05      6 6.2E+03     i

 Major Minors     Step   nCon Feasible  Optimal  MeritFunction     nS Penalty
    40      4  1.0E+00     85  4.7E-01  1.4E+00  8.2673276E+05      5 6.3E+03     i
    41      3  1.0E+00     86  3.0E-01  2.0E+00  8.1490553E+05      6 6.3E+03     i
    42      3  1.0E+00     87  1.2E-01  1.9E+00  8.1054608E+05      6 6.3E+03     i
    42      1              92  1.2E-01  1.8E+00  8.1127030E+06      6           R i
    42      6              98  1.2E-01  3.5E+07  8.1135510E+08      8           r
    43      9  1.0E+00     99  1.2E+00  1.8E+08  4.2760778E+00      5         s
    44      7  1.0E+00    100  1.7E+00  5.2E+08  2.9951629E+00     10
    45      2  1.0E+00    102  1.1E+00  4.9E+08  2.1675113E+00      9          M
    46      4  1.1E-01    108  2.0E+00  2.9E+08  2.0532906E+00     10
    47      2  1.0E+00    109  5.3E-01  3.4E+08  2.0166988E+00     10 1.5E-03
    48      1  1.0E+00    110  5.4E-01  2.6E+08  2.0004624E+00     10 2.5E-03
    49      2  1.0E+00    111  1.1E-01  2.4E+08  1.8899362E+00     11 2.6E-02

 Major Minors     Step   nCon Feasible  Optimal  MeritFunction     nS Penalty
    50      2  1.0E+00    112  2.7E-02  4.4E+07  1.7862229E+00     10 2.6E-02
    51      1  1.0E+00    113  1.2E-01  2.3E+08  1.6858609E+00     10 2.6E-02
    52      3  1.0E+00    114 (0.0E+00) 4.9E-01  1.5763644E+00     10 2.6E-02
    53      4  1.0E+00    115 (0.0E+00) 4.9E-01  1.5467636E+00     10 5.0E-02
    54      3  1.0E+00    116  3.0E-02  6.0E+07  1.5067211E+00     10 5.0E-02
    54      8             121  3.0E-02  7.3E+07  1.5059666E+00     15           R
    55      9  1.0E+00    122  2.4E-01  1.2E+08  1.5005156E+00     11         s
    56      1  1.0E+00    123 (3.5E-03) 2.4E-01  1.5259057E+00     11 4.0E-01
    57      3  1.0E+00    124 (3.3E-03) 2.0E-01  1.5211348E+00     11 4.0E-01
    58      2  1.0E+00    125 (2.1E-04) 1.9E-01  1.5173412E+00     10 4.0E-01
    59      4  1.0E+00    126 (0.0E+00) 3.6E-01  1.5120679E+00     11 4.0E-01

 Major Minors     Step   nCon Feasible  Optimal  MeritFunction     nS Penalty
    60      1  1.0E+00    127 (0.0E+00) 4.6E-01  1.5104581E+00     11 5.5E-01
    61      4  1.0E+00    128 (4.4E-04) 3.9E-01  1.4880355E+00     11 5.5E-01
    61      2             132 (4.4E-04) 6.3E-01  1.4873594E+00     12           R
    61      7             136 (4.4E-04) 3.0E-01  1.4873594E+00      6           r
    62      8  1.0E+00    138  3.1E+00  6.2E+08  1.4141003E+00      4         sm
    62     12             144  3.1E+00  9.2E+08  1.4141003E+00      9         smR
    63      6  1.0E+00    146  1.5E+00  6.7E+08  1.5471010E+00      6 8.2E-03 sm
    63      2             152  1.5E+00  5.0E+08  1.4965252E+00      7         smR
    64      8  1.0E+00    153  1.1E+00  2.5E+08  1.5812269E+00     10 1.9E-02 s
    65      8  1.0E+00    155  5.5E-01  1.1E+09  1.4889337E+00     12 2.6E-02  m
    66      6  2.5E-02    161  6.7E-01  2.6E+08  1.2461096E+00     10 2.6E-02
    66      2             166  6.7E-01  6.9E+07  1.2432366E+00     11           R
    67      4  1.0E+00    167  3.5E-02  1.9E+08  1.5004567E+00     14 1.2E+00 s
    68      5  1.0E+00    168  3.0E-02  1.7E+08  1.4447022E+00     12 1.2E+00
    68      1             173  3.0E-02  1.1E+08  1.4446343E+00     12           R
    69      4  1.0E+00    174 (7.7E-03) 2.0E+07  1.4461806E+00      9 5.4E-01 s

 Major Minors     Step   nCon Feasible  Optimal  MeritFunction     nS Penalty
    70      1  2.2E-01    176  2.9E-02  4.7E+07  1.4430969E+00      9 5.4E-01
    71      2  4.5E-02    180  2.4E-02  4.5E+07  1.4425002E+00      8 5.4E-01
    72      1  1.0E+00    181  2.2E-02  3.5E+07  1.4410349E+00      8 5.4E-01
    72      2             186  2.2E-02  2.1E+07  1.4406777E+00      9           R
    72      5             191  2.2E-02  3.5E+07  1.4406777E+00      6           r
 
 SNOPTC EXIT  40 -- terminated after numerical difficulties
 SNOPTC INFO  41 -- current point cannot be improved

 Problem name                 S
 No. of iterations                 448   Objective            1.4336360661E+00
 No. of major iterations            72   Linear    obj. term  0.0000000000E+00
 Penalty parameter           0.000E+00   Nonlinear obj. term  1.4336360661E+00
 User function calls (total)       198
 No. of superbasics                  6   No. of basic nonlinears             6
 No. of degenerate steps            11   Percentage                       2.46
 Max x                       2 2.4E+00   Max pi                      1 3.6E+00
 Max Primal infeas           0 0.0E+00   Max Dual infeas             2 3.0E-01
 Nonlinear constraint violn    5.3E-02
 
 

 Solution printed on file  18
 
 Time for MPS input                             0.00 seconds
 Time for solving problem                   79377.45 seconds
 Time for solution output                       0.00 seconds
 Time for constraint functions              79402.03 seconds
 Time for objective function                    0.00 seconds
