



   ---------------------------------------------------------------------------
     START OF THE SEQUENTIAL LEAST SQUARES PROGRAMMING ALGORIT  
   ---------------------------------------------------------------------------

     PARAMETERS:
        ACC =   0.1000D-02
        MAXITER =500
        IPRINT =   1
IOUT =   6


     ITER =    1     OBJ =  0.61701913E+00
     ITER =    2     OBJ =  0.45221676E+00
     ITER =    3     OBJ =  0.45721709E+00
     ITER =    4     OBJ =  0.56283171E+00
     ITER =    5     OBJ =  0.70196224E+00
     ITER =    6     OBJ =  0.73778283E+00
     ITER =    7     OBJ =  0.74977709E+00
     ITER =    8     OBJ =  0.74883416E+00
     ITER =    9     OBJ =  0.74746984E+00
     ITER =   10     OBJ =  0.74581281E+00
     ITER =   11     OBJ =  0.74579734E+00
     ITER =   12     OBJ =  0.74566556E+00
     ITER =   13     OBJ =  0.74566556E+00
     ITER =   14     OBJ =  0.74566556E+00
     ITER =   15     OBJ =  0.74566556E+00
     ITER =   16     OBJ =  0.74566556E+00
     ITER =   17     OBJ =  0.74579604E+00
     ITER =   18     OBJ =  0.74581374E+00
     ITER =   19     OBJ =  0.74581496E+00
     ITER =   20     OBJ =  0.74581625E+00
     ITER =   21     OBJ =  0.74581760E+00
     ITER =   22     OBJ =  0.74581834E+00
     ITER =   23     OBJ =  0.74581882E+00
     ITER =   24     OBJ =  0.74581914E+00
     ITER =   25     OBJ =  0.74581937E+00
     ITER =   26     OBJ =  0.74581956E+00
     ITER =   27     OBJ =  0.74581971E+00
     ITER =   28     OBJ =  0.74581985E+00
     ITER =   29     OBJ =  0.74581999E+00
     ITER =   30     OBJ =  0.74581965E+00
     ITER =   31     OBJ =  0.74580852E+00
     ITER =   32     OBJ =  0.74582561E+00
        NUMBER OF FUNC-CALLS:  NFUNC = 156
        NUMBER OF GRAD-CALLS:  NGRAD =  33
