



   ---------------------------------------------------------------------------
     START OF THE SEQUENTIAL LEAST SQUARES PROGRAMMING ALGORIT  
   ---------------------------------------------------------------------------

     PARAMETERS:
        ACC =   0.1000D-01
        MAXITER =500
        IPRINT =   1
IOUT =   6


     ITER =    1     OBJ =  0.58376041E+00
     ITER =    2     OBJ =  0.58480444E+00
     ITER =    3     OBJ =  0.60426828E+00
     ITER =    4     OBJ =  0.67087928E+00
     ITER =    5     OBJ =  0.72013269E+00
     ITER =    6     OBJ =  0.72738603E+00
     ITER =    7     OBJ =  0.72267291E+00
     ITER =    8     OBJ =  0.69652349E+00
     ITER =    9     OBJ =  0.66327819E+00
     ITER =   10     OBJ =  0.66864958E+00
     ITER =   11     OBJ =  0.66883173E+00
     ITER =   12     OBJ =  0.67288704E+00
     ITER =   13     OBJ =  0.67300263E+00
     ITER =   14     OBJ =  0.67398784E+00
     ITER =   15     OBJ =  0.67431120E+00
     ITER =   16     OBJ =  0.67431120E+00
     ITER =   17     OBJ =  0.67431442E+00
     ITER =   18     OBJ =  0.67431451E+00
     ITER =   19     OBJ =  0.67813831E+00
     ITER =   20     OBJ =  0.67832567E+00
     ITER =   21     OBJ =  0.67832567E+00
     ITER =   22     OBJ =  0.67832567E+00
        NUMBER OF FUNC-CALLS:  NFUNC = 115
        NUMBER OF GRAD-CALLS:  NGRAD =  23
