



   ---------------------------------------------------------------------------
     START OF THE SEQUENTIAL LEAST SQUARES PROGRAMMING ALGORIT  
   ---------------------------------------------------------------------------

     PARAMETERS:
        ACC =   0.1000D-02
        MAXITER =500
        IPRINT =   1
IOUT =   6


     ITER =    1     OBJ =  0.69482908E+00
     ITER =    2     OBJ =  0.64128738E+00
     ITER =    3     OBJ =  0.54292740E+00
     ITER =    4     OBJ =  0.60719268E+00
     ITER =    5     OBJ =  0.66056190E+00
     ITER =    6     OBJ =  0.75098342E+00
     ITER =    7     OBJ =  0.10098420E+01
     ITER =    8     OBJ =  0.11174360E+01
     ITER =    9     OBJ =  0.11107044E+01
     ITER =   10     OBJ =  0.12632083E+01
     ITER =   11     OBJ =  0.10948721E+01
     ITER =   12     OBJ =  0.11380945E+01
     ITER =   13     OBJ =  0.11378519E+01
     ITER =   14     OBJ =  0.11506506E+01
     ITER =   15     OBJ =  0.11690274E+01
     ITER =   16     OBJ =  0.11597918E+01
     ITER =   17     OBJ =  0.11565273E+01
     ITER =   18     OBJ =  0.11578048E+01
     ITER =   19     OBJ =  0.11528175E+01
     ITER =   20     OBJ =  0.11554942E+01
     ITER =   21     OBJ =  0.11517577E+01
     ITER =   22     OBJ =  0.11519584E+01
     ITER =   23     OBJ =  0.11529832E+01
     ITER =   24     OBJ =  0.11533333E+01
     ITER =   25     OBJ =  0.11613581E+01
     ITER =   26     OBJ =  0.11600133E+01
        NUMBER OF FUNC-CALLS:  NFUNC =  86
        NUMBER OF GRAD-CALLS:  NGRAD =  27
