



   ---------------------------------------------------------------------------
     START OF THE SEQUENTIAL LEAST SQUARES PROGRAMMING ALGORIT  
   ---------------------------------------------------------------------------

     PARAMETERS:
        ACC =   0.1000D-05
        MAXITER =500
        IPRINT =   1
IOUT =   6


     ITER =    1     OBJ =  0.20208119E+01
     ITER =    2     OBJ =  0.17291143E+01
     ITER =    3     OBJ =  0.17522875E+01
     ITER =    4     OBJ =  0.15390864E+01
     ITER =    5     OBJ =  0.15526885E+01
     ITER =    6     OBJ =  0.17021806E+01
     ITER =    7     OBJ =  0.17026061E+01
     ITER =    8     OBJ =  0.18007328E+01
     ITER =    9     OBJ =  0.17860080E+01
     ITER =   10     OBJ =  0.17814108E+01
     ITER =   11     OBJ =  0.17804348E+01
     ITER =   12     OBJ =  0.17822803E+01
     ITER =   13     OBJ =  0.17830044E+01
     ITER =   14     OBJ =  0.17830845E+01
     ITER =   15     OBJ =  0.17830845E+01
     ITER =   16     OBJ =  0.17814134E+01
     ITER =   17     OBJ =  0.17802660E+01
     ITER =   18     OBJ =  0.17782580E+01
     ITER =   19     OBJ =  0.17774335E+01
     ITER =   20     OBJ =  0.17768245E+01
     ITER =   21     OBJ =  0.17762997E+01
     ITER =   22     OBJ =  0.17758693E+01
     ITER =   23     OBJ =  0.17755382E+01
     ITER =   24     OBJ =  0.17751438E+01
     ITER =   25     OBJ =  0.17749630E+01
     ITER =   26     OBJ =  0.17739029E+01
     ITER =   27     OBJ =  0.17731326E+01
     ITER =   28     OBJ =  0.17746641E+01
     ITER =   29     OBJ =  0.17732092E+01
     ITER =   30     OBJ =  0.17727199E+01
     ITER =   31     OBJ =  0.17726659E+01
     ITER =   32     OBJ =  0.17729575E+01
     ITER =   33     OBJ =  0.17728023E+01
     ITER =   34     OBJ =  0.17729477E+01
     ITER =   35     OBJ =  0.17729226E+01
     ITER =   36     OBJ =  0.17729710E+01
     ITER =   37     OBJ =  0.17729409E+01
     ITER =   38     OBJ =  0.17729120E+01
     ITER =   39     OBJ =  0.17728986E+01
     ITER =   40     OBJ =  0.17729276E+01
     ITER =   41     OBJ =  0.17729276E+01
     ITER =   43     OBJ =  0.16829918E+01
     ITER =   44     OBJ =  0.16679844E+01
     ITER =   45     OBJ =  0.16009336E+01
     ITER =   46     OBJ =  0.15537758E+01
     ITER =   47     OBJ =  0.16209238E+01
     ITER =   48     OBJ =  0.16071214E+01
     ITER =   49     OBJ =  0.16541501E+01
     ITER =   50     OBJ =  0.16245942E+01
     ITER =   51     OBJ =  0.16420999E+01
     ITER =   52     OBJ =  0.16412576E+01
     ITER =   53     OBJ =  0.16331849E+01
     ITER =   54     OBJ =  0.16318586E+01
     ITER =   55     OBJ =  0.16375747E+01
     ITER =   56     OBJ =  0.16187064E+01
     ITER =   57     OBJ =  0.16330192E+01
     ITER =   58     OBJ =  0.16285709E+01
     ITER =   59     OBJ =  0.16300969E+01
     ITER =   60     OBJ =  0.16297363E+01
     ITER =   61     OBJ =  0.16294144E+01
     ITER =   62     OBJ =  0.16292099E+01
     ITER =   63     OBJ =  0.16288163E+01
     ITER =   64     OBJ =  0.16288728E+01
     ITER =   65     OBJ =  0.16287740E+01
     ITER =   66     OBJ =  0.16287937E+01
     ITER =   67     OBJ =  0.16288399E+01
     ITER =   68     OBJ =  0.16287854E+01
     ITER =   69     OBJ =  0.16287429E+01
     ITER =   70     OBJ =  0.16287896E+01
     ITER =   71     OBJ =  0.16288378E+01
     ITER =   72     OBJ =  0.16288679E+01
     ITER =   73     OBJ =  0.16288661E+01
     ITER =   74     OBJ =  0.16288462E+01
     ITER =   75     OBJ =  0.16288423E+01
     ITER =   76     OBJ =  0.16288410E+01
     ITER =   77     OBJ =  0.16288411E+01
     ITER =   78     OBJ =  0.16288415E+01
     ITER =   79     OBJ =  0.16288456E+01
     ITER =   80     OBJ =  0.16288384E+01
     ITER =   81     OBJ =  0.16288458E+01
     ITER =   82     OBJ =  0.16288506E+01
     ITER =   83     OBJ =  0.16288499E+01
     ITER =   84     OBJ =  0.16288471E+01
        NUMBER OF FUNC-CALLS:  NFUNC = 332
        NUMBER OF GRAD-CALLS:  NGRAD =  84
