



   ---------------------------------------------------------------------------
     START OF THE SEQUENTIAL LEAST SQUARES PROGRAMMING ALGORIT  
   ---------------------------------------------------------------------------

     PARAMETERS:
        ACC =   0.1000D-02
        MAXITER =500
        IPRINT =   1
IOUT =   6


     ITER =    1     OBJ =  0.11411455E+01
     ITER =    2     OBJ =  0.10214792E+01
     ITER =    3     OBJ =  0.10706368E+01
     ITER =    4     OBJ =  0.95277227E+00
     ITER =    5     OBJ =  0.10884575E+01
     ITER =    6     OBJ =  0.11706744E+01
     ITER =    7     OBJ =  0.12101516E+01
     ITER =    8     OBJ =  0.12785883E+01
     ITER =    9     OBJ =  0.12874770E+01
     ITER =   10     OBJ =  0.15485127E+01
     ITER =   11     OBJ =  0.15684643E+01
     ITER =   12     OBJ =  0.15678272E+01
     ITER =   13     OBJ =  0.15662504E+01
     ITER =   14     OBJ =  0.16394036E+01
     ITER =   15     OBJ =  0.16387589E+01
     ITER =   16     OBJ =  0.16392801E+01
     ITER =   17     OBJ =  0.16391470E+01
     ITER =   18     OBJ =  0.16390635E+01
     ITER =   19     OBJ =  0.16390888E+01
     ITER =   20     OBJ =  0.16390459E+01
     ITER =   21     OBJ =  0.16389810E+01
     ITER =   22     OBJ =  0.16388591E+01
     ITER =   23     OBJ =  0.16386765E+01
     ITER =   24     OBJ =  0.16382603E+01
     ITER =   25     OBJ =  0.16379201E+01
     ITER =   26     OBJ =  0.16366652E+01
     ITER =   27     OBJ =  0.16372727E+01
     ITER =   28     OBJ =  0.16370711E+01
     ITER =   29     OBJ =  0.16356340E+01
     ITER =   30     OBJ =  0.16361951E+01
     ITER =   31     OBJ =  0.16370205E+01
     ITER =   32     OBJ =  0.16358330E+01
     ITER =   33     OBJ =  0.16351203E+01
     ITER =   34     OBJ =  0.16351995E+01
     ITER =   35     OBJ =  0.16354087E+01
     ITER =   36     OBJ =  0.16354213E+01
     ITER =   37     OBJ =  0.16354213E+01
     ITER =   38     OBJ =  0.16354213E+01
     ITER =   39     OBJ =  0.16354546E+01
     ITER =   40     OBJ =  0.16354800E+01
     ITER =   41     OBJ =  0.16354800E+01
     ITER =   42     OBJ =  0.16354800E+01
     ITER =   43     OBJ =  0.16354800E+01
     ITER =   44     OBJ =  0.16354800E+01
     ITER =   45     OBJ =  0.16354800E+01
     ITER =   46     OBJ =  0.16354800E+01
     ITER =   47     OBJ =  0.16354800E+01
     ITER =   48     OBJ =  0.16354800E+01
     ITER =   49     OBJ =  0.16354800E+01
     ITER =   50     OBJ =  0.16354800E+01
     ITER =   51     OBJ =  0.16354800E+01
     ITER =   52     OBJ =  0.16354800E+01
     ITER =   53     OBJ =  0.16354800E+01
     ITER =   54     OBJ =  0.16354800E+01
     ITER =   55     OBJ =  0.16354800E+01
     ITER =   56     OBJ =  0.16354886E+01
     ITER =   57     OBJ =  0.16354855E+01
     ITER =   58     OBJ =  0.16354720E+01
     ITER =   59     OBJ =  0.16354952E+01
     ITER =   60     OBJ =  0.16354952E+01
     ITER =   61     OBJ =  0.16354952E+01
     ITER =   62     OBJ =  0.16354952E+01
     ITER =   63     OBJ =  0.16354952E+01
     ITER =   64     OBJ =  0.16354952E+01
     ITER =   65     OBJ =  0.16354952E+01
     ITER =   66     OBJ =  0.16354952E+01
     ITER =   67     OBJ =  0.16354952E+01
     ITER =   68     OBJ =  0.16354952E+01
     ITER =   69     OBJ =  0.16354952E+01
     ITER =   70     OBJ =  0.16354952E+01
     ITER =   71     OBJ =  0.16354952E+01
     ITER =   72     OBJ =  0.16354952E+01
     ITER =   73     OBJ =  0.16354952E+01
     ITER =   74     OBJ =  0.16354952E+01
     ITER =   75     OBJ =  0.16354952E+01
     ITER =   76     OBJ =  0.16354952E+01
     ITER =   77     OBJ =  0.16354952E+01
     ITER =   78     OBJ =  0.16354952E+01
     ITER =   79     OBJ =  0.16354952E+01
     ITER =   80     OBJ =  0.16354952E+01
     ITER =   81     OBJ =  0.16354952E+01
     ITER =   82     OBJ =  0.16354952E+01
     ITER =   83     OBJ =  0.16354952E+01
     ITER =   84     OBJ =  0.16354952E+01
     ITER =   85     OBJ =  0.16354952E+01
     ITER =   86     OBJ =  0.16354952E+01
     ITER =   87     OBJ =  0.16354952E+01
     ITER =   88     OBJ =  0.16354952E+01
     ITER =   89     OBJ =  0.16354953E+01
     ITER =   90     OBJ =  0.16354957E+01
     ITER =   91     OBJ =  0.16354957E+01
     ITER =   92     OBJ =  0.16354957E+01
     ITER =   93     OBJ =  0.16354957E+01
     ITER =   94     OBJ =  0.16354957E+01
     ITER =   95     OBJ =  0.16354957E+01
     ITER =   96     OBJ =  0.16354957E+01
     ITER =   97     OBJ =  0.16354957E+01
     ITER =   98     OBJ =  0.16354957E+01
     ITER =   99     OBJ =  0.16354957E+01
     ITER =  100     OBJ =  0.16354957E+01
     ITER =  101     OBJ =  0.16354957E+01
     ITER =  102     OBJ =  0.16354957E+01
     ITER =  103     OBJ =  0.16354957E+01
     ITER =  104     OBJ =  0.16354957E+01
     ITER =  105     OBJ =  0.16354957E+01
     ITER =  106     OBJ =  0.16354957E+01
     ITER =  107     OBJ =  0.16354957E+01
     ITER =  108     OBJ =  0.16354957E+01
     ITER =  109     OBJ =  0.16354957E+01
     ITER =  110     OBJ =  0.16354957E+01
     ITER =  111     OBJ =  0.16354957E+01
     ITER =  112     OBJ =  0.16354957E+01
     ITER =  113     OBJ =  0.16354957E+01
     ITER =  114     OBJ =  0.16354957E+01
     ITER =  115     OBJ =  0.16354957E+01
     ITER =  116     OBJ =  0.16354957E+01
     ITER =  117     OBJ =  0.16354957E+01
     ITER =  118     OBJ =  0.16354957E+01
     ITER =  119     OBJ =  0.16354957E+01
     ITER =  120     OBJ =  0.16354957E+01
     ITER =  121     OBJ =  0.16354957E+01
     ITER =  122     OBJ =  0.16354957E+01
     ITER =  123     OBJ =  0.16354957E+01
     ITER =  124     OBJ =  0.16354957E+01
     ITER =  125     OBJ =  0.16354957E+01
     ITER =  126     OBJ =  0.16354957E+01
     ITER =  127     OBJ =  0.16354957E+01
     ITER =  128     OBJ =  0.16354957E+01
     ITER =  129     OBJ =  0.16354957E+01
     ITER =  130     OBJ =  0.16354957E+01
     ITER =  131     OBJ =  0.16354957E+01
     ITER =  132     OBJ =  0.16354957E+01
     ITER =  133     OBJ =  0.16354957E+01
     ITER =  134     OBJ =  0.16354957E+01
     ITER =  135     OBJ =  0.16354957E+01
     ITER =  136     OBJ =  0.16354957E+01
     ITER =  137     OBJ =  0.16354957E+01
     ITER =  138     OBJ =  0.16354957E+01
     ITER =  139     OBJ =  0.16354957E+01
     ITER =  140     OBJ =  0.16354957E+01
     ITER =  141     OBJ =  0.16354957E+01
     ITER =  142     OBJ =  0.16354957E+01
     ITER =  143     OBJ =  0.16354957E+01
     ITER =  144     OBJ =  0.16354957E+01
     ITER =  145     OBJ =  0.16354957E+01
     ITER =  146     OBJ =  0.16354957E+01
     ITER =  147     OBJ =  0.16354957E+01
     ITER =  148     OBJ =  0.16354957E+01
     ITER =  149     OBJ =  0.16354957E+01
     ITER =  150     OBJ =  0.16354957E+01
     ITER =  151     OBJ =  0.16354957E+01
     ITER =  152     OBJ =  0.16354957E+01
     ITER =  153     OBJ =  0.16354957E+01
     ITER =  154     OBJ =  0.16354957E+01
     ITER =  155     OBJ =  0.16354957E+01
     ITER =  156     OBJ =  0.16354957E+01
     ITER =  157     OBJ =  0.16354957E+01
     ITER =  158     OBJ =  0.16354957E+01
     ITER =  159     OBJ =  0.16354957E+01
     ITER =  160     OBJ =  0.16354957E+01
     ITER =  161     OBJ =  0.16354957E+01
     ITER =  162     OBJ =  0.16354957E+01
     ITER =  163     OBJ =  0.16354957E+01
