



   ---------------------------------------------------------------------------
     START OF THE SEQUENTIAL LEAST SQUARES PROGRAMMING ALGORIT  
   ---------------------------------------------------------------------------

     PARAMETERS:
        ACC =   0.1000D-05
        MAXITER =500
        IPRINT =   1
IOUT =   6


     ITER =    1     OBJ =  0.23174895E+01
     ITER =    2     OBJ =  0.17646254E+01
     ITER =    3     OBJ =  0.16096676E+01
     ITER =    4     OBJ =  0.16397956E+01
     ITER =    5     OBJ =  0.16610246E+01
     ITER =    6     OBJ =  0.16610246E+01
     ITER =    7     OBJ =  0.16610246E+01
     ITER =    8     OBJ =  0.16610246E+01
     ITER =    9     OBJ =  0.17536738E+01
     ITER =   10     OBJ =  0.19337270E+01
     ITER =   11     OBJ =  0.19695813E+01
     ITER =   12     OBJ =  0.19740323E+01
     ITER =   13     OBJ =  0.20074376E+01
     ITER =   14     OBJ =  0.20804051E+01
     ITER =   15     OBJ =  0.20221917E+01
     ITER =   16     OBJ =  0.20391525E+01
     ITER =   17     OBJ =  0.20296739E+01
     ITER =   18     OBJ =  0.20407390E+01
     ITER =   19     OBJ =  0.20415512E+01
     ITER =   20     OBJ =  0.20465820E+01
     ITER =   21     OBJ =  0.20429713E+01
     ITER =   22     OBJ =  0.20419130E+01
     ITER =   23     OBJ =  0.20418105E+01
     ITER =   24     OBJ =  0.20417796E+01
     ITER =   25     OBJ =  0.20417834E+01
     ITER =   26     OBJ =  0.20417795E+01
     ITER =   27     OBJ =  0.20417781E+01
     ITER =   28     OBJ =  0.20417747E+01
     ITER =   29     OBJ =  0.20417714E+01
     ITER =   30     OBJ =  0.20417674E+01
     ITER =   31     OBJ =  0.20417635E+01
     ITER =   32     OBJ =  0.20417595E+01
     ITER =   33     OBJ =  0.20417555E+01
     ITER =   34     OBJ =  0.20417515E+01
     ITER =   35     OBJ =  0.20417476E+01
     ITER =   36     OBJ =  0.20417437E+01
     ITER =   37     OBJ =  0.20417399E+01
     ITER =   38     OBJ =  0.20417362E+01
     ITER =   39     OBJ =  0.20417324E+01
     ITER =   40     OBJ =  0.20417287E+01
     ITER =   41     OBJ =  0.20417251E+01
     ITER =   42     OBJ =  0.20417215E+01
     ITER =   43     OBJ =  0.20417180E+01
     ITER =   44     OBJ =  0.20417145E+01
     ITER =   45     OBJ =  0.20417110E+01
     ITER =   46     OBJ =  0.20417076E+01
     ITER =   47     OBJ =  0.20417042E+01
     ITER =   48     OBJ =  0.20417009E+01
     ITER =   49     OBJ =  0.20416976E+01
     ITER =   50     OBJ =  0.20416943E+01
     ITER =   51     OBJ =  0.20416911E+01
     ITER =   52     OBJ =  0.20416879E+01
     ITER =   53     OBJ =  0.20416848E+01
     ITER =   54     OBJ =  0.20416817E+01
     ITER =   55     OBJ =  0.20416787E+01
     ITER =   56     OBJ =  0.20416757E+01
     ITER =   57     OBJ =  0.20416727E+01
     ITER =   58     OBJ =  0.20416698E+01
     ITER =   59     OBJ =  0.20416668E+01
     ITER =   60     OBJ =  0.20416640E+01
     ITER =   61     OBJ =  0.20416611E+01
     ITER =   62     OBJ =  0.20416583E+01
     ITER =   63     OBJ =  0.20416556E+01
     ITER =   64     OBJ =  0.20416529E+01
     ITER =   65     OBJ =  0.20416501E+01
     ITER =   66     OBJ =  0.20416475E+01
     ITER =   67     OBJ =  0.20416449E+01
     ITER =   68     OBJ =  0.20416423E+01
     ITER =   69     OBJ =  0.20416397E+01
     ITER =   70     OBJ =  0.20416372E+01
     ITER =   71     OBJ =  0.20416347E+01
     ITER =   72     OBJ =  0.20416322E+01
     ITER =   73     OBJ =  0.20416298E+01
     ITER =   74     OBJ =  0.20416274E+01
     ITER =   75     OBJ =  0.20416250E+01
     ITER =   76     OBJ =  0.20416227E+01
     ITER =   77     OBJ =  0.20416203E+01
     ITER =   78     OBJ =  0.20416180E+01
     ITER =   79     OBJ =  0.20416158E+01
     ITER =   80     OBJ =  0.20416135E+01
     ITER =   81     OBJ =  0.20416113E+01
     ITER =   82     OBJ =  0.20416092E+01
     ITER =   83     OBJ =  0.20416070E+01
     ITER =   84     OBJ =  0.20416049E+01
     ITER =   85     OBJ =  0.20416028E+01
     ITER =   86     OBJ =  0.20416007E+01
     ITER =   87     OBJ =  0.20415986E+01
     ITER =   88     OBJ =  0.20415967E+01
     ITER =   89     OBJ =  0.20415947E+01
     ITER =   90     OBJ =  0.20415927E+01
     ITER =   91     OBJ =  0.20415907E+01
     ITER =   92     OBJ =  0.20415888E+01
     ITER =   93     OBJ =  0.20415869E+01
     ITER =   94     OBJ =  0.20415850E+01
     ITER =   95     OBJ =  0.20415832E+01
     ITER =   96     OBJ =  0.20415814E+01
     ITER =   97     OBJ =  0.20415795E+01
     ITER =   98     OBJ =  0.20415778E+01
     ITER =   99     OBJ =  0.20415760E+01
     ITER =  100     OBJ =  0.20415742E+01
     ITER =  101     OBJ =  0.20415725E+01
     ITER =  102     OBJ =  0.20415709E+01
     ITER =  103     OBJ =  0.20415692E+01
     ITER =  104     OBJ =  0.20415675E+01
     ITER =  105     OBJ =  0.20415659E+01
     ITER =  106     OBJ =  0.20415643E+01
     ITER =  107     OBJ =  0.20415627E+01
     ITER =  108     OBJ =  0.20415611E+01
     ITER =  109     OBJ =  0.20415595E+01
     ITER =  110     OBJ =  0.20415580E+01
     ITER =  111     OBJ =  0.20415565E+01
     ITER =  112     OBJ =  0.20415550E+01
     ITER =  113     OBJ =  0.20415535E+01
     ITER =  114     OBJ =  0.20415521E+01
     ITER =  115     OBJ =  0.20415506E+01
     ITER =  116     OBJ =  0.20415492E+01
     ITER =  117     OBJ =  0.20415478E+01
     ITER =  118     OBJ =  0.20415464E+01
     ITER =  119     OBJ =  0.20415450E+01
     ITER =  120     OBJ =  0.20415437E+01
     ITER =  121     OBJ =  0.20415423E+01
     ITER =  122     OBJ =  0.20415410E+01
     ITER =  123     OBJ =  0.20415397E+01
     ITER =  124     OBJ =  0.20415385E+01
     ITER =  125     OBJ =  0.20415372E+01
     ITER =  126     OBJ =  0.20415359E+01
     ITER =  127     OBJ =  0.20415347E+01
     ITER =  128     OBJ =  0.20415335E+01
     ITER =  129     OBJ =  0.20415323E+01
     ITER =  130     OBJ =  0.20415311E+01
     ITER =  131     OBJ =  0.20415299E+01
     ITER =  132     OBJ =  0.20415288E+01
     ITER =  133     OBJ =  0.20415276E+01
     ITER =  134     OBJ =  0.20415265E+01
     ITER =  135     OBJ =  0.20415254E+01
     ITER =  136     OBJ =  0.20415243E+01
     ITER =  137     OBJ =  0.20415232E+01
     ITER =  138     OBJ =  0.20415221E+01
     ITER =  139     OBJ =  0.20415211E+01
     ITER =  140     OBJ =  0.20415200E+01
     ITER =  141     OBJ =  0.20415190E+01
     ITER =  142     OBJ =  0.20415180E+01
     ITER =  143     OBJ =  0.20415170E+01
     ITER =  144     OBJ =  0.20415160E+01
     ITER =  145     OBJ =  0.20415150E+01
     ITER =  146     OBJ =  0.20415141E+01
     ITER =  147     OBJ =  0.20415131E+01
     ITER =  148     OBJ =  0.20415122E+01
     ITER =  149     OBJ =  0.20415113E+01
     ITER =  150     OBJ =  0.20415104E+01
     ITER =  151     OBJ =  0.20415095E+01
     ITER =  152     OBJ =  0.20415086E+01
     ITER =  153     OBJ =  0.20415077E+01
     ITER =  154     OBJ =  0.20415068E+01
     ITER =  155     OBJ =  0.20415060E+01
     ITER =  156     OBJ =  0.20415051E+01
     ITER =  157     OBJ =  0.20415043E+01
     ITER =  158     OBJ =  0.20415035E+01
     ITER =  159     OBJ =  0.20415027E+01
     ITER =  160     OBJ =  0.20415019E+01
     ITER =  161     OBJ =  0.20415011E+01
     ITER =  162     OBJ =  0.20415003E+01
     ITER =  163     OBJ =  0.20414996E+01
     ITER =  164     OBJ =  0.20414988E+01
     ITER =  165     OBJ =  0.20414981E+01
     ITER =  166     OBJ =  0.20414973E+01
     ITER =  167     OBJ =  0.20414966E+01
     ITER =  168     OBJ =  0.20414959E+01
     ITER =  169     OBJ =  0.20414952E+01
     ITER =  170     OBJ =  0.20414945E+01
     ITER =  171     OBJ =  0.20414938E+01
     ITER =  172     OBJ =  0.20414931E+01
     ITER =  173     OBJ =  0.20414924E+01
     ITER =  174     OBJ =  0.20414918E+01
     ITER =  175     OBJ =  0.20414911E+01
     ITER =  176     OBJ =  0.20414905E+01
     ITER =  177     OBJ =  0.20414898E+01
     ITER =  178     OBJ =  0.20414892E+01
     ITER =  179     OBJ =  0.20414886E+01
     ITER =  180     OBJ =  0.20414880E+01
     ITER =  181     OBJ =  0.20414874E+01
     ITER =  182     OBJ =  0.20414868E+01
     ITER =  183     OBJ =  0.20414862E+01
     ITER =  184     OBJ =  0.20414856E+01
     ITER =  185     OBJ =  0.20414851E+01
     ITER =  186     OBJ =  0.20414845E+01
     ITER =  187     OBJ =  0.20414839E+01
     ITER =  188     OBJ =  0.20414834E+01
     ITER =  189     OBJ =  0.20414829E+01
     ITER =  190     OBJ =  0.20414823E+01
     ITER =  191     OBJ =  0.20414818E+01
     ITER =  192     OBJ =  0.20414813E+01
     ITER =  193     OBJ =  0.20414808E+01
     ITER =  194     OBJ =  0.20414803E+01
     ITER =  195     OBJ =  0.20414798E+01
     ITER =  196     OBJ =  0.20414793E+01
     ITER =  197     OBJ =  0.20414788E+01
     ITER =  198     OBJ =  0.20414784E+01
     ITER =  199     OBJ =  0.20414779E+01
     ITER =  200     OBJ =  0.20414774E+01
     ITER =  201     OBJ =  0.20414770E+01
     ITER =  202     OBJ =  0.20414765E+01
     ITER =  203     OBJ =  0.20414761E+01
     ITER =  204     OBJ =  0.20414757E+01
     ITER =  205     OBJ =  0.20414752E+01
     ITER =  206     OBJ =  0.20414748E+01
     ITER =  207     OBJ =  0.20414744E+01
     ITER =  208     OBJ =  0.20414740E+01
     ITER =  209     OBJ =  0.20414736E+01
     ITER =  210     OBJ =  0.20414732E+01
     ITER =  211     OBJ =  0.20414728E+01
     ITER =  212     OBJ =  0.20414724E+01
     ITER =  213     OBJ =  0.20414720E+01
     ITER =  214     OBJ =  0.20414717E+01
     ITER =  215     OBJ =  0.20414713E+01
     ITER =  216     OBJ =  0.20414709E+01
     ITER =  217     OBJ =  0.20414706E+01
     ITER =  218     OBJ =  0.20414702E+01
     ITER =  219     OBJ =  0.20414698E+01
     ITER =  220     OBJ =  0.20414695E+01
     ITER =  221     OBJ =  0.20414692E+01
     ITER =  222     OBJ =  0.20414688E+01
     ITER =  223     OBJ =  0.20414685E+01
     ITER =  224     OBJ =  0.20414682E+01
     ITER =  225     OBJ =  0.20414679E+01
     ITER =  226     OBJ =  0.20414675E+01
     ITER =  227     OBJ =  0.20414672E+01
     ITER =  228     OBJ =  0.20414669E+01
     ITER =  229     OBJ =  0.20414666E+01
     ITER =  230     OBJ =  0.20414663E+01
     ITER =  231     OBJ =  0.20414660E+01
     ITER =  232     OBJ =  0.20414658E+01
     ITER =  233     OBJ =  0.20414655E+01
     ITER =  234     OBJ =  0.20414652E+01
     ITER =  235     OBJ =  0.20414649E+01
     ITER =  236     OBJ =  0.20414646E+01
     ITER =  237     OBJ =  0.20414644E+01
     ITER =  238     OBJ =  0.20414641E+01
     ITER =  239     OBJ =  0.20414638E+01
     ITER =  240     OBJ =  0.20414636E+01
     ITER =  241     OBJ =  0.20414633E+01
     ITER =  242     OBJ =  0.20414631E+01
     ITER =  243     OBJ =  0.20414628E+01
     ITER =  244     OBJ =  0.20414626E+01
     ITER =  245     OBJ =  0.20414623E+01
     ITER =  246     OBJ =  0.20414621E+01
     ITER =  247     OBJ =  0.20414619E+01
     ITER =  248     OBJ =  0.20414616E+01
     ITER =  249     OBJ =  0.20414614E+01
     ITER =  250     OBJ =  0.20414612E+01
     ITER =  251     OBJ =  0.20414610E+01
     ITER =  252     OBJ =  0.20414608E+01
     ITER =  253     OBJ =  0.20414606E+01
     ITER =  254     OBJ =  0.20414603E+01
     ITER =  255     OBJ =  0.20414601E+01
     ITER =  256     OBJ =  0.20414600E+01
     ITER =  257     OBJ =  0.20414598E+01
     ITER =  258     OBJ =  0.20414596E+01
     ITER =  259     OBJ =  0.20414594E+01
     ITER =  260     OBJ =  0.20414592E+01
     ITER =  261     OBJ =  0.20414590E+01
     ITER =  262     OBJ =  0.20414588E+01
     ITER =  263     OBJ =  0.20414586E+01
     ITER =  264     OBJ =  0.20414585E+01
     ITER =  265     OBJ =  0.20414583E+01
     ITER =  266     OBJ =  0.20414581E+01
     ITER =  267     OBJ =  0.20414580E+01
     ITER =  268     OBJ =  0.20414578E+01
     ITER =  269     OBJ =  0.20414576E+01
     ITER =  270     OBJ =  0.20414575E+01
     ITER =  271     OBJ =  0.20414573E+01
     ITER =  272     OBJ =  0.20414572E+01
     ITER =  273     OBJ =  0.20414570E+01
     ITER =  274     OBJ =  0.20414569E+01
     ITER =  275     OBJ =  0.20414567E+01
     ITER =  276     OBJ =  0.20414566E+01
     ITER =  277     OBJ =  0.20414564E+01
     ITER =  278     OBJ =  0.20414563E+01
     ITER =  279     OBJ =  0.20414561E+01
     ITER =  280     OBJ =  0.20414560E+01
     ITER =  281     OBJ =  0.20414559E+01
     ITER =  282     OBJ =  0.20414558E+01
     ITER =  283     OBJ =  0.20414556E+01
     ITER =  284     OBJ =  0.20414555E+01
     ITER =  285     OBJ =  0.20414554E+01
     ITER =  286     OBJ =  0.20414553E+01
     ITER =  287     OBJ =  0.20414551E+01
     ITER =  288     OBJ =  0.20414550E+01
     ITER =  289     OBJ =  0.20414549E+01
     ITER =  290     OBJ =  0.20414548E+01
     ITER =  291     OBJ =  0.20414547E+01
     ITER =  292     OBJ =  0.20414545E+01
     ITER =  293     OBJ =  0.20414545E+01
     ITER =  294     OBJ =  0.20414543E+01
     ITER =  295     OBJ =  0.20414542E+01
     ITER =  296     OBJ =  0.20414541E+01
     ITER =  297     OBJ =  0.20414540E+01
     ITER =  298     OBJ =  0.20414539E+01
     ITER =  299     OBJ =  0.20414538E+01
     ITER =  300     OBJ =  0.20414537E+01
     ITER =  301     OBJ =  0.20414536E+01
     ITER =  302     OBJ =  0.20414535E+01
     ITER =  303     OBJ =  0.20414534E+01
     ITER =  304     OBJ =  0.20414533E+01
     ITER =  305     OBJ =  0.20414532E+01
     ITER =  306     OBJ =  0.20414532E+01
     ITER =  307     OBJ =  0.20414531E+01
     ITER =  308     OBJ =  0.20414530E+01
     ITER =  309     OBJ =  0.20414529E+01
     ITER =  310     OBJ =  0.20414528E+01
     ITER =  311     OBJ =  0.20414528E+01
     ITER =  312     OBJ =  0.20414527E+01
     ITER =  313     OBJ =  0.20414526E+01
     ITER =  314     OBJ =  0.20414525E+01
     ITER =  315     OBJ =  0.20414525E+01
     ITER =  316     OBJ =  0.20414524E+01
     ITER =  317     OBJ =  0.20414523E+01
     ITER =  318     OBJ =  0.20414522E+01
     ITER =  319     OBJ =  0.20414522E+01
     ITER =  320     OBJ =  0.20414521E+01
     ITER =  321     OBJ =  0.20414520E+01
     ITER =  322     OBJ =  0.20414520E+01
     ITER =  323     OBJ =  0.20414519E+01
     ITER =  324     OBJ =  0.20414518E+01
     ITER =  325     OBJ =  0.20414518E+01
     ITER =  326     OBJ =  0.20414517E+01
     ITER =  327     OBJ =  0.20414517E+01
     ITER =  328     OBJ =  0.20414516E+01
     ITER =  329     OBJ =  0.20414515E+01
     ITER =  330     OBJ =  0.20414515E+01
     ITER =  331     OBJ =  0.20414514E+01
     ITER =  332     OBJ =  0.20414514E+01
     ITER =  333     OBJ =  0.20414513E+01
     ITER =  334     OBJ =  0.20414513E+01
     ITER =  335     OBJ =  0.20414512E+01
     ITER =  336     OBJ =  0.20414512E+01
     ITER =  337     OBJ =  0.20414511E+01
     ITER =  338     OBJ =  0.20414511E+01
     ITER =  339     OBJ =  0.20414510E+01
     ITER =  340     OBJ =  0.20414510E+01
     ITER =  341     OBJ =  0.20414509E+01
     ITER =  342     OBJ =  0.20414509E+01
     ITER =  343     OBJ =  0.20414508E+01
     ITER =  344     OBJ =  0.20414508E+01
     ITER =  345     OBJ =  0.20414508E+01
     ITER =  346     OBJ =  0.20414507E+01
     ITER =  347     OBJ =  0.20414507E+01
     ITER =  348     OBJ =  0.20414506E+01
     ITER =  349     OBJ =  0.20414506E+01
     ITER =  350     OBJ =  0.20414506E+01
     ITER =  351     OBJ =  0.20414505E+01
     ITER =  352     OBJ =  0.20414505E+01
     ITER =  353     OBJ =  0.20414505E+01
     ITER =  354     OBJ =  0.20414504E+01
     ITER =  355     OBJ =  0.20414504E+01
     ITER =  356     OBJ =  0.20414503E+01
     ITER =  357     OBJ =  0.20414503E+01
     ITER =  358     OBJ =  0.20414503E+01
     ITER =  359     OBJ =  0.20414502E+01
     ITER =  360     OBJ =  0.20414502E+01
     ITER =  361     OBJ =  0.20414502E+01
     ITER =  362     OBJ =  0.20414501E+01
     ITER =  363     OBJ =  0.20414501E+01
     ITER =  364     OBJ =  0.20414501E+01
     ITER =  365     OBJ =  0.20414500E+01
     ITER =  366     OBJ =  0.20414500E+01
     ITER =  367     OBJ =  0.20414500E+01
     ITER =  368     OBJ =  0.20414500E+01
     ITER =  369     OBJ =  0.20414499E+01
     ITER =  370     OBJ =  0.20414499E+01
     ITER =  371     OBJ =  0.20414499E+01
     ITER =  372     OBJ =  0.20414499E+01
     ITER =  373     OBJ =  0.20414498E+01
     ITER =  374     OBJ =  0.20414498E+01
     ITER =  375     OBJ =  0.20414498E+01
     ITER =  376     OBJ =  0.20414497E+01
     ITER =  377     OBJ =  0.20414497E+01
     ITER =  378     OBJ =  0.20414497E+01
     ITER =  379     OBJ =  0.20414497E+01
     ITER =  380     OBJ =  0.20414497E+01
     ITER =  381     OBJ =  0.20414497E+01
     ITER =  382     OBJ =  0.20414496E+01
     ITER =  383     OBJ =  0.20414496E+01
     ITER =  384     OBJ =  0.20414496E+01
     ITER =  385     OBJ =  0.20414496E+01
     ITER =  386     OBJ =  0.20414496E+01
     ITER =  387     OBJ =  0.20414495E+01
     ITER =  388     OBJ =  0.20414495E+01
     ITER =  389     OBJ =  0.20414495E+01
     ITER =  390     OBJ =  0.20414494E+01
     ITER =  391     OBJ =  0.20414494E+01
     ITER =  392     OBJ =  0.20414493E+01
     ITER =  393     OBJ =  0.20414493E+01
     ITER =  394     OBJ =  0.20414491E+01
     ITER =  395     OBJ =  0.20414491E+01
     ITER =  396     OBJ =  0.20414491E+01
     ITER =  397     OBJ =  0.20414491E+01
     ITER =  398     OBJ =  0.20414491E+01
     ITER =  399     OBJ =  0.20414488E+01
     ITER =  400     OBJ =  0.20414489E+01
     ITER =  401     OBJ =  0.20414489E+01
     ITER =  402     OBJ =  0.20414488E+01
     ITER =  403     OBJ =  0.20414477E+01
     ITER =  404     OBJ =  0.20414477E+01
     ITER =  405     OBJ =  0.20414477E+01
     ITER =  406     OBJ =  0.20414477E+01
     ITER =  407     OBJ =  0.20414476E+01
     ITER =  408     OBJ =  0.20414476E+01
     ITER =  409     OBJ =  0.20414476E+01
     ITER =  410     OBJ =  0.20414476E+01
     ITER =  411     OBJ =  0.20414475E+01
     ITER =  412     OBJ =  0.20414475E+01
     ITER =  413     OBJ =  0.20414475E+01
     ITER =  414     OBJ =  0.20414475E+01
     ITER =  415     OBJ =  0.20414474E+01
     ITER =  416     OBJ =  0.20414474E+01
     ITER =  417     OBJ =  0.20414473E+01
     ITER =  418     OBJ =  0.20414473E+01
     ITER =  419     OBJ =  0.20414473E+01
     ITER =  420     OBJ =  0.20414473E+01
     ITER =  421     OBJ =  0.20414473E+01
     ITER =  422     OBJ =  0.20414473E+01
     ITER =  423     OBJ =  0.20414473E+01
     ITER =  424     OBJ =  0.20414473E+01
     ITER =  425     OBJ =  0.20414470E+01
     ITER =  426     OBJ =  0.20414470E+01
     ITER =  427     OBJ =  0.20414470E+01
     ITER =  428     OBJ =  0.20414456E+01
     ITER =  429     OBJ =  0.20414456E+01
     ITER =  430     OBJ =  0.20414456E+01
     ITER =  431     OBJ =  0.20414456E+01
     ITER =  432     OBJ =  0.20414455E+01
     ITER =  433     OBJ =  0.20414455E+01
     ITER =  434     OBJ =  0.20414455E+01
     ITER =  435     OBJ =  0.20414455E+01
     ITER =  436     OBJ =  0.20414453E+01
     ITER =  437     OBJ =  0.20414453E+01
     ITER =  438     OBJ =  0.20414453E+01
     ITER =  439     OBJ =  0.20414453E+01
     ITER =  440     OBJ =  0.20414453E+01
     ITER =  441     OBJ =  0.20414453E+01
     ITER =  442     OBJ =  0.20414452E+01
     ITER =  443     OBJ =  0.20414452E+01
     ITER =  444     OBJ =  0.20414452E+01
     ITER =  445     OBJ =  0.20414452E+01
     ITER =  446     OBJ =  0.20414452E+01
     ITER =  447     OBJ =  0.20414452E+01
     ITER =  448     OBJ =  0.20414451E+01
     ITER =  449     OBJ =  0.20414451E+01
     ITER =  450     OBJ =  0.20414451E+01
     ITER =  451     OBJ =  0.20414451E+01
     ITER =  452     OBJ =  0.20414451E+01
     ITER =  453     OBJ =  0.20414451E+01
     ITER =  454     OBJ =  0.20414451E+01
     ITER =  455     OBJ =  0.20414451E+01
     ITER =  456     OBJ =  0.20414451E+01
     ITER =  457     OBJ =  0.20414450E+01
     ITER =  458     OBJ =  0.20414450E+01
     ITER =  459     OBJ =  0.20414450E+01
     ITER =  460     OBJ =  0.20414450E+01
     ITER =  461     OBJ =  0.20414450E+01
     ITER =  462     OBJ =  0.20414450E+01
     ITER =  463     OBJ =  0.20414450E+01
     ITER =  464     OBJ =  0.20414450E+01
     ITER =  465     OBJ =  0.20414450E+01
     ITER =  466     OBJ =  0.20414450E+01
     ITER =  467     OBJ =  0.20414449E+01
     ITER =  468     OBJ =  0.20414449E+01
     ITER =  469     OBJ =  0.20414449E+01
     ITER =  470     OBJ =  0.20414449E+01
     ITER =  471     OBJ =  0.20414436E+01
     ITER =  472     OBJ =  0.20414436E+01
     ITER =  473     OBJ =  0.20414435E+01
     ITER =  474     OBJ =  0.20414435E+01
     ITER =  475     OBJ =  0.20414434E+01
     ITER =  476     OBJ =  0.20414433E+01
     ITER =  477     OBJ =  0.20414433E+01
     ITER =  478     OBJ =  0.20414433E+01
     ITER =  479     OBJ =  0.20414432E+01
     ITER =  480     OBJ =  0.20414432E+01
     ITER =  481     OBJ =  0.20414432E+01
     ITER =  482     OBJ =  0.20414431E+01
     ITER =  483     OBJ =  0.20414431E+01
     ITER =  484     OBJ =  0.20414431E+01
     ITER =  485     OBJ =  0.20414431E+01
     ITER =  486     OBJ =  0.20414431E+01
     ITER =  487     OBJ =  0.20414431E+01
     ITER =  488     OBJ =  0.20414430E+01
     ITER =  489     OBJ =  0.20414430E+01
     ITER =  490     OBJ =  0.20414430E+01
     ITER =  491     OBJ =  0.20414430E+01
     ITER =  492     OBJ =  0.20414430E+01
     ITER =  493     OBJ =  0.20414430E+01
     ITER =  494     OBJ =  0.20414429E+01
     ITER =  495     OBJ =  0.20414429E+01
     ITER =  496     OBJ =  0.20414427E+01
     ITER =  497     OBJ =  0.20414427E+01
     ITER =  498     OBJ =  0.20414427E+01
     ITER =  499     OBJ =  0.20414427E+01
     ITER =  500     OBJ =  0.20414427E+01
        NUMBER OF FUNC-CALLS:  NFUNC =5354
        NUMBER OF GRAD-CALLS:  NGRAD = 501
