



   ---------------------------------------------------------------------------
     START OF THE SEQUENTIAL LEAST SQUARES PROGRAMMING ALGORIT  
   ---------------------------------------------------------------------------

     PARAMETERS:
        ACC =   0.1000D-01
        MAXITER =500
        IPRINT =   1
IOUT =   6


     ITER =    1     OBJ =  0.33287625E+00
     ITER =    2     OBJ =  0.28591603E+00
     ITER =    3     OBJ =  0.25592862E+00
     ITER =    4     OBJ =  0.25636783E+00
     ITER =    5     OBJ =  0.24857984E+00
     ITER =    6     OBJ =  0.24951826E+00
     ITER =    7     OBJ =  0.25323664E+00
     ITER =    8     OBJ =  0.25278733E+00
     ITER =    9     OBJ =  0.25235390E+00
     ITER =   10     OBJ =  0.25229805E+00
     ITER =   11     OBJ =  0.25229584E+00
     ITER =   12     OBJ =  0.25229585E+00
     ITER =   13     OBJ =  0.25229585E+00
     ITER =   14     OBJ =  0.25229585E+00
     ITER =   15     OBJ =  0.25229585E+00
     ITER =   16     OBJ =  0.25229585E+00
     ITER =   17     OBJ =  0.25229585E+00
     ITER =   18     OBJ =  0.25229585E+00
     ITER =   19     OBJ =  0.25229585E+00
     ITER =   20     OBJ =  0.25208342E+00
     ITER =   21     OBJ =  0.25205666E+00
        NUMBER OF FUNC-CALLS:  NFUNC = 118
        NUMBER OF GRAD-CALLS:  NGRAD =  22
