



   ---------------------------------------------------------------------------
     START OF THE SEQUENTIAL LEAST SQUARES PROGRAMMING ALGORIT  
   ---------------------------------------------------------------------------

     PARAMETERS:
        ACC =   0.1000D-01
        MAXITER =500
        IPRINT =   1
IOUT =   6


     ITER =    1     OBJ =  0.91302912E+00
     ITER =    2     OBJ =  0.90875022E+00
     ITER =    3     OBJ =  0.70704391E+00
     ITER =    4     OBJ =  0.75680069E+00
     ITER =    5     OBJ =  0.76931074E+00
     ITER =    6     OBJ =  0.78243189E+00
     ITER =    7     OBJ =  0.84920170E+00
     ITER =    8     OBJ =  0.86559805E+00
     ITER =    9     OBJ =  0.87007788E+00
     ITER =   10     OBJ =  0.99886505E+00
     ITER =   11     OBJ =  0.99036606E+00
     ITER =   12     OBJ =  0.99812743E+00
     ITER =   13     OBJ =  0.99098555E+00
     ITER =   14     OBJ =  0.99486295E+00
     ITER =   15     OBJ =  0.99399393E+00
     ITER =   16     OBJ =  0.98950795E+00
     ITER =   17     OBJ =  0.98760208E+00
     ITER =   18     OBJ =  0.98028141E+00
     ITER =   19     OBJ =  0.97255643E+00
     ITER =   20     OBJ =  0.96600382E+00
     ITER =   21     OBJ =  0.94155727E+00
     ITER =   22     OBJ =  0.94138329E+00
     ITER =   23     OBJ =  0.94077590E+00
     ITER =   24     OBJ =  0.94082859E+00
     ITER =   25     OBJ =  0.96071517E+00
        NUMBER OF FUNC-CALLS:  NFUNC =  65
        NUMBER OF GRAD-CALLS:  NGRAD =  26
