



   ---------------------------------------------------------------------------
     START OF THE SEQUENTIAL LEAST SQUARES PROGRAMMING ALGORIT  
   ---------------------------------------------------------------------------

     PARAMETERS:
        ACC =   0.1000D-01
        MAXITER =500
        IPRINT =   1
IOUT =   6


     ITER =    1     OBJ =  0.17066695E+00
     ITER =    2     OBJ =  0.18514274E+00
     ITER =    3     OBJ =  0.20249065E+00
     ITER =    4     OBJ =  0.19765644E+00
     ITER =    5     OBJ =  0.20598875E+00
     ITER =    6     OBJ =  0.22592864E+00
     ITER =    7     OBJ =  0.22585102E+00
     ITER =    8     OBJ =  0.21778871E+00
     ITER =    9     OBJ =  0.21574932E+00
     ITER =   10     OBJ =  0.21758012E+00
     ITER =   11     OBJ =  0.21818347E+00
     ITER =   12     OBJ =  0.21822073E+00
     ITER =   13     OBJ =  0.21864680E+00
     ITER =   14     OBJ =  0.21645614E+00
     ITER =   15     OBJ =  0.21649959E+00
     ITER =   16     OBJ =  0.21963921E+00
     ITER =   17     OBJ =  0.21968048E+00
     ITER =   18     OBJ =  0.21869644E+00
     ITER =   19     OBJ =  0.21893102E+00
     ITER =   20     OBJ =  0.21841717E+00
     ITER =   21     OBJ =  0.21862732E+00
     ITER =   22     OBJ =  0.21952531E+00
     ITER =   23     OBJ =  0.21959910E+00
        NUMBER OF FUNC-CALLS:  NFUNC =  80
        NUMBER OF GRAD-CALLS:  NGRAD =  24
