



   ---------------------------------------------------------------------------
     START OF THE SEQUENTIAL LEAST SQUARES PROGRAMMING ALGORIT  
   ---------------------------------------------------------------------------

     PARAMETERS:
        ACC =   0.1000D-02
        MAXITER =500
        IPRINT =   1
IOUT =   6


     ITER =    1     OBJ =  0.48238072E+00
     ITER =    2     OBJ =  0.42553751E+00
     ITER =    3     OBJ =  0.32800311E+00
     ITER =    4     OBJ =  0.33029743E+00
     ITER =    5     OBJ =  0.37228099E+00
     ITER =    6     OBJ =  0.38182757E+00
     ITER =    7     OBJ =  0.44408073E+00
     ITER =    8     OBJ =  0.50636979E+00
     ITER =    9     OBJ =  0.65133282E+00
     ITER =   10     OBJ =  0.59722883E+00
     ITER =   11     OBJ =  0.67539788E+00
     ITER =   12     OBJ =  0.66383435E+00
     ITER =   13     OBJ =  0.67190934E+00
     ITER =   14     OBJ =  0.67116968E+00
     ITER =   15     OBJ =  0.68569297E+00
     ITER =   16     OBJ =  0.68576309E+00
     ITER =   17     OBJ =  0.68576309E+00
     ITER =   18     OBJ =  0.68576309E+00
     ITER =   19     OBJ =  0.68576309E+00
     ITER =   20     OBJ =  0.68717220E+00
     ITER =   21     OBJ =  0.68719219E+00
     ITER =   22     OBJ =  0.68929119E+00
     ITER =   23     OBJ =  0.68877695E+00
     ITER =   24     OBJ =  0.68909110E+00
     ITER =   25     OBJ =  0.68895038E+00
     ITER =   26     OBJ =  0.68872556E+00
     ITER =   27     OBJ =  0.68859043E+00
        NUMBER OF FUNC-CALLS:  NFUNC = 105
        NUMBER OF GRAD-CALLS:  NGRAD =  28
