
 ==============================
 S N O P T  7.6.0    (Jan 2017)
 ==============================
 
 SNMEMB EXIT 100 -- finished successfully
 SNMEMB INFO 104 -- memory requirements estimated

 ==============================
 S N O P T  7.6.0    (Jan 2017)
 ==============================
 
 

 Nonlinear constraints       6     Linear constraints       0
 Nonlinear variables         9     Linear variables         0
 Jacobian  variables         9     Objective variables      9
 Total constraints           6     Total variables          9
 

 
 The user has defined      54   out of      54   constraint gradients.
 The user has defined       9   out of       9   objective  gradients.
 

 Major Minors     Step   nCon Feasible  Optimal  MeritFunction     nS Penalty
     0      8               1  1.6E+01  1.1E-01  3.7197960E-01      6           r
     1      7  1.0E+00      2  7.2E+00  2.6E-01  1.8494355E+00      9 1.9E-02   r
     1      0               9  7.2E+00  2.6E-01  1.1675283E+00      9           r
     2      3  1.0E+00     10  9.4E+00  3.4E-01  3.4755459E-01      9         s
     3      3  4.1E-01     12  8.9E+00  4.4E+00  3.4754284E-01      7
     4      4  1.0E+00     13  4.8E+00  1.2E+00  1.1693382E+00      8 5.1E-03
     5      3  1.0E+00     14  4.0E+00  2.8E+00  7.6359245E-01      6 5.1E-03
     6      1  1.2E-03     21  4.0E+00  8.2E-01  3.1967854E+00      6 2.3E-01
     7      2  6.4E-01     23  1.6E+00  5.6E+00  6.6842853E+00      5 9.3E-01
     8      2  5.1E-01     25  1.6E+00  3.5E+00  5.7159676E+00      4 9.3E-01
     9      3  1.0E+00     26  1.2E+00  3.8E+00  5.6583558E+00      4 9.3E-01

 Major Minors     Step   nCon Feasible  Optimal  MeritFunction     nS Penalty
    10      1  1.0E+00     33  8.2E-01  6.8E+00  5.3707151E+00      4 9.3E-01

 Major Minors     Step   nCon Feasible  Optimal  MeritFunction     nS Penalty
    10      4              39  8.2E-01  7.3E+00  4.8449920E+00      7           R
    11      6  1.0E+00     40  9.7E-01  7.3E-01  2.9564967E+00      4         s
    12      1  1.0E+00     47  3.0E-01  1.7E+00  3.8432127E+02      4 8.9E+02
    13      1  1.0E+00     48  4.7E-01  5.4E-01  4.2303629E+01      4 3.0E+01
    14      6  2.6E-03     52  4.7E-01  6.2E-01  5.9320337E+02      5 2.8E+03     i
    15      2  1.0E+00     54  2.7E-02  3.7E+00  3.8635905E+03      4 2.1E+04  M
    16      1  1.0E+00     56  4.1E-01  1.2E+01  4.8879490E+02      4 2.9E+02
    17      8  1.0E+00     57  3.9E-01  5.3E-01  1.5452861E+02      5 5.3E+01     i
    17      1              62  3.9E-01  5.2E-01  1.4739209E+02      5           R i
    18      2  1.0E+00     63  7.0E-02  6.1E-01  4.4773639E+03      6 3.4E+04 s   i
    19      2  1.0E+00     64  2.6E-02  8.6E-02  3.7311215E+03      5 1.8E+02     i

 Major Minors     Step   nCon Feasible  Optimal  MeritFunction     nS Penalty
    20      1  1.0E+00     66  2.5E-02  3.1E-01  3.4810353E+03      5 2.1E+01     i
    21      1  1.0E+00     67  2.3E-02  2.3E-01  3.2922010E+03      5 1.0E+01     i
    22      1  1.0E+00     68  2.1E-02  3.2E-02  2.9876347E+03      5 1.0E+01     i
    22      1              73  2.1E-02  4.0E-02  2.9477300E+04      5           R i
    22      2              78  2.1E-02  2.9E+03  2.9433405E+06      4           r
    23      2  1.0E+00     79  3.2E+00  1.3E+06  2.7623134E+02      5         s
    24      6  1.0E+00     80  2.7E+00  5.8E+03  2.3563137E+01      2
    25      9  2.7E-03     91  2.6E+00  6.0E+06  3.2710518E+03      6 6.5E+02  m
    25      2              97  2.6E+00  4.1E+06  3.5125363E+01      7          mR
    26      7  1.0E+00     98  2.9E+00  1.8E+05  4.4127223E+00      5         s
    27      3  8.5E-04    102  2.9E+00  3.1E+03  5.2958040E+01      3 8.0E+00
    28      4  2.1E-02    109  2.8E+00  3.6E+03  6.5725157E+03      2 1.1E+03
    28      1             115  2.8E+00  2.1E+02  1.9478544E+02      2           R
    29     10  1.4E-02    126  2.7E+00  4.0E+02  8.6243893E+04      1 1.6E+04 sm
    29     21             133  2.7E+00  5.6E+00  1.7982471E+03      7         smR
    29      3             138  2.7E+00  3.1E+07  1.7982471E+03      7         smr

 Major Minors     Step   nCon Feasible  Optimal  MeritFunction     nS Penalty
    30     16  1.0E+00    139  3.0E+00  2.4E+07  3.1605776E-01      5         s
    31      1  1.0E+00    147  2.2E+00  4.1E+07  1.7566082E+00      5 7.4E-02
    32      1  1.0E+00    148  2.4E+00  5.9E+06  9.0941312E-01      5 7.4E-02
    33      6  7.6E-04    158  2.4E+00  1.7E+04  3.8665526E+00        7.8E-01
    34      2  2.0E-03    164  2.2E+00  2.6E+05  8.4655408E+02      2 2.4E+02
    34     10             170  2.2E+00  4.2E+05  3.6332166E+00      7           R
    34      4             175  2.2E+00  1.7E+07  3.6332166E+00      6           r
    35     13  1.0E+00    176  2.3E+00  2.1E+07  2.6861551E-01      5         s
    36      1  1.0E+00    183  1.7E+00  5.8E+07  1.5948601E+00      5 4.0E-02
    37      1  1.0E+00    184  1.9E+00  9.1E+06  8.2888927E-01      5 4.0E-02
    38      5  1.2E-03    191  1.9E+00  1.1E+04  2.2405081E+00        5.4E-01
    39      2  2.0E-03    197  1.8E+00  1.9E+05  1.0260016E+03      2 4.2E+02
    39      8             203  1.8E+00  2.6E+05  4.6443039E+00      7           R
    39      3             208  1.8E+00  2.0E+07  4.6443039E+00      7           r

 Major Minors     Step   nCon Feasible  Optimal  MeritFunction     nS Penalty
    40      9  1.0E+00    209  1.9E+00  4.8E+07  2.8205895E-01      5         s
    41      1  1.0E+00    210  1.6E+00  5.2E+07  8.1301706E-01      5 1.5E-02
    42      1  1.0E+00    211  1.9E+00  1.9E+07  7.6495177E-01      5 1.5E-02
    43      5  1.1E-03    221  1.8E+00  4.9E+03  1.1906031E+00        1.8E-01
    44      4  1.3E-03    227  1.7E+00  1.1E+05  2.1940425E+03      2 9.7E+02
    44      9             233  1.7E+00  1.4E+05  6.0249901E+00      7           R
    44      3             238  1.7E+00  2.0E+07  6.0249901E+00      7           r
    45      9  1.0E+00    239  1.9E+00  3.6E+07  2.8679309E-01      5         s
    46      1  1.0E+00    240  1.5E+00  5.6E+07  9.6287682E-01      5 2.5E-02
    47      1  1.0E+00    241  1.7E+00  1.4E+07  7.3465476E-01      5 2.5E-02
    48      5  1.1E-03    251  1.7E+00  5.8E+03  1.4175945E+00        3.2E-01
    49      3  1.3E-03    257  1.6E+00  1.2E+05  1.7199167E+03      2 8.5E+02
    49      8             263  1.6E+00  1.8E+05  4.9189326E+00      7           R
    49      3             268  1.6E+00  2.2E+07  4.9189326E+00      7           r

 Major Minors     Step   nCon Feasible  Optimal  MeritFunction     nS Penalty
    50      8  1.0E+00    269  1.7E+00  4.0E+07  2.9531384E-01      5         s
    51      1  1.0E+00    276  1.4E+00  5.4E+07  8.6150987E-01      5 1.5E-02
    52      1  1.0E+00    277  1.6E+00  1.5E+07  6.9668547E-01      5 1.5E-02
    53      5  9.2E-04    287  1.6E+00  4.3E+03  1.2841223E+00        3.0E-01
    54      3  1.2E-03    293  1.5E+00  9.6E+04  2.1397384E+03      2 1.2E+03
    54      8             299  1.5E+00  1.5E+05  5.4452021E+00      7           R
    54      3             304  1.5E+00  2.3E+07  5.4452021E+00      7           r
    55      7  1.0E+00    305  1.6E+00  4.0E+07  3.0146527E-01      5         s
    56      5  6.7E-05    311  1.6E+00  4.9E+03  1.3705866E+00        5.3E-01
    57      6  8.6E-04    317  1.5E+00  1.3E+05  2.0654582E+03      2 1.2E+03
    57      9             323  1.5E+00  1.6E+05  3.6323732E+00      7           R
    57      3             328  1.5E+00  2.2E+07  3.6323732E+00      7           r
    58      9  1.0E+00    329  1.7E+00  4.7E+07  2.9684000E-01      5         s
    59      6  1.7E-04    335  1.7E+00  1.4E+04  8.9872852E-01        2.9E-01

 Major Minors     Step   nCon Feasible  Optimal  MeritFunction     nS Penalty
    60      2  8.5E-04    341  1.5E+00  2.9E+05  8.0689404E+02      2 4.7E+02

 Major Minors     Step   nCon Feasible  Optimal  MeritFunction     nS Penalty
    60      8             347  1.5E+00  4.1E+05  1.5577364E+00      7           R

 Major Minors     Step   nCon Feasible  Optimal  MeritFunction     nS Penalty
    60      3             352  1.5E+00  2.1E+07  1.5577364E+00      7           r
    61     17  1.0E+00    353  1.8E+00  2.3E+07  3.0319915E-01      5         s
    62      1  1.0E+00    360  1.5E+00  5.1E+07  1.1356566E+00      5 3.4E-02
    63      1  1.0E+00    361  1.5E+00  7.7E+06  6.3196690E-01      5 3.4E-02
    64      5  6.8E-04    371  1.5E+00  5.5E+03  2.2088251E+00        9.2E-01
    65      2  8.2E-04    377  1.4E+00  1.2E+05  1.6965955E+03      2 1.1E+03
    65     10             383  1.4E+00  2.2E+05  3.0079849E+00      7           R
    65      3             388  1.4E+00  2.3E+07  3.0079849E+00      7           r
    66      9  1.0E+00    389  1.6E+00  3.8E+07  3.0549312E-01      5         s
    67      1  1.0E+00    390  1.3E+00  5.7E+07  8.6912963E-01      5 3.1E-02
    68      1  1.0E+00    391  1.5E+00  1.3E+07  6.6026240E-01      5 3.1E-02
    69      5  9.6E-04    401  1.5E+00  4.4E+03  1.3300089E+00        4.3E-01

 Major Minors     Step   nCon Feasible  Optimal  MeritFunction     nS Penalty
    70      4  8.6E-04    407  1.4E+00  9.8E+04  1.9228983E+03      2 1.3E+03

 Major Minors     Step   nCon Feasible  Optimal  MeritFunction     nS Penalty
    70      8             413  1.4E+00  1.9E+05  3.5189433E+00      7           R

 Major Minors     Step   nCon Feasible  Optimal  MeritFunction     nS Penalty
    70      3             418  1.4E+00  2.5E+07  3.5189433E+00      7           r
    71      7  1.0E+00    419  1.5E+00  3.7E+07  3.1162997E-01      5         s
    72      5  1.9E-04    425  1.5E+00  1.2E+04  8.9118262E-01        3.5E-01
    73      3  7.5E-04    431  1.4E+00  2.8E+05  7.7607467E+02      3 5.5E+02
    73      7             437  1.4E+00  5.0E+05  1.3168011E+00      7           R
    73      3             442  1.4E+00  2.4E+07  1.3168011E+00      7           r
    74      9  1.0E+00    443  1.5E+00  4.4E+07  3.0893731E-01      5         s
    75      1  1.0E+00    449  1.3E+00  5.8E+07  8.3615018E-01      5 2.6E-02
    76      1  1.0E+00    450  1.4E+00  1.3E+07  6.3436628E-01      5 2.6E-02
    77      5  9.0E-04    460  1.4E+00  3.7E+03  1.2702137E+00        4.5E-01
    78      6  6.6E-04    466  1.3E+00  8.8E+04  2.2485623E+03      2 1.7E+03
    78      8             472  1.3E+00  1.6E+05  3.1536046E+00      7           R
    78      3             477  1.3E+00  2.6E+07  3.1536046E+00      7           r
    79      7  1.0E+00    478  1.4E+00  3.1E+07  3.1695123E-01      5         s

 Major Minors     Step   nCon Feasible  Optimal  MeritFunction     nS Penalty
    80      1  1.0E+00    485  1.1E+00  6.0E+07  9.3440656E-01      5 5.1E-02
    81      1  1.0E+00    486  1.3E+00  9.8E+06  6.3433273E-01      5 5.1E-02
    82      5  1.1E-03    496  1.3E+00  6.0E+03  1.4299570E+00        6.6E-01
