



   ---------------------------------------------------------------------------
     START OF THE SEQUENTIAL LEAST SQUARES PROGRAMMING ALGORIT  
   ---------------------------------------------------------------------------

     PARAMETERS:
        ACC =   0.1000D-01
        MAXITER =500
        IPRINT =   1
IOUT =   6


     ITER =    1     OBJ =  0.10866041E+01
     ITER =    2     OBJ =  0.10415988E+01
     ITER =    3     OBJ =  0.11389576E+01
     ITER =    4     OBJ =  0.11761873E+01
     ITER =    5     OBJ =  0.11951833E+01
     ITER =    6     OBJ =  0.14282895E+01
     ITER =    7     OBJ =  0.16010868E+01
     ITER =    8     OBJ =  0.16028114E+01
     ITER =    9     OBJ =  0.17209979E+01
     ITER =   10     OBJ =  0.18795271E+01
     ITER =   11     OBJ =  0.20762635E+01
     ITER =   12     OBJ =  0.20568288E+01
     ITER =   13     OBJ =  0.20025073E+01
     ITER =   14     OBJ =  0.20420427E+01
     ITER =   15     OBJ =  0.20236763E+01
     ITER =   16     OBJ =  0.20128728E+01
     ITER =   17     OBJ =  0.20124784E+01
     ITER =   18     OBJ =  0.20125934E+01
        NUMBER OF FUNC-CALLS:  NFUNC =  51
        NUMBER OF GRAD-CALLS:  NGRAD =  19
