



   ---------------------------------------------------------------------------
     START OF THE SEQUENTIAL LEAST SQUARES PROGRAMMING ALGORIT  
   ---------------------------------------------------------------------------

     PARAMETERS:
        ACC =   0.1000D+00
        MAXITER =500
        IPRINT =   1
IOUT =   6


     ITER =    1     OBJ =  0.72848720E+00
     ITER =    2     OBJ =  0.84312200E+00
     ITER =    3     OBJ =  0.84025787E+00
     ITER =    4     OBJ =  0.82129494E+00
     ITER =    5     OBJ =  0.85060340E+00
     ITER =    6     OBJ =  0.90896000E+00
     ITER =    7     OBJ =  0.92087609E+00
     ITER =    8     OBJ =  0.99389695E+00
     ITER =    9     OBJ =  0.11292920E+01
     ITER =   10     OBJ =  0.11355669E+01
     ITER =   11     OBJ =  0.11543504E+01
     ITER =   12     OBJ =  0.11837439E+01
     ITER =   13     OBJ =  0.12344113E+01
     ITER =   14     OBJ =  0.12278817E+01
     ITER =   15     OBJ =  0.12414664E+01
     ITER =   16     OBJ =  0.12391753E+01
     ITER =   17     OBJ =  0.12491261E+01
     ITER =   18     OBJ =  0.13022627E+01
     ITER =   19     OBJ =  0.13098750E+01
     ITER =   20     OBJ =  0.14542695E+01
     ITER =   21     OBJ =  0.14575832E+01
     ITER =   22     OBJ =  0.14608760E+01
     ITER =   23     OBJ =  0.14669719E+01
     ITER =   24     OBJ =  0.15034035E+01
     ITER =   25     OBJ =  0.17814499E+01
     ITER =   26     OBJ =  0.17746501E+01
     ITER =   27     OBJ =  0.17553094E+01
     ITER =   28     OBJ =  0.17586350E+01
     ITER =   29     OBJ =  0.17392778E+01
     ITER =   30     OBJ =  0.17399477E+01
     ITER =   31     OBJ =  0.17363344E+01
     ITER =   32     OBJ =  0.17374762E+01
     ITER =   33     OBJ =  0.17374758E+01
     ITER =   34     OBJ =  0.17374759E+01
     ITER =   35     OBJ =  0.17374750E+01
     ITER =   36     OBJ =  0.17374738E+01
     ITER =   37     OBJ =  0.17374701E+01
     ITER =   38     OBJ =  0.17374646E+01
     ITER =   39     OBJ =  0.17374513E+01
     ITER =   40     OBJ =  0.17374329E+01
     ITER =   41     OBJ =  0.17374057E+01
     ITER =   42     OBJ =  0.17373728E+01
     ITER =   43     OBJ =  0.17373335E+01
     ITER =   44     OBJ =  0.17372892E+01
     ITER =   45     OBJ =  0.17372399E+01
     ITER =   46     OBJ =  0.17371858E+01
     ITER =   47     OBJ =  0.17371266E+01
     ITER =   48     OBJ =  0.17370623E+01
     ITER =   49     OBJ =  0.17369926E+01
     ITER =   50     OBJ =  0.17369173E+01
     ITER =   51     OBJ =  0.17368361E+01
     ITER =   52     OBJ =  0.17367488E+01
     ITER =   53     OBJ =  0.17366552E+01
     ITER =   54     OBJ =  0.17365547E+01
     ITER =   55     OBJ =  0.17364427E+01
     ITER =   56     OBJ =  0.17363241E+01
     ITER =   57     OBJ =  0.17362018E+01
     ITER =   58     OBJ =  0.17360785E+01
     ITER =   59     OBJ =  0.17359557E+01
     ITER =   60     OBJ =  0.17358346E+01
     ITER =   61     OBJ =  0.17357153E+01
     ITER =   62     OBJ =  0.17355982E+01
     ITER =   63     OBJ =  0.17354835E+01
     ITER =   64     OBJ =  0.17353711E+01
     ITER =   65     OBJ =  0.17352611E+01
     ITER =   66     OBJ =  0.17351533E+01
     ITER =   67     OBJ =  0.17350478E+01
     ITER =   68     OBJ =  0.17349444E+01
     ITER =   69     OBJ =  0.17348431E+01
     ITER =   70     OBJ =  0.17347437E+01
     ITER =   71     OBJ =  0.17346463E+01
     ITER =   72     OBJ =  0.17345508E+01
     ITER =   73     OBJ =  0.17344571E+01
     ITER =   74     OBJ =  0.17343651E+01
     ITER =   75     OBJ =  0.17342748E+01
     ITER =   76     OBJ =  0.17341862E+01
     ITER =   77     OBJ =  0.17340991E+01
     ITER =   78     OBJ =  0.17340135E+01
     ITER =   79     OBJ =  0.17339295E+01
     ITER =   80     OBJ =  0.17338468E+01
     ITER =   81     OBJ =  0.17337656E+01
     ITER =   82     OBJ =  0.17336857E+01
     ITER =   83     OBJ =  0.17336071E+01
     ITER =   84     OBJ =  0.17335298E+01
     ITER =   85     OBJ =  0.17334537E+01
     ITER =   86     OBJ =  0.17333788E+01
     ITER =   87     OBJ =  0.17333050E+01
     ITER =   88     OBJ =  0.17332324E+01
     ITER =   89     OBJ =  0.17331609E+01
     ITER =   90     OBJ =  0.17330905E+01
     ITER =   91     OBJ =  0.17330210E+01
     ITER =   92     OBJ =  0.17329526E+01
     ITER =   93     OBJ =  0.17328852E+01
     ITER =   94     OBJ =  0.17328187E+01
     ITER =   95     OBJ =  0.17327532E+01
     ITER =   96     OBJ =  0.17326885E+01
     ITER =   97     OBJ =  0.17326247E+01
     ITER =   98     OBJ =  0.17325618E+01
     ITER =   99     OBJ =  0.17324998E+01
     ITER =  100     OBJ =  0.17324385E+01
     ITER =  101     OBJ =  0.17323781E+01
     ITER =  102     OBJ =  0.17323184E+01
     ITER =  103     OBJ =  0.17322595E+01
     ITER =  104     OBJ =  0.17322013E+01
     ITER =  105     OBJ =  0.17321438E+01
     ITER =  106     OBJ =  0.17320871E+01
