



   ---------------------------------------------------------------------------
     START OF THE SEQUENTIAL LEAST SQUARES PROGRAMMING ALGORIT  
   ---------------------------------------------------------------------------

     PARAMETERS:
        ACC =   0.1000D-02
        MAXITER =500
        IPRINT =   1
IOUT =   6


     ITER =    1     OBJ =  0.16272972E+00
     ITER =    2     OBJ =  0.16439503E+00
     ITER =    3     OBJ =  0.16696368E+00
     ITER =    4     OBJ =  0.19074923E+00
     ITER =    5     OBJ =  0.18738876E+00
     ITER =    6     OBJ =  0.19835251E+00
     ITER =    7     OBJ =  0.19362227E+00
     ITER =    8     OBJ =  0.19096903E+00
     ITER =    9     OBJ =  0.18317557E+00
     ITER =   10     OBJ =  0.18620147E+00
     ITER =   11     OBJ =  0.18473370E+00
     ITER =   12     OBJ =  0.18176643E+00
     ITER =   13     OBJ =  0.17933309E+00
     ITER =   14     OBJ =  0.17961610E+00
     ITER =   15     OBJ =  0.18102335E+00
     ITER =   16     OBJ =  0.18047222E+00
     ITER =   17     OBJ =  0.18051895E+00
     ITER =   18     OBJ =  0.18026608E+00
     ITER =   19     OBJ =  0.18063148E+00
     ITER =   20     OBJ =  0.18053102E+00
     ITER =   21     OBJ =  0.18031341E+00
     ITER =   22     OBJ =  0.18016617E+00
     ITER =   23     OBJ =  0.17994150E+00
     ITER =   24     OBJ =  0.17988661E+00
     ITER =   25     OBJ =  0.17985689E+00
     ITER =   26     OBJ =  0.17983071E+00
        NUMBER OF FUNC-CALLS:  NFUNC =  53
        NUMBER OF GRAD-CALLS:  NGRAD =  27
