



   ---------------------------------------------------------------------------
     START OF THE SEQUENTIAL LEAST SQUARES PROGRAMMING ALGORIT  
   ---------------------------------------------------------------------------

     PARAMETERS:
        ACC =   0.1000D-02
        MAXITER =500
        IPRINT =   1
IOUT =   6


     ITER =    1     OBJ =  0.19101468E+00
     ITER =    2     OBJ =  0.14508455E+00
     ITER =    3     OBJ =  0.16146901E+00
     ITER =    4     OBJ =  0.16841773E+00
     ITER =    5     OBJ =  0.15938335E+00
     ITER =    6     OBJ =  0.16069510E+00
     ITER =    7     OBJ =  0.16538048E+00
     ITER =    8     OBJ =  0.16095562E+00
     ITER =    9     OBJ =  0.16057003E+00
     ITER =   10     OBJ =  0.15890103E+00
     ITER =   11     OBJ =  0.15781892E+00
     ITER =   12     OBJ =  0.15647679E+00
     ITER =   13     OBJ =  0.15638982E+00
     ITER =   14     OBJ =  0.15631434E+00
     ITER =   15     OBJ =  0.15626747E+00
     ITER =   16     OBJ =  0.15629826E+00
     ITER =   17     OBJ =  0.15629826E+00
     ITER =   18     OBJ =  0.15633037E+00
     ITER =   19     OBJ =  0.15634606E+00
     ITER =   20     OBJ =  0.15635438E+00
     ITER =   21     OBJ =  0.15635728E+00
        NUMBER OF FUNC-CALLS:  NFUNC =  59
        NUMBER OF GRAD-CALLS:  NGRAD =  22
