



   ---------------------------------------------------------------------------
     START OF THE SEQUENTIAL LEAST SQUARES PROGRAMMING ALGORIT  
   ---------------------------------------------------------------------------

     PARAMETERS:
        ACC =   0.1000D-02
        MAXITER =500
        IPRINT =   1
IOUT =   6


     ITER =    1     OBJ =  0.35468987E+00
     ITER =    2     OBJ =  0.26065259E+00
     ITER =    3     OBJ =  0.31944828E+00
     ITER =    4     OBJ =  0.30835460E+00
     ITER =    5     OBJ =  0.33532398E+00
     ITER =    6     OBJ =  0.33202942E+00
     ITER =    7     OBJ =  0.35736025E+00
     ITER =    8     OBJ =  0.34512530E+00
     ITER =    9     OBJ =  0.33177949E+00
     ITER =   10     OBJ =  0.32770865E+00
     ITER =   11     OBJ =  0.32973459E+00
     ITER =   12     OBJ =  0.33540710E+00
     ITER =   13     OBJ =  0.33475874E+00
     ITER =   14     OBJ =  0.33708778E+00
     ITER =   15     OBJ =  0.33722288E+00
     ITER =   16     OBJ =  0.33879109E+00
     ITER =   17     OBJ =  0.33880412E+00
     ITER =   18     OBJ =  0.33882460E+00
     ITER =   19     OBJ =  0.33882450E+00
     ITER =   20     OBJ =  0.33882463E+00
     ITER =   21     OBJ =  0.33882422E+00
     ITER =   22     OBJ =  0.33882470E+00
     ITER =   23     OBJ =  0.33882429E+00
     ITER =   24     OBJ =  0.33882479E+00
     ITER =   25     OBJ =  0.33882477E+00
     ITER =   26     OBJ =  0.33882479E+00
     ITER =   27     OBJ =  0.33900735E+00
        NUMBER OF FUNC-CALLS:  NFUNC = 120
        NUMBER OF GRAD-CALLS:  NGRAD =  28
