



   ---------------------------------------------------------------------------
     START OF THE SEQUENTIAL LEAST SQUARES PROGRAMMING ALGORIT  
   ---------------------------------------------------------------------------

     PARAMETERS:
        ACC =   0.1000D-02
        MAXITER =500
        IPRINT =   1
IOUT =   6


     ITER =    1     OBJ =  0.69839478E+00
     ITER =    2     OBJ =  0.77992822E+00
     ITER =    3     OBJ =  0.10005761E+01
     ITER =    4     OBJ =  0.99962094E+00
     ITER =    5     OBJ =  0.10694099E+01
     ITER =    6     OBJ =  0.10673080E+01
     ITER =    7     OBJ =  0.10713537E+01
     ITER =    8     OBJ =  0.10771891E+01
     ITER =    9     OBJ =  0.10766445E+01
     ITER =   10     OBJ =  0.10753566E+01
     ITER =   11     OBJ =  0.10743815E+01
     ITER =   12     OBJ =  0.10736719E+01
     ITER =   13     OBJ =  0.10723296E+01
     ITER =   14     OBJ =  0.10697660E+01
     ITER =   15     OBJ =  0.10664763E+01
     ITER =   16     OBJ =  0.10651865E+01
     ITER =   17     OBJ =  0.10683041E+01
        NUMBER OF FUNC-CALLS:  NFUNC =  33
        NUMBER OF GRAD-CALLS:  NGRAD =  18
