



   ---------------------------------------------------------------------------
     START OF THE SEQUENTIAL LEAST SQUARES PROGRAMMING ALGORIT  
   ---------------------------------------------------------------------------

     PARAMETERS:
        ACC =   0.1000D-01
        MAXITER =500
        IPRINT =   1
IOUT =   6


     ITER =    1     OBJ =  0.13646654E+01
     ITER =    2     OBJ =  0.15386651E+01
     ITER =    3     OBJ =  0.15088776E+01
     ITER =    4     OBJ =  0.15606750E+01
     ITER =    5     OBJ =  0.17300920E+01
     ITER =    6     OBJ =  0.17468248E+01
     ITER =    7     OBJ =  0.19070306E+01
     ITER =    8     OBJ =  0.19954341E+01
     ITER =    9     OBJ =  0.22689384E+01
     ITER =   10     OBJ =  0.26242732E+01
     ITER =   11     OBJ =  0.25956537E+01
     ITER =   12     OBJ =  0.25979696E+01
     ITER =   13     OBJ =  0.25799851E+01
     ITER =   14     OBJ =  0.25888914E+01
     ITER =   15     OBJ =  0.26277870E+01
     ITER =   16     OBJ =  0.26193150E+01
     ITER =   17     OBJ =  0.26156124E+01
     ITER =   18     OBJ =  0.26159160E+01
     ITER =   19     OBJ =  0.26159160E+01
     ITER =   20     OBJ =  0.26159160E+01
     ITER =   21     OBJ =  0.26159160E+01
     ITER =   22     OBJ =  0.26159160E+01
        NUMBER OF FUNC-CALLS:  NFUNC = 112
        NUMBER OF GRAD-CALLS:  NGRAD =  23
