



   ---------------------------------------------------------------------------
     START OF THE SEQUENTIAL LEAST SQUARES PROGRAMMING ALGORIT  
   ---------------------------------------------------------------------------

     PARAMETERS:
        ACC =   0.1000D-02
        MAXITER =500
        IPRINT =   1
IOUT =   6


     ITER =    1     OBJ =  0.22481121E+01
     ITER =    2     OBJ =  0.21668763E+01
     ITER =    3     OBJ =  0.24666182E+01
     ITER =    4     OBJ =  0.24501073E+01
     ITER =    5     OBJ =  0.24683783E+01
     ITER =    6     OBJ =  0.28057731E+01
     ITER =    7     OBJ =  0.36829297E+01
     ITER =    8     OBJ =  0.39575647E+01
     ITER =    9     OBJ =  0.37009191E+01
     ITER =   10     OBJ =  0.36866403E+01
     ITER =   11     OBJ =  0.37111383E+01
     ITER =   12     OBJ =  0.39443532E+01
     ITER =   13     OBJ =  0.46959850E+01
     ITER =   14     OBJ =  0.46321455E+01
     ITER =   15     OBJ =  0.45229680E+01
     ITER =   16     OBJ =  0.42915958E+01
     ITER =   17     OBJ =  0.40567302E+01
     ITER =   18     OBJ =  0.41129730E+01
     ITER =   19     OBJ =  0.41129733E+01
     ITER =   20     OBJ =  0.42914601E+01
     ITER =   21     OBJ =  0.42943501E+01
     ITER =   22     OBJ =  0.43073511E+01
     ITER =   23     OBJ =  0.43072660E+01
     ITER =   24     OBJ =  0.43262167E+01
     ITER =   25     OBJ =  0.43245389E+01
     ITER =   26     OBJ =  0.43450815E+01
     ITER =   27     OBJ =  0.43429762E+01
     ITER =   28     OBJ =  0.43432621E+01
     ITER =   29     OBJ =  0.43432136E+01
     ITER =   30     OBJ =  0.43432138E+01
     ITER =   31     OBJ =  0.43432140E+01
     ITER =   32     OBJ =  0.43432141E+01
     ITER =   33     OBJ =  0.43442346E+01
     ITER =   34     OBJ =  0.43441957E+01
     ITER =   35     OBJ =  0.43442216E+01
     ITER =   36     OBJ =  0.43442223E+01
     ITER =   37     OBJ =  0.43442229E+01
     ITER =   38     OBJ =  0.43442229E+01
     ITER =   39     OBJ =  0.43442425E+01
     ITER =   40     OBJ =  0.43442433E+01
     ITER =   41     OBJ =  0.43442725E+01
     ITER =   42     OBJ =  0.43442732E+01
     ITER =   43     OBJ =  0.43443013E+01
     ITER =   44     OBJ =  0.43443021E+01
     ITER =   45     OBJ =  0.43443305E+01
     ITER =   46     OBJ =  0.43443313E+01
     ITER =   47     OBJ =  0.43443601E+01
     ITER =   48     OBJ =  0.43443609E+01
     ITER =   49     OBJ =  0.43443893E+01
     ITER =   50     OBJ =  0.43443902E+01
     ITER =   51     OBJ =  0.43444172E+01
     ITER =   52     OBJ =  0.43444181E+01
     ITER =   53     OBJ =  0.43444444E+01
     ITER =   54     OBJ =  0.43444453E+01
     ITER =   55     OBJ =  0.43444732E+01
     ITER =   56     OBJ =  0.43444741E+01
     ITER =   57     OBJ =  0.43444971E+01
     ITER =   58     OBJ =  0.43444980E+01
     ITER =   59     OBJ =  0.43445241E+01
     ITER =   60     OBJ =  0.43445251E+01
     ITER =   61     OBJ =  0.43445504E+01
     ITER =   62     OBJ =  0.43445514E+01
     ITER =   63     OBJ =  0.43445773E+01
     ITER =   64     OBJ =  0.43445782E+01
     ITER =   65     OBJ =  0.43445997E+01
     ITER =   66     OBJ =  0.43446007E+01
     ITER =   67     OBJ =  0.43446277E+01
     ITER =   68     OBJ =  0.43446287E+01
     ITER =   69     OBJ =  0.43446550E+01
     ITER =   70     OBJ =  0.43446560E+01
     ITER =   71     OBJ =  0.43446811E+01
     ITER =   72     OBJ =  0.43446821E+01
     ITER =   73     OBJ =  0.43447074E+01
     ITER =   74     OBJ =  0.43447084E+01
     ITER =   75     OBJ =  0.43447349E+01
     ITER =   76     OBJ =  0.43447359E+01
     ITER =   77     OBJ =  0.43447618E+01
     ITER =   78     OBJ =  0.43447629E+01
     ITER =   79     OBJ =  0.43447879E+01
     ITER =   80     OBJ =  0.43447889E+01
     ITER =   81     OBJ =  0.43448136E+01
     ITER =   82     OBJ =  0.43448146E+01
     ITER =   83     OBJ =  0.43448388E+01
     ITER =   84     OBJ =  0.43448399E+01
     ITER =   85     OBJ =  0.43448640E+01
     ITER =   86     OBJ =  0.43448650E+01
     ITER =   87     OBJ =  0.43448884E+01
     ITER =   88     OBJ =  0.43448895E+01
     ITER =   89     OBJ =  0.43449124E+01
     ITER =   90     OBJ =  0.43449135E+01
     ITER =   91     OBJ =  0.43449138E+01
     ITER =   92     OBJ =  0.43449139E+01
     ITER =   93     OBJ =  0.43449139E+01
     ITER =   94     OBJ =  0.43449143E+01
     ITER =   95     OBJ =  0.43449143E+01
     ITER =   96     OBJ =  0.43449143E+01
     ITER =   97     OBJ =  0.43449143E+01
     ITER =   98     OBJ =  0.43449149E+01
     ITER =   99     OBJ =  0.43449149E+01
     ITER =  100     OBJ =  0.43449149E+01
     ITER =  101     OBJ =  0.43449149E+01
     ITER =  102     OBJ =  0.43449150E+01
     ITER =  103     OBJ =  0.43449150E+01
     ITER =  104     OBJ =  0.43449150E+01
     ITER =  105     OBJ =  0.43449150E+01
     ITER =  106     OBJ =  0.43449150E+01
     ITER =  107     OBJ =  0.43449150E+01
     ITER =  108     OBJ =  0.43449156E+01
     ITER =  109     OBJ =  0.43449156E+01
     ITER =  110     OBJ =  0.43449162E+01
     ITER =  111     OBJ =  0.43449169E+01
     ITER =  112     OBJ =  0.43449171E+01
     ITER =  113     OBJ =  0.43449172E+01
     ITER =  114     OBJ =  0.43449172E+01
     ITER =  115     OBJ =  0.43449172E+01
     ITER =  116     OBJ =  0.43449172E+01
     ITER =  117     OBJ =  0.43449217E+01
     ITER =  118     OBJ =  0.43449233E+01
     ITER =  119     OBJ =  0.43449236E+01
     ITER =  120     OBJ =  0.43449237E+01
     ITER =  121     OBJ =  0.43449237E+01
     ITER =  122     OBJ =  0.43449237E+01
