



   ---------------------------------------------------------------------------
     START OF THE SEQUENTIAL LEAST SQUARES PROGRAMMING ALGORIT  
   ---------------------------------------------------------------------------

     PARAMETERS:
        ACC =   0.1000D-01
        MAXITER =500
        IPRINT =   1
IOUT =   6


     ITER =    1     OBJ =  0.36180968E+00
     ITER =    2     OBJ =  0.39614484E+00
     ITER =    3     OBJ =  0.47471129E+00
     ITER =    4     OBJ =  0.38763954E+00
     ITER =    5     OBJ =  0.34070105E+00
     ITER =    6     OBJ =  0.35773832E+00
     ITER =    7     OBJ =  0.36558434E+00
     ITER =    8     OBJ =  0.42348873E+00
     ITER =    9     OBJ =  0.43271742E+00
     ITER =   10     OBJ =  0.44436921E+00
     ITER =   11     OBJ =  0.48409934E+00
     ITER =   12     OBJ =  0.50560808E+00
     ITER =   13     OBJ =  0.51247228E+00
     ITER =   14     OBJ =  0.55189629E+00
     ITER =   15     OBJ =  0.55554201E+00
     ITER =   16     OBJ =  0.60911849E+00
     ITER =   17     OBJ =  0.63396304E+00
     ITER =   18     OBJ =  0.64663714E+00
     ITER =   19     OBJ =  0.64381638E+00
     ITER =   20     OBJ =  0.65317543E+00
     ITER =   21     OBJ =  0.67449115E+00
     ITER =   22     OBJ =  0.70880743E+00
     ITER =   23     OBJ =  0.73439796E+00
