
 ==============================
 S N O P T  7.6.0    (Jan 2017)
 ==============================
 
 SNMEMB EXIT 100 -- finished successfully
 SNMEMB INFO 104 -- memory requirements estimated

 ==============================
 S N O P T  7.6.0    (Jan 2017)
 ==============================
 
 

 Nonlinear constraints      11     Linear constraints       0
 Nonlinear variables        15     Linear variables         0
 Jacobian  variables        15     Objective variables     15
 Total constraints          11     Total variables         15
 

 
 The user has defined     165   out of     165   constraint gradients.
 The user has defined      15   out of      15   objective  gradients.
 

 Major Minors     Step   nCon Feasible  Optimal  MeritFunction     nS Penalty
     0     16               1  3.7E+01  2.4E-01  4.7327223E-01      9           r
     1     26  1.0E+00      2  3.4E+01  9.9E-02  3.5622026E-01      6           r
     2     31  2.6E-04      6  3.4E+01  2.4E+01  3.6728383E-01     12 7.5E-06 s
     3      4  7.5E-02      9  3.2E+01  8.8E-01  8.0175923E+00      9 9.7E-03
     4      3  9.6E-02     12  3.0E+01  6.0E-01  9.9645682E+00      7 1.2E-02
     5      4  3.9E-01     17  2.0E+01  4.5E-01  1.6874401E+01      7 2.0E-02
     6      4  1.4E-02     21  2.0E+01  3.4E-01  3.5728610E+01      7 7.0E-02
     7      5  1.0E+00     23  5.3E+00  5.4E+00  2.5648356E+01      9 7.0E-02  M
     8      2  1.0E+00     24  7.1E+00  2.2E+00  5.8715616E+00      8 7.0E-02
     9      1  2.9E-02     27  6.5E+00  6.1E-01  1.0896348E+01      8 1.5E-01

 Major Minors     Step   nCon Feasible  Optimal  MeritFunction     nS Penalty
    10      2  1.6E-01     29  5.2E+00  1.1E+00  3.4417542E+01      9 6.9E-01
    11     12  1.0E+00     30  2.2E+00  5.8E-02  1.0368729E+01      1 6.9E-01
    12      3  4.3E-01     37  1.2E+00  1.5E+00  3.0273048E+02      3 3.4E+01
    12      8              43  1.2E+00  1.4E+00  2.0114449E+02      9           R
    13      6  1.0E+00     44  3.2E+00  2.3E-01  3.0212071E+01      5         s
    14      1  2.3E-03     48  3.2E+00  2.1E-01  2.5663654E+02      5 1.4E+01
    15      1  4.3E-02     51  3.1E+00  1.8E-01  3.7636957E+02      5 1.3E+01
    16      6  3.9E-02     54  3.0E+00  1.7E-01  7.0543032E+02      1 3.0E+01
    17      2  3.5E-03     57  3.0E+00  1.0E-01  3.2675149E+03      2 1.7E+02
    18      6  1.9E-01     59  2.7E+00  1.1E+00  1.0819635E+03      5 5.7E+01
    19     14  3.0E-01     61  2.2E+00  1.0E+00  1.0498430E+03      4 5.7E+01     i

 Major Minors     Step   nCon Feasible  Optimal  MeritFunction     nS Penalty
    20      3  4.2E-01     68  9.3E-01  1.9E+00  6.8819742E+03      4 8.5E+02

 Major Minors     Step   nCon Feasible  Optimal  MeritFunction     nS Penalty
    20      6              74  9.3E-01  7.0E+00  2.7962545E+04      9           R
    21     11  1.0E+00     75  2.0E+00  1.0E+00  2.5982627E+03      6         s   i
    22      3  9.7E-08     81  2.0E+00  2.2E+00  3.2981073E+04      6 4.7E+03  M
    23      2  6.2E-05     91  2.0E+00  3.7E+00  3.9695057E+04      5 4.2E+03
    24      6  9.1E-13    100  2.0E+00  2.8E+01  3.9627893E+04      7 4.1E+03
    25     15  2.6E-01    102  2.1E+00  1.3E+00  5.0249967E+03      4 1.1E+02     i
    26     18  1.6E-05    107  1.8E+00  1.0E+00  6.8927349E+04      6 9.7E+03     i
    26     10             112  1.8E+00  8.3E+01  5.0485892E+03     14           R i
    27     10  1.9E-06    133  1.8E+00  8.8E+00  5.2516783E+06      8 7.9E+05 sM
    28      5  1.0E+00    135  1.1E+00  1.5E+02  5.6274098E+04     12 1.9E+04  m
    29      2  1.0E+00    136  7.9E-01  1.2E+03  1.0910907E+02     11 2.1E+02

 Major Minors     Step   nCon Feasible  Optimal  MeritFunction     nS Penalty
    30     12  1.9E-01    143  7.9E-01  6.1E+01  5.4621293E+01      9 2.7E+01

 Major Minors     Step   nCon Feasible  Optimal  MeritFunction     nS Penalty
    30      1             149  7.9E-01  2.2E+01  4.1420048E+01      9           R

 Major Minors     Step   nCon Feasible  Optimal  MeritFunction     nS Penalty
    30      2             155  7.9E-01  9.5E+04  4.1420048E+01     10           r
    31      7  1.0E+00    156  3.2E-01  6.5E+03  1.3312991E+00      5         s
    32      8  5.8E-01    158  3.1E-01  4.9E+05  2.6001135E+00      9 3.0E+00
    33      8  4.7E-01    160  1.6E-01  8.3E+02  1.7920244E+00      3 3.0E+00
    34      7  8.3E-03    171  1.4E-01  6.9E+02  6.9796162E+00      2 9.9E+01  M
    34      6             175  1.4E-01  1.4E+02  1.7307451E+00      7          MR
    34      1             180  1.4E-01  1.4E+05  1.7307451E+00      7          Mr
    35      5  1.0E+00    181  3.9E-01  2.3E+04  8.3730583E-01      4         s
    36      1  4.5E-05    188  3.7E-01  5.4E+04  9.3367707E-01      4 6.3E-01  M
    37      3  1.1E-03    196  1.6E-01  1.8E+04  9.0861018E-01      4 1.3E+00
    37      4             200  1.6E-01  1.1E+05  8.5767551E-01      7           R
    37      3             204  1.6E-01  1.1E+05  8.5767551E-01      9           r
    38      7  1.0E+00    205  4.9E-01  2.4E+04  8.0675790E-01      4         s
    39      1  1.0E+00    212  5.9E-01  1.9E+04  1.9267452E+00      4 2.9E-01

 Major Minors     Step   nCon Feasible  Optimal  MeritFunction     nS Penalty
    40     11  4.0E-01    214  5.5E-01  1.0E+06  1.7260256E+00     10 2.9E-01
    41     14  2.6E-02    225  4.1E-01  5.0E+05  1.4279755E+00     13 2.9E-01  m
    41     12             231  4.1E-01  4.7E+04  1.3446978E+00     11          mR
    42     10  1.0E+00    232  5.1E-01  1.1E+03  1.4216617E+00      4 4.8E-01 s
    43      1  5.0E-02    238  3.9E-01  4.0E+03  7.5120186E+00      4 1.5E+01
    44      1  2.1E-01    240  3.5E-01  1.9E+03  6.7492942E+00      4 1.3E+01
    44      3             246  3.5E-01  3.3E+03  2.6074028E+00      6           R
    44      3             251  3.5E-01  3.9E+05  2.6074028E+00      8           r
    45      5  1.0E+00    252  5.4E-01  2.9E+03  8.9627184E-01      4         s
    46      2  5.4E-03    257  3.9E-01  8.7E+04  1.9560846E+00      5 3.8E+00
    46      5             262  3.9E-01  2.0E+05  8.8761702E-01      9           R
    46      3             267  3.9E-01  2.0E+05  8.8761702E-01     11           r
    47     11  1.0E+00    268  7.2E-01  4.8E+03  8.1826016E-01      4         s
    48      2  3.2E-03    273  5.9E-01  1.6E+05  1.8604762E+00      5 2.7E+00
    48      6             279  5.9E-01  2.2E+05  8.5268098E-01     10           R
    48      2             284  5.9E-01  2.2E+05  8.5268098E-01     11           r
    49     11  1.0E+00    285  8.9E-01  1.8E+03  8.0857650E-01      4         s

 Major Minors     Step   nCon Feasible  Optimal  MeritFunction     nS Penalty
    50      5  7.4E-04    290  6.2E-01  1.2E+05  4.2337507E+00      6 6.1E+00

 Major Minors     Step   nCon Feasible  Optimal  MeritFunction     nS Penalty
    50      8             295  6.2E-01  1.2E+05  8.2969677E-01     13           R

 Major Minors     Step   nCon Feasible  Optimal  MeritFunction     nS Penalty
    50      8             300  6.2E-01  1.2E+05  8.2969677E-01     10           r
    51     17  1.0E+00    301  1.2E+00  2.3E+03  7.3444733E-01      4         s
    52      5  5.9E-04    306  8.4E-01  1.1E+05  3.6687181E+00      6 2.3E+00
    52      8             311  8.4E-01  1.1E+05  8.1725857E-01     13           R
    52      4             316  8.4E-01  1.1E+05  8.1725857E-01     11           r
    53     12  1.0E+00    317  2.0E+00  2.8E+04  6.8869326E-01      5         s
    54     11  1.0E+00    319  8.4E-01  6.5E+05  1.6582652E+00     14 1.3E-01  m
    55      6  1.0E+00    320  8.9E-01  1.1E+05  1.0154909E+00     12 1.3E-01
    56      6  1.8E-01    322  6.2E-02  1.3E+05  9.1593375E-01     12 1.3E-01
    57      6  1.0E+00    323  1.6E-01  1.1E+05  8.7145918E-01     10 1.9E-01
    58      5  1.0E+00    324  2.2E-02  7.4E+03  8.4639516E-01      9 1.9E-01
    59      5  1.0E+00    325  1.5E-02  4.8E+03  8.3077280E-01      6 1.9E-01

 Major Minors     Step   nCon Feasible  Optimal  MeritFunction     nS Penalty
    60      2  1.0E+00    326  2.0E-02  6.1E+03  8.0673383E-01      7 1.9E-01
    61      2  1.0E+00    327 (9.5E-03) 3.4E+03  7.8376586E-01      6 1.9E-01
    62      1  1.0E+00    328  2.1E-02  6.2E+03  7.7765585E-01      6 1.9E-01
    63      1  1.0E+00    329 (0.0E+00) 1.8E-02  7.6521706E-01      6 1.9E-01
    64      1  1.0E+00    330 (9.6E-03) 2.9E+03  7.5896691E-01      6 1.9E-01
    65      1  1.0E+00    331 (8.1E-03) 2.4E+03  7.5635088E-01      6 1.9E-01
    66      1  1.0E+00    332 (5.1E-03) 1.5E+03  7.5547555E-01      6 1.9E-01
    67      1  1.0E+00    333 (3.9E-03) 3.5E-02  7.5092572E-01      6 1.9E-01
 
 SNOPTC EXIT   0 -- finished successfully
 SNOPTC INFO   3 -- requested accuracy could not be achieved

 Problem name                 S
 No. of iterations                 542   Objective            7.5355183177E-01
 No. of major iterations            67   Linear    obj. term  0.0000000000E+00
 Penalty parameter           1.894E-01   Nonlinear obj. term  7.5355183177E-01
 User function calls (total)       339
 No. of superbasics                  6   No. of basic nonlinears             6
 No. of degenerate steps            45   Percentage                       8.30
 Max x                       2 2.5E+00   Max pi                      1 8.1E+00
 Max Primal infeas           0 0.0E+00   Max Dual infeas            12 5.8E-01
 Nonlinear constraint violn    9.5E-03
 
 

 Solution printed on file  18
 
 Time for MPS input                             0.00 seconds
 Time for solving problem                   86230.50 seconds
 Time for solution output                       0.00 seconds
 Time for constraint functions              86246.91 seconds
 Time for objective function                    0.00 seconds
