



   ---------------------------------------------------------------------------
     START OF THE SEQUENTIAL LEAST SQUARES PROGRAMMING ALGORIT  
   ---------------------------------------------------------------------------

     PARAMETERS:
        ACC =   0.1000D-02
        MAXITER =500
        IPRINT =   1
IOUT =   6


     ITER =    1     OBJ =  0.43405864E+00
     ITER =    2     OBJ =  0.49146417E+00
     ITER =    3     OBJ =  0.47125453E+00
     ITER =    4     OBJ =  0.47227696E+00
     ITER =    5     OBJ =  0.56020576E+00
     ITER =    6     OBJ =  0.56913407E+00
     ITER =    7     OBJ =  0.56222335E+00
     ITER =    8     OBJ =  0.55577381E+00
     ITER =    9     OBJ =  0.55071896E+00
     ITER =   10     OBJ =  0.55036431E+00
     ITER =   11     OBJ =  0.55036360E+00
     ITER =   12     OBJ =  0.54756765E+00
     ITER =   13     OBJ =  0.54757946E+00
     ITER =   14     OBJ =  0.55669432E+00
     ITER =   15     OBJ =  0.55676887E+00
     ITER =   16     OBJ =  0.56505867E+00
     ITER =   17     OBJ =  0.56465861E+00
     ITER =   18     OBJ =  0.56238068E+00
        NUMBER OF FUNC-CALLS:  NFUNC =  60
        NUMBER OF GRAD-CALLS:  NGRAD =  19
