



   ---------------------------------------------------------------------------
     START OF THE SEQUENTIAL LEAST SQUARES PROGRAMMING ALGORIT  
   ---------------------------------------------------------------------------

     PARAMETERS:
        ACC =   0.1000D-02
        MAXITER =500
        IPRINT =   1
IOUT =   6


     ITER =    1     OBJ =  0.75112795E+00
     ITER =    2     OBJ =  0.80154465E+00
     ITER =    3     OBJ =  0.80594406E+00
     ITER =    4     OBJ =  0.95875515E+00
     ITER =    5     OBJ =  0.97818200E+00
     ITER =    6     OBJ =  0.12801082E+01
     ITER =    7     OBJ =  0.12905642E+01
     ITER =    8     OBJ =  0.12185978E+01
     ITER =    9     OBJ =  0.12698073E+01
     ITER =   10     OBJ =  0.12527419E+01
     ITER =   11     OBJ =  0.13080707E+01
     ITER =   12     OBJ =  0.13061227E+01
     ITER =   13     OBJ =  0.13075163E+01
     ITER =   14     OBJ =  0.13074717E+01
     ITER =   15     OBJ =  0.13073613E+01
     ITER =   16     OBJ =  0.13074186E+01
     ITER =   17     OBJ =  0.13074189E+01
     ITER =   18     OBJ =  0.13074204E+01
     ITER =   19     OBJ =  0.13074212E+01
     ITER =   20     OBJ =  0.13074228E+01
     ITER =   21     OBJ =  0.13074237E+01
     ITER =   22     OBJ =  0.13074255E+01
     ITER =   23     OBJ =  0.13074265E+01
     ITER =   24     OBJ =  0.13074283E+01
     ITER =   25     OBJ =  0.13074293E+01
     ITER =   26     OBJ =  0.13074311E+01
     ITER =   27     OBJ =  0.13074322E+01
     ITER =   28     OBJ =  0.13074340E+01
     ITER =   29     OBJ =  0.13074350E+01
     ITER =   30     OBJ =  0.13074367E+01
     ITER =   31     OBJ =  0.13074378E+01
     ITER =   32     OBJ =  0.13074395E+01
     ITER =   33     OBJ =  0.13074406E+01
     ITER =   34     OBJ =  0.13074421E+01
     ITER =   35     OBJ =  0.13074433E+01
     ITER =   36     OBJ =  0.13074448E+01
     ITER =   37     OBJ =  0.13074459E+01
     ITER =   38     OBJ =  0.13074474E+01
     ITER =   39     OBJ =  0.13074486E+01
     ITER =   40     OBJ =  0.13074500E+01
     ITER =   41     OBJ =  0.13074511E+01
     ITER =   42     OBJ =  0.13074525E+01
     ITER =   43     OBJ =  0.13074537E+01
     ITER =   44     OBJ =  0.13074551E+01
     ITER =   45     OBJ =  0.13074563E+01
     ITER =   46     OBJ =  0.13074576E+01
     ITER =   47     OBJ =  0.13074588E+01
     ITER =   48     OBJ =  0.13074601E+01
     ITER =   49     OBJ =  0.13074614E+01
     ITER =   50     OBJ =  0.13074627E+01
     ITER =   51     OBJ =  0.13074639E+01
     ITER =   52     OBJ =  0.13074652E+01
     ITER =   53     OBJ =  0.13074664E+01
     ITER =   54     OBJ =  0.13074677E+01
     ITER =   55     OBJ =  0.13074689E+01
     ITER =   56     OBJ =  0.13074702E+01
     ITER =   57     OBJ =  0.13074714E+01
     ITER =   58     OBJ =  0.13074726E+01
     ITER =   59     OBJ =  0.13074739E+01
     ITER =   60     OBJ =  0.13074751E+01
     ITER =   61     OBJ =  0.13074764E+01
     ITER =   62     OBJ =  0.13074776E+01
     ITER =   63     OBJ =  0.13074789E+01
     ITER =   64     OBJ =  0.13074801E+01
     ITER =   65     OBJ =  0.13074814E+01
     ITER =   66     OBJ =  0.13074826E+01
     ITER =   67     OBJ =  0.13074838E+01
     ITER =   68     OBJ =  0.13074851E+01
     ITER =   69     OBJ =  0.13074863E+01
     ITER =   70     OBJ =  0.13074875E+01
     ITER =   71     OBJ =  0.13074887E+01
     ITER =   72     OBJ =  0.13074900E+01
     ITER =   73     OBJ =  0.13074912E+01
     ITER =   74     OBJ =  0.13074924E+01
     ITER =   75     OBJ =  0.13074937E+01
     ITER =   76     OBJ =  0.13074949E+01
     ITER =   77     OBJ =  0.13074961E+01
     ITER =   78     OBJ =  0.13074974E+01
     ITER =   79     OBJ =  0.13074985E+01
     ITER =   80     OBJ =  0.13074998E+01
     ITER =   81     OBJ =  0.13075010E+01
     ITER =   82     OBJ =  0.13075022E+01
     ITER =   83     OBJ =  0.13075034E+01
     ITER =   84     OBJ =  0.13075047E+01
     ITER =   85     OBJ =  0.13075059E+01
     ITER =   86     OBJ =  0.13075071E+01
     ITER =   87     OBJ =  0.13075083E+01
     ITER =   88     OBJ =  0.13075095E+01
     ITER =   89     OBJ =  0.13075107E+01
     ITER =   90     OBJ =  0.13075119E+01
     ITER =   91     OBJ =  0.13075132E+01
     ITER =   92     OBJ =  0.13075143E+01
     ITER =   93     OBJ =  0.13075156E+01
     ITER =   94     OBJ =  0.13075168E+01
     ITER =   95     OBJ =  0.13075180E+01
     ITER =   96     OBJ =  0.13075192E+01
     ITER =   97     OBJ =  0.13075204E+01
     ITER =   98     OBJ =  0.13075216E+01
     ITER =   99     OBJ =  0.13075228E+01
     ITER =  100     OBJ =  0.13075240E+01
     ITER =  101     OBJ =  0.13075252E+01
     ITER =  102     OBJ =  0.13075263E+01
     ITER =  103     OBJ =  0.13075276E+01
     ITER =  104     OBJ =  0.13075287E+01
     ITER =  105     OBJ =  0.13075299E+01
     ITER =  106     OBJ =  0.13075311E+01
     ITER =  107     OBJ =  0.13075323E+01
     ITER =  108     OBJ =  0.13075335E+01
     ITER =  109     OBJ =  0.13075347E+01
     ITER =  110     OBJ =  0.13075359E+01
     ITER =  111     OBJ =  0.13075371E+01
     ITER =  112     OBJ =  0.13075382E+01
     ITER =  113     OBJ =  0.13075394E+01
     ITER =  114     OBJ =  0.13075406E+01
     ITER =  115     OBJ =  0.13075418E+01
     ITER =  116     OBJ =  0.13075430E+01
     ITER =  117     OBJ =  0.13075442E+01
     ITER =  118     OBJ =  0.13075453E+01
     ITER =  119     OBJ =  0.13075465E+01
     ITER =  120     OBJ =  0.13075477E+01
     ITER =  121     OBJ =  0.13075489E+01
     ITER =  122     OBJ =  0.13075500E+01
     ITER =  123     OBJ =  0.13075512E+01
     ITER =  124     OBJ =  0.13075524E+01
     ITER =  125     OBJ =  0.13075536E+01
     ITER =  126     OBJ =  0.13075547E+01
     ITER =  127     OBJ =  0.13075559E+01
     ITER =  128     OBJ =  0.13075570E+01
     ITER =  129     OBJ =  0.13075582E+01
     ITER =  130     OBJ =  0.13075594E+01
     ITER =  131     OBJ =  0.13075606E+01
     ITER =  132     OBJ =  0.13075617E+01
     ITER =  133     OBJ =  0.13075629E+01
     ITER =  134     OBJ =  0.13075640E+01
     ITER =  135     OBJ =  0.13075652E+01
     ITER =  136     OBJ =  0.13075664E+01
     ITER =  137     OBJ =  0.13075675E+01
     ITER =  138     OBJ =  0.13075687E+01
     ITER =  139     OBJ =  0.13075698E+01
     ITER =  140     OBJ =  0.13075710E+01
     ITER =  141     OBJ =  0.13075721E+01
     ITER =  142     OBJ =  0.13075733E+01
     ITER =  143     OBJ =  0.13075744E+01
     ITER =  144     OBJ =  0.13075756E+01
     ITER =  145     OBJ =  0.13075767E+01
     ITER =  146     OBJ =  0.13075779E+01
     ITER =  147     OBJ =  0.13075791E+01
     ITER =  148     OBJ =  0.13075802E+01
     ITER =  149     OBJ =  0.13075814E+01
     ITER =  150     OBJ =  0.13075825E+01
     ITER =  151     OBJ =  0.13075837E+01
     ITER =  152     OBJ =  0.13075848E+01
     ITER =  153     OBJ =  0.13075860E+01
     ITER =  154     OBJ =  0.13075871E+01
     ITER =  155     OBJ =  0.13075882E+01
     ITER =  156     OBJ =  0.13075894E+01
     ITER =  157     OBJ =  0.13075905E+01
     ITER =  158     OBJ =  0.13075917E+01
     ITER =  159     OBJ =  0.13075928E+01
     ITER =  160     OBJ =  0.13075939E+01
     ITER =  161     OBJ =  0.13075951E+01
     ITER =  162     OBJ =  0.13075962E+01
     ITER =  163     OBJ =  0.13075973E+01
     ITER =  164     OBJ =  0.13075985E+01
     ITER =  165     OBJ =  0.13075996E+01
     ITER =  166     OBJ =  0.13076007E+01
     ITER =  167     OBJ =  0.13076018E+01
     ITER =  168     OBJ =  0.13076030E+01
     ITER =  169     OBJ =  0.13076041E+01
     ITER =  170     OBJ =  0.13076053E+01
     ITER =  171     OBJ =  0.13076063E+01
     ITER =  172     OBJ =  0.13076075E+01
     ITER =  173     OBJ =  0.13076086E+01
     ITER =  174     OBJ =  0.13076098E+01
     ITER =  175     OBJ =  0.13076108E+01
     ITER =  176     OBJ =  0.13076120E+01
     ITER =  177     OBJ =  0.13076131E+01
     ITER =  178     OBJ =  0.13076143E+01
     ITER =  179     OBJ =  0.13076154E+01
     ITER =  180     OBJ =  0.13076165E+01
     ITER =  181     OBJ =  0.13076176E+01
     ITER =  182     OBJ =  0.13076187E+01
     ITER =  183     OBJ =  0.13076199E+01
     ITER =  184     OBJ =  0.13076209E+01
     ITER =  185     OBJ =  0.13076221E+01
     ITER =  186     OBJ =  0.13076232E+01
     ITER =  187     OBJ =  0.13076243E+01
     ITER =  188     OBJ =  0.13076254E+01
     ITER =  189     OBJ =  0.13076265E+01
     ITER =  190     OBJ =  0.13076276E+01
     ITER =  191     OBJ =  0.13076288E+01
     ITER =  192     OBJ =  0.13076298E+01
     ITER =  193     OBJ =  0.13076310E+01
     ITER =  194     OBJ =  0.13076321E+01
     ITER =  195     OBJ =  0.13076332E+01
     ITER =  196     OBJ =  0.13076343E+01
     ITER =  197     OBJ =  0.13076353E+01
     ITER =  198     OBJ =  0.13076365E+01
     ITER =  199     OBJ =  0.13076375E+01
     ITER =  200     OBJ =  0.13076387E+01
     ITER =  201     OBJ =  0.13076397E+01
     ITER =  202     OBJ =  0.13076409E+01
     ITER =  203     OBJ =  0.13076419E+01
     ITER =  204     OBJ =  0.13076430E+01
     ITER =  205     OBJ =  0.13076441E+01
     ITER =  206     OBJ =  0.13076452E+01
     ITER =  207     OBJ =  0.13076463E+01
