



   ---------------------------------------------------------------------------
     START OF THE SEQUENTIAL LEAST SQUARES PROGRAMMING ALGORIT  
   ---------------------------------------------------------------------------

     PARAMETERS:
        ACC =   0.1000D-02
        MAXITER =500
        IPRINT =   1
IOUT =   6


     ITER =    1     OBJ =  0.47051133E+00
     ITER =    2     OBJ =  0.47569595E+00
     ITER =    3     OBJ =  0.48802106E+00
     ITER =    4     OBJ =  0.59557975E+00
     ITER =    5     OBJ =  0.58260723E+00
     ITER =    6     OBJ =  0.57682868E+00
     ITER =    7     OBJ =  0.57554566E+00
     ITER =    8     OBJ =  0.60325404E+00
     ITER =    9     OBJ =  0.60286644E+00
     ITER =   10     OBJ =  0.60545677E+00
     ITER =   11     OBJ =  0.60368971E+00
     ITER =   12     OBJ =  0.60316294E+00
     ITER =   13     OBJ =  0.60594280E+00
     ITER =   14     OBJ =  0.60600733E+00
     ITER =   15     OBJ =  0.60529116E+00
     ITER =   16     OBJ =  0.60452514E+00
     ITER =   17     OBJ =  0.60403595E+00
     ITER =   18     OBJ =  0.60333123E+00
     ITER =   19     OBJ =  0.60236389E+00
     ITER =   20     OBJ =  0.60107681E+00
     ITER =   21     OBJ =  0.60074899E+00
     ITER =   22     OBJ =  0.60010500E+00
     ITER =   23     OBJ =  0.59961805E+00
     ITER =   24     OBJ =  0.59936960E+00
     ITER =   25     OBJ =  0.59937591E+00
        NUMBER OF FUNC-CALLS:  NFUNC =  66
        NUMBER OF GRAD-CALLS:  NGRAD =  26
