



   ---------------------------------------------------------------------------
     START OF THE SEQUENTIAL LEAST SQUARES PROGRAMMING ALGORIT  
   ---------------------------------------------------------------------------

     PARAMETERS:
        ACC =   0.1000D-02
        MAXITER =500
        IPRINT =   1
IOUT =   6


     ITER =    1     OBJ =  0.44316676E+00
     ITER =    2     OBJ =  0.38832609E+00
     ITER =    3     OBJ =  0.40923359E+00
     ITER =    4     OBJ =  0.43131431E+00
     ITER =    5     OBJ =  0.42434226E+00
     ITER =    6     OBJ =  0.39979724E+00
     ITER =    7     OBJ =  0.38252794E+00
     ITER =    8     OBJ =  0.42539549E+00
     ITER =    9     OBJ =  0.41441889E+00
     ITER =   10     OBJ =  0.42096986E+00
     ITER =   11     OBJ =  0.40801887E+00
     ITER =   12     OBJ =  0.40751207E+00
     ITER =   13     OBJ =  0.42086219E+00
     ITER =   14     OBJ =  0.41882810E+00
     ITER =   15     OBJ =  0.41981018E+00
     ITER =   16     OBJ =  0.41912118E+00
     ITER =   17     OBJ =  0.41908224E+00
     ITER =   18     OBJ =  0.41887067E+00
     ITER =   19     OBJ =  0.41888821E+00
     ITER =   20     OBJ =  0.41875323E+00
        NUMBER OF FUNC-CALLS:  NFUNC =  37
        NUMBER OF GRAD-CALLS:  NGRAD =  21
