
 ==============================
 S N O P T  7.6.0    (Jan 2017)
 ==============================
 
 SNMEMB EXIT 100 -- finished successfully
 SNMEMB INFO 104 -- memory requirements estimated

 ==============================
 S N O P T  7.6.0    (Jan 2017)
 ==============================
 
 

 Nonlinear constraints       6     Linear constraints       0
 Nonlinear variables         9     Linear variables         0
 Jacobian  variables         9     Objective variables      9
 Total constraints           6     Total variables          9
 

 
 The user has defined      54   out of      54   constraint gradients.
 The user has defined       9   out of       9   objective  gradients.
 

 Major Minors     Step   nCon Feasible  Optimal  MeritFunction     nS Penalty
     0     10               1  9.9E-01  2.6E-02  2.8451252E+00      5           r
     1      9  1.0E+00      2  1.3E-01  3.1E-01  3.0611833E+00      5 2.9E+00   r
     2     14  2.3E-04      6  1.4E-01  7.5E-01  3.0509282E+00      5 2.9E+00 s
     3      1  6.2E-01      8  1.4E-01  5.7E-01  4.1903758E+02      5 4.5E+04
     4      3  1.0E+00      9  1.6E-01  5.0E-01  5.5389327E+01      5 2.5E+02
     4      2              15  1.6E-01  5.2E-01  5.4304386E+01      6           R
     5      2  1.0E+00     16  3.0E-01  1.4E+00  3.7915339E+01      7         s
     6      2  1.0E+00     17  1.8E-01  4.6E-01  3.7335184E+01      6
     6      1              23  1.8E-01  4.6E-01  3.7335184E+01      6           R
     6      3              29  1.8E-01  2.7E-01  3.7335184E+01      8           r
     7      1  1.0E+00     30  4.9E-01  4.0E-01  2.6684732E+00      8         s
     8      2  1.0E+00     31  1.7E-01  2.8E-01  2.6500698E+00      9
     8      1              37  1.7E-01  2.8E-01  2.6500698E+00      9           R
     8      2              44  1.7E-01  2.5E-01  2.6500698E+00      8           r
     9      4  9.6E-01     48  1.1E+00  5.2E-01  2.4806349E+00      7         s

 Major Minors     Step   nCon Feasible  Optimal  MeritFunction     nS Penalty
    10      3  1.0E+00     55  4.4E-01  2.8E-01  2.7469863E+00      9 5.4E-01

 Major Minors     Step   nCon Feasible  Optimal  MeritFunction     nS Penalty
    10      2              62  4.4E-01  2.5E-01  2.6891308E+00      8           R
    11      5  1.0E+00     63  1.1E+00  3.5E-01  2.4517741E+00      8         s
    12      5  6.1E-03     67  1.1E+00  4.5E-01  2.4445054E+00      4
    13      1  1.0E+00     68  6.7E-01  5.2E+00  5.0090826E+01      4 6.1E+01
    14      3  1.0E+00     69  2.4E-02  5.9E-01  5.1991914E+00      6 8.6E+00
    15      1  5.0E-01     71  1.1E-02  2.5E-01  5.4928646E+00      6 5.2E+03
    16      1  1.0E+00     72  5.4E-03  8.3E-01  2.8294258E+00      6 1.7E+02
    17      1  1.0E+00     73 (6.5E-04) 8.5E-02  2.8229322E+00      6 5.4E+01
    18      2  1.0E+00     74 (5.3E-05) 1.9E-01  2.8208403E+00      6 4.6E+01
    19      7  5.4E-01     76  1.4E-03  2.3E-01  2.8035811E+00      6 4.6E+01

 Major Minors     Step   nCon Feasible  Optimal  MeritFunction     nS Penalty
    20      3  3.3E-01     79  1.6E-03  2.3E-01  2.7861064E+00      6 4.6E+01  m

 Major Minors     Step   nCon Feasible  Optimal  MeritFunction     nS Penalty
    20      2              85  1.6E-03  1.0E-01  2.7859922E+00      5          mR
    21      2  7.0E-03     95  1.6E-03  1.0E-01  2.9000344E+00      6 8.0E+04 s
    22      4  1.0E+00     96 (2.6E-04) 4.6E-01  2.7394766E+00      9 1.5E+05
    22      1             100 (2.6E-04) 4.6E-01  2.7375142E+00      9           R
    22      1             104 (2.6E-04) 4.6E-01  2.7375142E+00      9           r
    23     25  6.7E-04    110 (5.5E-04) 4.9E-01  2.7340398E+00      3 4.9E+05 sm
    24     10  5.2E-05    120  1.0E-02  7.7E-02 -3.4715063E+00      1 8.7E+02  m
    24      8             125  1.0E-02  1.5E+00 -3.6408083E+00      8          mR
    25      2  1.0E+00    126 (6.5E-06) 7.0E-01  2.7637524E+00      9 1.4E+04 s
    26      1  1.0E+00    127 (1.4E-05) 6.8E-01  2.7869010E+00      9 7.7E+02
    27      4  1.0E+00    128 (2.1E-05) 7.7E-02  2.7868722E+00      7 4.8E+01 s
    28      2  1.0E+00    129 (3.0E-04) 5.8E-02  2.7866094E+00      6 1.4E+01
    29      1  1.0E+00    130 (2.6E-06) 9.9E-02  2.7865036E+00      6 2.1E+03

 Major Minors     Step   nCon Feasible  Optimal  MeritFunction     nS Penalty
    30      1  1.0E+00    131 (3.6E-04) 8.2E-02  2.7834475E+00      6 9.3E+01

 Major Minors     Step   nCon Feasible  Optimal  MeritFunction     nS Penalty
    30      1             137 (3.6E-04) 5.7E-02  2.7834455E+00      6           R
    31      1  1.0E+00    138 (2.4E-05) 7.2E-02  2.7805246E+00      6 4.2E+04 s
    31      1             143 (2.4E-05) 7.4E-02  2.7800226E+00      6         s R
    32      1  5.6E-02    154 (6.4E-05) 1.0E-01  2.7802852E+00      6 1.7E+02   R
    32      2             160 (6.4E-05) 2.0E-01  2.7802852E+00      7           r
    33      2  9.7E-01    170  1.3E-03  4.1E-02  2.7771293E+00      6         s
    34      4  1.0E+00    171 (2.2E-04) 5.4E-01  2.7744504E+00      7 1.1E+03
    35      2  1.0E+00    172  2.0E-02  6.0E-01  2.7697549E+00      6 4.7E+01
    36      4  4.6E-01    174  2.7E-02  9.3E-01  2.7382240E+00      5 1.4E+01
    37      2  4.8E-01    177 (6.7E-04) 1.2E+00  2.6996801E+00      4 1.4E+01  M
    38      1  3.5E-01    179  9.1E-03  1.2E+00  2.6853300E+00      4 1.4E+01
    39     11  2.4E-03    190 (0.0E+00) 3.2E-01  2.5979259E+00      7 1.4E+01  m

 Major Minors     Step   nCon Feasible  Optimal  MeritFunction     nS Penalty
    40     33  1.2E-03    201 (0.0E+00) 3.9E-01  2.5827492E+00      4 1.4E+01  m

 Major Minors     Step   nCon Feasible  Optimal  MeritFunction     nS Penalty
    40     19             207 (0.0E+00) 3.3E-01  2.5823810E+00      9          mR

 Major Minors     Step   nCon Feasible  Optimal  MeritFunction     nS Penalty
    40      3             210 (0.0E+00) 1.7E-01  2.5823810E+00      7          mr
    41     20  1.0E+00    212  7.2E-01  1.2E-01 -1.7640312E+01      5         sm
    42     24  1.0E+00    214  1.5E-01  3.5E-01  9.2588026E-01      3 2.4E-02  m
    43     33  6.7E-14    217  1.4E-01  1.0E+00  9.0324237E-01      8 2.4E-02   R i
