



   ---------------------------------------------------------------------------
     START OF THE SEQUENTIAL LEAST SQUARES PROGRAMMING ALGORIT  
   ---------------------------------------------------------------------------

     PARAMETERS:
        ACC =   0.1000D-02
        MAXITER =500
        IPRINT =   1
IOUT =   6


     ITER =    1     OBJ =  0.82723601E+00
     ITER =    2     OBJ =  0.83179889E+00
     ITER =    3     OBJ =  0.11619081E+01
     ITER =    4     OBJ =  0.12030481E+01
     ITER =    5     OBJ =  0.13085283E+01
     ITER =    6     OBJ =  0.13970220E+01
     ITER =    7     OBJ =  0.16375147E+01
     ITER =    8     OBJ =  0.16155792E+01
     ITER =    9     OBJ =  0.16171023E+01
     ITER =   10     OBJ =  0.16743867E+01
     ITER =   11     OBJ =  0.16588226E+01
     ITER =   12     OBJ =  0.16367381E+01
     ITER =   13     OBJ =  0.16444320E+01
     ITER =   14     OBJ =  0.16441881E+01
     ITER =   15     OBJ =  0.16424547E+01
     ITER =   16     OBJ =  0.16441272E+01
     ITER =   17     OBJ =  0.16518613E+01
     ITER =   18     OBJ =  0.16484448E+01
     ITER =   19     OBJ =  0.16503097E+01
     ITER =   20     OBJ =  0.16503492E+01
     ITER =   21     OBJ =  0.16492856E+01
     ITER =   22     OBJ =  0.16493320E+01
     ITER =   23     OBJ =  0.16486165E+01
     ITER =   24     OBJ =  0.16488004E+01
     ITER =   25     OBJ =  0.16488004E+01
     ITER =   26     OBJ =  0.16488004E+01
     ITER =   27     OBJ =  0.16488004E+01
     ITER =   28     OBJ =  0.16488004E+01
        NUMBER OF FUNC-CALLS:  NFUNC = 138
        NUMBER OF GRAD-CALLS:  NGRAD =  29
