



   ---------------------------------------------------------------------------
     START OF THE SEQUENTIAL LEAST SQUARES PROGRAMMING ALGORIT  
   ---------------------------------------------------------------------------

     PARAMETERS:
        ACC =   0.1000D-01
        MAXITER =500
        IPRINT =   1
IOUT =   6


     ITER =    1     OBJ =  0.70492863E+00
     ITER =    2     OBJ =  0.80836872E+00
     ITER =    3     OBJ =  0.79588087E+00
     ITER =    4     OBJ =  0.89918559E+00
     ITER =    5     OBJ =  0.90648701E+00
     ITER =    6     OBJ =  0.10527950E+01
     ITER =    7     OBJ =  0.11544005E+01
     ITER =    8     OBJ =  0.13492097E+01
     ITER =    9     OBJ =  0.13462945E+01
     ITER =   10     OBJ =  0.13180330E+01
     ITER =   11     OBJ =  0.13131435E+01
     ITER =   12     OBJ =  0.13042104E+01
     ITER =   13     OBJ =  0.13051533E+01
     ITER =   14     OBJ =  0.13051533E+01
     ITER =   15     OBJ =  0.13051534E+01
     ITER =   16     OBJ =  0.13051535E+01
     ITER =   17     OBJ =  0.13051535E+01
     ITER =   18     OBJ =  0.13051538E+01
     ITER =   19     OBJ =  0.13051538E+01
     ITER =   20     OBJ =  0.13051541E+01
     ITER =   21     OBJ =  0.13051541E+01
     ITER =   22     OBJ =  0.13063512E+01
     ITER =   23     OBJ =  0.13067518E+01
     ITER =   24     OBJ =  0.13067518E+01
     ITER =   25     OBJ =  0.13077704E+01
     ITER =   26     OBJ =  0.13080649E+01
     ITER =   27     OBJ =  0.13080649E+01
     ITER =   28     OBJ =  0.13080649E+01
     ITER =   29     OBJ =  0.13089703E+01
     ITER =   30     OBJ =  0.13091785E+01
     ITER =   31     OBJ =  0.13092323E+01
     ITER =   32     OBJ =  0.13092231E+01
     ITER =   33     OBJ =  0.13124761E+01
        NUMBER OF FUNC-CALLS:  NFUNC = 183
        NUMBER OF GRAD-CALLS:  NGRAD =  34
