



   ---------------------------------------------------------------------------
     START OF THE SEQUENTIAL LEAST SQUARES PROGRAMMING ALGORIT  
   ---------------------------------------------------------------------------

     PARAMETERS:
        ACC =   0.1000D-05
        MAXITER =500
        IPRINT =   1
IOUT =   6


     ITER =    1     OBJ =  0.64512994E+00
     ITER =    2     OBJ =  0.64795117E+00
     ITER =    3     OBJ =  0.66986171E+00
     ITER =    4     OBJ =  0.65707867E+00
     ITER =    5     OBJ =  0.63785146E+00
     ITER =    6     OBJ =  0.63353373E+00
     ITER =    7     OBJ =  0.62707943E+00
     ITER =    8     OBJ =  0.62485744E+00
     ITER =    9     OBJ =  0.62464978E+00
     ITER =   10     OBJ =  0.62494198E+00
     ITER =   11     OBJ =  0.62493869E+00
     ITER =   12     OBJ =  0.62485886E+00
     ITER =   13     OBJ =  0.62436166E+00
     ITER =   14     OBJ =  0.62386791E+00
     ITER =   15     OBJ =  0.62331983E+00
     ITER =   16     OBJ =  0.62261643E+00
     ITER =   17     OBJ =  0.62169460E+00
     ITER =   18     OBJ =  0.62050864E+00
     ITER =   19     OBJ =  0.61898488E+00
     ITER =   20     OBJ =  0.61870166E+00
     ITER =   21     OBJ =  0.61853420E+00
     ITER =   22     OBJ =  0.61843086E+00
     ITER =   23     OBJ =  0.61834637E+00
     ITER =   24     OBJ =  0.61832288E+00
     ITER =   25     OBJ =  0.61831687E+00
     ITER =   26     OBJ =  0.61832970E+00
     ITER =   27     OBJ =  0.61835232E+00
     ITER =   28     OBJ =  0.61837445E+00
     ITER =   29     OBJ =  0.61839098E+00
     ITER =   30     OBJ =  0.61846437E+00
     ITER =   31     OBJ =  0.61845139E+00
     ITER =   32     OBJ =  0.61839959E+00
     ITER =   33     OBJ =  0.61838816E+00
     ITER =   34     OBJ =  0.61829630E+00
     ITER =   35     OBJ =  0.61789419E+00
     ITER =   36     OBJ =  0.61682184E+00
     ITER =   37     OBJ =  0.61527549E+00
     ITER =   38     OBJ =  0.61391989E+00
     ITER =   39     OBJ =  0.61317949E+00
     ITER =   40     OBJ =  0.61330481E+00
     ITER =   41     OBJ =  0.61333494E+00
     ITER =   42     OBJ =  0.61353399E+00
     ITER =   43     OBJ =  0.61366530E+00
     ITER =   44     OBJ =  0.61354664E+00
     ITER =   45     OBJ =  0.61348121E+00
     ITER =   46     OBJ =  0.61358672E+00
     ITER =   47     OBJ =  0.61310065E+00
     ITER =   48     OBJ =  0.61353316E+00
     ITER =   49     OBJ =  0.61357814E+00
     ITER =   50     OBJ =  0.61344683E+00
     ITER =   51     OBJ =  0.61329526E+00
     ITER =   52     OBJ =  0.61365254E+00
     ITER =   53     OBJ =  0.61367382E+00
     ITER =   54     OBJ =  0.61287925E+00
     ITER =   55     OBJ =  0.61344834E+00
     ITER =   56     OBJ =  0.61344677E+00
     ITER =   57     OBJ =  0.61345153E+00
     ITER =   58     OBJ =  0.61345000E+00
     ITER =   59     OBJ =  0.61345298E+00
     ITER =   60     OBJ =  0.61345298E+00
     ITER =   61     OBJ =  0.61345298E+00
     ITER =   62     OBJ =  0.61345298E+00
     ITER =   63     OBJ =  0.61345298E+00
     ITER =   64     OBJ =  0.61344578E+00
     ITER =   65     OBJ =  0.61349094E+00
     ITER =   66     OBJ =  0.61350454E+00
     ITER =   67     OBJ =  0.61352625E+00
     ITER =   68     OBJ =  0.61347356E+00
     ITER =   69     OBJ =  0.61350683E+00
     ITER =   70     OBJ =  0.61349033E+00
     ITER =   71     OBJ =  0.61354156E+00
     ITER =   72     OBJ =  0.61339766E+00
     ITER =   73     OBJ =  0.61351154E+00
     ITER =   74     OBJ =  0.61350229E+00
     ITER =   75     OBJ =  0.61353310E+00
     ITER =   76     OBJ =  0.61351535E+00
     ITER =   77     OBJ =  0.61347485E+00
     ITER =   78     OBJ =  0.61345598E+00
     ITER =   79     OBJ =  0.61345900E+00
        NUMBER OF FUNC-CALLS:  NFUNC = 312
        NUMBER OF GRAD-CALLS:  NGRAD =  80
