



   ---------------------------------------------------------------------------
     START OF THE SEQUENTIAL LEAST SQUARES PROGRAMMING ALGORIT  
   ---------------------------------------------------------------------------

     PARAMETERS:
        ACC =   0.1000D-02
        MAXITER =500
        IPRINT =   1
IOUT =   6


     ITER =    1     OBJ =  0.37414582E+00
     ITER =    2     OBJ =  0.37455439E+00
     ITER =    3     OBJ =  0.40617909E+00
     ITER =    4     OBJ =  0.46081648E+00
     ITER =    5     OBJ =  0.48023521E+00
     ITER =    6     OBJ =  0.45712950E+00
     ITER =    7     OBJ =  0.45344590E+00
     ITER =    8     OBJ =  0.43722767E+00
     ITER =    9     OBJ =  0.44340235E+00
     ITER =   10     OBJ =  0.44346183E+00
     ITER =   11     OBJ =  0.44032955E+00
     ITER =   12     OBJ =  0.44053248E+00
     ITER =   13     OBJ =  0.44280883E+00
     ITER =   14     OBJ =  0.44282581E+00
     ITER =   15     OBJ =  0.44282581E+00
     ITER =   16     OBJ =  0.44282583E+00
     ITER =   17     OBJ =  0.44282581E+00
     ITER =   18     OBJ =  0.44271740E+00
     ITER =   19     OBJ =  0.44269884E+00
     ITER =   20     OBJ =  0.44269884E+00
     ITER =   21     OBJ =  0.44269884E+00
        NUMBER OF FUNC-CALLS:  NFUNC = 110
        NUMBER OF GRAD-CALLS:  NGRAD =  22
