



   ---------------------------------------------------------------------------
     START OF THE SEQUENTIAL LEAST SQUARES PROGRAMMING ALGORIT  
   ---------------------------------------------------------------------------

     PARAMETERS:
        ACC =   0.1000D-02
        MAXITER =500
        IPRINT =   1
IOUT =   6


     ITER =    1     OBJ =  0.17845154E+01
     ITER =    2     OBJ =  0.17335666E+01
     ITER =    3     OBJ =  0.17948571E+01
     ITER =    4     OBJ =  0.18842631E+01
     ITER =    5     OBJ =  0.20225065E+01
     ITER =    6     OBJ =  0.20345125E+01
     ITER =    7     OBJ =  0.20871937E+01
     ITER =    8     OBJ =  0.23055131E+01
     ITER =    9     OBJ =  0.33990808E+01
     ITER =   10     OBJ =  0.30031234E+01
     ITER =   11     OBJ =  0.29763389E+01
     ITER =   12     OBJ =  0.29548057E+01
     ITER =   13     OBJ =  0.29695050E+01
     ITER =   14     OBJ =  0.29644233E+01
     ITER =   15     OBJ =  0.29389316E+01
     ITER =   16     OBJ =  0.29345801E+01
     ITER =   17     OBJ =  0.29421600E+01
     ITER =   18     OBJ =  0.31500873E+01
     ITER =   19     OBJ =  0.32418699E+01
     ITER =   20     OBJ =  0.32572704E+01
     ITER =   21     OBJ =  0.32585179E+01
     ITER =   22     OBJ =  0.32104430E+01
     ITER =   23     OBJ =  0.30511921E+01
     ITER =   24     OBJ =  0.31284863E+01
     ITER =   25     OBJ =  0.31439363E+01
     ITER =   26     OBJ =  0.31440137E+01
     ITER =   27     OBJ =  0.31440138E+01
     ITER =   28     OBJ =  0.32191314E+01
     ITER =   29     OBJ =  0.32201042E+01
     ITER =   30     OBJ =  0.32195287E+01
     ITER =   31     OBJ =  0.32074196E+01
     ITER =   32     OBJ =  0.31951222E+01
     ITER =   33     OBJ =  0.31977246E+01
     ITER =   34     OBJ =  0.32035769E+01
     ITER =   35     OBJ =  0.31784165E+01
     ITER =   36     OBJ =  0.31575049E+01
     ITER =   37     OBJ =  0.31476879E+01
     ITER =   38     OBJ =  0.31479490E+01
     ITER =   39     OBJ =  0.31923369E+01
     ITER =   40     OBJ =  0.31917679E+01
     ITER =   41     OBJ =  0.31917707E+01
     ITER =   42     OBJ =  0.31935238E+01
     ITER =   43     OBJ =  0.31944544E+01
     ITER =   44     OBJ =  0.31937307E+01
     ITER =   45     OBJ =  0.31983370E+01
     ITER =   46     OBJ =  0.31787730E+01
     ITER =   47     OBJ =  0.31786426E+01
     ITER =   48     OBJ =  0.31789299E+01
     ITER =   49     OBJ =  0.31789087E+01
     ITER =   50     OBJ =  0.31791946E+01
     ITER =   51     OBJ =  0.31791752E+01
     ITER =   52     OBJ =  0.31794562E+01
     ITER =   53     OBJ =  0.31797431E+01
     ITER =   54     OBJ =  0.31797247E+01
     ITER =   55     OBJ =  0.31797276E+01
     ITER =   56     OBJ =  0.32063180E+01
     ITER =   57     OBJ =  0.32050909E+01
     ITER =   58     OBJ =  0.32075473E+01
     ITER =   59     OBJ =  0.32040005E+01
     ITER =   60     OBJ =  0.32040007E+01
     ITER =   61     OBJ =  0.32040197E+01
     ITER =   62     OBJ =  0.32040875E+01
     ITER =   63     OBJ =  0.32060336E+01
     ITER =   64     OBJ =  0.32058885E+01
     ITER =   65     OBJ =  0.32079870E+01
     ITER =   66     OBJ =  0.32076530E+01
     ITER =   67     OBJ =  0.32100010E+01
     ITER =   68     OBJ =  0.32093165E+01
     ITER =   69     OBJ =  0.32125045E+01
     ITER =   70     OBJ =  0.32107691E+01
     ITER =   71     OBJ =  0.32110620E+01
     ITER =   72     OBJ =  0.32146796E+01
     ITER =   73     OBJ =  0.32136409E+01
     ITER =   74     OBJ =  0.32136412E+01
     ITER =   75     OBJ =  0.32136412E+01
     ITER =   76     OBJ =  0.32136416E+01
     ITER =   77     OBJ =  0.32136416E+01
     ITER =   78     OBJ =  0.32689632E+01
     ITER =   79     OBJ =  0.32637816E+01
     ITER =   80     OBJ =  0.32619119E+01
     ITER =   81     OBJ =  0.32602470E+01
     ITER =   82     OBJ =  0.32600009E+01
     ITER =   83     OBJ =  0.32588545E+01
     ITER =   84     OBJ =  0.32632003E+01
     ITER =   85     OBJ =  0.32639080E+01
     ITER =   86     OBJ =  0.32639663E+01
     ITER =   87     OBJ =  0.32639687E+01
     ITER =   88     OBJ =  0.32639687E+01
     ITER =   89     OBJ =  0.32639707E+01
     ITER =   90     OBJ =  0.32639707E+01
     ITER =   91     OBJ =  0.30046314E+01
     ITER =   92     OBJ =  0.29941347E+01
     ITER =   93     OBJ =  0.30220043E+01
     ITER =   94     OBJ =  0.30224781E+01
     ITER =   95     OBJ =  0.30224817E+01
     ITER =   96     OBJ =  0.30373025E+01
     ITER =   97     OBJ =  0.30521259E+01
     ITER =   98     OBJ =  0.30548225E+01
     ITER =   99     OBJ =  0.30557994E+01
     ITER =  100     OBJ =  0.30562034E+01
     ITER =  101     OBJ =  0.30563741E+01
     ITER =  102     OBJ =  0.30564474E+01
     ITER =  103     OBJ =  0.30564794E+01
     ITER =  104     OBJ =  0.30564935E+01
     ITER =  105     OBJ =  0.30565060E+01
     ITER =  106     OBJ =  0.30565185E+01
     ITER =  107     OBJ =  0.30565312E+01
     ITER =  108     OBJ =  0.30565439E+01
     ITER =  109     OBJ =  0.30565512E+01
     ITER =  110     OBJ =  0.30565618E+01
     ITER =  111     OBJ =  0.30565743E+01
     ITER =  112     OBJ =  0.30565871E+01
     ITER =  113     OBJ =  0.30566001E+01
     ITER =  114     OBJ =  0.30566131E+01
     ITER =  115     OBJ =  0.30566261E+01
     ITER =  116     OBJ =  0.30566391E+01
     ITER =  117     OBJ =  0.30566522E+01
     ITER =  118     OBJ =  0.30566653E+01
     ITER =  119     OBJ =  0.30566784E+01
     ITER =  120     OBJ =  0.30566916E+01
     ITER =  121     OBJ =  0.30567047E+01
     ITER =  122     OBJ =  0.30567179E+01
     ITER =  123     OBJ =  0.30567311E+01
     ITER =  124     OBJ =  0.30567444E+01
     ITER =  125     OBJ =  0.30567576E+01
     ITER =  126     OBJ =  0.30567709E+01
     ITER =  127     OBJ =  0.30567842E+01
     ITER =  128     OBJ =  0.30567975E+01
     ITER =  129     OBJ =  0.30568108E+01
     ITER =  130     OBJ =  0.30568241E+01
     ITER =  131     OBJ =  0.30568373E+01
     ITER =  132     OBJ =  0.30568507E+01
     ITER =  133     OBJ =  0.30568640E+01
     ITER =  134     OBJ =  0.30568774E+01
     ITER =  135     OBJ =  0.30568909E+01
     ITER =  136     OBJ =  0.30569043E+01
     ITER =  137     OBJ =  0.30569178E+01
     ITER =  138     OBJ =  0.30569313E+01
     ITER =  139     OBJ =  0.30569448E+01
     ITER =  140     OBJ =  0.30569583E+01
     ITER =  141     OBJ =  0.30569718E+01
     ITER =  142     OBJ =  0.30569853E+01
     ITER =  143     OBJ =  0.30569989E+01
     ITER =  144     OBJ =  0.30570124E+01
     ITER =  145     OBJ =  0.30570260E+01
     ITER =  146     OBJ =  0.30570396E+01
     ITER =  147     OBJ =  0.30570532E+01
     ITER =  148     OBJ =  0.30570668E+01
     ITER =  149     OBJ =  0.30570804E+01
     ITER =  150     OBJ =  0.30570941E+01
     ITER =  151     OBJ =  0.30571077E+01
     ITER =  152     OBJ =  0.30571214E+01
     ITER =  153     OBJ =  0.30571351E+01
     ITER =  154     OBJ =  0.30571488E+01
     ITER =  155     OBJ =  0.30571625E+01
     ITER =  156     OBJ =  0.30571762E+01
     ITER =  157     OBJ =  0.30571899E+01
     ITER =  158     OBJ =  0.30572037E+01
     ITER =  159     OBJ =  0.30572175E+01
     ITER =  160     OBJ =  0.30572313E+01
     ITER =  161     OBJ =  0.30572472E+01
     ITER =  162     OBJ =  0.30572624E+01
     ITER =  163     OBJ =  0.30572770E+01
     ITER =  164     OBJ =  0.30572911E+01
     ITER =  165     OBJ =  0.30573052E+01
     ITER =  166     OBJ =  0.30573191E+01
     ITER =  167     OBJ =  0.30573330E+01
     ITER =  168     OBJ =  0.30573470E+01
     ITER =  169     OBJ =  0.30573609E+01
     ITER =  170     OBJ =  0.30573748E+01
     ITER =  171     OBJ =  0.30573888E+01
     ITER =  172     OBJ =  0.30574027E+01
     ITER =  173     OBJ =  0.30574167E+01
     ITER =  174     OBJ =  0.30574307E+01
     ITER =  175     OBJ =  0.30574448E+01
     ITER =  176     OBJ =  0.30574591E+01
     ITER =  177     OBJ =  0.30574735E+01
     ITER =  178     OBJ =  0.30574880E+01
     ITER =  179     OBJ =  0.30575027E+01
     ITER =  180     OBJ =  0.30575175E+01
     ITER =  181     OBJ =  0.30575324E+01
     ITER =  182     OBJ =  0.30575474E+01
     ITER =  183     OBJ =  0.30575626E+01
     ITER =  184     OBJ =  0.30575780E+01
     ITER =  185     OBJ =  0.30575934E+01
     ITER =  186     OBJ =  0.30576090E+01
     ITER =  187     OBJ =  0.30576247E+01
     ITER =  188     OBJ =  0.30576406E+01
     ITER =  189     OBJ =  0.30576566E+01
     ITER =  190     OBJ =  0.30576727E+01
     ITER =  191     OBJ =  0.30576890E+01
     ITER =  192     OBJ =  0.30577054E+01
     ITER =  193     OBJ =  0.30577219E+01
     ITER =  194     OBJ =  0.30577386E+01
     ITER =  195     OBJ =  0.30577554E+01
     ITER =  196     OBJ =  0.30577724E+01
     ITER =  197     OBJ =  0.30577895E+01
     ITER =  198     OBJ =  0.30578067E+01
     ITER =  199     OBJ =  0.30578241E+01
     ITER =  200     OBJ =  0.30578416E+01
     ITER =  201     OBJ =  0.30578592E+01
     ITER =  202     OBJ =  0.30578770E+01
     ITER =  203     OBJ =  0.30578949E+01
     ITER =  204     OBJ =  0.30579132E+01
     ITER =  205     OBJ =  0.30579330E+01
     ITER =  206     OBJ =  0.30579529E+01
     ITER =  207     OBJ =  0.30579727E+01
     ITER =  208     OBJ =  0.30579923E+01
     ITER =  209     OBJ =  0.30580119E+01
     ITER =  210     OBJ =  0.30580313E+01
     ITER =  211     OBJ =  0.30580507E+01
     ITER =  212     OBJ =  0.30580699E+01
     ITER =  213     OBJ =  0.30580890E+01
     ITER =  214     OBJ =  0.30581081E+01
     ITER =  215     OBJ =  0.30581270E+01
     ITER =  216     OBJ =  0.30581458E+01
     ITER =  217     OBJ =  0.30581645E+01
     ITER =  218     OBJ =  0.30581831E+01
     ITER =  219     OBJ =  0.30582017E+01
     ITER =  220     OBJ =  0.30582201E+01
     ITER =  221     OBJ =  0.30582385E+01
     ITER =  222     OBJ =  0.30582567E+01
     ITER =  223     OBJ =  0.30582749E+01
     ITER =  224     OBJ =  0.30582929E+01
     ITER =  225     OBJ =  0.30583109E+01
     ITER =  226     OBJ =  0.30583288E+01
     ITER =  227     OBJ =  0.30583466E+01
     ITER =  228     OBJ =  0.30583643E+01
     ITER =  229     OBJ =  0.30583820E+01
     ITER =  230     OBJ =  0.30583995E+01
     ITER =  231     OBJ =  0.30584170E+01
     ITER =  232     OBJ =  0.30584343E+01
     ITER =  233     OBJ =  0.30584516E+01
     ITER =  234     OBJ =  0.30584688E+01
     ITER =  235     OBJ =  0.30584860E+01
     ITER =  236     OBJ =  0.30585030E+01
     ITER =  237     OBJ =  0.30585200E+01
     ITER =  238     OBJ =  0.30585369E+01
     ITER =  239     OBJ =  0.30585538E+01
     ITER =  240     OBJ =  0.30585705E+01
     ITER =  241     OBJ =  0.30585872E+01
     ITER =  242     OBJ =  0.30586038E+01
     ITER =  243     OBJ =  0.30586203E+01
     ITER =  244     OBJ =  0.30586368E+01
     ITER =  245     OBJ =  0.30586531E+01
     ITER =  246     OBJ =  0.30586695E+01
     ITER =  247     OBJ =  0.30586857E+01
     ITER =  248     OBJ =  0.30587019E+01
     ITER =  249     OBJ =  0.30587179E+01
     ITER =  250     OBJ =  0.30587339E+01
     ITER =  251     OBJ =  0.30587499E+01
     ITER =  252     OBJ =  0.30587658E+01
     ITER =  253     OBJ =  0.30587817E+01
     ITER =  254     OBJ =  0.30587975E+01
     ITER =  255     OBJ =  0.30588132E+01
     ITER =  256     OBJ =  0.30588288E+01
     ITER =  257     OBJ =  0.30588444E+01
     ITER =  258     OBJ =  0.30588600E+01
     ITER =  259     OBJ =  0.30588756E+01
     ITER =  260     OBJ =  0.30588912E+01
     ITER =  261     OBJ =  0.30589066E+01
     ITER =  262     OBJ =  0.30589219E+01
     ITER =  263     OBJ =  0.30589371E+01
     ITER =  264     OBJ =  0.30589523E+01
     ITER =  265     OBJ =  0.30589674E+01
     ITER =  266     OBJ =  0.30589825E+01
     ITER =  267     OBJ =  0.30589975E+01
     ITER =  268     OBJ =  0.30590125E+01
     ITER =  269     OBJ =  0.30590274E+01
     ITER =  270     OBJ =  0.30590422E+01
     ITER =  271     OBJ =  0.30590570E+01
     ITER =  272     OBJ =  0.30590717E+01
     ITER =  273     OBJ =  0.30590863E+01
     ITER =  274     OBJ =  0.30591009E+01
     ITER =  275     OBJ =  0.30591156E+01
     ITER =  276     OBJ =  0.30591302E+01
     ITER =  277     OBJ =  0.30591446E+01
     ITER =  278     OBJ =  0.30591591E+01
     ITER =  279     OBJ =  0.30591734E+01
     ITER =  280     OBJ =  0.30591877E+01
     ITER =  281     OBJ =  0.30592020E+01
     ITER =  282     OBJ =  0.30592163E+01
     ITER =  283     OBJ =  0.30592305E+01
     ITER =  284     OBJ =  0.30592447E+01
     ITER =  285     OBJ =  0.30592587E+01
     ITER =  286     OBJ =  0.30592728E+01
     ITER =  287     OBJ =  0.30592867E+01
     ITER =  288     OBJ =  0.30593007E+01
     ITER =  289     OBJ =  0.30593146E+01
     ITER =  290     OBJ =  0.30593284E+01
     ITER =  291     OBJ =  0.30593422E+01
     ITER =  292     OBJ =  0.30593559E+01
     ITER =  293     OBJ =  0.30593696E+01
     ITER =  294     OBJ =  0.30593832E+01
     ITER =  295     OBJ =  0.30593968E+01
     ITER =  296     OBJ =  0.30594104E+01
     ITER =  297     OBJ =  0.30594239E+01
     ITER =  298     OBJ =  0.30594373E+01
     ITER =  299     OBJ =  0.30594508E+01
     ITER =  300     OBJ =  0.30594642E+01
     ITER =  301     OBJ =  0.30594778E+01
     ITER =  302     OBJ =  0.30594912E+01
     ITER =  303     OBJ =  0.30595045E+01
     ITER =  304     OBJ =  0.30595177E+01
     ITER =  305     OBJ =  0.30595309E+01
     ITER =  306     OBJ =  0.30595440E+01
     ITER =  307     OBJ =  0.30595571E+01
     ITER =  308     OBJ =  0.30595701E+01
     ITER =  309     OBJ =  0.30595831E+01
     ITER =  310     OBJ =  0.30595961E+01
     ITER =  311     OBJ =  0.30596090E+01
     ITER =  312     OBJ =  0.30596219E+01
     ITER =  313     OBJ =  0.30596347E+01
     ITER =  314     OBJ =  0.30596476E+01
     ITER =  315     OBJ =  0.30596604E+01
     ITER =  316     OBJ =  0.30596731E+01
     ITER =  317     OBJ =  0.30596859E+01
     ITER =  318     OBJ =  0.30596986E+01
     ITER =  319     OBJ =  0.30597112E+01
     ITER =  320     OBJ =  0.30597238E+01
     ITER =  321     OBJ =  0.30597363E+01
     ITER =  322     OBJ =  0.30597488E+01
     ITER =  323     OBJ =  0.30597613E+01
     ITER =  324     OBJ =  0.30597738E+01
     ITER =  325     OBJ =  0.30597862E+01
     ITER =  326     OBJ =  0.30597985E+01
     ITER =  327     OBJ =  0.30598109E+01
     ITER =  328     OBJ =  0.30598232E+01
     ITER =  329     OBJ =  0.30598354E+01
     ITER =  330     OBJ =  0.30598476E+01
     ITER =  331     OBJ =  0.30598598E+01
     ITER =  332     OBJ =  0.30598720E+01
     ITER =  333     OBJ =  0.30598841E+01
     ITER =  334     OBJ =  0.30598962E+01
     ITER =  335     OBJ =  0.30599082E+01
     ITER =  336     OBJ =  0.30599203E+01
     ITER =  337     OBJ =  0.30599323E+01
     ITER =  338     OBJ =  0.30599442E+01
     ITER =  339     OBJ =  0.30599562E+01
     ITER =  340     OBJ =  0.30599681E+01
     ITER =  341     OBJ =  0.30599799E+01
     ITER =  342     OBJ =  0.30599918E+01
     ITER =  343     OBJ =  0.30600036E+01
     ITER =  344     OBJ =  0.30600154E+01
     ITER =  345     OBJ =  0.30600272E+01
     ITER =  346     OBJ =  0.30600390E+01
     ITER =  347     OBJ =  0.30600507E+01
     ITER =  348     OBJ =  0.30600623E+01
     ITER =  349     OBJ =  0.30600741E+01
     ITER =  350     OBJ =  0.30600858E+01
     ITER =  351     OBJ =  0.30600973E+01
     ITER =  352     OBJ =  0.30601088E+01
     ITER =  353     OBJ =  0.30601204E+01
     ITER =  354     OBJ =  0.30601319E+01
     ITER =  355     OBJ =  0.30601434E+01
     ITER =  356     OBJ =  0.30601548E+01
     ITER =  357     OBJ =  0.30601664E+01
     ITER =  358     OBJ =  0.30601777E+01
     ITER =  359     OBJ =  0.30601890E+01
     ITER =  360     OBJ =  0.30602002E+01
     ITER =  361     OBJ =  0.30602119E+01
     ITER =  362     OBJ =  0.30602235E+01
     ITER =  363     OBJ =  0.30602349E+01
     ITER =  364     OBJ =  0.30602461E+01
     ITER =  365     OBJ =  0.30602574E+01
     ITER =  366     OBJ =  0.30602685E+01
     ITER =  367     OBJ =  0.30602798E+01
     ITER =  368     OBJ =  0.30602909E+01
     ITER =  369     OBJ =  0.30603021E+01
     ITER =  370     OBJ =  0.30603133E+01
     ITER =  371     OBJ =  0.30603243E+01
     ITER =  372     OBJ =  0.30603352E+01
     ITER =  373     OBJ =  0.30603461E+01
     ITER =  374     OBJ =  0.30603571E+01
     ITER =  375     OBJ =  0.30603681E+01
     ITER =  376     OBJ =  0.30603790E+01
     ITER =  377     OBJ =  0.30603898E+01
     ITER =  378     OBJ =  0.30604006E+01
     ITER =  379     OBJ =  0.30604114E+01
     ITER =  380     OBJ =  0.30604222E+01
     ITER =  381     OBJ =  0.30604329E+01
     ITER =  382     OBJ =  0.30604436E+01
     ITER =  383     OBJ =  0.30604543E+01
     ITER =  384     OBJ =  0.30604649E+01
     ITER =  385     OBJ =  0.30604755E+01
     ITER =  386     OBJ =  0.30604862E+01
     ITER =  387     OBJ =  0.30604967E+01
     ITER =  388     OBJ =  0.30605073E+01
     ITER =  389     OBJ =  0.30605179E+01
     ITER =  390     OBJ =  0.30605284E+01
     ITER =  391     OBJ =  0.30605389E+01
     ITER =  392     OBJ =  0.30605493E+01
     ITER =  393     OBJ =  0.30605598E+01
     ITER =  394     OBJ =  0.30605706E+01
     ITER =  395     OBJ =  0.30605813E+01
     ITER =  396     OBJ =  0.30605919E+01
     ITER =  397     OBJ =  0.30606023E+01
     ITER =  398     OBJ =  0.30606126E+01
     ITER =  399     OBJ =  0.30606229E+01
     ITER =  400     OBJ =  0.30606333E+01
     ITER =  401     OBJ =  0.30606435E+01
     ITER =  402     OBJ =  0.30606538E+01
     ITER =  403     OBJ =  0.30606641E+01
     ITER =  404     OBJ =  0.30606743E+01
     ITER =  405     OBJ =  0.30606845E+01
     ITER =  406     OBJ =  0.30606946E+01
     ITER =  407     OBJ =  0.30607047E+01
     ITER =  408     OBJ =  0.30607148E+01
     ITER =  409     OBJ =  0.30607247E+01
     ITER =  410     OBJ =  0.30607347E+01
     ITER =  411     OBJ =  0.30607447E+01
     ITER =  412     OBJ =  0.30607547E+01
     ITER =  413     OBJ =  0.30607647E+01
     ITER =  414     OBJ =  0.30607747E+01
     ITER =  415     OBJ =  0.30607847E+01
     ITER =  416     OBJ =  0.30607946E+01
     ITER =  417     OBJ =  0.30608045E+01
     ITER =  418     OBJ =  0.30608144E+01
     ITER =  419     OBJ =  0.30608244E+01
     ITER =  420     OBJ =  0.30608343E+01
     ITER =  421     OBJ =  0.30608442E+01
     ITER =  422     OBJ =  0.30608541E+01
     ITER =  423     OBJ =  0.30608640E+01
     ITER =  424     OBJ =  0.30608738E+01
     ITER =  425     OBJ =  0.30608836E+01
     ITER =  426     OBJ =  0.30608933E+01
     ITER =  427     OBJ =  0.30609031E+01
     ITER =  428     OBJ =  0.30609128E+01
     ITER =  429     OBJ =  0.30609225E+01
     ITER =  430     OBJ =  0.30609321E+01
     ITER =  431     OBJ =  0.30609417E+01
     ITER =  432     OBJ =  0.30609513E+01
     ITER =  433     OBJ =  0.30609609E+01
     ITER =  434     OBJ =  0.30609705E+01
     ITER =  435     OBJ =  0.30609800E+01
     ITER =  436     OBJ =  0.30609896E+01
     ITER =  437     OBJ =  0.30609991E+01
     ITER =  438     OBJ =  0.30610086E+01
     ITER =  439     OBJ =  0.30610181E+01
     ITER =  440     OBJ =  0.30610275E+01
     ITER =  441     OBJ =  0.30610370E+01
     ITER =  442     OBJ =  0.30610464E+01
     ITER =  443     OBJ =  0.30610558E+01
     ITER =  444     OBJ =  0.30610652E+01
     ITER =  445     OBJ =  0.30610746E+01
     ITER =  446     OBJ =  0.30610840E+01
     ITER =  447     OBJ =  0.30610933E+01
     ITER =  448     OBJ =  0.30611026E+01
     ITER =  449     OBJ =  0.30611119E+01
     ITER =  450     OBJ =  0.30611212E+01
     ITER =  451     OBJ =  0.30611305E+01
     ITER =  452     OBJ =  0.30611397E+01
     ITER =  453     OBJ =  0.30611489E+01
     ITER =  454     OBJ =  0.30611581E+01
     ITER =  455     OBJ =  0.30611673E+01
     ITER =  456     OBJ =  0.30611765E+01
     ITER =  457     OBJ =  0.30611856E+01
     ITER =  458     OBJ =  0.30611948E+01
     ITER =  459     OBJ =  0.30612039E+01
     ITER =  460     OBJ =  0.30612130E+01
     ITER =  461     OBJ =  0.30612221E+01
     ITER =  462     OBJ =  0.30612311E+01
     ITER =  463     OBJ =  0.30612402E+01
     ITER =  464     OBJ =  0.30612492E+01
     ITER =  465     OBJ =  0.30612582E+01
     ITER =  466     OBJ =  0.30612672E+01
     ITER =  467     OBJ =  0.30612762E+01
     ITER =  468     OBJ =  0.30612851E+01
     ITER =  469     OBJ =  0.30612941E+01
     ITER =  470     OBJ =  0.30613030E+01
     ITER =  471     OBJ =  0.30613119E+01
     ITER =  472     OBJ =  0.30613208E+01
     ITER =  473     OBJ =  0.30613297E+01
     ITER =  474     OBJ =  0.30613386E+01
     ITER =  475     OBJ =  0.30613474E+01
     ITER =  476     OBJ =  0.30613562E+01
     ITER =  477     OBJ =  0.30613650E+01
     ITER =  478     OBJ =  0.30613738E+01
     ITER =  479     OBJ =  0.30613826E+01
     ITER =  480     OBJ =  0.30613914E+01
     ITER =  481     OBJ =  0.30614001E+01
     ITER =  482     OBJ =  0.30614088E+01
     ITER =  483     OBJ =  0.30614176E+01
     ITER =  484     OBJ =  0.30614263E+01
     ITER =  485     OBJ =  0.30614349E+01
     ITER =  486     OBJ =  0.30614436E+01
     ITER =  487     OBJ =  0.30614523E+01
     ITER =  488     OBJ =  0.30614609E+01
     ITER =  489     OBJ =  0.30614696E+01
     ITER =  490     OBJ =  0.30614782E+01
     ITER =  491     OBJ =  0.30614868E+01
     ITER =  492     OBJ =  0.30614954E+01
     ITER =  493     OBJ =  0.30615040E+01
     ITER =  494     OBJ =  0.30615125E+01
     ITER =  495     OBJ =  0.30615210E+01
     ITER =  496     OBJ =  0.30615296E+01
     ITER =  497     OBJ =  0.30615380E+01
     ITER =  498     OBJ =  0.30615465E+01
     ITER =  499     OBJ =  0.30615550E+01
     ITER =  500     OBJ =  0.30615634E+01
        NUMBER OF FUNC-CALLS:  NFUNC =4897
        NUMBER OF GRAD-CALLS:  NGRAD = 501
