



   ---------------------------------------------------------------------------
     START OF THE SEQUENTIAL LEAST SQUARES PROGRAMMING ALGORIT  
   ---------------------------------------------------------------------------

     PARAMETERS:
        ACC =   0.1000D-05
        MAXITER =500
        IPRINT =   1
IOUT =   6


     ITER =    1     OBJ =  0.17172596E+01
     ITER =    2     OBJ =  0.14791865E+01
     ITER =    3     OBJ =  0.13897589E+01
     ITER =    4     OBJ =  0.13896548E+01
     ITER =    5     OBJ =  0.14144516E+01
     ITER =    6     OBJ =  0.14325174E+01
     ITER =    7     OBJ =  0.14342797E+01
     ITER =    8     OBJ =  0.14661402E+01
     ITER =    9     OBJ =  0.14752875E+01
     ITER =   10     OBJ =  0.14452894E+01
     ITER =   11     OBJ =  0.14329136E+01
     ITER =   12     OBJ =  0.14071551E+01
     ITER =   13     OBJ =  0.14386831E+01
     ITER =   14     OBJ =  0.14446847E+01
     ITER =   15     OBJ =  0.14430898E+01
     ITER =   16     OBJ =  0.14369632E+01
     ITER =   17     OBJ =  0.14360028E+01
     ITER =   18     OBJ =  0.14343966E+01
     ITER =   19     OBJ =  0.14340052E+01
     ITER =   20     OBJ =  0.14336526E+01
     ITER =   21     OBJ =  0.14334025E+01
     ITER =   22     OBJ =  0.14331529E+01
     ITER =   23     OBJ =  0.14329431E+01
     ITER =   24     OBJ =  0.14327784E+01
     ITER =   25     OBJ =  0.14326483E+01
     ITER =   26     OBJ =  0.14325403E+01
     ITER =   27     OBJ =  0.14324484E+01
     ITER =   28     OBJ =  0.14323696E+01
     ITER =   29     OBJ =  0.14323015E+01
     ITER =   30     OBJ =  0.14322415E+01
     ITER =   31     OBJ =  0.14321873E+01
     ITER =   32     OBJ =  0.14321373E+01
     ITER =   33     OBJ =  0.14320896E+01
     ITER =   34     OBJ =  0.14320428E+01
     ITER =   35     OBJ =  0.14319959E+01
     ITER =   36     OBJ =  0.14319464E+01
     ITER =   37     OBJ =  0.14318945E+01
     ITER =   38     OBJ =  0.14318371E+01
     ITER =   39     OBJ =  0.14317747E+01
     ITER =   40     OBJ =  0.14317032E+01
     ITER =   41     OBJ =  0.14316244E+01
     ITER =   42     OBJ =  0.14315309E+01
     ITER =   43     OBJ =  0.14314286E+01
     ITER =   44     OBJ =  0.14313014E+01
     ITER =   45     OBJ =  0.14311685E+01
     ITER =   46     OBJ =  0.14309846E+01
     ITER =   47     OBJ =  0.14308213E+01
     ITER =   48     OBJ =  0.14305146E+01
     ITER =   49     OBJ =  0.14303777E+01
     ITER =   50     OBJ =  0.14295843E+01
     ITER =   51     OBJ =  0.14303080E+01
     ITER =   52     OBJ =  0.14299949E+01
     ITER =   53     OBJ =  0.14288366E+01
     ITER =   54     OBJ =  0.14279305E+01
     ITER =   55     OBJ =  0.14272479E+01
     ITER =   56     OBJ =  0.14288701E+01
     ITER =   57     OBJ =  0.14220367E+01
     ITER =   58     OBJ =  0.14393211E+01
     ITER =   59     OBJ =  0.14472506E+01
     ITER =   60     OBJ =  0.14349399E+01
     ITER =   61     OBJ =  0.14263154E+01
     ITER =   62     OBJ =  0.14228680E+01
     ITER =   63     OBJ =  0.14202791E+01
     ITER =   64     OBJ =  0.14156544E+01
     ITER =   65     OBJ =  0.14129988E+01
     ITER =   66     OBJ =  0.14155487E+01
     ITER =   67     OBJ =  0.14155487E+01
     ITER =   68     OBJ =  0.14155487E+01
     ITER =   69     OBJ =  0.14155487E+01
     ITER =   70     OBJ =  0.14131389E+01
     ITER =   71     OBJ =  0.14153749E+01
     ITER =   72     OBJ =  0.14170448E+01
     ITER =   73     OBJ =  0.14157408E+01
     ITER =   74     OBJ =  0.14151656E+01
     ITER =   75     OBJ =  0.14155647E+01
     ITER =   76     OBJ =  0.14158675E+01
     ITER =   77     OBJ =  0.14158397E+01
     ITER =   78     OBJ =  0.14158459E+01
        NUMBER OF FUNC-CALLS:  NFUNC = 249
        NUMBER OF GRAD-CALLS:  NGRAD =  79
