
 ==============================
 S N O P T  7.6.0    (Jan 2017)
 ==============================
 
 SNMEMB EXIT 100 -- finished successfully
 SNMEMB INFO 104 -- memory requirements estimated

 ==============================
 S N O P T  7.6.0    (Jan 2017)
 ==============================
 
 

 Nonlinear constraints      11     Linear constraints       0
 Nonlinear variables        15     Linear variables         0
 Jacobian  variables        15     Objective variables     15
 Total constraints          11     Total variables         15
 

 
 The user has defined     165   out of     165   constraint gradients.
 The user has defined      15   out of      15   objective  gradients.
 

 Major Minors     Step   nCon Feasible  Optimal  MeritFunction     nS Penalty
     0     18               1  2.1E+01  2.0E-01  1.6669191E+00      8           r
     1     14  1.0E+00      2  3.5E+01  1.1E-01  1.3420808E+00      6 1.2E-03   r
     2      8  4.2E-01      4  2.5E+01  4.2E-01  1.3793701E+00      7 1.2E-03 s
     3     29  9.0E-02      6  2.4E+01  4.7E-01  1.3686292E+00      8 1.2E-03
     4     24  2.1E-01      8  2.4E+01  4.0E-01  1.3035355E+00      7 1.2E-03
     5     15  1.6E-01     15  1.9E+01  4.9E-01  2.0853280E+00      7 2.3E-03
     6     11  4.1E-01     17  1.2E+01  4.1E-01  1.9491067E+00      7 2.3E-03
     7      3  3.6E-01     19  6.9E+00  5.7E-01  2.0139318E+00      9 3.2E-03
     8      3  3.4E-01     21  4.6E+00  7.8E-01  1.9646684E+00      7 3.2E-03
     8      4              27  4.6E+00  1.0E-01  1.8756522E+00     10           R
     8      7              32  4.6E+00  5.7E-02  1.8756522E+00      7           r
     9     40  1.0E+00     34  2.7E+01  7.0E-01  1.0759187E+00      5         sm
     9     12              39  2.7E+01  8.0E+00  1.0759187E+00     11         smR

 Major Minors     Step   nCon Feasible  Optimal  MeritFunction     nS Penalty
    10     52  1.0E+00     41  2.2E+01  1.8E+00  1.7482412E+01     10 2.1E-02 sM
    11     44  5.3E-01     45  3.6E+01  2.2E+00 -1.7456417E+01     10 2.1E-02  m
    11      3              51  3.6E+01  8.5E-01 -1.9638120E+01     10          mR
    12      5  6.0E-01     53  2.2E+01  3.0E-01  4.2102919E+02      7 3.8E-01 s
    13      8  9.2E-01     56  5.2E+00  1.9E-01  2.0395062E+02      6 3.8E-01
    14      6  3.8E-05     60  5.2E+00  2.7E-01  2.0930534E+02      6 5.6E-01
    15      5  7.6E-02     62  4.7E+00  8.1E-01  2.7476440E+02      3 3.7E+00
    16      4  2.5E-02     64  4.2E+00  6.4E-01  1.8233859E+03      2 7.5E+01
    17      3  7.7E-03     66  3.9E+00  1.9E+00  3.4899454E+03      4 1.8E+02
    18      6  9.0E-02     68  3.6E+00  1.1E+00  1.1029969E+03      1 5.0E+01
    18     11              73  3.6E+00  1.0E+00  3.2257166E+02     10           R i
    18      2              78  3.6E+00  1.0E+05  3.2257166E+02      9           r
    19     13  1.0E+00     80  7.3E+00  9.0E+04  1.8297574E+00      9         sm
    19      2              86  7.3E+00  5.6E+03  1.8297574E+00     10         smR
    19      2              92  7.3E+00  3.5E+04  1.8297574E+00      9         smr
 
 SNOPTC EXIT  40 -- terminated after numerical difficulties
 SNOPTC INFO  41 -- current point cannot be improved

 Problem name                 S
 No. of iterations                 354   Objective            1.7414451883E+00
 No. of major iterations            19   Linear    obj. term  0.0000000000E+00
 Penalty parameter           2.616E-02   Nonlinear obj. term  1.7414451883E+00
 User function calls (total)        99
 No. of superbasics                  9   No. of basic nonlinears             6
 No. of degenerate steps             5   Percentage                       1.41
 Max x                       5 1.6E+00   Max pi                      1 2.1E+01
 Max Primal infeas           0 0.0E+00   Max Dual infeas            11 6.3E+00
 Nonlinear constraint violn    1.1E+01
 
 

 Solution printed on file  18
 
 Time for MPS input                             0.00 seconds
 Time for solving problem                   39417.16 seconds
 Time for solution output                       0.00 seconds
 Time for constraint functions              39443.22 seconds
 Time for objective function                    0.00 seconds
