



   ---------------------------------------------------------------------------
     START OF THE SEQUENTIAL LEAST SQUARES PROGRAMMING ALGORIT  
   ---------------------------------------------------------------------------

     PARAMETERS:
        ACC =   0.1000D-02
        MAXITER =500
        IPRINT =   1
IOUT =   6


     ITER =    1     OBJ =  0.42163508E+00
     ITER =    2     OBJ =  0.49174119E+00
     ITER =    3     OBJ =  0.49155099E+00
     ITER =    4     OBJ =  0.53947615E+00
     ITER =    5     OBJ =  0.53933088E+00
     ITER =    6     OBJ =  0.53577179E+00
     ITER =    7     OBJ =  0.52806784E+00
     ITER =    8     OBJ =  0.52628227E+00
     ITER =    9     OBJ =  0.52574976E+00
     ITER =   10     OBJ =  0.52536624E+00
     ITER =   11     OBJ =  0.52728241E+00
     ITER =   12     OBJ =  0.52461287E+00
     ITER =   13     OBJ =  0.52486364E+00
     ITER =   14     OBJ =  0.52892509E+00
     ITER =   15     OBJ =  0.52894120E+00
     ITER =   16     OBJ =  0.52886866E+00
     ITER =   17     OBJ =  0.52895188E+00
     ITER =   18     OBJ =  0.52945419E+00
     ITER =   19     OBJ =  0.52945704E+00
     ITER =   20     OBJ =  0.52945704E+00
     ITER =   21     OBJ =  0.52968250E+00
     ITER =   22     OBJ =  0.52969610E+00
     ITER =   23     OBJ =  0.52956381E+00
     ITER =   24     OBJ =  0.52949880E+00
     ITER =   25     OBJ =  0.52922836E+00
     ITER =   26     OBJ =  0.52910838E+00
     ITER =   27     OBJ =  0.52910978E+00
     ITER =   28     OBJ =  0.52911100E+00
     ITER =   29     OBJ =  0.52911325E+00
     ITER =   30     OBJ =  0.52911473E+00
     ITER =   31     OBJ =  0.52911608E+00
     ITER =   32     OBJ =  0.52911636E+00
     ITER =   33     OBJ =  0.52911735E+00
     ITER =   34     OBJ =  0.52911769E+00
     ITER =   35     OBJ =  0.52911762E+00
     ITER =   36     OBJ =  0.52911881E+00
     ITER =   37     OBJ =  0.52911881E+00
     ITER =   38     OBJ =  0.52911881E+00
        NUMBER OF FUNC-CALLS:  NFUNC = 169
        NUMBER OF GRAD-CALLS:  NGRAD =  39
