



   ---------------------------------------------------------------------------
     START OF THE SEQUENTIAL LEAST SQUARES PROGRAMMING ALGORIT  
   ---------------------------------------------------------------------------

     PARAMETERS:
        ACC =   0.1000D-02
        MAXITER =500
        IPRINT =   1
IOUT =   6


     ITER =    1     OBJ =  0.38319643E+00
     ITER =    2     OBJ =  0.32659857E+00
     ITER =    3     OBJ =  0.32739899E+00
     ITER =    4     OBJ =  0.35336829E+00
     ITER =    5     OBJ =  0.34863278E+00
     ITER =    6     OBJ =  0.36138247E+00
     ITER =    7     OBJ =  0.35597442E+00
     ITER =    8     OBJ =  0.35638272E+00
     ITER =    9     OBJ =  0.35624377E+00
     ITER =   10     OBJ =  0.35652696E+00
     ITER =   11     OBJ =  0.35636164E+00
     ITER =   12     OBJ =  0.35636164E+00
     ITER =   13     OBJ =  0.35706680E+00
     ITER =   14     OBJ =  0.35663445E+00
     ITER =   15     OBJ =  0.35659940E+00
     ITER =   16     OBJ =  0.35716762E+00
     ITER =   17     OBJ =  0.35729350E+00
        NUMBER OF FUNC-CALLS:  NFUNC =  72
        NUMBER OF GRAD-CALLS:  NGRAD =  18
