



   ---------------------------------------------------------------------------
     START OF THE SEQUENTIAL LEAST SQUARES PROGRAMMING ALGORIT  
   ---------------------------------------------------------------------------

     PARAMETERS:
        ACC =   0.1000D-05
        MAXITER =500
        IPRINT =   1
IOUT =   6


     ITER =    1     OBJ =  0.19038833E+00
     ITER =    2     OBJ =  0.19270272E+00
     ITER =    3     OBJ =  0.18645638E+00
     ITER =    4     OBJ =  0.18378499E+00
     ITER =    5     OBJ =  0.17862981E+00
     ITER =    6     OBJ =  0.17544190E+00
     ITER =    7     OBJ =  0.18038572E+00
     ITER =    8     OBJ =  0.18059204E+00
     ITER =    9     OBJ =  0.18354377E+00
     ITER =   10     OBJ =  0.18264048E+00
     ITER =   11     OBJ =  0.18171121E+00
     ITER =   12     OBJ =  0.18127072E+00
     ITER =   13     OBJ =  0.17961980E+00
     ITER =   14     OBJ =  0.17810690E+00
     ITER =   15     OBJ =  0.17828041E+00
     ITER =   16     OBJ =  0.17813962E+00
     ITER =   17     OBJ =  0.17796655E+00
     ITER =   18     OBJ =  0.17769169E+00
     ITER =   19     OBJ =  0.17760973E+00
     ITER =   20     OBJ =  0.17753317E+00
     ITER =   21     OBJ =  0.17736488E+00
     ITER =   22     OBJ =  0.17738385E+00
     ITER =   23     OBJ =  0.17734297E+00
     ITER =   24     OBJ =  0.17734260E+00
     ITER =   25     OBJ =  0.17734303E+00
     ITER =   26     OBJ =  0.17734346E+00
     ITER =   27     OBJ =  0.17734366E+00
     ITER =   28     OBJ =  0.17734393E+00
     ITER =   29     OBJ =  0.17734431E+00
     ITER =   30     OBJ =  0.17734478E+00
     ITER =   31     OBJ =  0.17734532E+00
     ITER =   32     OBJ =  0.17734591E+00
     ITER =   33     OBJ =  0.17734654E+00
     ITER =   34     OBJ =  0.17734718E+00
     ITER =   35     OBJ =  0.17734784E+00
     ITER =   36     OBJ =  0.17734850E+00
     ITER =   37     OBJ =  0.17734917E+00
     ITER =   38     OBJ =  0.17734983E+00
     ITER =   39     OBJ =  0.17735049E+00
     ITER =   40     OBJ =  0.17735114E+00
     ITER =   41     OBJ =  0.17735150E+00
     ITER =   42     OBJ =  0.17735168E+00
     ITER =   43     OBJ =  0.17735185E+00
     ITER =   44     OBJ =  0.17735203E+00
     ITER =   45     OBJ =  0.17735222E+00
     ITER =   46     OBJ =  0.17735242E+00
     ITER =   47     OBJ =  0.17735263E+00
     ITER =   48     OBJ =  0.17735303E+00
     ITER =   49     OBJ =  0.17735344E+00
     ITER =   50     OBJ =  0.17735419E+00
     ITER =   51     OBJ =  0.17735495E+00
     ITER =   52     OBJ =  0.17735567E+00
     ITER =   53     OBJ =  0.17735638E+00
     ITER =   54     OBJ =  0.17735706E+00
     ITER =   55     OBJ =  0.17735773E+00
     ITER =   56     OBJ =  0.17735839E+00
     ITER =   57     OBJ =  0.17735903E+00
     ITER =   58     OBJ =  0.17735965E+00
     ITER =   59     OBJ =  0.17736032E+00
     ITER =   60     OBJ =  0.17736116E+00
     ITER =   61     OBJ =  0.17736206E+00
     ITER =   62     OBJ =  0.17736295E+00
     ITER =   63     OBJ =  0.17736383E+00
     ITER =   64     OBJ =  0.17736470E+00
     ITER =   65     OBJ =  0.17736555E+00
     ITER =   66     OBJ =  0.17736638E+00
     ITER =   67     OBJ =  0.17736719E+00
     ITER =   68     OBJ =  0.17736763E+00
     ITER =   69     OBJ =  0.17736783E+00
     ITER =   70     OBJ =  0.17736792E+00
     ITER =   71     OBJ =  0.17736797E+00
     ITER =   72     OBJ =  0.17736799E+00
     ITER =   73     OBJ =  0.17736801E+00
     ITER =   74     OBJ =  0.17736803E+00
     ITER =   75     OBJ =  0.17736806E+00
     ITER =   76     OBJ =  0.17736808E+00
     ITER =   77     OBJ =  0.17736811E+00
     ITER =   78     OBJ =  0.17736814E+00
     ITER =   79     OBJ =  0.17736817E+00
     ITER =   80     OBJ =  0.17736821E+00
     ITER =   81     OBJ =  0.17736824E+00
     ITER =   82     OBJ =  0.17736828E+00
     ITER =   83     OBJ =  0.17736832E+00
     ITER =   84     OBJ =  0.17736836E+00
     ITER =   85     OBJ =  0.17736840E+00
     ITER =   86     OBJ =  0.17736845E+00
     ITER =   87     OBJ =  0.17736849E+00
     ITER =   88     OBJ =  0.17736858E+00
     ITER =   89     OBJ =  0.17736875E+00
     ITER =   90     OBJ =  0.17736908E+00
     ITER =   91     OBJ =  0.17736972E+00
     ITER =   92     OBJ =  0.17737095E+00
     ITER =   93     OBJ =  0.17737225E+00
     ITER =   94     OBJ =  0.17737344E+00
     ITER =   95     OBJ =  0.17737452E+00
     ITER =   96     OBJ =  0.17737550E+00
     ITER =   97     OBJ =  0.17737599E+00
     ITER =   98     OBJ =  0.17737620E+00
     ITER =   99     OBJ =  0.17737629E+00
     ITER =  100     OBJ =  0.17737633E+00
     ITER =  101     OBJ =  0.17737635E+00
     ITER =  102     OBJ =  0.17737637E+00
     ITER =  103     OBJ =  0.17737639E+00
     ITER =  104     OBJ =  0.17737641E+00
     ITER =  105     OBJ =  0.17737643E+00
     ITER =  106     OBJ =  0.17737645E+00
     ITER =  107     OBJ =  0.17737647E+00
     ITER =  108     OBJ =  0.17737649E+00
     ITER =  109     OBJ =  0.17737650E+00
     ITER =  110     OBJ =  0.17737653E+00
     ITER =  111     OBJ =  0.17737655E+00
     ITER =  112     OBJ =  0.17737658E+00
     ITER =  113     OBJ =  0.17737660E+00
     ITER =  114     OBJ =  0.17737663E+00
     ITER =  115     OBJ =  0.17737665E+00
     ITER =  116     OBJ =  0.17737668E+00
     ITER =  117     OBJ =  0.17737670E+00
     ITER =  118     OBJ =  0.17737673E+00
     ITER =  119     OBJ =  0.17737675E+00
     ITER =  120     OBJ =  0.17737678E+00
     ITER =  121     OBJ =  0.17737681E+00
     ITER =  122     OBJ =  0.17737683E+00
     ITER =  123     OBJ =  0.17737686E+00
     ITER =  124     OBJ =  0.17737689E+00
     ITER =  125     OBJ =  0.17737692E+00
     ITER =  126     OBJ =  0.17737695E+00
     ITER =  127     OBJ =  0.17737698E+00
     ITER =  128     OBJ =  0.17737701E+00
     ITER =  129     OBJ =  0.17737704E+00
     ITER =  130     OBJ =  0.17737707E+00
     ITER =  131     OBJ =  0.17737710E+00
     ITER =  132     OBJ =  0.17737714E+00
     ITER =  133     OBJ =  0.17737717E+00
     ITER =  134     OBJ =  0.17737722E+00
     ITER =  135     OBJ =  0.17737725E+00
     ITER =  136     OBJ =  0.17737730E+00
     ITER =  137     OBJ =  0.17737733E+00
     ITER =  138     OBJ =  0.17737737E+00
     ITER =  139     OBJ =  0.17737740E+00
     ITER =  140     OBJ =  0.17737743E+00
     ITER =  141     OBJ =  0.17737747E+00
     ITER =  142     OBJ =  0.17737750E+00
     ITER =  143     OBJ =  0.17737753E+00
     ITER =  144     OBJ =  0.17737757E+00
     ITER =  145     OBJ =  0.17737760E+00
     ITER =  146     OBJ =  0.17737764E+00
     ITER =  147     OBJ =  0.17737767E+00
     ITER =  148     OBJ =  0.17737770E+00
     ITER =  149     OBJ =  0.17737774E+00
     ITER =  150     OBJ =  0.17737777E+00
     ITER =  151     OBJ =  0.17737781E+00
     ITER =  152     OBJ =  0.17737784E+00
     ITER =  153     OBJ =  0.17737787E+00
     ITER =  154     OBJ =  0.17737791E+00
     ITER =  155     OBJ =  0.17737794E+00
     ITER =  156     OBJ =  0.17737798E+00
     ITER =  157     OBJ =  0.17737801E+00
     ITER =  158     OBJ =  0.17737804E+00
     ITER =  159     OBJ =  0.17737808E+00
     ITER =  160     OBJ =  0.17737811E+00
     ITER =  161     OBJ =  0.17737815E+00
     ITER =  162     OBJ =  0.17737818E+00
     ITER =  163     OBJ =  0.17737821E+00
     ITER =  164     OBJ =  0.17737825E+00
     ITER =  165     OBJ =  0.17737828E+00
     ITER =  166     OBJ =  0.17737831E+00
     ITER =  167     OBJ =  0.17737835E+00
     ITER =  168     OBJ =  0.17737838E+00
     ITER =  169     OBJ =  0.17737842E+00
     ITER =  170     OBJ =  0.17737845E+00
     ITER =  171     OBJ =  0.17737848E+00
     ITER =  172     OBJ =  0.17737852E+00
     ITER =  173     OBJ =  0.17737855E+00
     ITER =  174     OBJ =  0.17737859E+00
     ITER =  175     OBJ =  0.17737862E+00
     ITER =  176     OBJ =  0.17737865E+00
     ITER =  177     OBJ =  0.17737869E+00
     ITER =  178     OBJ =  0.17737872E+00
     ITER =  179     OBJ =  0.17737875E+00
     ITER =  180     OBJ =  0.17737879E+00
     ITER =  181     OBJ =  0.17737882E+00
     ITER =  182     OBJ =  0.17737886E+00
     ITER =  183     OBJ =  0.17737889E+00
     ITER =  184     OBJ =  0.17737892E+00
     ITER =  185     OBJ =  0.17737896E+00
     ITER =  186     OBJ =  0.17737899E+00
     ITER =  187     OBJ =  0.17737902E+00
     ITER =  188     OBJ =  0.17737906E+00
     ITER =  189     OBJ =  0.17737909E+00
     ITER =  190     OBJ =  0.17737912E+00
     ITER =  191     OBJ =  0.17737916E+00
     ITER =  192     OBJ =  0.17737919E+00
     ITER =  193     OBJ =  0.17737922E+00
     ITER =  194     OBJ =  0.17737925E+00
     ITER =  195     OBJ =  0.17737929E+00
     ITER =  196     OBJ =  0.17737932E+00
     ITER =  197     OBJ =  0.17737935E+00
     ITER =  198     OBJ =  0.17737938E+00
     ITER =  199     OBJ =  0.17737942E+00
     ITER =  200     OBJ =  0.17737945E+00
     ITER =  201     OBJ =  0.17737948E+00
     ITER =  202     OBJ =  0.17737951E+00
     ITER =  203     OBJ =  0.17737954E+00
     ITER =  204     OBJ =  0.17737958E+00
     ITER =  205     OBJ =  0.17737961E+00
     ITER =  206     OBJ =  0.17737964E+00
     ITER =  207     OBJ =  0.17737967E+00
     ITER =  208     OBJ =  0.17737970E+00
     ITER =  209     OBJ =  0.17737973E+00
     ITER =  210     OBJ =  0.17737976E+00
     ITER =  211     OBJ =  0.17737979E+00
     ITER =  212     OBJ =  0.17737982E+00
     ITER =  213     OBJ =  0.17737986E+00
     ITER =  214     OBJ =  0.17737989E+00
     ITER =  215     OBJ =  0.17737992E+00
     ITER =  216     OBJ =  0.17737995E+00
     ITER =  217     OBJ =  0.17737998E+00
     ITER =  218     OBJ =  0.17738001E+00
     ITER =  219     OBJ =  0.17738006E+00
     ITER =  220     OBJ =  0.17738010E+00
     ITER =  221     OBJ =  0.17738013E+00
     ITER =  222     OBJ =  0.17738016E+00
     ITER =  223     OBJ =  0.17738018E+00
     ITER =  224     OBJ =  0.17738019E+00
     ITER =  225     OBJ =  0.17738020E+00
     ITER =  226     OBJ =  0.17738020E+00
     ITER =  227     OBJ =  0.17744084E+00
     ITER =  228     OBJ =  0.17744257E+00
     ITER =  229     OBJ =  0.17744257E+00
     ITER =  231     OBJ =  0.17747114E+00
     ITER =  232     OBJ =  0.17747383E+00
     ITER =  233     OBJ =  0.17748200E+00
     ITER =  234     OBJ =  0.17747196E+00
     ITER =  235     OBJ =  0.17744354E+00
     ITER =  236     OBJ =  0.17742799E+00
     ITER =  237     OBJ =  0.17735792E+00
     ITER =  238     OBJ =  0.17702256E+00
     ITER =  239     OBJ =  0.17707819E+00
     ITER =  240     OBJ =  0.17732098E+00
     ITER =  241     OBJ =  0.17734143E+00
     ITER =  242     OBJ =  0.17731610E+00
     ITER =  243     OBJ =  0.17731462E+00
     ITER =  244     OBJ =  0.17731462E+00
     ITER =  245     OBJ =  0.17731462E+00
     ITER =  246     OBJ =  0.17731462E+00
     ITER =  247     OBJ =  0.17731462E+00
     ITER =  248     OBJ =  0.17731462E+00
     ITER =  249     OBJ =  0.17731462E+00
     ITER =  250     OBJ =  0.17733015E+00
     ITER =  251     OBJ =  0.17732935E+00
     ITER =  252     OBJ =  0.17733724E+00
     ITER =  253     OBJ =  0.17733645E+00
     ITER =  254     OBJ =  0.17734232E+00
     ITER =  255     OBJ =  0.17734160E+00
     ITER =  256     OBJ =  0.17734700E+00
     ITER =  257     OBJ =  0.17734635E+00
     ITER =  258     OBJ =  0.17735132E+00
     ITER =  259     OBJ =  0.17735074E+00
     ITER =  260     OBJ =  0.17735530E+00
     ITER =  261     OBJ =  0.17735479E+00
     ITER =  262     OBJ =  0.17735898E+00
     ITER =  263     OBJ =  0.17735852E+00
     ITER =  264     OBJ =  0.17735852E+00
     ITER =  265     OBJ =  0.17735852E+00
     ITER =  266     OBJ =  0.17735852E+00
     ITER =  267     OBJ =  0.17735852E+00
     ITER =  268     OBJ =  0.17735852E+00
     ITER =  269     OBJ =  0.17735852E+00
     ITER =  270     OBJ =  0.17735853E+00
     ITER =  271     OBJ =  0.17735853E+00
     ITER =  272     OBJ =  0.17735853E+00
     ITER =  273     OBJ =  0.17735853E+00
     ITER =  274     OBJ =  0.17735931E+00
     ITER =  275     OBJ =  0.17736784E+00
     ITER =  276     OBJ =  0.17739637E+00
     ITER =  277     OBJ =  0.17739828E+00
     ITER =  278     OBJ =  0.17739828E+00
     ITER =  279     OBJ =  0.17739828E+00
     ITER =  280     OBJ =  0.17739828E+00
     ITER =  281     OBJ =  0.17739828E+00
     ITER =  282     OBJ =  0.17742506E+00
     ITER =  283     OBJ =  0.17744117E+00
     ITER =  284     OBJ =  0.17745374E+00
     ITER =  285     OBJ =  0.17745394E+00
     ITER =  286     OBJ =  0.17745394E+00
     ITER =  287     OBJ =  0.17745394E+00
     ITER =  288     OBJ =  0.17745394E+00
     ITER =  289     OBJ =  0.17745394E+00
     ITER =  290     OBJ =  0.17745394E+00
     ITER =  291     OBJ =  0.17745394E+00
     ITER =  292     OBJ =  0.17745394E+00
     ITER =  293     OBJ =  0.17745394E+00
     ITER =  294     OBJ =  0.17745394E+00
     ITER =  295     OBJ =  0.17745394E+00
     ITER =  296     OBJ =  0.17745394E+00
     ITER =  297     OBJ =  0.17745394E+00
     ITER =  298     OBJ =  0.17745394E+00
     ITER =  299     OBJ =  0.17745394E+00
     ITER =  300     OBJ =  0.17746375E+00
     ITER =  301     OBJ =  0.17746390E+00
     ITER =  302     OBJ =  0.17746390E+00
     ITER =  303     OBJ =  0.17746390E+00
     ITER =  304     OBJ =  0.17746390E+00
     ITER =  305     OBJ =  0.17746390E+00
     ITER =  306     OBJ =  0.17746390E+00
     ITER =  307     OBJ =  0.17746390E+00
     ITER =  308     OBJ =  0.17746390E+00
     ITER =  309     OBJ =  0.17746391E+00
     ITER =  310     OBJ =  0.17746391E+00
     ITER =  311     OBJ =  0.17746391E+00
     ITER =  312     OBJ =  0.17746391E+00
     ITER =  313     OBJ =  0.17746391E+00
     ITER =  314     OBJ =  0.17746391E+00
     ITER =  315     OBJ =  0.17746391E+00
     ITER =  316     OBJ =  0.17746391E+00
     ITER =  317     OBJ =  0.17746391E+00
     ITER =  318     OBJ =  0.17746391E+00
     ITER =  319     OBJ =  0.17746391E+00
     ITER =  320     OBJ =  0.17746391E+00
     ITER =  321     OBJ =  0.17746391E+00
     ITER =  322     OBJ =  0.17746998E+00
     ITER =  323     OBJ =  0.17747307E+00
     ITER =  324     OBJ =  0.17747436E+00
     ITER =  325     OBJ =  0.17747474E+00
        NUMBER OF FUNC-CALLS:  NFUNC =2790
        NUMBER OF GRAD-CALLS:  NGRAD = 325
