



   ---------------------------------------------------------------------------
     START OF THE SEQUENTIAL LEAST SQUARES PROGRAMMING ALGORIT  
   ---------------------------------------------------------------------------

     PARAMETERS:
        ACC =   0.1000D-01
        MAXITER =500
        IPRINT =   1
IOUT =   6


     ITER =    1     OBJ =  0.40516914E+00
     ITER =    2     OBJ =  0.41495049E+00
     ITER =    3     OBJ =  0.41898084E+00
     ITER =    4     OBJ =  0.42696623E+00
     ITER =    5     OBJ =  0.41136770E+00
     ITER =    6     OBJ =  0.41330243E+00
     ITER =    7     OBJ =  0.41519805E+00
     ITER =    8     OBJ =  0.41873908E+00
     ITER =    9     OBJ =  0.42095808E+00
     ITER =   10     OBJ =  0.42414047E+00
     ITER =   11     OBJ =  0.42658306E+00
     ITER =   12     OBJ =  0.42921129E+00
     ITER =   13     OBJ =  0.43184665E+00
     ITER =   14     OBJ =  0.43435175E+00
     ITER =   15     OBJ =  0.43645492E+00
     ITER =   16     OBJ =  0.43822339E+00
     ITER =   17     OBJ =  0.43938709E+00
     ITER =   18     OBJ =  0.44036670E+00
     ITER =   19     OBJ =  0.44050016E+00
     ITER =   20     OBJ =  0.44045975E+00
     ITER =   21     OBJ =  0.44038125E+00
     ITER =   22     OBJ =  0.44035635E+00
     ITER =   23     OBJ =  0.44044018E+00
     ITER =   24     OBJ =  0.44049248E+00
     ITER =   25     OBJ =  0.44049001E+00
     ITER =   26     OBJ =  0.44048851E+00
     ITER =   27     OBJ =  0.44049773E+00
     ITER =   28     OBJ =  0.44049684E+00
     ITER =   29     OBJ =  0.44049664E+00
     ITER =   30     OBJ =  0.44049739E+00
     ITER =   31     OBJ =  0.44049740E+00
     ITER =   32     OBJ =  0.44049719E+00
     ITER =   33     OBJ =  0.44049717E+00
     ITER =   34     OBJ =  0.44049696E+00
     ITER =   35     OBJ =  0.44049694E+00
     ITER =   36     OBJ =  0.44049692E+00
     ITER =   37     OBJ =  0.44049692E+00
     ITER =   38     OBJ =  0.44049690E+00
     ITER =   39     OBJ =  0.44049689E+00
     ITER =   40     OBJ =  0.44049688E+00
     ITER =   41     OBJ =  0.44049687E+00
     ITER =   42     OBJ =  0.44049685E+00
     ITER =   43     OBJ =  0.44049685E+00
     ITER =   44     OBJ =  0.44049685E+00
     ITER =   45     OBJ =  0.44049685E+00
     ITER =   46     OBJ =  0.44049685E+00
     ITER =   47     OBJ =  0.44049685E+00
     ITER =   48     OBJ =  0.44049685E+00
     ITER =   49     OBJ =  0.44049685E+00
     ITER =   50     OBJ =  0.44049685E+00
     ITER =   51     OBJ =  0.44049685E+00
     ITER =   52     OBJ =  0.44049685E+00
     ITER =   53     OBJ =  0.44049685E+00
     ITER =   54     OBJ =  0.44049685E+00
     ITER =   55     OBJ =  0.44049685E+00
     ITER =   56     OBJ =  0.44049685E+00
     ITER =   57     OBJ =  0.41622692E+00
     ITER =   58     OBJ =  0.41433233E+00
     ITER =   59     OBJ =  0.41414281E+00
     ITER =   60     OBJ =  0.41297998E+00
     ITER =   61     OBJ =  0.41663352E+00
     ITER =   62     OBJ =  0.41999974E+00
     ITER =   63     OBJ =  0.42303282E+00
     ITER =   64     OBJ =  0.42583590E+00
     ITER =   65     OBJ =  0.42837989E+00
     ITER =   66     OBJ =  0.43068784E+00
     ITER =   67     OBJ =  0.43277864E+00
     ITER =   68     OBJ =  0.43466805E+00
     ITER =   69     OBJ =  0.43636913E+00
     ITER =   70     OBJ =  0.43789670E+00
     ITER =   71     OBJ =  0.43793565E+00
     ITER =   72     OBJ =  0.43808111E+00
     ITER =   73     OBJ =  0.43822497E+00
     ITER =   74     OBJ =  0.43836313E+00
     ITER =   75     OBJ =  0.43850195E+00
     ITER =   76     OBJ =  0.43850066E+00
     ITER =   77     OBJ =  0.43851077E+00
     ITER =   78     OBJ =  0.43851281E+00
     ITER =   79     OBJ =  0.43852460E+00
     ITER =   80     OBJ =  0.43853837E+00
     ITER =   81     OBJ =  0.43855094E+00
     ITER =   82     OBJ =  0.43856430E+00
     ITER =   83     OBJ =  0.43857653E+00
     ITER =   84     OBJ =  0.43858967E+00
     ITER =   85     OBJ =  0.43860168E+00
     ITER =   86     OBJ =  0.43860322E+00
     ITER =   87     OBJ =  0.43860447E+00
     ITER =   88     OBJ =  0.43860566E+00
     ITER =   89     OBJ =  0.43860687E+00
     ITER =   90     OBJ =  0.43860808E+00
     ITER =   91     OBJ =  0.43860928E+00
     ITER =   92     OBJ =  0.43861047E+00
     ITER =   93     OBJ =  0.43861165E+00
     ITER =   94     OBJ =  0.43861282E+00
     ITER =   95     OBJ =  0.43861275E+00
     ITER =   96     OBJ =  0.43861281E+00
     ITER =   97     OBJ =  0.43861285E+00
     ITER =   98     OBJ =  0.43861291E+00
     ITER =   99     OBJ =  0.43861295E+00
     ITER =  100     OBJ =  0.43861299E+00
     ITER =  101     OBJ =  0.43861305E+00
     ITER =  102     OBJ =  0.43861308E+00
     ITER =  103     OBJ =  0.43861314E+00
     ITER =  104     OBJ =  0.43861316E+00
     ITER =  105     OBJ =  0.43861323E+00
     ITER =  106     OBJ =  0.43861324E+00
     ITER =  107     OBJ =  0.43861331E+00
     ITER =  108     OBJ =  0.43861331E+00
     ITER =  109     OBJ =  0.43861331E+00
     ITER =  110     OBJ =  0.43861331E+00
     ITER =  111     OBJ =  0.43861331E+00
     ITER =  112     OBJ =  0.43861332E+00
     ITER =  113     OBJ =  0.43861332E+00
     ITER =  114     OBJ =  0.43861332E+00
     ITER =  115     OBJ =  0.43861332E+00
     ITER =  116     OBJ =  0.43861332E+00
     ITER =  117     OBJ =  0.43861332E+00
     ITER =  118     OBJ =  0.43861332E+00
     ITER =  119     OBJ =  0.43861332E+00
     ITER =  120     OBJ =  0.43861332E+00
     ITER =  121     OBJ =  0.43861332E+00
     ITER =  122     OBJ =  0.43861332E+00
     ITER =  123     OBJ =  0.43861332E+00
     ITER =  124     OBJ =  0.43861332E+00
     ITER =  125     OBJ =  0.43861332E+00
     ITER =  126     OBJ =  0.43861332E+00
     ITER =  127     OBJ =  0.43861332E+00
     ITER =  128     OBJ =  0.43861332E+00
     ITER =  129     OBJ =  0.40548688E+00
     ITER =  130     OBJ =  0.40893687E+00
     ITER =  131     OBJ =  0.41296070E+00
     ITER =  132     OBJ =  0.41604498E+00
     ITER =  133     OBJ =  0.41986074E+00
     ITER =  134     OBJ =  0.41962417E+00
     ITER =  135     OBJ =  0.41990603E+00
     ITER =  136     OBJ =  0.42011572E+00
     ITER =  137     OBJ =  0.42039347E+00
     ITER =  138     OBJ =  0.42067030E+00
     ITER =  139     OBJ =  0.42093819E+00
     ITER =  140     OBJ =  0.42119616E+00
     ITER =  141     OBJ =  0.42118243E+00
     ITER =  142     OBJ =  0.42118488E+00
     ITER =  143     OBJ =  0.42118680E+00
     ITER =  144     OBJ =  0.42118924E+00
     ITER =  145     OBJ =  0.42119169E+00
     ITER =  146     OBJ =  0.42119412E+00
     ITER =  147     OBJ =  0.42119411E+00
     ITER =  148     OBJ =  0.42119433E+00
     ITER =  149     OBJ =  0.42119432E+00
     ITER =  150     OBJ =  0.42119434E+00
     ITER =  151     OBJ =  0.42119436E+00
     ITER =  152     OBJ =  0.42119438E+00
     ITER =  153     OBJ =  0.42119441E+00
     ITER =  154     OBJ =  0.42119443E+00
     ITER =  155     OBJ =  0.42119446E+00
     ITER =  156     OBJ =  0.42119448E+00
     ITER =  157     OBJ =  0.42119448E+00
     ITER =  158     OBJ =  0.42119448E+00
     ITER =  159     OBJ =  0.42119449E+00
     ITER =  160     OBJ =  0.42119449E+00
     ITER =  161     OBJ =  0.42119449E+00
     ITER =  162     OBJ =  0.42119449E+00
     ITER =  163     OBJ =  0.42119449E+00
     ITER =  164     OBJ =  0.42119449E+00
     ITER =  165     OBJ =  0.42119449E+00
     ITER =  166     OBJ =  0.42119449E+00
     ITER =  167     OBJ =  0.42119449E+00
     ITER =  168     OBJ =  0.42119449E+00
     ITER =  169     OBJ =  0.42119449E+00
     ITER =  170     OBJ =  0.42119449E+00
     ITER =  171     OBJ =  0.42119449E+00
     ITER =  172     OBJ =  0.42119449E+00
     ITER =  173     OBJ =  0.42119449E+00
     ITER =  174     OBJ =  0.42119449E+00
     ITER =  175     OBJ =  0.42119449E+00
     ITER =  176     OBJ =  0.42119449E+00
     ITER =  177     OBJ =  0.42119449E+00
     ITER =  178     OBJ =  0.42119449E+00
     ITER =  179     OBJ =  0.42119449E+00
