



   ---------------------------------------------------------------------------
     START OF THE SEQUENTIAL LEAST SQUARES PROGRAMMING ALGORIT  
   ---------------------------------------------------------------------------

     PARAMETERS:
        ACC =   0.1000D-02
        MAXITER =500
        IPRINT =   1
IOUT =   6


     ITER =    1     OBJ =  0.31635071E+00
     ITER =    2     OBJ =  0.28118296E+00
     ITER =    3     OBJ =  0.26619221E+00
     ITER =    4     OBJ =  0.30509908E+00
     ITER =    5     OBJ =  0.33909047E+00
     ITER =    6     OBJ =  0.33933224E+00
     ITER =    7     OBJ =  0.40959146E+00
     ITER =    8     OBJ =  0.43466497E+00
     ITER =    9     OBJ =  0.40731563E+00
     ITER =   10     OBJ =  0.40586295E+00
     ITER =   11     OBJ =  0.39267097E+00
     ITER =   12     OBJ =  0.39154190E+00
     ITER =   13     OBJ =  0.38716193E+00
     ITER =   14     OBJ =  0.38409695E+00
     ITER =   15     OBJ =  0.38250153E+00
     ITER =   16     OBJ =  0.38269914E+00
     ITER =   17     OBJ =  0.38272220E+00
     ITER =   18     OBJ =  0.38360299E+00
     ITER =   19     OBJ =  0.38359156E+00
     ITER =   20     OBJ =  0.38359156E+00
     ITER =   21     OBJ =  0.38359156E+00
     ITER =   22     OBJ =  0.38359156E+00
     ITER =   23     OBJ =  0.38359156E+00
     ITER =   24     OBJ =  0.38359156E+00
     ITER =   25     OBJ =  0.38359156E+00
     ITER =   26     OBJ =  0.38396795E+00
     ITER =   27     OBJ =  0.38396842E+00
     ITER =   28     OBJ =  0.38396842E+00
     ITER =   29     OBJ =  0.38396842E+00
     ITER =   30     OBJ =  0.38396842E+00
     ITER =   31     OBJ =  0.38396842E+00
     ITER =   32     OBJ =  0.38396842E+00
     ITER =   33     OBJ =  0.38396842E+00
        NUMBER OF FUNC-CALLS:  NFUNC = 198
        NUMBER OF GRAD-CALLS:  NGRAD =  34
