



   ---------------------------------------------------------------------------
     START OF THE SEQUENTIAL LEAST SQUARES PROGRAMMING ALGORIT  
   ---------------------------------------------------------------------------

     PARAMETERS:
        ACC =   0.1000D-02
        MAXITER =500
        IPRINT =   1
IOUT =   6


     ITER =    1     OBJ =  0.49022951E+00
     ITER =    2     OBJ =  0.54175841E+00
     ITER =    3     OBJ =  0.50766626E+00
     ITER =    4     OBJ =  0.48170394E+00
     ITER =    5     OBJ =  0.54253138E+00
     ITER =    6     OBJ =  0.54085504E+00
     ITER =    7     OBJ =  0.63870278E+00
     ITER =    8     OBJ =  0.63903157E+00
     ITER =    9     OBJ =  0.63531421E+00
     ITER =   10     OBJ =  0.63000634E+00
     ITER =   11     OBJ =  0.62595081E+00
     ITER =   12     OBJ =  0.62603897E+00
     ITER =   13     OBJ =  0.62718758E+00
     ITER =   14     OBJ =  0.62595338E+00
     ITER =   15     OBJ =  0.62604619E+00
     ITER =   16     OBJ =  0.62604619E+00
     ITER =   17     OBJ =  0.62664724E+00
     ITER =   18     OBJ =  0.62666994E+00
     ITER =   19     OBJ =  0.62931353E+00
     ITER =   20     OBJ =  0.62935867E+00
     ITER =   21     OBJ =  0.63219404E+00
        NUMBER OF FUNC-CALLS:  NFUNC =  85
        NUMBER OF GRAD-CALLS:  NGRAD =  22
