



   ---------------------------------------------------------------------------
     START OF THE SEQUENTIAL LEAST SQUARES PROGRAMMING ALGORIT  
   ---------------------------------------------------------------------------

     PARAMETERS:
        ACC =   0.1000D-05
        MAXITER =500
        IPRINT =   1
IOUT =   6


     ITER =    1     OBJ =  0.62699225E+00
     ITER =    2     OBJ =  0.49515349E+00
     ITER =    3     OBJ =  0.52469340E+00
     ITER =    4     OBJ =  0.52430602E+00
     ITER =    5     OBJ =  0.53073569E+00
     ITER =    6     OBJ =  0.55248364E+00
     ITER =    7     OBJ =  0.55325352E+00
     ITER =    8     OBJ =  0.55220634E+00
     ITER =    9     OBJ =  0.55238187E+00
     ITER =   10     OBJ =  0.55238187E+00
     ITER =   11     OBJ =  0.55238187E+00
     ITER =   12     OBJ =  0.55238187E+00
     ITER =   13     OBJ =  0.55238187E+00
     ITER =   15     OBJ =  0.53715066E+00
     ITER =   16     OBJ =  0.53483179E+00
     ITER =   17     OBJ =  0.51063273E+00
     ITER =   18     OBJ =  0.50214247E+00
     ITER =   19     OBJ =  0.50031748E+00
     ITER =   20     OBJ =  0.49908991E+00
     ITER =   21     OBJ =  0.50976380E+00
     ITER =   22     OBJ =  0.50899366E+00
     ITER =   23     OBJ =  0.50856417E+00
     ITER =   24     OBJ =  0.50869010E+00
     ITER =   25     OBJ =  0.50844000E+00
     ITER =   26     OBJ =  0.50731205E+00
     ITER =   27     OBJ =  0.50655885E+00
     ITER =   28     OBJ =  0.50614673E+00
     ITER =   29     OBJ =  0.50555449E+00
     ITER =   30     OBJ =  0.50481884E+00
     ITER =   31     OBJ =  0.50325767E+00
     ITER =   32     OBJ =  0.50269131E+00
     ITER =   33     OBJ =  0.50189068E+00
     ITER =   34     OBJ =  0.50182551E+00
     ITER =   35     OBJ =  0.50184716E+00
     ITER =   36     OBJ =  0.50191425E+00
     ITER =   37     OBJ =  0.50190739E+00
     ITER =   38     OBJ =  0.50190667E+00
     ITER =   39     OBJ =  0.50190769E+00
     ITER =   40     OBJ =  0.50190769E+00
     ITER =   41     OBJ =  0.50190769E+00
     ITER =   42     OBJ =  0.50190769E+00
     ITER =   43     OBJ =  0.50190769E+00
     ITER =   44     OBJ =  0.50190769E+00
     ITER =   45     OBJ =  0.50190769E+00
     ITER =   46     OBJ =  0.50190769E+00
     ITER =   47     OBJ =  0.50190769E+00
     ITER =   48     OBJ =  0.50190769E+00
     ITER =   49     OBJ =  0.50190769E+00
     ITER =   50     OBJ =  0.50190416E+00
     ITER =   51     OBJ =  0.50191145E+00
     ITER =   52     OBJ =  0.50191145E+00
     ITER =   53     OBJ =  0.50191145E+00
     ITER =   54     OBJ =  0.50191145E+00
     ITER =   55     OBJ =  0.50191145E+00
     ITER =   56     OBJ =  0.50190836E+00
     ITER =   57     OBJ =  0.50191513E+00
     ITER =   58     OBJ =  0.50191513E+00
     ITER =   59     OBJ =  0.50191513E+00
     ITER =   60     OBJ =  0.50191513E+00
     ITER =   61     OBJ =  0.50191513E+00
     ITER =   62     OBJ =  0.50191255E+00
     ITER =   63     OBJ =  0.50191819E+00
     ITER =   64     OBJ =  0.50191819E+00
     ITER =   65     OBJ =  0.50191819E+00
     ITER =   66     OBJ =  0.50191579E+00
     ITER =   67     OBJ =  0.50192141E+00
     ITER =   68     OBJ =  0.50192097E+00
     ITER =   69     OBJ =  0.50192295E+00
     ITER =   70     OBJ =  0.50192249E+00
     ITER =   71     OBJ =  0.50192453E+00
     ITER =   72     OBJ =  0.50192413E+00
     ITER =   73     OBJ =  0.50192604E+00
     ITER =   74     OBJ =  0.50192569E+00
     ITER =   75     OBJ =  0.50192750E+00
     ITER =   76     OBJ =  0.50192719E+00
     ITER =   77     OBJ =  0.50192892E+00
     ITER =   78     OBJ =  0.50192863E+00
     ITER =   79     OBJ =  0.50193030E+00
     ITER =   80     OBJ =  0.50193004E+00
     ITER =   81     OBJ =  0.50193164E+00
     ITER =   82     OBJ =  0.50193141E+00
     ITER =   83     OBJ =  0.50193295E+00
     ITER =   84     OBJ =  0.50193275E+00
     ITER =   85     OBJ =  0.50193423E+00
     ITER =   86     OBJ =  0.50193404E+00
     ITER =   87     OBJ =  0.50193548E+00
     ITER =   88     OBJ =  0.50193531E+00
     ITER =   89     OBJ =  0.50193670E+00
     ITER =   90     OBJ =  0.50193655E+00
     ITER =   91     OBJ =  0.50193789E+00
     ITER =   92     OBJ =  0.50193775E+00
     ITER =   93     OBJ =  0.50193905E+00
     ITER =   94     OBJ =  0.50193893E+00
     ITER =   95     OBJ =  0.50194020E+00
     ITER =   96     OBJ =  0.50194009E+00
     ITER =   97     OBJ =  0.50194131E+00
     ITER =   98     OBJ =  0.50194122E+00
     ITER =   99     OBJ =  0.50194241E+00
     ITER =  100     OBJ =  0.50194232E+00
     ITER =  101     OBJ =  0.50194349E+00
     ITER =  102     OBJ =  0.50194341E+00
     ITER =  103     OBJ =  0.50194454E+00
     ITER =  104     OBJ =  0.50194447E+00
     ITER =  105     OBJ =  0.50194558E+00
     ITER =  106     OBJ =  0.50194551E+00
     ITER =  107     OBJ =  0.50194660E+00
     ITER =  108     OBJ =  0.50194654E+00
     ITER =  109     OBJ =  0.50194760E+00
     ITER =  110     OBJ =  0.50194754E+00
     ITER =  111     OBJ =  0.50194859E+00
     ITER =  112     OBJ =  0.50194853E+00
     ITER =  113     OBJ =  0.50194955E+00
     ITER =  114     OBJ =  0.50194951E+00
     ITER =  115     OBJ =  0.50195051E+00
     ITER =  116     OBJ =  0.50195046E+00
     ITER =  117     OBJ =  0.50195144E+00
     ITER =  118     OBJ =  0.50195140E+00
     ITER =  119     OBJ =  0.50195237E+00
     ITER =  120     OBJ =  0.50195233E+00
     ITER =  121     OBJ =  0.50195328E+00
     ITER =  122     OBJ =  0.50195324E+00
     ITER =  123     OBJ =  0.50195417E+00
     ITER =  124     OBJ =  0.50195414E+00
     ITER =  125     OBJ =  0.50195506E+00
     ITER =  126     OBJ =  0.50195503E+00
     ITER =  127     OBJ =  0.50195593E+00
     ITER =  128     OBJ =  0.50195591E+00
     ITER =  129     OBJ =  0.50195680E+00
     ITER =  130     OBJ =  0.50195679E+00
     ITER =  131     OBJ =  0.50195767E+00
     ITER =  132     OBJ =  0.50195768E+00
     ITER =  133     OBJ =  0.50195855E+00
     ITER =  134     OBJ =  0.50195856E+00
     ITER =  135     OBJ =  0.50195942E+00
     ITER =  136     OBJ =  0.50195944E+00
     ITER =  137     OBJ =  0.50196030E+00
     ITER =  138     OBJ =  0.50196033E+00
     ITER =  139     OBJ =  0.50196117E+00
     ITER =  140     OBJ =  0.50196121E+00
     ITER =  141     OBJ =  0.50196205E+00
     ITER =  142     OBJ =  0.50196210E+00
     ITER =  143     OBJ =  0.50196293E+00
     ITER =  144     OBJ =  0.50196299E+00
     ITER =  145     OBJ =  0.50196381E+00
     ITER =  146     OBJ =  0.50196387E+00
     ITER =  147     OBJ =  0.50196469E+00
     ITER =  148     OBJ =  0.50196476E+00
     ITER =  149     OBJ =  0.50196557E+00
     ITER =  150     OBJ =  0.50196565E+00
     ITER =  151     OBJ =  0.50196644E+00
     ITER =  152     OBJ =  0.50196654E+00
     ITER =  153     OBJ =  0.50196732E+00
     ITER =  154     OBJ =  0.50196742E+00
     ITER =  155     OBJ =  0.50196820E+00
     ITER =  156     OBJ =  0.50196831E+00
     ITER =  157     OBJ =  0.50196908E+00
     ITER =  158     OBJ =  0.50196920E+00
     ITER =  159     OBJ =  0.50196996E+00
     ITER =  160     OBJ =  0.50197008E+00
     ITER =  161     OBJ =  0.50197084E+00
     ITER =  162     OBJ =  0.50197097E+00
     ITER =  163     OBJ =  0.50197172E+00
     ITER =  164     OBJ =  0.50197186E+00
     ITER =  165     OBJ =  0.50197260E+00
     ITER =  166     OBJ =  0.50197274E+00
     ITER =  167     OBJ =  0.50197348E+00
     ITER =  168     OBJ =  0.50197363E+00
     ITER =  169     OBJ =  0.50197435E+00
     ITER =  170     OBJ =  0.50197451E+00
     ITER =  171     OBJ =  0.50197523E+00
     ITER =  172     OBJ =  0.50197540E+00
     ITER =  173     OBJ =  0.50197612E+00
     ITER =  174     OBJ =  0.50197630E+00
     ITER =  175     OBJ =  0.50197699E+00
     ITER =  176     OBJ =  0.50197713E+00
     ITER =  177     OBJ =  0.50197786E+00
     ITER =  178     OBJ =  0.50197803E+00
     ITER =  179     OBJ =  0.50197872E+00
     ITER =  180     OBJ =  0.50197900E+00
     ITER =  181     OBJ =  0.50197969E+00
     ITER =  182     OBJ =  0.50198001E+00
     ITER =  184     OBJ =  0.50198070E+00
     ITER =  185     OBJ =  0.50198070E+00
     ITER =  186     OBJ =  0.50198070E+00
     ITER =  187     OBJ =  0.50198070E+00
     ITER =  188     OBJ =  0.50198070E+00
     ITER =  189     OBJ =  0.50202472E+00
     ITER =  190     OBJ =  0.50202676E+00
     ITER =  191     OBJ =  0.50202605E+00
     ITER =  192     OBJ =  0.50202738E+00
     ITER =  193     OBJ =  0.50202670E+00
     ITER =  194     OBJ =  0.50202802E+00
     ITER =  195     OBJ =  0.50202735E+00
     ITER =  196     OBJ =  0.50202865E+00
     ITER =  197     OBJ =  0.50202798E+00
     ITER =  198     OBJ =  0.50202927E+00
     ITER =  199     OBJ =  0.50202860E+00
     ITER =  200     OBJ =  0.50202988E+00
     ITER =  201     OBJ =  0.50202922E+00
     ITER =  202     OBJ =  0.50203048E+00
     ITER =  203     OBJ =  0.50202982E+00
     ITER =  204     OBJ =  0.50203107E+00
     ITER =  205     OBJ =  0.50203042E+00
     ITER =  206     OBJ =  0.50203166E+00
     ITER =  207     OBJ =  0.50203102E+00
     ITER =  208     OBJ =  0.50203224E+00
     ITER =  209     OBJ =  0.50203162E+00
     ITER =  210     OBJ =  0.50203283E+00
     ITER =  211     OBJ =  0.50203223E+00
     ITER =  212     OBJ =  0.50203343E+00
     ITER =  213     OBJ =  0.50203285E+00
     ITER =  214     OBJ =  0.50203403E+00
     ITER =  215     OBJ =  0.50203347E+00
     ITER =  216     OBJ =  0.50203464E+00
     ITER =  217     OBJ =  0.50203409E+00
     ITER =  218     OBJ =  0.50203525E+00
     ITER =  219     OBJ =  0.50203472E+00
     ITER =  220     OBJ =  0.50203586E+00
     ITER =  221     OBJ =  0.50203535E+00
     ITER =  222     OBJ =  0.50203648E+00
     ITER =  223     OBJ =  0.50203598E+00
     ITER =  224     OBJ =  0.50203711E+00
     ITER =  225     OBJ =  0.50203662E+00
     ITER =  226     OBJ =  0.50203773E+00
     ITER =  227     OBJ =  0.50203727E+00
     ITER =  228     OBJ =  0.50203836E+00
     ITER =  229     OBJ =  0.50203791E+00
     ITER =  230     OBJ =  0.50203900E+00
     ITER =  231     OBJ =  0.50203856E+00
     ITER =  232     OBJ =  0.50203964E+00
     ITER =  233     OBJ =  0.50203922E+00
     ITER =  234     OBJ =  0.50204028E+00
     ITER =  235     OBJ =  0.50203988E+00
     ITER =  236     OBJ =  0.50204092E+00
     ITER =  237     OBJ =  0.50204054E+00
     ITER =  238     OBJ =  0.50204155E+00
     ITER =  239     OBJ =  0.50204119E+00
     ITER =  240     OBJ =  0.50204219E+00
     ITER =  241     OBJ =  0.50204185E+00
     ITER =  242     OBJ =  0.50204282E+00
     ITER =  243     OBJ =  0.50204250E+00
     ITER =  244     OBJ =  0.50204346E+00
     ITER =  245     OBJ =  0.50204315E+00
     ITER =  246     OBJ =  0.50204409E+00
     ITER =  247     OBJ =  0.50204380E+00
     ITER =  248     OBJ =  0.50204472E+00
     ITER =  249     OBJ =  0.50204445E+00
     ITER =  250     OBJ =  0.50204535E+00
     ITER =  251     OBJ =  0.50204509E+00
     ITER =  252     OBJ =  0.50204598E+00
     ITER =  253     OBJ =  0.50204574E+00
     ITER =  254     OBJ =  0.50204661E+00
     ITER =  255     OBJ =  0.50204638E+00
     ITER =  256     OBJ =  0.50204724E+00
     ITER =  257     OBJ =  0.50204702E+00
     ITER =  258     OBJ =  0.50204787E+00
     ITER =  259     OBJ =  0.50204767E+00
     ITER =  260     OBJ =  0.50204850E+00
     ITER =  261     OBJ =  0.50204831E+00
     ITER =  262     OBJ =  0.50204913E+00
     ITER =  263     OBJ =  0.50204895E+00
     ITER =  264     OBJ =  0.50204975E+00
     ITER =  265     OBJ =  0.50204959E+00
     ITER =  266     OBJ =  0.50205038E+00
     ITER =  267     OBJ =  0.50205023E+00
     ITER =  268     OBJ =  0.50205101E+00
     ITER =  269     OBJ =  0.50205086E+00
     ITER =  270     OBJ =  0.50205164E+00
     ITER =  271     OBJ =  0.50205150E+00
     ITER =  272     OBJ =  0.50205226E+00
     ITER =  273     OBJ =  0.50205214E+00
     ITER =  274     OBJ =  0.50205289E+00
     ITER =  275     OBJ =  0.50205278E+00
     ITER =  276     OBJ =  0.50205352E+00
     ITER =  277     OBJ =  0.50205342E+00
     ITER =  278     OBJ =  0.50205415E+00
     ITER =  279     OBJ =  0.50205405E+00
     ITER =  280     OBJ =  0.50205478E+00
     ITER =  281     OBJ =  0.50205469E+00
     ITER =  282     OBJ =  0.50205541E+00
     ITER =  283     OBJ =  0.50205533E+00
     ITER =  284     OBJ =  0.50205604E+00
     ITER =  285     OBJ =  0.50205597E+00
     ITER =  286     OBJ =  0.50205667E+00
     ITER =  287     OBJ =  0.50205661E+00
     ITER =  288     OBJ =  0.50205730E+00
     ITER =  289     OBJ =  0.50205724E+00
     ITER =  290     OBJ =  0.50205793E+00
     ITER =  291     OBJ =  0.50205788E+00
     ITER =  292     OBJ =  0.50205856E+00
     ITER =  293     OBJ =  0.50205853E+00
     ITER =  294     OBJ =  0.50205920E+00
     ITER =  295     OBJ =  0.50205917E+00
     ITER =  296     OBJ =  0.50205983E+00
     ITER =  297     OBJ =  0.50205981E+00
     ITER =  298     OBJ =  0.50206047E+00
     ITER =  299     OBJ =  0.50206045E+00
     ITER =  300     OBJ =  0.50206111E+00
     ITER =  301     OBJ =  0.50206110E+00
     ITER =  302     OBJ =  0.50206175E+00
     ITER =  303     OBJ =  0.50206174E+00
     ITER =  304     OBJ =  0.50206239E+00
     ITER =  305     OBJ =  0.50206240E+00
     ITER =  306     OBJ =  0.50206303E+00
     ITER =  307     OBJ =  0.50206303E+00
     ITER =  308     OBJ =  0.50206369E+00
     ITER =  309     OBJ =  0.50206372E+00
     ITER =  310     OBJ =  0.50206432E+00
     ITER =  311     OBJ =  0.50206430E+00
     ITER =  312     OBJ =  0.50206501E+00
     ITER =  313     OBJ =  0.50206509E+00
     ITER =  314     OBJ =  0.50206559E+00
     ITER =  315     OBJ =  0.50206558E+00
     ITER =  316     OBJ =  0.50206628E+00
     ITER =  317     OBJ =  0.50206638E+00
     ITER =  318     OBJ =  0.50206687E+00
     ITER =  319     OBJ =  0.50206688E+00
     ITER =  320     OBJ =  0.50206756E+00
     ITER =  321     OBJ =  0.50206765E+00
     ITER =  322     OBJ =  0.50206815E+00
     ITER =  323     OBJ =  0.50206817E+00
     ITER =  324     OBJ =  0.50206884E+00
     ITER =  325     OBJ =  0.50206894E+00
     ITER =  326     OBJ =  0.50206944E+00
     ITER =  327     OBJ =  0.50206947E+00
     ITER =  328     OBJ =  0.50207013E+00
     ITER =  329     OBJ =  0.50207023E+00
     ITER =  330     OBJ =  0.50207074E+00
     ITER =  331     OBJ =  0.50207079E+00
     ITER =  332     OBJ =  0.50207142E+00
     ITER =  333     OBJ =  0.50207153E+00
     ITER =  334     OBJ =  0.50207205E+00
     ITER =  335     OBJ =  0.50207212E+00
     ITER =  336     OBJ =  0.50207274E+00
     ITER =  337     OBJ =  0.50207283E+00
     ITER =  338     OBJ =  0.50207340E+00
     ITER =  339     OBJ =  0.50207348E+00
     ITER =  340     OBJ =  0.50207409E+00
     ITER =  341     OBJ =  0.50207417E+00
     ITER =  342     OBJ =  0.50207477E+00
     ITER =  343     OBJ =  0.50207487E+00
     ITER =  344     OBJ =  0.50207546E+00
     ITER =  345     OBJ =  0.50207556E+00
     ITER =  346     OBJ =  0.50207614E+00
     ITER =  347     OBJ =  0.50207625E+00
     ITER =  348     OBJ =  0.50207683E+00
     ITER =  349     OBJ =  0.50207694E+00
     ITER =  350     OBJ =  0.50207751E+00
     ITER =  351     OBJ =  0.50207763E+00
     ITER =  352     OBJ =  0.50207819E+00
     ITER =  353     OBJ =  0.50207832E+00
     ITER =  354     OBJ =  0.50207887E+00
     ITER =  355     OBJ =  0.50207889E+00
     ITER =  356     OBJ =  0.50207892E+00
     ITER =  357     OBJ =  0.50209746E+00
     ITER =  358     OBJ =  0.50209611E+00
     ITER =  359     OBJ =  0.50209520E+00
     ITER =  360     OBJ =  0.50209520E+00
     ITER =  361     OBJ =  0.50209519E+00
     ITER =  362     OBJ =  0.50209524E+00
     ITER =  363     OBJ =  0.50209521E+00
     ITER =  364     OBJ =  0.50209532E+00
     ITER =  365     OBJ =  0.50209518E+00
     ITER =  366     OBJ =  0.50209563E+00
     ITER =  367     OBJ =  0.50209550E+00
     ITER =  368     OBJ =  0.50209593E+00
     ITER =  369     OBJ =  0.50209581E+00
     ITER =  370     OBJ =  0.50209622E+00
     ITER =  371     OBJ =  0.50209611E+00
     ITER =  372     OBJ =  0.50209652E+00
     ITER =  373     OBJ =  0.50209641E+00
     ITER =  374     OBJ =  0.50209681E+00
     ITER =  375     OBJ =  0.50209672E+00
     ITER =  376     OBJ =  0.50209710E+00
     ITER =  377     OBJ =  0.50209701E+00
     ITER =  378     OBJ =  0.50209740E+00
     ITER =  379     OBJ =  0.50209731E+00
     ITER =  380     OBJ =  0.50209769E+00
     ITER =  381     OBJ =  0.50209761E+00
     ITER =  382     OBJ =  0.50209798E+00
     ITER =  383     OBJ =  0.50209790E+00
     ITER =  384     OBJ =  0.50209826E+00
     ITER =  385     OBJ =  0.50209820E+00
     ITER =  386     OBJ =  0.50209855E+00
     ITER =  387     OBJ =  0.50209849E+00
     ITER =  388     OBJ =  0.50209884E+00
     ITER =  389     OBJ =  0.50209878E+00
     ITER =  390     OBJ =  0.50209912E+00
     ITER =  391     OBJ =  0.50209907E+00
     ITER =  392     OBJ =  0.50209941E+00
     ITER =  393     OBJ =  0.50209936E+00
     ITER =  394     OBJ =  0.50209969E+00
     ITER =  395     OBJ =  0.50209965E+00
     ITER =  396     OBJ =  0.50209997E+00
     ITER =  397     OBJ =  0.50209994E+00
     ITER =  398     OBJ =  0.50210025E+00
     ITER =  399     OBJ =  0.50210023E+00
     ITER =  400     OBJ =  0.50210053E+00
     ITER =  401     OBJ =  0.50210051E+00
     ITER =  402     OBJ =  0.50210081E+00
     ITER =  403     OBJ =  0.50210080E+00
     ITER =  404     OBJ =  0.50210109E+00
     ITER =  405     OBJ =  0.50210108E+00
     ITER =  406     OBJ =  0.50210137E+00
     ITER =  407     OBJ =  0.50210136E+00
     ITER =  408     OBJ =  0.50210165E+00
     ITER =  409     OBJ =  0.50210164E+00
     ITER =  410     OBJ =  0.50210192E+00
     ITER =  411     OBJ =  0.50210192E+00
     ITER =  412     OBJ =  0.50210220E+00
     ITER =  413     OBJ =  0.50210220E+00
     ITER =  414     OBJ =  0.50210247E+00
     ITER =  415     OBJ =  0.50210248E+00
     ITER =  416     OBJ =  0.50210274E+00
     ITER =  417     OBJ =  0.50210275E+00
     ITER =  418     OBJ =  0.50210301E+00
     ITER =  419     OBJ =  0.50210303E+00
     ITER =  420     OBJ =  0.50210328E+00
     ITER =  421     OBJ =  0.50210328E+00
     ITER =  422     OBJ =  0.50210329E+00
     ITER =  423     OBJ =  0.50210329E+00
     ITER =  424     OBJ =  0.50210329E+00
     ITER =  425     OBJ =  0.50210329E+00
     ITER =  426     OBJ =  0.50210331E+00
     ITER =  427     OBJ =  0.50210331E+00
     ITER =  428     OBJ =  0.50210331E+00
     ITER =  429     OBJ =  0.50210331E+00
     ITER =  430     OBJ =  0.50210331E+00
     ITER =  431     OBJ =  0.50210332E+00
     ITER =  432     OBJ =  0.50210334E+00
     ITER =  433     OBJ =  0.50210334E+00
     ITER =  434     OBJ =  0.50210334E+00
     ITER =  435     OBJ =  0.50210334E+00
     ITER =  436     OBJ =  0.50210334E+00
     ITER =  437     OBJ =  0.50210334E+00
     ITER =  438     OBJ =  0.50210334E+00
     ITER =  439     OBJ =  0.50210958E+00
     ITER =  440     OBJ =  0.50210990E+00
        NUMBER OF FUNC-CALLS:  NFUNC =3035
        NUMBER OF GRAD-CALLS:  NGRAD = 439
