



   ---------------------------------------------------------------------------
     START OF THE SEQUENTIAL LEAST SQUARES PROGRAMMING ALGORIT  
   ---------------------------------------------------------------------------

     PARAMETERS:
        ACC =   0.1000D-02
        MAXITER =500
        IPRINT =   1
IOUT =   6


     ITER =    1     OBJ =  0.31801935E+00
     ITER =    2     OBJ =  0.27242079E+00
     ITER =    3     OBJ =  0.26858848E+00
     ITER =    4     OBJ =  0.27091524E+00
     ITER =    5     OBJ =  0.27068922E+00
     ITER =    6     OBJ =  0.27067758E+00
     ITER =    7     OBJ =  0.26501570E+00
     ITER =    8     OBJ =  0.26490851E+00
     ITER =    9     OBJ =  0.26427273E+00
     ITER =   10     OBJ =  0.26340640E+00
     ITER =   11     OBJ =  0.26312166E+00
     ITER =   12     OBJ =  0.26284263E+00
     ITER =   13     OBJ =  0.26248144E+00
     ITER =   14     OBJ =  0.26161658E+00
     ITER =   15     OBJ =  0.26166065E+00
     ITER =   16     OBJ =  0.26185308E+00
     ITER =   17     OBJ =  0.26190793E+00
     ITER =   18     OBJ =  0.26191471E+00
     ITER =   19     OBJ =  0.26191421E+00
     ITER =   20     OBJ =  0.26191435E+00
     ITER =   21     OBJ =  0.26191513E+00
     ITER =   22     OBJ =  0.26191582E+00
     ITER =   23     OBJ =  0.26191583E+00
     ITER =   24     OBJ =  0.26191589E+00
     ITER =   25     OBJ =  0.26191600E+00
     ITER =   26     OBJ =  0.26191610E+00
     ITER =   27     OBJ =  0.26191626E+00
     ITER =   28     OBJ =  0.26198705E+00
     ITER =   29     OBJ =  0.26209750E+00
        NUMBER OF FUNC-CALLS:  NFUNC = 108
        NUMBER OF GRAD-CALLS:  NGRAD =  30
