



   ---------------------------------------------------------------------------
     START OF THE SEQUENTIAL LEAST SQUARES PROGRAMMING ALGORIT  
   ---------------------------------------------------------------------------

     PARAMETERS:
        ACC =   0.1000D-02
        MAXITER =500
        IPRINT =   1
IOUT =   6


     ITER =    1     OBJ =  0.50770879E+00
     ITER =    2     OBJ =  0.58994543E+00
     ITER =    3     OBJ =  0.63902354E+00
     ITER =    4     OBJ =  0.57233371E+00
     ITER =    5     OBJ =  0.57724304E+00
     ITER =    6     OBJ =  0.59309443E+00
     ITER =    7     OBJ =  0.62076358E+00
     ITER =    8     OBJ =  0.64287669E+00
     ITER =    9     OBJ =  0.67389755E+00
     ITER =   10     OBJ =  0.70629613E+00
     ITER =   11     OBJ =  0.70450815E+00
     ITER =   12     OBJ =  0.70474548E+00
     ITER =   13     OBJ =  0.69233143E+00
     ITER =   14     OBJ =  0.69076737E+00
     ITER =   15     OBJ =  0.68778690E+00
     ITER =   16     OBJ =  0.68904367E+00
     ITER =   17     OBJ =  0.68614688E+00
     ITER =   18     OBJ =  0.68335184E+00
     ITER =   19     OBJ =  0.68171252E+00
     ITER =   20     OBJ =  0.68051190E+00
     ITER =   21     OBJ =  0.68067361E+00
     ITER =   22     OBJ =  0.68067361E+00
     ITER =   23     OBJ =  0.68067361E+00
     ITER =   24     OBJ =  0.68067361E+00
     ITER =   25     OBJ =  0.68067361E+00
     ITER =   26     OBJ =  0.68067361E+00
     ITER =   27     OBJ =  0.68067361E+00
     ITER =   28     OBJ =  0.68055384E+00
     ITER =   29     OBJ =  0.68088303E+00
        NUMBER OF FUNC-CALLS:  NFUNC = 119
        NUMBER OF GRAD-CALLS:  NGRAD =  30
