



   ---------------------------------------------------------------------------
     START OF THE SEQUENTIAL LEAST SQUARES PROGRAMMING ALGORIT  
   ---------------------------------------------------------------------------

     PARAMETERS:
        ACC =   0.1000D-01
        MAXITER =500
        IPRINT =   1
IOUT =   6


     ITER =    1     OBJ =  0.33287625E+00
     ITER =    2     OBJ =  0.28315900E+00
     ITER =    3     OBJ =  0.25254861E+00
     ITER =    4     OBJ =  0.26779479E+00
     ITER =    5     OBJ =  0.26481167E+00
     ITER =    6     OBJ =  0.27454342E+00
     ITER =    7     OBJ =  0.27106585E+00
     ITER =    8     OBJ =  0.27777906E+00
     ITER =    9     OBJ =  0.27762046E+00
     ITER =   10     OBJ =  0.27758341E+00
     ITER =   11     OBJ =  0.27764243E+00
     ITER =   12     OBJ =  0.27767710E+00
     ITER =   13     OBJ =  0.27766038E+00
     ITER =   14     OBJ =  0.27766038E+00
     ITER =   15     OBJ =  0.27766038E+00
     ITER =   16     OBJ =  0.27766038E+00
     ITER =   17     OBJ =  0.27766038E+00
     ITER =   18     OBJ =  0.27766038E+00
     ITER =   19     OBJ =  0.27766038E+00
     ITER =   20     OBJ =  0.27766038E+00
     ITER =   21     OBJ =  0.27766038E+00
     ITER =   22     OBJ =  0.27766038E+00
     ITER =   23     OBJ =  0.27766038E+00
     ITER =   24     OBJ =  0.27766038E+00
        NUMBER OF FUNC-CALLS:  NFUNC = 147
        NUMBER OF GRAD-CALLS:  NGRAD =  25
