



   ---------------------------------------------------------------------------
     START OF THE SEQUENTIAL LEAST SQUARES PROGRAMMING ALGORIT  
   ---------------------------------------------------------------------------

     PARAMETERS:
        ACC =   0.1000D-02
        MAXITER =500
        IPRINT =   1
IOUT =   6


     ITER =    1     OBJ =  0.69839478E+00
     ITER =    2     OBJ =  0.78770360E+00
     ITER =    3     OBJ =  0.98981544E+00
     ITER =    4     OBJ =  0.98620421E+00
     ITER =    5     OBJ =  0.10552561E+01
     ITER =    6     OBJ =  0.10752804E+01
     ITER =    7     OBJ =  0.10857984E+01
     ITER =    8     OBJ =  0.10869196E+01
     ITER =    9     OBJ =  0.11234664E+01
     ITER =   10     OBJ =  0.11230335E+01
     ITER =   11     OBJ =  0.11224840E+01
     ITER =   12     OBJ =  0.11217540E+01
     ITER =   13     OBJ =  0.11214559E+01
     ITER =   14     OBJ =  0.11210959E+01
     ITER =   15     OBJ =  0.11206981E+01
     ITER =   16     OBJ =  0.11202758E+01
     ITER =   17     OBJ =  0.11198168E+01
     ITER =   18     OBJ =  0.11191114E+01
     ITER =   19     OBJ =  0.11180836E+01
     ITER =   20     OBJ =  0.11179199E+01
     ITER =   21     OBJ =  0.11179199E+01
     ITER =   22     OBJ =  0.11196767E+01
        NUMBER OF FUNC-CALLS:  NFUNC =  69
        NUMBER OF GRAD-CALLS:  NGRAD =  23
