



   ---------------------------------------------------------------------------
     START OF THE SEQUENTIAL LEAST SQUARES PROGRAMMING ALGORIT  
   ---------------------------------------------------------------------------

     PARAMETERS:
        ACC =   0.1000D-02
        MAXITER =500
        IPRINT =   1
IOUT =   6


     ITER =    1     OBJ =  0.28908649E+00
     ITER =    2     OBJ =  0.20006109E+00
     ITER =    3     OBJ =  0.23581641E+00
     ITER =    4     OBJ =  0.23711992E+00
     ITER =    5     OBJ =  0.23585536E+00
     ITER =    6     OBJ =  0.23676875E+00
     ITER =    7     OBJ =  0.24096373E+00
     ITER =    8     OBJ =  0.23778230E+00
     ITER =    9     OBJ =  0.23229174E+00
     ITER =   10     OBJ =  0.23032199E+00
     ITER =   11     OBJ =  0.22477184E+00
     ITER =   12     OBJ =  0.22463345E+00
     ITER =   13     OBJ =  0.22462416E+00
     ITER =   14     OBJ =  0.22375974E+00
     ITER =   15     OBJ =  0.22342100E+00
     ITER =   16     OBJ =  0.22285480E+00
     ITER =   17     OBJ =  0.22296933E+00
     ITER =   18     OBJ =  0.22250325E+00
     ITER =   19     OBJ =  0.22182070E+00
     ITER =   20     OBJ =  0.22177116E+00
     ITER =   21     OBJ =  0.22153946E+00
        NUMBER OF FUNC-CALLS:  NFUNC =  43
        NUMBER OF GRAD-CALLS:  NGRAD =  22
