
         ==============================
         S N O P T  7.6.0    (Jan 2017)
         ==============================
      Function precision  1.00000000E-12
      Difference interval  1.00000000E-06
      Central difference interval  1.00000000E-04
      Derivative level               3
1
 
 SNMEMB EXIT 100 -- finished successfully
 SNMEMB INFO 104 -- memory requirements estimated

         ==============================
         S N O P T  7.6.0    (Jan 2017)
         ==============================
      Function precision  1.00000000E-12
      Difference interval  1.00000000E-06
      Central difference interval  1.00000000E-04
      Derivative level               3
1
 
 Parameters
 ==========

 Files
 -----
 Solution file..........         0       Old basis file ........         0       Standard input.........         5
 Insert file............         0       New basis file ........         0       (Printer)..............        18
 Punch file.............         0       Backup basis file......         0       (Specs file)...........         0
 Load file..............         0       Dump file..............         0       Standard output........         6

 Frequencies
 -----------
 Print frequency........       100       Check frequency........        60       Save new basis map.....       100
 Summary frequency......       100       Factorization frequency        50       Expand frequency.......     10000

 QP subproblems
 --------------
 QPsolver Cholesky......
 Scale tolerance........     0.900       Minor feasibility tol..  1.00E-06       Iteration limit........     10000
 Scale option...........         0       Minor optimality  tol..  1.00E-06       Minor print level......         1
 Crash tolerance........     0.100       Pivot tolerance........  3.25E-11       New superbasics........        99
 Crash option...........         3       Elastic weight.........  1.00E+05

 Partial pricing
 ---------------
 LP Partial price.......         1       Prtl price section ( A)         9       Prtl price section (-I)         6
 QP Partial price.......         1       Prtl price section ( A)         9       Prtl price section (-I)         6

 The SQP Method
 --------------
 Minimize...............                 Cold start.............                 Proximal Point method..         1
 Nonlinear objectiv vars         9       Major optimality tol...  3.16E-06       Function precision.....  1.00E-12
 Unbounded step size....  1.00E+20       Superbasics limit......         9       Difference interval....  1.00E-06
 Unbounded objective....  1.00E+10       Reduced Hessian dim....         9       Central difference int.  1.00E-04
 Major step limit.......  2.00E+00       Derivative linesearch..                 Derivative level.......         3
 Major iterations limit.      1000       Linesearch tolerance...   0.90000       Verify level...........         0
 Minor iterations limit.       500       Penalty parameter......  0.00E+00       Major Print Level......         1
 Time limit (secs)...... 9999999.0

 Hessian Approximation
 ---------------------
 Hessian full-memory....                 Hessian updates........  99999999       Hessian frequency......  99999999
                                                                                 Hessian flush..........  99999999

 Nonlinear constraints
 ---------------------
 Nonlinear constraints..         6       Major feasibility tol..  1.00E-06       Violation limit........  1.00E+01
 Nonlinear Jacobian vars         9

 Miscellaneous
 -------------
 LU factor tolerance....      3.99       LU singularity tol.....  3.25E-11       Timing level...........         3
 LU update tolerance....      3.99       LU swap tolerance......  1.22E-04       Debug level............         0
 LU partial  pivoting...                 eps (machine precision)  2.22E-16       System information.....        No
                                                                                 Sticky parameters......        No
1
 

 

 Matrix statistics
 -----------------
               Total      Normal        Free       Fixed     Bounded
 Rows              6           6           0           0           0
 Columns           9           0           0           0           9

 No. of matrix elements                   54     Density     100.000
 Biggest  constant element        0.0000E+00  (excluding fixed columns,
 Smallest constant element        0.0000E+00   free rows, and RHS)

 No. of objective coefficients             0

 Nonlinear constraints       6     Linear constraints       0
 Nonlinear variables         9     Linear variables         0
 Jacobian  variables         9     Objective variables      9
 Total constraints           6     Total variables          9
1
 

 
 The user has defined      54   out of      54   constraint gradients.
 The user has defined       9   out of       9   objective  gradients.

 Cheap test of user-supplied problem derivatives...

 XXX  The constraint gradients seem to be incorrect.

 -->  The largest discrepancy was    1.69E-01  in constraint    15
 

 The objective  gradients seem to be OK.

 Gradient projected in one direction   5.48152144609E+02
 Difference approximation              5.31299865703E+02
1
 
 

   Itns Major Minors    Step   nCon Feasible  Optimal  MeritFunction     L+U BSwap     nS condZHZ Penalty
     12     0     12              1  3.1E-02  1.4E-02  9.1393504E-01      16            7 1.1E+03         _  r
