



   ---------------------------------------------------------------------------
     START OF THE SEQUENTIAL LEAST SQUARES PROGRAMMING ALGORIT  
   ---------------------------------------------------------------------------

     PARAMETERS:
        ACC =   0.1000D-01
        MAXITER =500
        IPRINT =   1
IOUT =   6


     ITER =    1     OBJ =  0.45517867E+00
     ITER =    2     OBJ =  0.46457514E+00
     ITER =    3     OBJ =  0.44861530E+00
     ITER =    4     OBJ =  0.45506970E+00
     ITER =    5     OBJ =  0.61849751E+00
     ITER =    6     OBJ =  0.62653394E+00
     ITER =    7     OBJ =  0.58855310E+00
     ITER =    8     OBJ =  0.61282582E+00
     ITER =    9     OBJ =  0.60412269E+00
     ITER =   10     OBJ =  0.60176066E+00
     ITER =   11     OBJ =  0.60168404E+00
     ITER =   12     OBJ =  0.59866327E+00
     ITER =   13     OBJ =  0.59806502E+00
     ITER =   14     OBJ =  0.59774177E+00
     ITER =   15     OBJ =  0.59777111E+00
     ITER =   16     OBJ =  0.59777111E+00
     ITER =   17     OBJ =  0.59749915E+00
     ITER =   18     OBJ =  0.59746037E+00
     ITER =   19     OBJ =  0.59766095E+00
        NUMBER OF FUNC-CALLS:  NFUNC =  65
        NUMBER OF GRAD-CALLS:  NGRAD =  20
