



   ---------------------------------------------------------------------------
     START OF THE SEQUENTIAL LEAST SQUARES PROGRAMMING ALGORIT  
   ---------------------------------------------------------------------------

     PARAMETERS:
        ACC =   0.1000D-02
        MAXITER =500
        IPRINT =   1
IOUT =   6


     ITER =    1     OBJ =  0.12628904E+01
     ITER =    2     OBJ =  0.12696996E+01
     ITER =    3     OBJ =  0.12058928E+01
     ITER =    4     OBJ =  0.13023098E+01
     ITER =    5     OBJ =  0.12739755E+01
     ITER =    6     OBJ =  0.12578863E+01
     ITER =    7     OBJ =  0.12606493E+01
     ITER =    8     OBJ =  0.12606493E+01
     ITER =    9     OBJ =  0.12563461E+01
     ITER =   10     OBJ =  0.12607196E+01
     ITER =   11     OBJ =  0.12571817E+01
     ITER =   12     OBJ =  0.12619812E+01
     ITER =   13     OBJ =  0.12682779E+01
     ITER =   14     OBJ =  0.12671508E+01
     ITER =   15     OBJ =  0.12642541E+01
     ITER =   16     OBJ =  0.12627808E+01
     ITER =   17     OBJ =  0.12609461E+01
        NUMBER OF FUNC-CALLS:  NFUNC =  70
        NUMBER OF GRAD-CALLS:  NGRAD =  18
