



   ---------------------------------------------------------------------------
     START OF THE SEQUENTIAL LEAST SQUARES PROGRAMMING ALGORIT  
   ---------------------------------------------------------------------------

     PARAMETERS:
        ACC =   0.1000D-02
        MAXITER =500
        IPRINT =   1
IOUT =   6


     ITER =    1     OBJ =  0.92146030E+00
     ITER =    2     OBJ =  0.92599101E+00
     ITER =    3     OBJ =  0.92089236E+00
     ITER =    4     OBJ =  0.89834223E+00
     ITER =    5     OBJ =  0.90908964E+00
     ITER =    6     OBJ =  0.94715088E+00
     ITER =    7     OBJ =  0.93151831E+00
     ITER =    8     OBJ =  0.91420094E+00
     ITER =    9     OBJ =  0.89913819E+00
     ITER =   10     OBJ =  0.89587040E+00
     ITER =   11     OBJ =  0.88961135E+00
     ITER =   12     OBJ =  0.89009056E+00
     ITER =   13     OBJ =  0.89009056E+00
     ITER =   14     OBJ =  0.89009056E+00
     ITER =   15     OBJ =  0.89009056E+00
     ITER =   16     OBJ =  0.89009056E+00
     ITER =   17     OBJ =  0.89009056E+00
     ITER =   18     OBJ =  0.89009056E+00
     ITER =   19     OBJ =  0.89009056E+00
     ITER =   20     OBJ =  0.89009056E+00
     ITER =   21     OBJ =  0.89009056E+00
     ITER =   22     OBJ =  0.89009056E+00
     ITER =   23     OBJ =  0.89009056E+00
     ITER =   24     OBJ =  0.89009056E+00
     ITER =   25     OBJ =  0.89009056E+00
     ITER =   26     OBJ =  0.89009056E+00
     ITER =   27     OBJ =  0.89009056E+00
     ITER =   28     OBJ =  0.89009056E+00
     ITER =   29     OBJ =  0.89009056E+00
     ITER =   30     OBJ =  0.89009056E+00
     ITER =   31     OBJ =  0.89009056E+00
     ITER =   32     OBJ =  0.89009056E+00
     ITER =   33     OBJ =  0.89009056E+00
     ITER =   34     OBJ =  0.89009056E+00
     ITER =   35     OBJ =  0.89009056E+00
     ITER =   36     OBJ =  0.89009056E+00
     ITER =   37     OBJ =  0.89009056E+00
     ITER =   38     OBJ =  0.89009056E+00
     ITER =   39     OBJ =  0.89009056E+00
     ITER =   40     OBJ =  0.89009056E+00
     ITER =   41     OBJ =  0.89009056E+00
     ITER =   42     OBJ =  0.89009056E+00
     ITER =   43     OBJ =  0.89009056E+00
     ITER =   44     OBJ =  0.89009056E+00
     ITER =   45     OBJ =  0.89009056E+00
     ITER =   46     OBJ =  0.89009056E+00
     ITER =   47     OBJ =  0.89009056E+00
     ITER =   48     OBJ =  0.89009056E+00
     ITER =   49     OBJ =  0.89009056E+00
     ITER =   50     OBJ =  0.89009056E+00
     ITER =   51     OBJ =  0.89009056E+00
     ITER =   52     OBJ =  0.89009056E+00
     ITER =   53     OBJ =  0.89009056E+00
     ITER =   54     OBJ =  0.89009056E+00
     ITER =   55     OBJ =  0.89009056E+00
     ITER =   56     OBJ =  0.89009056E+00
     ITER =   57     OBJ =  0.89009056E+00
     ITER =   58     OBJ =  0.89009056E+00
     ITER =   59     OBJ =  0.89009056E+00
     ITER =   60     OBJ =  0.89009056E+00
     ITER =   61     OBJ =  0.89009056E+00
     ITER =   62     OBJ =  0.89009056E+00
     ITER =   63     OBJ =  0.89009056E+00
     ITER =   64     OBJ =  0.89009056E+00
     ITER =   65     OBJ =  0.89009056E+00
     ITER =   66     OBJ =  0.89009056E+00
     ITER =   67     OBJ =  0.89009056E+00
     ITER =   68     OBJ =  0.89009056E+00
     ITER =   69     OBJ =  0.89009056E+00
     ITER =   70     OBJ =  0.89009056E+00
     ITER =   71     OBJ =  0.89009056E+00
     ITER =   72     OBJ =  0.89009056E+00
     ITER =   73     OBJ =  0.89009056E+00
     ITER =   74     OBJ =  0.89009056E+00
     ITER =   75     OBJ =  0.89009056E+00
     ITER =   76     OBJ =  0.89009056E+00
     ITER =   77     OBJ =  0.89009056E+00
     ITER =   78     OBJ =  0.89009056E+00
     ITER =   79     OBJ =  0.89009056E+00
     ITER =   80     OBJ =  0.89009056E+00
     ITER =   81     OBJ =  0.89009056E+00
     ITER =   82     OBJ =  0.89009056E+00
     ITER =   83     OBJ =  0.89009056E+00
     ITER =   84     OBJ =  0.89009056E+00
     ITER =   85     OBJ =  0.89009056E+00
     ITER =   86     OBJ =  0.89009056E+00
     ITER =   87     OBJ =  0.89009056E+00
     ITER =   88     OBJ =  0.89009056E+00
     ITER =   89     OBJ =  0.89009056E+00
     ITER =   90     OBJ =  0.89009056E+00
     ITER =   91     OBJ =  0.89009056E+00
     ITER =   92     OBJ =  0.89009056E+00
     ITER =   93     OBJ =  0.89009056E+00
     ITER =   94     OBJ =  0.89009056E+00
     ITER =   95     OBJ =  0.89009056E+00
     ITER =   96     OBJ =  0.89009056E+00
     ITER =   97     OBJ =  0.89009056E+00
     ITER =   98     OBJ =  0.89009056E+00
     ITER =   99     OBJ =  0.89009056E+00
     ITER =  100     OBJ =  0.89009056E+00
     ITER =  101     OBJ =  0.89009056E+00
     ITER =  102     OBJ =  0.89009056E+00
     ITER =  103     OBJ =  0.89009056E+00
     ITER =  104     OBJ =  0.89009056E+00
     ITER =  105     OBJ =  0.89009056E+00
     ITER =  106     OBJ =  0.89009056E+00
     ITER =  107     OBJ =  0.89009056E+00
     ITER =  108     OBJ =  0.89009056E+00
     ITER =  109     OBJ =  0.89009056E+00
     ITER =  110     OBJ =  0.89009056E+00
     ITER =  111     OBJ =  0.89009056E+00
     ITER =  112     OBJ =  0.89009056E+00
     ITER =  113     OBJ =  0.89009056E+00
     ITER =  114     OBJ =  0.89009056E+00
     ITER =  115     OBJ =  0.89009056E+00
     ITER =  116     OBJ =  0.89009056E+00
     ITER =  117     OBJ =  0.89010114E+00
     ITER =  118     OBJ =  0.89009333E+00
     ITER =  119     OBJ =  0.89009052E+00
     ITER =  120     OBJ =  0.89009006E+00
     ITER =  121     OBJ =  0.89009001E+00
     ITER =  122     OBJ =  0.89009001E+00
     ITER =  123     OBJ =  0.89009001E+00
     ITER =  124     OBJ =  0.89009000E+00
     ITER =  125     OBJ =  0.89009000E+00
     ITER =  126     OBJ =  0.89009000E+00
     ITER =  127     OBJ =  0.89008998E+00
     ITER =  128     OBJ =  0.89008893E+00
     ITER =  129     OBJ =  0.89008887E+00
     ITER =  130     OBJ =  0.89008883E+00
     ITER =  131     OBJ =  0.89008882E+00
     ITER =  132     OBJ =  0.89008881E+00
     ITER =  133     OBJ =  0.89008881E+00
     ITER =  134     OBJ =  0.89008881E+00
     ITER =  135     OBJ =  0.89008881E+00
     ITER =  136     OBJ =  0.89008881E+00
     ITER =  137     OBJ =  0.89008881E+00
     ITER =  138     OBJ =  0.89008881E+00
     ITER =  139     OBJ =  0.89008881E+00
     ITER =  140     OBJ =  0.89008881E+00
     ITER =  141     OBJ =  0.89008881E+00
     ITER =  142     OBJ =  0.89008881E+00
     ITER =  143     OBJ =  0.89008881E+00
     ITER =  144     OBJ =  0.89008881E+00
     ITER =  145     OBJ =  0.89008881E+00
     ITER =  146     OBJ =  0.89008881E+00
     ITER =  147     OBJ =  0.89008881E+00
     ITER =  148     OBJ =  0.89008881E+00
     ITER =  149     OBJ =  0.89008881E+00
     ITER =  150     OBJ =  0.89008881E+00
     ITER =  151     OBJ =  0.89008881E+00
     ITER =  152     OBJ =  0.89008881E+00
     ITER =  153     OBJ =  0.89008881E+00
     ITER =  154     OBJ =  0.89008881E+00
     ITER =  155     OBJ =  0.89008881E+00
     ITER =  156     OBJ =  0.89008881E+00
     ITER =  157     OBJ =  0.89008881E+00
     ITER =  158     OBJ =  0.89008881E+00
     ITER =  159     OBJ =  0.89009027E+00
     ITER =  160     OBJ =  0.89008989E+00
     ITER =  161     OBJ =  0.89008932E+00
     ITER =  162     OBJ =  0.89008855E+00
     ITER =  163     OBJ =  0.89008847E+00
     ITER =  164     OBJ =  0.89008846E+00
     ITER =  165     OBJ =  0.89008846E+00
     ITER =  166     OBJ =  0.89008846E+00
     ITER =  167     OBJ =  0.89008846E+00
     ITER =  168     OBJ =  0.89008846E+00
     ITER =  169     OBJ =  0.89008846E+00
     ITER =  170     OBJ =  0.89008846E+00
     ITER =  171     OBJ =  0.89008846E+00
     ITER =  172     OBJ =  0.89008846E+00
     ITER =  173     OBJ =  0.89008846E+00
     ITER =  174     OBJ =  0.89008846E+00
     ITER =  175     OBJ =  0.89008846E+00
     ITER =  176     OBJ =  0.89008846E+00
     ITER =  177     OBJ =  0.89008846E+00
     ITER =  178     OBJ =  0.89008846E+00
     ITER =  179     OBJ =  0.89008846E+00
     ITER =  180     OBJ =  0.89008846E+00
     ITER =  181     OBJ =  0.89008846E+00
     ITER =  182     OBJ =  0.89008846E+00
     ITER =  183     OBJ =  0.89008846E+00
     ITER =  184     OBJ =  0.89008846E+00
     ITER =  185     OBJ =  0.89008846E+00
     ITER =  186     OBJ =  0.89008846E+00
     ITER =  187     OBJ =  0.89008846E+00
     ITER =  188     OBJ =  0.89008846E+00
     ITER =  189     OBJ =  0.89008846E+00
        NUMBER OF FUNC-CALLS:  NFUNC =1881
        NUMBER OF GRAD-CALLS:  NGRAD = 190
