



   ---------------------------------------------------------------------------
     START OF THE SEQUENTIAL LEAST SQUARES PROGRAMMING ALGORIT  
   ---------------------------------------------------------------------------

     PARAMETERS:
        ACC =   0.1000D-01
        MAXITER =500
        IPRINT =   1
IOUT =   6


     ITER =    1     OBJ =  0.17961694E+01
     ITER =    2     OBJ =  0.18066464E+01
     ITER =    3     OBJ =  0.14934162E+01
     ITER =    4     OBJ =  0.16584427E+01
     ITER =    5     OBJ =  0.17607424E+01
     ITER =    6     OBJ =  0.17832787E+01
     ITER =    7     OBJ =  0.18360075E+01
     ITER =    8     OBJ =  0.18526797E+01
     ITER =    9     OBJ =  0.19122662E+01
     ITER =   10     OBJ =  0.20343713E+01
     ITER =   11     OBJ =  0.21634606E+01
     ITER =   12     OBJ =  0.21690002E+01
     ITER =   13     OBJ =  0.21690002E+01
     ITER =   14     OBJ =  0.22421434E+01
     ITER =   15     OBJ =  0.23663510E+01
     ITER =   16     OBJ =  0.23540610E+01
     ITER =   17     OBJ =  0.23650383E+01
     ITER =   18     OBJ =  0.23532999E+01
     ITER =   19     OBJ =  0.23561930E+01
        NUMBER OF FUNC-CALLS:  NFUNC =  68
        NUMBER OF GRAD-CALLS:  NGRAD =  20
