



   ---------------------------------------------------------------------------
     START OF THE SEQUENTIAL LEAST SQUARES PROGRAMMING ALGORIT  
   ---------------------------------------------------------------------------

     PARAMETERS:
        ACC =   0.1000D-02
        MAXITER =500
        IPRINT =   1
IOUT =   6


     ITER =    1     OBJ =  0.43472614E+00
     ITER =    2     OBJ =  0.35753851E+00
     ITER =    3     OBJ =  0.30050751E+00
     ITER =    4     OBJ =  0.34599152E+00
     ITER =    5     OBJ =  0.35765588E+00
     ITER =    6     OBJ =  0.38619182E+00
     ITER =    7     OBJ =  0.38887786E+00
     ITER =    8     OBJ =  0.43697831E+00
     ITER =    9     OBJ =  0.55434126E+00
     ITER =   10     OBJ =  0.56116470E+00
     ITER =   11     OBJ =  0.56079988E+00
     ITER =   12     OBJ =  0.62688892E+00
     ITER =   13     OBJ =  0.61716188E+00
     ITER =   14     OBJ =  0.60844386E+00
     ITER =   15     OBJ =  0.60902915E+00
     ITER =   16     OBJ =  0.60893197E+00
     ITER =   17     OBJ =  0.61074559E+00
