



   ---------------------------------------------------------------------------
     START OF THE SEQUENTIAL LEAST SQUARES PROGRAMMING ALGORIT  
   ---------------------------------------------------------------------------

     PARAMETERS:
        ACC =   0.1000D-03
        MAXITER =500
        IPRINT =   1
IOUT =   6


     ITER =    1     OBJ =  0.38242637E+00
     ITER =    2     OBJ =  0.37983065E+00
     ITER =    3     OBJ =  0.39250056E+00
     ITER =    4     OBJ =  0.40209293E+00
     ITER =    5     OBJ =  0.39771074E+00
     ITER =    6     OBJ =  0.41819116E+00
     ITER =    7     OBJ =  0.42018146E+00
     ITER =    8     OBJ =  0.43061868E+00
     ITER =    9     OBJ =  0.43150304E+00
     ITER =   10     OBJ =  0.42459263E+00
     ITER =   11     OBJ =  0.42913398E+00
     ITER =   12     OBJ =  0.42710641E+00
     ITER =   13     OBJ =  0.42729636E+00
     ITER =   14     OBJ =  0.42729636E+00
     ITER =   15     OBJ =  0.42816884E+00
     ITER =   16     OBJ =  0.42706367E+00
     ITER =   17     OBJ =  0.42719918E+00
     ITER =   18     OBJ =  0.42762277E+00
        NUMBER OF FUNC-CALLS:  NFUNC =  55
        NUMBER OF GRAD-CALLS:  NGRAD =  19
