



   ---------------------------------------------------------------------------
     START OF THE SEQUENTIAL LEAST SQUARES PROGRAMMING ALGORIT  
   ---------------------------------------------------------------------------

     PARAMETERS:
        ACC =   0.1000D-01
        MAXITER =500
        IPRINT =   1
IOUT =   6


     ITER =    1     OBJ =  0.32698415E+00
     ITER =    2     OBJ =  0.29003192E+00
     ITER =    3     OBJ =  0.27250793E+00
     ITER =    4     OBJ =  0.27665858E+00
     ITER =    5     OBJ =  0.32253684E+00
     ITER =    6     OBJ =  0.34857761E+00
     ITER =    7     OBJ =  0.39155184E+00
     ITER =    8     OBJ =  0.39697187E+00
     ITER =    9     OBJ =  0.41661342E+00
     ITER =   10     OBJ =  0.44018273E+00
     ITER =   11     OBJ =  0.44227322E+00
     ITER =   12     OBJ =  0.44319287E+00
     ITER =   13     OBJ =  0.43984757E+00
     ITER =   14     OBJ =  0.44183792E+00
     ITER =   15     OBJ =  0.44110766E+00
     ITER =   16     OBJ =  0.44242789E+00
     ITER =   17     OBJ =  0.44265254E+00
     ITER =   18     OBJ =  0.45152732E+00
        NUMBER OF FUNC-CALLS:  NFUNC =  70
        NUMBER OF GRAD-CALLS:  NGRAD =  19
