



   ---------------------------------------------------------------------------
     START OF THE SEQUENTIAL LEAST SQUARES PROGRAMMING ALGORIT  
   ---------------------------------------------------------------------------

     PARAMETERS:
        ACC =   0.1000D-01
        MAXITER =500
        IPRINT =   1
IOUT =   6


     ITER =    1     OBJ =  0.54910603E+00
     ITER =    2     OBJ =  0.51186027E+00
     ITER =    3     OBJ =  0.54196313E+00
     ITER =    4     OBJ =  0.70701558E+00
     ITER =    5     OBJ =  0.71277662E+00
     ITER =    6     OBJ =  0.76541325E+00
     ITER =    7     OBJ =  0.10487752E+01
     ITER =    8     OBJ =  0.11755610E+01
     ITER =    9     OBJ =  0.13307511E+01
     ITER =   10     OBJ =  0.11538571E+01
     ITER =   11     OBJ =  0.11277831E+01
     ITER =   12     OBJ =  0.10330213E+01
     ITER =   13     OBJ =  0.10326196E+01
     ITER =   14     OBJ =  0.10249351E+01
     ITER =   15     OBJ =  0.99954086E+00
     ITER =   16     OBJ =  0.99955937E+00
     ITER =   17     OBJ =  0.99929451E+00
     ITER =   18     OBJ =  0.99814262E+00
     ITER =   19     OBJ =  0.99768615E+00
     ITER =   20     OBJ =  0.99759849E+00
     ITER =   21     OBJ =  0.99730021E+00
     ITER =   22     OBJ =  0.99727187E+00
     ITER =   23     OBJ =  0.99727113E+00
     ITER =   24     OBJ =  0.99178315E+00
     ITER =   25     OBJ =  0.99528286E+00
     ITER =   26     OBJ =  0.99415573E+00
     ITER =   27     OBJ =  0.99443933E+00
        NUMBER OF FUNC-CALLS:  NFUNC = 113
        NUMBER OF GRAD-CALLS:  NGRAD =  28
