



   ---------------------------------------------------------------------------
     START OF THE SEQUENTIAL LEAST SQUARES PROGRAMMING ALGORIT  
   ---------------------------------------------------------------------------

     PARAMETERS:
        ACC =   0.1000D-02
        MAXITER =500
        IPRINT =   1
IOUT =   6


     ITER =    1     OBJ =  0.39250393E+00
     ITER =    2     OBJ =  0.34030893E+00
     ITER =    3     OBJ =  0.35540986E+00
     ITER =    4     OBJ =  0.36898969E+00
     ITER =    5     OBJ =  0.36413506E+00
     ITER =    6     OBJ =  0.34837316E+00
     ITER =    7     OBJ =  0.33886298E+00
     ITER =    8     OBJ =  0.32826392E+00
     ITER =    9     OBJ =  0.32781090E+00
     ITER =   10     OBJ =  0.35925482E+00
     ITER =   11     OBJ =  0.35779238E+00
     ITER =   12     OBJ =  0.35722472E+00
     ITER =   13     OBJ =  0.35559229E+00
     ITER =   14     OBJ =  0.35555275E+00
     ITER =   15     OBJ =  0.35555275E+00
     ITER =   16     OBJ =  0.35555275E+00
     ITER =   17     OBJ =  0.35554272E+00
     ITER =   18     OBJ =  0.35550779E+00
     ITER =   19     OBJ =  0.35548012E+00
     ITER =   20     OBJ =  0.35548012E+00
     ITER =   21     OBJ =  0.35550034E+00
     ITER =   22     OBJ =  0.35547532E+00
        NUMBER OF FUNC-CALLS:  NFUNC =  99
        NUMBER OF GRAD-CALLS:  NGRAD =  23
