



   ---------------------------------------------------------------------------
     START OF THE SEQUENTIAL LEAST SQUARES PROGRAMMING ALGORIT  
   ---------------------------------------------------------------------------

     PARAMETERS:
        ACC =   0.1000D-02
        MAXITER =500
        IPRINT =   1
IOUT =   6


     ITER =    1     OBJ =  0.64690298E+00
     ITER =    2     OBJ =  0.79021204E+00
     ITER =    3     OBJ =  0.75873272E+00
     ITER =    4     OBJ =  0.68795105E+00
     ITER =    5     OBJ =  0.73674217E+00
     ITER =    6     OBJ =  0.80098465E+00
     ITER =    7     OBJ =  0.75751954E+00
     ITER =    8     OBJ =  0.75841240E+00
     ITER =    9     OBJ =  0.81423429E+00
     ITER =   10     OBJ =  0.81425885E+00
     ITER =   11     OBJ =  0.81787199E+00
     ITER =   12     OBJ =  0.82255087E+00
     ITER =   13     OBJ =  0.82411979E+00
     ITER =   14     OBJ =  0.82460096E+00
     ITER =   15     OBJ =  0.82460200E+00
     ITER =   16     OBJ =  0.82429809E+00
     ITER =   17     OBJ =  0.82381764E+00
     ITER =   18     OBJ =  0.82359398E+00
     ITER =   19     OBJ =  0.82315245E+00
     ITER =   20     OBJ =  0.82149010E+00
     ITER =   21     OBJ =  0.82243772E+00
     ITER =   22     OBJ =  0.82129749E+00
     ITER =   23     OBJ =  0.82142096E+00
     ITER =   24     OBJ =  0.82142096E+00
     ITER =   25     OBJ =  0.82155398E+00
     ITER =   26     OBJ =  0.82141260E+00
     ITER =   27     OBJ =  0.82153705E+00
        NUMBER OF FUNC-CALLS:  NFUNC =  92
        NUMBER OF GRAD-CALLS:  NGRAD =  28
