



   ---------------------------------------------------------------------------
     START OF THE SEQUENTIAL LEAST SQUARES PROGRAMMING ALGORIT  
   ---------------------------------------------------------------------------

     PARAMETERS:
        ACC =   0.1000D-02
        MAXITER =500
        IPRINT =   1
IOUT =   6


     ITER =    1     OBJ =  0.11711635E+01
     ITER =    2     OBJ =  0.11251086E+01
     ITER =    3     OBJ =  0.13584604E+01
     ITER =    4     OBJ =  0.14716896E+01
     ITER =    5     OBJ =  0.14729065E+01
     ITER =    6     OBJ =  0.20309627E+01
     ITER =    7     OBJ =  0.24180833E+01
     ITER =    8     OBJ =  0.20673709E+01
     ITER =    9     OBJ =  0.18882506E+01
     ITER =   10     OBJ =  0.18824464E+01
     ITER =   11     OBJ =  0.19108011E+01
     ITER =   12     OBJ =  0.18723035E+01
     ITER =   13     OBJ =  0.18576396E+01
     ITER =   14     OBJ =  0.18274832E+01
     ITER =   15     OBJ =  0.17821833E+01
     ITER =   16     OBJ =  0.17423424E+01
     ITER =   17     OBJ =  0.17201757E+01
     ITER =   18     OBJ =  0.16825510E+01
     ITER =   19     OBJ =  0.16588129E+01
     ITER =   20     OBJ =  0.15073321E+01
     ITER =   21     OBJ =  0.13728046E+01
     ITER =   22     OBJ =  0.12865196E+01
     ITER =   23     OBJ =  0.14092990E+01
     ITER =   24     OBJ =  0.14429780E+01
     ITER =   25     OBJ =  0.13957345E+01
     ITER =   26     OBJ =  0.12479573E+01
     ITER =   27     OBJ =  0.11932894E+01
     ITER =   28     OBJ =  0.12209488E+01
     ITER =   29     OBJ =  0.11800572E+01
     ITER =   30     OBJ =  0.11938823E+01
     ITER =   31     OBJ =  0.12074288E+01
     ITER =   32     OBJ =  0.12052576E+01
     ITER =   33     OBJ =  0.12012981E+01
     ITER =   34     OBJ =  0.12010702E+01
     ITER =   35     OBJ =  0.11980692E+01
     ITER =   36     OBJ =  0.11943417E+01
     ITER =   37     OBJ =  0.11968761E+01
     ITER =   38     OBJ =  0.11969368E+01
     ITER =   39     OBJ =  0.11958782E+01
     ITER =   40     OBJ =  0.11961511E+01
     ITER =   41     OBJ =  0.11940028E+01
     ITER =   42     OBJ =  0.11952230E+01
     ITER =   43     OBJ =  0.11953036E+01
     ITER =   44     OBJ =  0.11953565E+01
     ITER =   45     OBJ =  0.11956121E+01
     ITER =   46     OBJ =  0.11953280E+01
     ITER =   47     OBJ =  0.11950311E+01
     ITER =   48     OBJ =  0.11950762E+01
     ITER =   49     OBJ =  0.11950762E+01
     ITER =   50     OBJ =  0.11951033E+01
     ITER =   51     OBJ =  0.11951270E+01
     ITER =   52     OBJ =  0.11951466E+01
        NUMBER OF FUNC-CALLS:  NFUNC = 132
        NUMBER OF GRAD-CALLS:  NGRAD =  53
