



   ---------------------------------------------------------------------------
     START OF THE SEQUENTIAL LEAST SQUARES PROGRAMMING ALGORIT  
   ---------------------------------------------------------------------------

     PARAMETERS:
        ACC =   0.1000D-02
        MAXITER =500
        IPRINT =   1
IOUT =   6


     ITER =    1     OBJ =  0.99273602E+00
     ITER =    2     OBJ =  0.10830235E+01
     ITER =    3     OBJ =  0.11725327E+01
     ITER =    4     OBJ =  0.13852965E+01
     ITER =    5     OBJ =  0.15340410E+01
     ITER =    6     OBJ =  0.18756101E+01
     ITER =    7     OBJ =  0.18898761E+01
     ITER =    8     OBJ =  0.19880300E+01
     ITER =    9     OBJ =  0.19750011E+01
     ITER =   10     OBJ =  0.19710531E+01
     ITER =   11     OBJ =  0.19708798E+01
     ITER =   12     OBJ =  0.19742616E+01
     ITER =   13     OBJ =  0.19732385E+01
     ITER =   14     OBJ =  0.19706252E+01
     ITER =   15     OBJ =  0.19710434E+01
     ITER =   16     OBJ =  0.19714446E+01
     ITER =   17     OBJ =  0.19717354E+01
     ITER =   18     OBJ =  0.19718586E+01
     ITER =   19     OBJ =  0.19717774E+01
     ITER =   20     OBJ =  0.19719782E+01
     ITER =   21     OBJ =  0.19720658E+01
        NUMBER OF FUNC-CALLS:  NFUNC =  54
        NUMBER OF GRAD-CALLS:  NGRAD =  22
